[2025-05-29 08:01:25] INFO: === Starting new forecast run (Run #2237) ===
[2025-05-29 08:01:25] INFO: Environment: GitHub Actions
[2025-05-29 08:01:25] INFO: Repository: agsheves/decis-metaculus-bot1
[2025-05-29 08:01:25] INFO: Workflow: Forecast on new AI tournament questions
[2025-05-29 08:01:25] INFO: Commit: 78bbd4d4a2a53f980fad78b4203ee451035108c6
[2025-05-29 08:01:25] INFO: === Question 1 ===
[2025-05-29 08:01:25] INFO: URL: https://www.metaculus.com/questions/38088
[2025-05-29 08:01:25] INFO: Text: Will the median person on Bloomberg's Billionaires Index be from the United States on July 1, 2025?
[2025-05-29 08:01:42] INFO: Research: Perplexity succeeded for https://www.metaculus.com/questions/38088
[2025-05-29 08:01:58] INFO: === Forecast Result ===
[2025-05-29 08:01:58] INFO: URL: https://www.metaculus.com/questions/38088
[2025-05-29 08:01:58] INFO: Prediction: 0.85
[2025-05-29 08:01:58] INFO: Reasoning: (a) The time left until the outcome to the question is known is approximately one month, as today is May 29, 2025, and the outcome will be determined on or after July 1, 2025.

(b) The status quo outcome, if nothing changed, would be Yes: the median person on Bloomberg’s Billionaires Index is from the United States. This is based on the current distribution of billionaire nationalities and the dominance of U.S. billionaires in the rankings.

(c) A scenario that results in a No outcome could involve a significant economic or political event that disproportionately affects U.S. billionaires, such as a major stock market crash impacting U.S. tech companies, or new regulations that heavily tax or restrict wealth accumulation in the United States. Alternatively, a rapid and substantial increase in wealth among non-U.S. billionaires, particularly from countries like China or India, could shift the rankings.

(d) A scenario that results in a Yes outcome would involve the continuation of current trends, where U.S. billionaires maintain or increase their wealth relative to their global counterparts. This could be driven by ongoing growth in the U.S. technology sector, favorable economic conditions, or the absence of significant disruptions affecting U.S. wealth.

Given the current status and the dominance of U.S. billionaires, the likelihood of a Yes outcome is high. The world tends to change slowly, and significant shifts in wealth distribution are not common within short time frames.

Probability: 85%
[2025-05-29 08:01:58] INFO: === Forecast Result ===
[2025-05-29 08:01:58] INFO: URL: https://www.metaculus.com/questions/38088
[2025-05-29 08:01:58] INFO: Prediction: 0.85
[2025-05-29 08:01:58] INFO: Reasoning: (a) The time left until the outcome to the question is known is approximately one month, as the outcome will be determined on or after July 1, 2025.

(b) The status quo outcome if nothing changed is that the median person on Bloomberg's Billionaires Index would be from the United States. This is based on the current distribution of billionaire nationalities and the continued dominance of U.S. wealth, particularly in the technology sector.

(c) A scenario that results in a No outcome could involve a significant economic event that disproportionately affects U.S. billionaires, such as a major stock market crash impacting tech stocks, or a geopolitical event that leads to a rapid increase in wealth for non-U.S. billionaires, particularly from China or other emerging markets. Additionally, significant regulatory changes in the U.S. that negatively impact billionaire wealth could also shift the balance.

(d) A scenario that results in a Yes outcome would be the continuation of current trends, where U.S. billionaires maintain or increase their wealth dominance. This could be driven by ongoing growth in the tech sector, favorable economic conditions in the U.S., and the absence of major disruptive events that affect U.S. billionaires disproportionately.

Given the current data and trends, the status quo strongly suggests that the median billionaire will remain from the United States. The world tends to change slowly, and with only a month left until the outcome is determined, it is unlikely that a significant shift will occur in such a short time frame.

Probability: 85%
[2025-05-29 08:01:58] INFO: === Forecast Result ===
[2025-05-29 08:01:58] INFO: URL: https://www.metaculus.com/questions/38088
[2025-05-29 08:01:58] INFO: Prediction: 0.85
[2025-05-29 08:01:58] INFO: Reasoning: (a) The time left until the outcome to the question is known is approximately one month, as the outcome will be determined on or after July 1, 2025.

(b) The status quo outcome, if nothing changed, would be Yes: the median person on Bloomberg’s Billionaires Index is from the United States. This is based on the current distribution of billionaire nationalities and the continued dominance of U.S. wealth.

(c) A scenario that results in a No outcome could involve a significant and rapid increase in the wealth of non-U.S. billionaires, particularly from countries like China or India. This could be driven by a major economic boom in these countries, significant technological advancements, or a major devaluation of U.S. assets. Additionally, geopolitical events or regulatory changes that negatively impact U.S. billionaires disproportionately could also contribute to this outcome.

(d) A scenario that results in a Yes outcome would involve the continuation of current trends, where U.S. billionaires maintain or increase their wealth dominance. This could be supported by ongoing growth in the U.S. technology sector, favorable economic conditions in the United States, and a lack of significant economic disruptions globally. The status quo, where U.S. billionaires are already dominant, would likely persist unless there are major changes.

Given the current data and the tendency for the world to change slowly, the status quo outcome is heavily weighted. The probability of the median person on Bloomberg's Billionaires Index being from the United States on July 1, 2025, remains high.

Probability: 85%
[2025-05-29 08:01:59] INFO: === Forecast Result ===
[2025-05-29 08:01:59] INFO: URL: https://www.metaculus.com/questions/38088
[2025-05-29 08:01:59] INFO: Prediction: 0.85
[2025-05-29 08:01:59] INFO: Reasoning: (a) The time left until the outcome to the question is known is approximately one month, as the question will be resolved on or after July 1, 2025.

(b) The status quo outcome if nothing changed is that the median person on Bloomberg’s Billionaires Index would be from the United States. This is based on the current dominance of U.S. billionaires in the rankings and the overall wealth distribution.

(c) A scenario that results in a No outcome could involve a significant economic boom in another country, such as China or an emerging market, leading to a rapid increase in the number of billionaires from that country. This could be driven by a surge in stock markets, a major technological breakthrough, or a relaxation of regulatory constraints that disproportionately benefits non-U.S. billionaires. Additionally, a severe economic downturn or regulatory crackdown in the United States that significantly reduces the wealth of U.S. billionaires could also lead to a No outcome.

(d) A scenario that results in a Yes outcome would involve the continuation of current trends, where U.S. billionaires maintain or increase their wealth relative to billionaires from other countries. This could be supported by strong performance in U.S. technology stocks, continued innovation, and economic stability in the United States. Additionally, if other countries face economic or political challenges that hinder wealth accumulation, this would further solidify the Yes outcome.

Given the current data and trends, the status quo strongly favors a Yes outcome. The dominance of U.S. billionaires in the rankings, coupled with the relatively short time frame until the question is resolved, suggests that significant changes are unlikely to occur. Therefore, the probability of the median person on Bloomberg’s Billionaires Index being from the United States on July 1, 2025, is high.

Probability: 85%
[2025-05-29 08:01:59] INFO: === Forecast Result ===
[2025-05-29 08:01:59] INFO: URL: https://www.metaculus.com/questions/38088
[2025-05-29 08:01:59] INFO: Prediction: 0.85
[2025-05-29 08:01:59] INFO: Reasoning: (a) The time left until the outcome to the question is known is approximately one month, as today is May 29, 2025, and the outcome will be determined on or after July 1, 2025.

(b) The status quo outcome, if nothing changed, is that the median person on Bloomberg’s Billionaires Index would be from the United States. This is based on the current dominance of U.S. billionaires in the rankings and the significant number of American billionaires compared to other countries.

(c) A scenario that results in a No outcome could involve a major economic shift or crisis in the United States that disproportionately affects the wealth of American billionaires. For example, a significant stock market crash impacting tech stocks could reduce the net worth of U.S. tech moguls, potentially allowing billionaires from other countries to move up in the rankings. Additionally, a rapid economic boom in another country, such as China, could elevate more of its billionaires into the top 250, displacing U.S. billionaires.

(d) A scenario that results in a Yes outcome would involve the continuation of current trends, where U.S. billionaires maintain or increase their wealth relative to billionaires from other countries. This could be driven by sustained growth in the U.S. economy, particularly in the technology sector, or by the absence of significant economic disruptions that could negatively impact U.S. wealth.

Given the current data and trends, the status quo heavily favors a Yes outcome. The dominance of U.S. billionaires, particularly in the technology sector, makes it likely that the median person on the Bloomberg Billionaires Index will be from the United States on July 1, 2025. While unforeseen events could alter this outcome, the probability of such events occurring within the next month is relatively low.

Final Answer: Probability: 85%
[2025-05-29 08:02:00] INFO: === Run Summary ===
[2025-05-29 08:02:00] INFO: Total questions: 1
[2025-05-29 08:02:00] INFO: Successful research: 1
[2025-05-29 08:02:00] INFO: Failed research: 0
[2025-05-29 08:02:00] INFO: Success rate: 100.00%
