[2025-05-23 00:02:51] INFO: === Starting new forecast run (Run #1941) ===
[2025-05-23 00:02:51] INFO: Environment: GitHub Actions
[2025-05-23 00:02:51] INFO: Repository: agsheves/decis-metaculus-bot1
[2025-05-23 00:02:51] INFO: Workflow: Forecast on new AI tournament questions
[2025-05-23 00:02:51] INFO: Commit: 3ab4582dc13913c820b736612e7ec7a186451886
[2025-05-23 00:02:52] INFO: === Question 1 ===
[2025-05-23 00:02:52] INFO: URL: https://www.metaculus.com/questions/37834
[2025-05-23 00:02:52] INFO: Text: What will be the highest price of gold per troy ounce before July 1, 2025?
[2025-05-23 00:03:03] INFO: Research: Perplexity succeeded for https://www.metaculus.com/questions/37834
[2025-05-23 00:03:13] INFO: === Forecast Result ===
[2025-05-23 00:03:13] INFO: URL: https://www.metaculus.com/questions/37834
[2025-05-23 00:03:13] INFO: Prediction: predicted_options=[PredictedOption(option_name='≤$3,400', probability=0.6), PredictedOption(option_name='>$3,400 and <$3,700', probability=0.25), PredictedOption(option_name='≥$3,700 and ≤$4,100', probability=0.1), PredictedOption(option_name='>$4,100', probability=0.05)]
[2025-05-23 00:03:13] INFO: Reasoning: (a) The time left until the outcome to the question is known is approximately 38 days, as the question resolves based on the highest price of gold displayed between May 26, 2025, and July 1, 2025.

(b) The status quo outcome if nothing changed would be '≤$3,400', as the highest confirmed price of gold per troy ounce as of May 23, 2025, is $3,220.

(c) A scenario that results in an unexpected outcome could involve significant geopolitical tensions or economic crises that lead to a surge in gold prices. For instance, if there were a sudden escalation in global conflicts or a severe financial market downturn, investors might flock to gold as a safe haven, pushing prices significantly higher than current forecasts. Additionally, unexpected shifts in monetary policy by major central banks or a sharp depreciation of the US dollar could also contribute to a rapid increase in gold prices.

Given the current information and the tendency for markets to change slowly, the status quo outcome ('≤$3,400') should be given significant weight. However, the possibility of unexpected events that could drive prices higher should not be ignored, especially given the forecasts suggesting potential increases.

Final probabilities for the options are:

Option_≤$3,400: 60%  
Option_>$3,400 and <$3,700: 25%  
Option_≥$3,700 and ≤$4,100: 10%  
Option_>$4,100: 5%
[2025-05-23 00:03:16] INFO: === Forecast Result ===
[2025-05-23 00:03:16] INFO: URL: https://www.metaculus.com/questions/37834
[2025-05-23 00:03:16] INFO: Prediction: predicted_options=[PredictedOption(option_name='≤$3,400', probability=0.5), PredictedOption(option_name='>$3,400 and <$3,700', probability=0.3), PredictedOption(option_name='≥$3,700 and ≤$4,100', probability=0.15), PredictedOption(option_name='>$4,100', probability=0.05)]
[2025-05-23 00:03:16] INFO: Reasoning: (a) **The time left until the outcome to the question is known:**  
There are approximately 38 days left until the outcome is known, as the question resolves based on the highest price of gold displayed after May 26, 2025, and before July 1, 2025.

(b) **The status quo outcome if nothing changed:**  
As of May 23, 2025, the highest confirmed price of gold per troy ounce is $3,220, recorded on May 15, 2025. If no significant changes occur in the market, the status quo outcome would be that the highest price remains at or below $3,400.

(c) **A description of a scenario that results in an unexpected outcome:**  
An unexpected outcome could occur if there is a sudden geopolitical crisis or significant economic event, such as a major recession or financial instability, that drives investors to seek safe-haven assets like gold. This could lead to a rapid increase in demand and a spike in gold prices, potentially pushing the price above $3,700 or even $4,100. Additionally, unexpected changes in monetary policy or a significant shift in central bank behavior, such as large-scale gold purchases, could also lead to a sharp increase in prices.

**Rationale:**

1. **Status Quo Weighting:** The current highest price of $3,220 suggests that the price is already on an upward trend. Given the short time frame until the outcome is known, the status quo outcome of ≤$3,400 is a strong contender. The world changes slowly most of the time, and without significant catalysts, prices may not exceed this level.

2. **Forecasts and Analyst Predictions:** While some forecasts predict prices exceeding $3,400, the range of predictions varies widely. Goldman Sachs and other analysts suggest potential highs above $3,700, but these are contingent on specific economic scenarios, such as a recession.

3. **Unexpected Outcomes:** Given the volatile nature of global markets and potential for unforeseen events, it is prudent to leave some probability for higher price ranges. Economic or geopolitical shocks could lead to rapid price increases.

**Final Probabilities:**

- Option_≤$3,400: 50%
- Option_>$3,400 and <$3,700: 30%
- Option_≥$3,700 and ≤$4,100: 15%
- Option_>$4,100: 5%
[2025-05-23 00:03:16] INFO: === Forecast Result ===
[2025-05-23 00:03:16] INFO: URL: https://www.metaculus.com/questions/37834
[2025-05-23 00:03:16] INFO: Prediction: predicted_options=[PredictedOption(option_name='≤$3,400', probability=0.6), PredictedOption(option_name='>$3,400 and <$3,700', probability=0.25), PredictedOption(option_name='≥$3,700 and ≤$4,100', probability=0.1), PredictedOption(option_name='>$4,100', probability=0.05)]
[2025-05-23 00:03:16] INFO: Reasoning: (a) The time left until the outcome to the question is known is approximately 38 days, from May 23, 2025, to July 1, 2025.

(b) The status quo outcome, if nothing changed, would be that the highest price of gold per troy ounce before July 1, 2025, remains at $3,220, which falls under the option '≤$3,400'.

(c) An unexpected scenario could involve a significant geopolitical event or a major economic downturn, which could lead to a surge in gold prices as investors seek safe-haven assets. This could push the price of gold above $3,700 or even $4,100, depending on the severity and global impact of the event.

**Rationale:**

1. **Status Quo Analysis:** The current highest confirmed price is $3,220, which is below the $3,400 threshold. Given the short time frame of 38 days, the status quo outcome is a strong contender, as significant changes in the gold market typically require substantial catalysts.

2. **Forecast Considerations:** While forecasts from major institutions like Goldman Sachs and JP Morgan suggest potential highs above $3,400, these are projections for the end of 2025 or optimistic scenarios. The immediate forecast for June 2025 is notably lower at $2,820, indicating a potential discrepancy or conservative outlook for the short term.

3. **Potential for Change:** The gold market is sensitive to economic and geopolitical events. While the current trend is upward, reaching above $3,400 or even higher requires a significant catalyst. Given the current information, a moderate probability should be assigned to these outcomes to account for unforeseen events.

4. **Distribution of Probabilities:** Considering the status quo and the potential for unexpected events, it's prudent to allocate probabilities that reflect both the current situation and the possibility of change. The most likely outcome remains within the current price range, but allowances should be made for potential increases.

**Final Probabilities:**

- Option_A: ≤$3,400: 60%
- Option_B: >$3,400 and <$3,700: 25%
- Option_C: ≥$3,700 and ≤$4,100: 10%
- Option_D: >$4,100: 5%
[2025-05-23 00:03:16] INFO: === Forecast Result ===
[2025-05-23 00:03:16] INFO: URL: https://www.metaculus.com/questions/37834
[2025-05-23 00:03:16] INFO: Prediction: predicted_options=[PredictedOption(option_name='≤$3,400', probability=0.6), PredictedOption(option_name='>$3,400 and <$3,700', probability=0.25), PredictedOption(option_name='≥$3,700 and ≤$4,100', probability=0.1), PredictedOption(option_name='>$4,100', probability=0.05)]
[2025-05-23 00:03:16] INFO: Reasoning: (a) The time left until the outcome to the question is known is approximately 38 days, from May 23, 2025, to July 1, 2025.

(b) The status quo outcome if nothing changed is that the highest price of gold per troy ounce before July 1, 2025, would remain at $3,220, which falls into the '≤$3,400' category.

(c) A scenario that results in an unexpected outcome could involve a significant geopolitical event or economic crisis that causes a sudden surge in demand for gold as a safe-haven asset. For example, if tensions escalate in a major geopolitical conflict or if there is a severe downturn in global stock markets, investors might flock to gold, pushing its price above $4,100.

**Rationale:**

1. **Status Quo Weighting:** The current highest price is $3,220, which is well within the '≤$3,400' range. Given the historical tendency for markets to move gradually, this is the most likely scenario if no significant changes occur.

2. **Forecasts and Trends:** While some forecasts suggest prices could reach or exceed $3,700 by the end of 2025, these are not guaranteed to occur before July 1, 2025. The Goldman Sachs prediction of $3,880 in a recession scenario indicates that there is potential for higher prices, but this is contingent on specific economic conditions.

3. **Unexpected Outcomes:** There is always a possibility of unexpected events that could drastically alter market conditions. While these are less likely, they cannot be entirely ruled out, especially given the volatile nature of global markets.

4. **Moderate Probability for Higher Prices:** Given the upward trend and institutional forecasts, there is a reasonable chance that prices could exceed $3,400 but remain below $3,700. The possibility of prices reaching between $3,700 and $4,100 is lower, and prices exceeding $4,100 are even less likely within the given timeframe.

**Final Probabilities:**

- Option_≤$3,400: 60%
- Option_>$3,400 and <$3,700: 25%
- Option_≥$3,700 and ≤$4,100: 10%
- Option_>$4,100: 5%
[2025-05-23 00:03:16] INFO: === Forecast Result ===
[2025-05-23 00:03:16] INFO: URL: https://www.metaculus.com/questions/37834
[2025-05-23 00:03:16] INFO: Prediction: predicted_options=[PredictedOption(option_name='≤$3,400', probability=0.6), PredictedOption(option_name='>$3,400 and <$3,700', probability=0.25), PredictedOption(option_name='≥$3,700 and ≤$4,100', probability=0.1), PredictedOption(option_name='>$4,100', probability=0.05)]
[2025-05-23 00:03:16] INFO: Reasoning: (a) The time left until the outcome to the question is known is approximately 38 days, as the period in question is from May 26, 2025, to June 30, 2025.

(b) The status quo outcome, if nothing changed, would be that the highest price of gold per troy ounce remains at $3,220, which is the highest confirmed price as of May 15, 2025.

(c) An unexpected scenario could involve a sudden geopolitical crisis or significant economic downturn that leads to a sharp increase in gold prices. For instance, if there were a major financial crisis or conflict that undermined confidence in traditional financial assets, investors might flock to gold as a safe haven, driving prices significantly higher than current forecasts.

### Rationale

1. **Status Quo Analysis**: The current highest price of $3,220 is below the $3,400 threshold. Given that the price has been on an upward trend, it's reasonable to expect it might continue to rise, but significant increases beyond the current level within the short timeframe remaining are less likely without a major catalyst.

2. **Forecasts and Trends**: While some forecasts suggest gold could reach or exceed $3,700 by the end of 2025, these are not specific to the period before July 1, 2025. The more immediate forecasts for June 2025 are lower than the current spot price, indicating a potential discrepancy or lag in forecast updates.

3. **Potential for Unexpected Outcomes**: While the status quo suggests a price below $3,400, the possibility of unexpected geopolitical or economic events could push prices higher. However, such events are inherently unpredictable, and the probability of them occurring within the next 38 days is moderate but not high.

4. **Weighting Probabilities**: Given the information, the most likely scenario is that the price remains below $3,400. However, considering the potential for unexpected events and the upward trend, there is a non-negligible chance that prices could exceed $3,400.

### Final Probabilities

- Option_≤$3,400: 60%
- Option_>$3,400 and <$3,700: 25%
- Option_≥$3,700 and ≤$4,100: 10%
- Option_>$4,100: 5%
[2025-05-23 00:03:17] INFO: === Run Summary ===
[2025-05-23 00:03:17] INFO: Total questions: 1
[2025-05-23 00:03:17] INFO: Successful research: 1
[2025-05-23 00:03:17] INFO: Failed research: 0
[2025-05-23 00:03:17] INFO: Success rate: 100.00%
