[2025-05-21 18:01:13] INFO: === Starting new forecast run (Run #1882) ===
[2025-05-21 18:01:13] INFO: Environment: GitHub Actions
[2025-05-21 18:01:13] INFO: Repository: agsheves/decis-metaculus-bot1
[2025-05-21 18:01:13] INFO: Workflow: Forecast on new AI tournament questions
[2025-05-21 18:01:13] INFO: Commit: 8bded879139944778be7596615fbdf6d56ee0f72
[2025-05-21 18:01:13] INFO: === Question 1 ===
[2025-05-21 18:01:13] INFO: URL: https://www.metaculus.com/questions/37819
[2025-05-21 18:01:13] INFO: Text: How many cases of measles will Texas report on June 14, 2025?
[2025-05-21 18:01:29] INFO: Research: Perplexity succeeded for https://www.metaculus.com/questions/37819
[2025-05-21 18:01:42] INFO: === Forecast Result ===
[2025-05-21 18:01:42] INFO: URL: https://www.metaculus.com/questions/37819
[2025-05-21 18:01:42] INFO: Prediction: [Percentile(value=725.0, percentile=0.1), Percentile(value=735.0, percentile=0.2), Percentile(value=745.0, percentile=0.4), Percentile(value=755.0, percentile=0.6), Percentile(value=765.0, percentile=0.8), Percentile(value=775.0, percentile=0.9)]
[2025-05-21 18:01:42] INFO: Reasoning: (a) The time left until the outcome to the question is known: Approximately 24 days remain until June 14, 2025.

(b) The outcome if nothing changed: If no new cases were reported from May 20, 2025, onward, the number of cases would remain at 722.

(c) The outcome if the current trend continued: With the current trend of approximately 9 new cases per week, we can expect around 3-4 weeks of additional cases. This would result in an increase of approximately 27-36 cases, bringing the total to around 749-758 cases by June 14, 2025.

(d) The expectations of experts and markets: Public health officials likely expect a continued but slowing increase in cases due to ongoing vaccination efforts and public health interventions. The focus on vaccination campaigns and public education is expected to further decelerate the spread.

(e) A brief description of an unexpected scenario that results in a low outcome: A sudden and highly effective public health intervention, such as a major vaccination drive or quarantine measures, could drastically reduce the number of new cases, resulting in fewer than 730 total cases by June 14, 2025.

(f) A brief description of an unexpected scenario that results in a high outcome: If a new cluster of cases emerges in a densely populated area with low vaccination rates, the number of cases could spike significantly, potentially exceeding 800 cases by June 14, 2025.

Final answer:
"
Percentile 10: 725
Percentile 20: 735
Percentile 40: 745
Percentile 60: 755
Percentile 80: 765
Percentile 90: 775
"
[2025-05-21 18:01:43] INFO: === Forecast Result ===
[2025-05-21 18:01:43] INFO: URL: https://www.metaculus.com/questions/37819
[2025-05-21 18:01:43] INFO: Prediction: [Percentile(value=730.0, percentile=0.1), Percentile(value=735.0, percentile=0.2), Percentile(value=745.0, percentile=0.4), Percentile(value=755.0, percentile=0.6), Percentile(value=765.0, percentile=0.8), Percentile(value=775.0, percentile=0.9)]
[2025-05-21 18:01:43] INFO: Reasoning: (a) The time left until the outcome to the question is known is approximately 24 days, from May 21, 2025, to June 14, 2025.

(b) The outcome if nothing changed would be 722 cases, as this is the current confirmed case count as of May 20, 2025.

(c) The outcome if the current trend continued, with an average of 9 new cases per week, would result in approximately 3 to 4 additional weeks of new cases. Assuming an average of 9 cases per week, this would add about 27 to 36 new cases, leading to a total of approximately 749 to 758 cases by June 14, 2025.

(d) The expectations of experts and markets would likely be that the number of cases will continue to increase but at a slower rate due to intensified public health efforts, such as vaccination campaigns and public education. Experts might expect the total to be slightly higher than the current trend due to potential underreporting or delayed reporting of cases.

(e) A brief description of an unexpected scenario that results in a low outcome: A sudden and highly effective public health intervention, such as a mass vaccination campaign in the most affected areas, significantly reduces the transmission rate, resulting in fewer than expected new cases.

(f) A brief description of an unexpected scenario that results in a high outcome: A large public event or gathering in an area with low vaccination rates leads to a super-spreader event, causing a significant spike in new cases beyond the current trend.

Final Answer:
```
Percentile 10: 730
Percentile 20: 735
Percentile 40: 745
Percentile 60: 755
Percentile 80: 765
Percentile 90: 775
```
[2025-05-21 18:01:43] INFO: === Forecast Result ===
[2025-05-21 18:01:43] INFO: URL: https://www.metaculus.com/questions/37819
[2025-05-21 18:01:43] INFO: Prediction: [Percentile(value=725.0, percentile=0.1), Percentile(value=730.0, percentile=0.2), Percentile(value=740.0, percentile=0.4), Percentile(value=750.0, percentile=0.6), Percentile(value=760.0, percentile=0.8), Percentile(value=770.0, percentile=0.9)]
[2025-05-21 18:01:43] INFO: Reasoning: (a) The time left until the outcome to the question is known:  
Approximately 24 days remain until June 14, 2025.

(b) The outcome if nothing changed:  
If no new cases were reported, the number of cases would remain at 722.

(c) The outcome if the current trend continued:  
With a recent weekly increase of 9 cases, and assuming this trend continues, we might expect approximately 3-4 more weeks of similar increases. This would result in an additional 27-36 cases, bringing the total to around 749-758 cases by June 14, 2025.

(d) The expectations of experts and markets:  
Public health officials are optimistic that intensified vaccination efforts and public awareness campaigns will continue to slow the spread of measles. However, given the highly contagious nature of measles and the presence of unvaccinated populations, a modest increase in cases is still expected.

(e) A brief description of an unexpected scenario that results in a low outcome:  
An unexpected scenario leading to a low outcome could be a sudden and successful mass vaccination campaign in the most affected areas, significantly reducing the transmission rate and resulting in only a few additional cases.

(f) A brief description of an unexpected scenario that results in a high outcome:  
An unexpected scenario leading to a high outcome could involve a large outbreak in a densely populated urban area, such as Dallas-Fort Worth, due to an unvaccinated cluster, leading to a sharp increase in cases.

Final Answer:
```
Percentile 10: 725
Percentile 20: 730
Percentile 40: 740
Percentile 60: 750
Percentile 80: 760
Percentile 90: 770
```
[2025-05-21 18:01:44] INFO: === Forecast Result ===
[2025-05-21 18:01:44] INFO: URL: https://www.metaculus.com/questions/37819
[2025-05-21 18:01:44] INFO: Prediction: [Percentile(value=725.0, percentile=0.1), Percentile(value=730.0, percentile=0.2), Percentile(value=740.0, percentile=0.4), Percentile(value=750.0, percentile=0.6), Percentile(value=760.0, percentile=0.8), Percentile(value=770.0, percentile=0.9)]
[2025-05-21 18:01:44] INFO: Reasoning: (a) The time left until the outcome to the question is known:  
Approximately 24 days remain until June 14, 2025.

(b) The outcome if nothing changed:  
If no new cases were reported from May 20, 2025, to June 14, 2025, the number of cases would remain at 722.

(c) The outcome if the current trend continued:  
With a recent weekly increase of 9 cases, if this trend continued for the next three weeks, we would expect approximately 27 additional cases, leading to a total of 749 cases by June 14, 2025.

(d) The expectations of experts and markets:  
Experts likely expect the number of cases to continue increasing but at a decelerating rate due to intensified public health efforts and vaccination campaigns. Markets or public health forecasts might anticipate a modest rise in cases, possibly reaching around 740 to 760 by mid-June.

(e) A brief description of an unexpected scenario that results in a low outcome:  
An unexpected scenario leading to a low outcome could involve a rapid and highly effective public health intervention, such as a sudden increase in vaccination rates or successful containment measures in key affected areas, significantly slowing or halting the spread of measles.

(f) A brief description of an unexpected scenario that results in a high outcome:  
An unexpected scenario leading to a high outcome could involve a sudden outbreak in a densely populated area with low vaccination rates, such as a large urban center, leading to a sharp increase in cases over a short period.

Final answer:
```
Percentile 10: 725
Percentile 20: 730
Percentile 40: 740
Percentile 60: 750
Percentile 80: 760
Percentile 90: 770
```
[2025-05-21 18:01:44] INFO: === Forecast Result ===
[2025-05-21 18:01:44] INFO: URL: https://www.metaculus.com/questions/37819
[2025-05-21 18:01:44] INFO: Prediction: [Percentile(value=725.0, percentile=0.1), Percentile(value=730.0, percentile=0.2), Percentile(value=740.0, percentile=0.4), Percentile(value=750.0, percentile=0.6), Percentile(value=760.0, percentile=0.8), Percentile(value=770.0, percentile=0.9)]
[2025-05-21 18:01:44] INFO: Reasoning: (a) The time left until the outcome to the question is known is approximately 24 days, as today is May 21, 2025, and the question resolves on June 14, 2025.

(b) The outcome if nothing changed would be 722 cases, as this is the current number of confirmed cases reported as of May 20, 2025.

(c) The outcome if the current trend continued, with an average of 9 new cases per week, would result in approximately 3 more weeks of data. Assuming a similar rate, this would add about 27 cases to the current total, resulting in approximately 749 cases by June 14, 2025.

(d) The expectations of experts and markets are likely that the outbreak will continue to see a deceleration in new cases due to intensified public health efforts, such as vaccination clinics and education campaigns. However, the highly contagious nature of measles and the presence of low vaccination rates in certain communities may still contribute to ongoing, albeit reduced, transmission.

(e) A brief description of an unexpected scenario that results in a low outcome could be the sudden and widespread success of vaccination campaigns, leading to a rapid halt in new cases. This might be driven by a significant increase in public awareness and compliance with vaccination recommendations, possibly due to media coverage or a high-profile public health campaign.

(f) A brief description of an unexpected scenario that results in a high outcome could be the emergence of a new cluster of cases in a densely populated urban area with low vaccination rates, leading to a sudden spike in new cases. This might occur if there is a large public event or gathering that facilitates transmission, or if there are delays in identifying and isolating new cases.

Final answer:
```
Percentile 10: 725
Percentile 20: 730
Percentile 40: 740
Percentile 60: 750
Percentile 80: 760
Percentile 90: 770
```
[2025-05-21 18:01:44] INFO: === Run Summary ===
[2025-05-21 18:01:44] INFO: Total questions: 1
[2025-05-21 18:01:44] INFO: Successful research: 1
[2025-05-21 18:01:44] INFO: Failed research: 0
[2025-05-21 18:01:44] INFO: Success rate: 100.00%
