[2025-05-29 20:01:14] INFO: === Starting new forecast run (Run #2261) ===
[2025-05-29 20:01:14] INFO: Environment: GitHub Actions
[2025-05-29 20:01:14] INFO: Repository: agsheves/decis-metaculus-bot1
[2025-05-29 20:01:14] INFO: Workflow: Forecast on new AI tournament questions
[2025-05-29 20:01:14] INFO: Commit: 02e7a146c7fef7f942fb0c46021f7f619a2d96d8
[2025-05-29 20:01:15] INFO: === Question 1 ===
[2025-05-29 20:01:15] INFO: URL: https://www.metaculus.com/questions/38094
[2025-05-29 20:01:15] INFO: Text: Will Senator John Fetterman cease caucusing with the Democrats before July 1, 2025?
[2025-05-29 20:01:25] INFO: Research: Perplexity succeeded for https://www.metaculus.com/questions/38094
[2025-05-29 20:01:29] INFO: === Forecast Result ===
[2025-05-29 20:01:29] INFO: URL: https://www.metaculus.com/questions/38094
[2025-05-29 20:01:29] INFO: Prediction: 0.1
[2025-05-29 20:01:29] INFO: Reasoning: (a) The time left until the outcome to the question is known is approximately one month, as the deadline is July 1, 2025, and today is May 29, 2025.

(b) The status quo outcome if nothing changed would be "No," as Senator John Fetterman has explicitly denied any intention to change his caucus affiliation, and there is no current evidence suggesting otherwise.

(c) A scenario that results in a No outcome would be Senator Fetterman continuing to caucus with the Democrats, maintaining his current party affiliation, and not resigning or switching parties before July 1, 2025. This scenario aligns with his recent statements and actions, where he has reaffirmed his commitment to the Democratic Caucus.

(d) A scenario that results in a Yes outcome would involve a significant and unexpected event causing Senator Fetterman to either switch parties, resign, or otherwise cease caucusing with the Democrats before July 1, 2025. This could be due to political pressure, personal reasons, or a dramatic shift in his political stance, none of which are currently indicated by available information.

Given the current information and the weight of the status quo, the likelihood of Senator Fetterman ceasing to caucus with the Democrats before the deadline is low.

Probability: 10%
[2025-05-29 20:01:29] INFO: === Forecast Result ===
[2025-05-29 20:01:29] INFO: URL: https://www.metaculus.com/questions/38094
[2025-05-29 20:01:29] INFO: Prediction: 0.1
[2025-05-29 20:01:29] INFO: Reasoning: (a) The time left until the outcome to the question is known is approximately one month, as the deadline is July 1, 2025, and today is May 29, 2025.

(b) The status quo outcome, if nothing changed, is that Senator John Fetterman will continue caucusing with the Democrats. He has explicitly denied any intention to switch parties or change his caucus affiliation, and there is no current evidence suggesting a change in this position.

(c) A scenario that results in a No outcome is that Senator Fetterman maintains his current stance and continues to caucus with the Democrats. Despite any political intrigue or bipartisan actions, he remains a member of the Democratic Caucus, as he has publicly stated his commitment to his party affiliation.

(d) A scenario that results in a Yes outcome could involve a significant and unforeseen political event or personal decision that leads Fetterman to resign, switch parties, or otherwise cease caucusing with the Democrats. This could be due to personal health issues, political pressure, or a strategic decision that aligns with his interests or beliefs.

Given the current information and the short time frame until the deadline, the probability of a Yes outcome is low. The status quo is strongly supported by Fetterman's recent statements and actions, and the world tends to change slowly most of the time.

Final answer: "Probability: 10%"
[2025-05-29 20:01:29] INFO: === Forecast Result ===
[2025-05-29 20:01:29] INFO: URL: https://www.metaculus.com/questions/38094
[2025-05-29 20:01:29] INFO: Prediction: 0.1
[2025-05-29 20:01:29] INFO: Reasoning: (a) The time left until the outcome to the question is known is approximately one month, as the deadline is July 1, 2025, and today is May 29, 2025.

(b) The status quo outcome if nothing changed would be "No," as Senator John Fetterman has explicitly denied any intention to change his caucus affiliation and has reaffirmed his commitment to the Democratic Caucus.

(c) A scenario that results in a No outcome is one where Senator Fetterman continues to caucus with the Democrats, maintaining his current party affiliation and not resigning or switching parties. He remains aligned with the Democratic Caucus, despite any political intrigue or actions that might suggest otherwise.

(d) A scenario that results in a Yes outcome could involve an unexpected event or revelation that causes Senator Fetterman to resign, switch parties, or otherwise cease caucusing with the Democrats. This could be due to personal, political, or health reasons, or a significant shift in the political landscape that prompts such a decision.

Given the current information and the fact that Fetterman has strongly denied any intention to change his caucus affiliation, the probability of him ceasing to caucus with the Democrats before July 1, 2025, appears low. The status quo is a powerful predictor, especially with only a month remaining until the deadline.

Final Answer: "Probability: 10%"
[2025-05-29 20:01:29] INFO: === Forecast Result ===
[2025-05-29 20:01:29] INFO: URL: https://www.metaculus.com/questions/38094
[2025-05-29 20:01:29] INFO: Prediction: 0.1
[2025-05-29 20:01:29] INFO: Reasoning: (a) The time left until the outcome to the question is known is approximately one month, as the deadline is July 1, 2025, and today is May 29, 2025.

(b) The status quo outcome if nothing changed is "No," as Senator John Fetterman has explicitly denied any intention to change his caucus affiliation and there is no current evidence suggesting a shift in this position.

(c) A scenario that results in a No outcome is one where Senator Fetterman continues to caucus with the Democrats, maintaining his current party affiliation and not resigning or switching parties before July 1, 2025. This would align with his recent statements and actions that indicate his commitment to remaining within the Democratic Caucus.

(d) A scenario that results in a Yes outcome could involve an unforeseen political or personal event that prompts Senator Fetterman to resign or switch his caucus affiliation. This could be due to a significant political disagreement, a health issue, or other personal reasons that compel him to change his current stance.

Given the explicit and strong statements from Senator Fetterman denying any intention to leave the Democratic Caucus, and the lack of evidence suggesting a change in this position, the status quo is a powerful indicator. The world tends to change slowly, and without any new developments, the likelihood of a Yes outcome remains low.

Final Answer: "Probability: 10%"
[2025-05-29 20:01:30] INFO: === Forecast Result ===
[2025-05-29 20:01:30] INFO: URL: https://www.metaculus.com/questions/38094
[2025-05-29 20:01:30] INFO: Prediction: 0.05
[2025-05-29 20:01:30] INFO: Reasoning: (a) The time left until the outcome to the question is known is approximately one month, as the deadline is July 1, 2025, and today is May 29, 2025.

(b) The status quo outcome if nothing changed is that Senator John Fetterman continues caucusing with the Democrats, resulting in a "No" outcome.

(c) A brief description of a scenario that results in a No outcome: Senator Fetterman maintains his current position and continues to caucus with the Senate Democrats, as he has publicly stated his intention to do so. Despite any political intrigue or bipartisan actions, he remains aligned with the Democratic Party, and no significant events occur to alter his caucus affiliation before the deadline.

(d) A brief description of a scenario that results in a Yes outcome: A significant and unforeseen political event or personal decision prompts Senator Fetterman to change his caucus affiliation. This could involve a major political fallout, a health issue, or a shift in political strategy that leads him to resign, switch parties, or otherwise cease caucusing with the Democrats before July 1, 2025.

Given the information available, the status quo is heavily weighted as Fetterman has explicitly denied any intention to change his caucus affiliation and there is no current evidence suggesting a change is imminent. The world tends to change slowly, and with only a month remaining, the probability of a significant shift occurring is low.

Final answer: "Probability: 5%"
[2025-05-29 20:01:30] INFO: === Run Summary ===
[2025-05-29 20:01:30] INFO: Total questions: 1
[2025-05-29 20:01:30] INFO: Successful research: 1
[2025-05-29 20:01:30] INFO: Failed research: 0
[2025-05-29 20:01:30] INFO: Success rate: 100.00%
