[2025-05-21 02:14:25] INFO: === Starting new forecast run (Run #1850) ===
[2025-05-21 02:14:25] INFO: Environment: GitHub Actions
[2025-05-21 02:14:25] INFO: Repository: agsheves/decis-metaculus-bot1
[2025-05-21 02:14:25] INFO: Workflow: Forecast on new AI tournament questions
[2025-05-21 02:14:25] INFO: Commit: ee1c2fdb3b544b0b07f297501e1fe134d5c3d7e3
[2025-05-21 02:14:25] INFO: === Question 1 ===
[2025-05-21 02:14:25] INFO: URL: https://www.metaculus.com/questions/37812
[2025-05-21 02:14:25] INFO: Text: Will there be greater than 51 direct flight destinations from Beirut, Lebanon on July 1, 2025?
[2025-05-21 02:14:35] INFO: Research: Perplexity succeeded for https://www.metaculus.com/questions/37812
[2025-05-21 02:14:40] INFO: === Forecast Result ===
[2025-05-21 02:14:40] INFO: URL: https://www.metaculus.com/questions/37812
[2025-05-21 02:14:40] INFO: Prediction: 0.85
[2025-05-21 02:14:40] INFO: Reasoning: (a) The time left until the outcome to the question is known is approximately 1 month and 10 days, as today is May 21, 2025, and the outcome will be determined on or after July 1, 2025.

(b) The status quo outcome if nothing changed would be a "Yes," as the most recent data indicates that there are currently between 52 and 56 direct flight destinations from Beirut, which is greater than 51.

(c) A scenario that results in a No outcome could involve a significant geopolitical event or economic downturn that leads to airlines reducing their routes to and from Beirut. For example, increased regional instability or a new wave of conflict could deter airlines from operating in the area, leading to a reduction in the number of direct flight destinations.

(d) A scenario that results in a Yes outcome would involve the continuation of current trends, with airlines maintaining or slightly increasing their routes due to seasonal demand. The introduction of additional seasonal routes for the summer, such as the Bodrum-Beirut route, could also contribute to maintaining the number of direct flight destinations above 51.

Given the current data and the tendency for the status quo to persist, it seems likely that the number of direct flight destinations will remain above 51. The presence of seasonal routes during the summer further supports this likelihood.

Final answer: "Probability: 85%"
[2025-05-21 02:14:40] INFO: === Forecast Result ===
[2025-05-21 02:14:40] INFO: URL: https://www.metaculus.com/questions/37812
[2025-05-21 02:14:40] INFO: Prediction: 0.85
[2025-05-21 02:14:40] INFO: Reasoning: (a) The time left until the outcome to the question is known is approximately 1 month and 10 days, as today is May 21, 2025, and the question will be resolved on or after July 1, 2025.

(b) The status quo outcome if nothing changed would be YES, as the most recent data indicates that there are currently between 52 and 56 direct flight destinations from Beirut, Lebanon.

(c) A scenario that results in a No outcome could involve geopolitical instability or conflict in the region, leading to airlines suspending or canceling flights to and from Beirut. Additionally, economic challenges or a significant downturn in tourism could result in airlines reducing the number of direct flights to Beirut.

(d) A scenario that results in a Yes outcome would involve the continuation of current flight operations, with the addition of seasonal routes for the summer. This would maintain or slightly increase the number of direct flight destinations from Beirut, keeping it above 51.

Considering the current status quo and the tendency for the world to change slowly, the likelihood of the number of direct flight destinations dropping below 51 in the short time frame remaining is relatively low. The current data supports a YES outcome, and the seasonal increase in flights during the summer further bolsters this likelihood.

Probability: 85%
[2025-05-21 02:14:40] INFO: === Forecast Result ===
[2025-05-21 02:14:40] INFO: URL: https://www.metaculus.com/questions/37812
[2025-05-21 02:14:40] INFO: Prediction: 0.85
[2025-05-21 02:14:40] INFO: Reasoning: (a) The time left until the outcome to the question is known is approximately 1 month and 10 days, as today is May 21, 2025, and the outcome will be determined on or after July 1, 2025.

(b) The status quo outcome, if nothing changed, would be "Yes," since the most recent data indicates that the number of direct flight destinations from Beirut is between 52 and 56, which is greater than 51.

(c) A scenario that results in a "No" outcome could involve a significant geopolitical event or economic downturn that leads to airlines reducing or suspending routes to and from Beirut. For example, increased regional instability or a new conflict could deter airlines from operating flights to Beirut, resulting in a reduction in the number of destinations.

(d) A scenario that results in a "Yes" outcome would involve the continuation of current conditions or an improvement in the tourism and aviation sectors. The addition of seasonal routes during the summer, such as the Bodrum-Beirut route, could further increase the number of direct flight destinations. Additionally, if Lebanon's efforts to boost tourism through initiatives like the "camino" are successful, it could encourage airlines to maintain or expand their routes.

Given the current data and the tendency for the world to change slowly, the status quo outcome is likely to persist. The presence of seasonal routes during the summer and the current number of destinations being above 51 further support a "Yes" outcome.

Probability: 85%
[2025-05-21 02:14:41] INFO: === Forecast Result ===
[2025-05-21 02:14:41] INFO: URL: https://www.metaculus.com/questions/37812
[2025-05-21 02:14:41] INFO: Prediction: 0.85
[2025-05-21 02:14:41] INFO: Reasoning: (a) The time left until the outcome to the question is known is approximately 1 month and 10 days, as today is May 21, 2025, and the outcome will be checked on or after July 1, 2025.

(b) The status quo outcome, if nothing changed, would be a "Yes" since the most recent data indicates that there are currently 54-56 direct flight destinations from Beirut, which is greater than 51.

(c) A scenario that results in a "No" outcome could involve a significant geopolitical event or escalation of regional tensions, such as a conflict or security threat, leading to airlines suspending or canceling flights to and from Beirut. Additionally, economic challenges or a downturn in the tourism sector could prompt airlines to reduce their services, resulting in fewer direct flight destinations.

(d) A scenario that results in a "Yes" outcome would involve the continuation of current flight operations and possibly the addition of seasonal routes due to increased summer travel demand. The introduction of new routes by airlines seeking to capitalize on potential growth in tourism or business travel to Lebanon could also contribute to maintaining or increasing the number of direct flight destinations.

Given the current status quo of 54-56 destinations and the potential for seasonal increases, the likelihood of the number of direct flight destinations remaining above 51 is high. However, considering the potential for geopolitical or economic disruptions, a slight degree of uncertainty remains.

Final answer: "Probability: 85%"
[2025-05-21 02:14:41] INFO: === Forecast Result ===
[2025-05-21 02:14:41] INFO: URL: https://www.metaculus.com/questions/37812
[2025-05-21 02:14:41] INFO: Prediction: 0.85
[2025-05-21 02:14:41] INFO: Reasoning: (a) The time left until the outcome to the question is known is approximately 1 month and 10 days, as today is May 21, 2025, and the outcome will be determined on or after July 1, 2025.

(b) The status quo outcome, if nothing changed, would be a Yes. This is based on the most recent data showing 52-56 direct flight destinations from Beirut, which is greater than 51.

(c) A scenario that results in a No outcome could involve a significant geopolitical event or economic downturn that leads to airlines reducing their routes to and from Beirut. For example, increased regional instability or a severe economic crisis in Lebanon could prompt airlines to cut back on flights due to decreased demand or safety concerns. Additionally, regulatory changes or airport capacity issues could also lead to a reduction in the number of direct flight destinations.

(d) A scenario that results in a Yes outcome would involve the continuation of the current number of destinations or an increase due to seasonal routes. Given that July falls within the summer season, airlines might add more seasonal routes to accommodate increased travel demand. Additionally, any positive developments in Lebanon's tourism sector, such as successful initiatives to boost religious tourism or improvements in the hospitality industry, could encourage airlines to maintain or increase their direct flight offerings.

Considering the current status quo and the potential for seasonal increases, the probability of the outcome being Yes is quite high. However, it's important to remain aware of any potential negative developments that could impact the number of direct flight destinations.

Probability: 85%
[2025-05-21 02:14:41] INFO: === Run Summary ===
[2025-05-21 02:14:41] INFO: Total questions: 1
[2025-05-21 02:14:41] INFO: Successful research: 1
[2025-05-21 02:14:41] INFO: Failed research: 0
[2025-05-21 02:14:41] INFO: Success rate: 100.00%
