[2025-05-20 18:01:37] INFO: === Starting new forecast run (Run #1835) ===
[2025-05-20 18:01:37] INFO: Environment: GitHub Actions
[2025-05-20 18:01:37] INFO: Repository: agsheves/decis-metaculus-bot1
[2025-05-20 18:01:37] INFO: Workflow: Forecast on new AI tournament questions
[2025-05-20 18:01:37] INFO: Commit: ebf78fe9fe38096202e20a7e53d0a045c4e49a1f
[2025-05-20 18:01:38] INFO: === Question 1 ===
[2025-05-20 18:01:38] INFO: URL: https://www.metaculus.com/questions/37809
[2025-05-20 18:01:38] INFO: Text: Will any major league baseball player have a .400 batting average on July 1, 2025?
[2025-05-20 18:01:47] WARNING: Research: Perplexity failed for https://www.metaculus.com/questions/37809
[2025-05-20 18:01:47] WARNING: Error details: Empty or invalid response
[2025-05-20 18:01:55] INFO: === Forecast Result ===
[2025-05-20 18:01:55] INFO: URL: https://www.metaculus.com/questions/37809
[2025-05-20 18:01:55] INFO: Prediction: 0.1
[2025-05-20 18:01:55] INFO: Reasoning: (a) The time left until the outcome to the question is known is approximately 1 month and 11 days, as today is May 20, 2025, and the outcome will be determined on July 1, 2025.

(b) The status quo outcome if nothing changed is likely a No. Historically, maintaining a .400 batting average over a significant portion of the season is extremely rare. The last player to achieve a .400 average for an entire season was Ted Williams in 1941.

(c) A scenario that results in a No outcome: A player currently has a batting average close to .400, but over the next month, they experience a slump or even just a slight decline in performance, causing their average to drop below .400 by July 1, 2025.

(d) A scenario that results in a Yes outcome: A player who is currently batting at or above .400 continues to perform exceptionally well over the next month, maintaining or even improving their batting average, so that it remains at or above .400 on July 1, 2025.

Rationale: Given the historical rarity of maintaining a .400 batting average and the inherent difficulty of sustaining such a high level of performance over time, the status quo outcome is a strong indicator. The world of baseball, like many other domains, tends to change slowly, and exceptional performances like a .400 batting average are outliers. Therefore, while it is possible for a player to achieve this feat, it remains unlikely.

Final answer: "Probability: 10%"
[2025-05-20 18:01:56] INFO: === Forecast Result ===
[2025-05-20 18:01:56] INFO: URL: https://www.metaculus.com/questions/37809
[2025-05-20 18:01:56] INFO: Prediction: 0.1
[2025-05-20 18:01:56] INFO: Reasoning: (a) The time left until the outcome to the question is known is approximately 1 month and 11 days, as today is May 20, 2025, and the outcome will be determined on July 1, 2025.

(b) The status quo outcome if nothing changed would likely be "No," as historically, maintaining a .400 batting average deep into the season is extremely rare. The last player to finish a season with a .400 average was Ted Williams in 1941. 

(c) A scenario that results in a No outcome: A player currently batting above .400 experiences a slump or simply regresses to the mean over the next month, dropping their average below .400 by July 1, 2025. This could be due to facing tougher pitching, fatigue, or other factors that naturally cause batting averages to decline over time.

(d) A scenario that results in a Yes outcome: A player who is currently batting above .400 continues to perform exceptionally well, maintaining or even improving their batting average through consistent hitting, favorable matchups, and perhaps some luck, allowing them to sustain a .400 or higher average by July 1, 2025.

Rationale: Given the historical rarity of maintaining a .400 batting average, the status quo outcome leans heavily towards "No." The nature of baseball, with its inherent variability and difficulty in maintaining such a high level of performance over time, suggests that regression to the mean is more likely. However, it is not impossible for a player to achieve this feat, especially if they are having an extraordinary season and circumstances align favorably.

Final answer: "Probability: 10%"
[2025-05-20 18:01:56] INFO: === Forecast Result ===
[2025-05-20 18:01:56] INFO: URL: https://www.metaculus.com/questions/37809
[2025-05-20 18:01:56] INFO: Prediction: 0.05
[2025-05-20 18:01:56] INFO: Reasoning: (a) The time left until the outcome to the question is known is approximately 1 month and 11 days, as the outcome will be determined on July 1, 2025.

(b) The status quo outcome if nothing changed would likely be "No," as historically, maintaining a .400 batting average over a significant portion of the season is extremely rare. The last player to finish a season with a .400 average was Ted Williams in 1941.

(c) A scenario that results in a No outcome: A player currently batting above .400 experiences a slump or regression to the mean, which is common as the season progresses. Pitchers adjust their strategies, and the player faces tougher competition, leading to a decrease in their batting average below .400 by July 1, 2025.

(d) A scenario that results in a Yes outcome: A player who has been consistently performing at an exceptionally high level continues to maintain or improve their performance. This player benefits from favorable matchups, avoids injury, and maintains a high level of focus and skill, resulting in a batting average of .400 or higher on July 1, 2025.

Rationale: Historically, maintaining a .400 batting average is extremely challenging due to the nature of the sport, the adjustments made by opposing teams, and the physical and mental demands on players. While it is possible for a player to achieve this feat, the rarity of such an occurrence suggests that the status quo outcome is more likely. Given the historical context and the difficulty of sustaining such a high batting average, the probability of a player having a .400 average on July 1, 2025, is relatively low.

Final answer: "Probability: 5%"
[2025-05-20 18:01:56] INFO: === Forecast Result ===
[2025-05-20 18:01:56] INFO: URL: https://www.metaculus.com/questions/37809
[2025-05-20 18:01:56] INFO: Prediction: 0.1
[2025-05-20 18:01:56] INFO: Reasoning: (a) The time left until the outcome to the question is known is approximately 1 month and 11 days, as today is May 20, 2025, and the outcome will be determined on July 1, 2025.

(b) The status quo outcome if nothing changed would be "No." Historically, maintaining a .400 batting average over a significant portion of the MLB season is extremely rare. The last player to finish a season with a .400 average was Ted Williams in 1941. As of now, no player is known to be maintaining such an average, making "No" the default expectation.

(c) A scenario that results in a No outcome: A player currently has a batting average close to .400, but over the next month, they experience a slump or even just a slight decline in performance, dropping their average below .400 by July 1, 2025. Given the difficulty of maintaining such a high average, this is a likely scenario.

(d) A scenario that results in a Yes outcome: A player who is currently performing exceptionally well continues to hit consistently over the next month, maintaining or increasing their batting average to .400 or above by July 1, 2025. This would require sustained high performance and possibly some favorable conditions, such as facing weaker pitching or playing in hitter-friendly ballparks.

Rationale: Historically, achieving and maintaining a .400 batting average is extremely challenging due to the level of competition and the length of the MLB season. While it is possible for a player to reach this milestone temporarily, sustaining it until July 1 requires exceptional skill and consistency. Given the rarity of this achievement and the historical data, the status quo outcome of "No" is more probable.

Final answer: "Probability: 10%"
[2025-05-20 18:01:57] INFO: === Forecast Result ===
[2025-05-20 18:01:57] INFO: URL: https://www.metaculus.com/questions/37809
[2025-05-20 18:01:57] INFO: Prediction: 0.1
[2025-05-20 18:01:57] INFO: Reasoning: (a) The time left until the outcome to the question is known is approximately 1 month and 11 days, as today is May 20, 2025, and the question resolves on July 1, 2025.

(b) The status quo outcome if nothing changed would likely be "No," as historically, maintaining a .400 batting average deep into the MLB season is extremely rare. The last player to finish a season with a .400 average was Ted Williams in 1941.

(c) A scenario that results in a No outcome: A player currently batting above .400 experiences a slump over the next month, causing their average to drop below .400 by July 1, 2025. Alternatively, no player is currently batting at or above .400, and none reach that mark by the resolution date.

(d) A scenario that results in a Yes outcome: A player who is currently batting at or near .400 continues to perform exceptionally well, maintaining or increasing their average to stay at or above .400 by July 1, 2025. This would require consistent hitting and avoiding significant slumps.

Rationale: Historically, achieving and maintaining a .400 batting average over a significant portion of the MLB season is exceedingly rare. The nature of baseball, with its inherent variability and the high level of competition, makes sustaining such a high average challenging. Given the historical context and the difficulty of the task, the status quo outcome of "No" is more likely. However, it is not impossible, as players have occasionally flirted with .400 averages deep into the season in recent years.

Final answer: "Probability: 10%"
[2025-05-20 18:01:57] INFO: === Run Summary ===
[2025-05-20 18:01:57] INFO: Total questions: 1
[2025-05-20 18:01:57] INFO: Successful research: 0
[2025-05-20 18:01:57] INFO: Failed research: 1
[2025-05-20 18:01:57] INFO: Success rate: 0.00%
