[2025-05-23 08:01:19] INFO: === Starting new forecast run (Run #1956) ===
[2025-05-23 08:01:19] INFO: Environment: GitHub Actions
[2025-05-23 08:01:19] INFO: Repository: agsheves/decis-metaculus-bot1
[2025-05-23 08:01:19] INFO: Workflow: Forecast on new AI tournament questions
[2025-05-23 08:01:19] INFO: Commit: 5f71f91c18a390762b620c5a05ac10aa99328906
[2025-05-23 08:01:19] INFO: === Question 1 ===
[2025-05-23 08:01:19] INFO: URL: https://www.metaculus.com/questions/37838
[2025-05-23 08:01:19] INFO: Text: How many measures will be passed by the US Congress in June 2025?
[2025-05-23 08:01:31] INFO: Research: Perplexity succeeded for https://www.metaculus.com/questions/37838
[2025-05-23 08:01:38] INFO: === Forecast Result ===
[2025-05-23 08:01:38] INFO: URL: https://www.metaculus.com/questions/37838
[2025-05-23 08:01:38] INFO: Prediction: predicted_options=[PredictedOption(option_name='Exactly 0', probability=0.05000000000000001), PredictedOption(option_name='1 or 2', probability=0.25000000000000006), PredictedOption(option_name='3 or 4', probability=0.35000000000000003), PredictedOption(option_name='5 or 6', probability=0.25000000000000006), PredictedOption(option_name='Greater than 6', probability=0.0999999999999998)]
[2025-05-23 08:01:38] INFO: Reasoning: (a) The time left until the outcome to the question is known is approximately one month, as today is May 23, 2025, and the question pertains to the number of measures passed by the US Congress in June 2025.

(b) The status quo outcome if nothing changed would be based on historical data and typical legislative activity. Historically, Congress tends to pass a small number of measures each month, especially outside of major legislative pushes or crises. Given the information that only three measures were passed in March 2025, a similar or slightly higher number might be expected for June, assuming no major legislative initiatives are underway.

(c) An unexpected outcome could occur if there is a sudden political or economic crisis that necessitates urgent legislative action, leading to a flurry of measures being passed. Another scenario could be a significant bipartisan agreement on a major legislative package that results in multiple measures being passed in quick succession.

Considering these factors, and the fact that Congress will be in session for most of June with some active legislative work indicated, the most likely outcome is that a small number of measures will be passed. However, given the inherent unpredictability of political dynamics, it's prudent to leave some probability for both lower and higher outcomes.

Final probabilities:
- Exactly 0: 5%
- 1 or 2: 25%
- 3 or 4: 35%
- 5 or 6: 25%
- Greater than 6: 10%
[2025-05-23 08:01:38] INFO: === Forecast Result ===
[2025-05-23 08:01:38] INFO: URL: https://www.metaculus.com/questions/37838
[2025-05-23 08:01:38] INFO: Prediction: predicted_options=[PredictedOption(option_name='Exactly 0', probability=0.1), PredictedOption(option_name='1 or 2', probability=0.2), PredictedOption(option_name='3 or 4', probability=0.3), PredictedOption(option_name='5 or 6', probability=0.25), PredictedOption(option_name='Greater than 6', probability=0.15)]
[2025-05-23 08:01:38] INFO: Reasoning: (a) The time left until the outcome to the question is known is approximately one month, as today is May 23, 2025, and the question pertains to measures passed in June 2025.

(b) The status quo outcome if nothing changed would likely be in the range of 3 to 6 measures passed. Historically, Congress tends to pass a modest number of measures each month, especially when in session for most of the month. Given that Congress will be in session for the majority of June, it is reasonable to expect some legislative activity resulting in the passage of a few measures.

(c) An unexpected outcome could occur if there is a significant political event or crisis that either accelerates or stalls legislative activity. For example, if a major bipartisan agreement is reached on a pressing issue, it could lead to a flurry of legislative activity and more than 6 measures being passed. Conversely, if there is a major political standoff or controversy, it could paralyze Congress and result in fewer measures being passed, potentially even zero.

Given these considerations, I will assign probabilities to each option, taking into account the status quo, the typical legislative activity, and the possibility of unexpected events:

- Exactly 0: 10% (Unlikely, but possible if there is a major political impasse)
- 1 or 2: 20% (Possible if legislative activity is lower than usual)
- 3 or 4: 30% (Most likely scenario given typical congressional activity)
- 5 or 6: 25% (Also likely if Congress is productive during the month)
- Greater than 6: 15% (Possible if there is a significant push on multiple issues)

Final probabilities:
- Exactly 0: 10%
- 1 or 2: 20%
- 3 or 4: 30%
- 5 or 6: 25%
- Greater than 6: 15%
[2025-05-23 08:01:40] INFO: === Forecast Result ===
[2025-05-23 08:01:40] INFO: URL: https://www.metaculus.com/questions/37838
[2025-05-23 08:01:40] INFO: Prediction: predicted_options=[PredictedOption(option_name='Exactly 0', probability=0.05000000000000001), PredictedOption(option_name='1 or 2', probability=0.20000000000000004), PredictedOption(option_name='3 or 4', probability=0.35000000000000003), PredictedOption(option_name='5 or 6', probability=0.30000000000000004), PredictedOption(option_name='Greater than 6', probability=0.0999999999999998)]
[2025-05-23 08:01:40] INFO: Reasoning: (a) The time left until the outcome to the question is known is approximately 38 days, as today is May 23, 2025, and the question pertains to the number of measures passed by the US Congress in June 2025.

(b) The status quo outcome, if nothing changed, would likely reflect a moderate level of legislative activity. Historically, Congress tends to pass a handful of measures each month, especially when in session for most of the month. Given that Congress will be in session for most of June, with some breaks, a reasonable status quo outcome might be in the range of 3 to 6 measures passed.

(c) An unexpected outcome could occur if there is a significant political event or crisis that either accelerates or stalls legislative activity. For example, if there is a major bipartisan agreement on a critical issue, Congress might pass a larger number of measures quickly. Conversely, if there is a significant political standoff or filibuster, it could result in fewer measures being passed.

Considering the above factors, I will assign probabilities to each option, keeping in mind the historical context, the current legislative schedule, and the possibility of unexpected events:

- Option_A: Exactly 0: 5% (Unlikely given that Congress is in session for most of the month)
- Option_B: 1 or 2: 20% (Possible if there is significant gridlock or minimal legislative focus)
- Option_C: 3 or 4: 35% (A moderate outcome reflecting typical legislative activity)
- Option_D: 5 or 6: 30% (Also a plausible outcome given the active session)
- Option_E: Greater than 6: 10% (Possible if there is a push to pass multiple measures quickly)

Final probabilities:
- Exactly 0: 5%
- 1 or 2: 20%
- 3 or 4: 35%
- 5 or 6: 30%
- Greater than 6: 10%
[2025-05-23 08:01:41] INFO: === Forecast Result ===
[2025-05-23 08:01:41] INFO: URL: https://www.metaculus.com/questions/37838
[2025-05-23 08:01:41] INFO: Prediction: predicted_options=[PredictedOption(option_name='Exactly 0', probability=0.05000000000000001), PredictedOption(option_name='1 or 2', probability=0.30000000000000004), PredictedOption(option_name='3 or 4', probability=0.35000000000000003), PredictedOption(option_name='5 or 6', probability=0.20000000000000004), PredictedOption(option_name='Greater than 6', probability=0.0999999999999998)]
[2025-05-23 08:01:41] INFO: Reasoning: (a) The time left until the outcome to the question is known is approximately one month, as today is May 23, 2025, and the question pertains to the number of measures passed by the U.S. Congress in June 2025.

(b) The status quo outcome, if nothing changed, would likely be that a moderate number of measures are passed. Historically, Congress tends to pass a few measures each month, especially when in session, as they will be for most of June. Given that Congress is active and committees are meeting, it is reasonable to expect some legislative activity resulting in the passage of measures.

(c) An unexpected outcome could occur if there is a significant political event or crisis that either accelerates or stalls legislative activity. For example, if a major bipartisan agreement is reached on a pressing issue, it could lead to a flurry of legislative activity and a higher number of measures passed. Conversely, if there is a political standoff or filibuster, it could result in fewer measures being passed than expected.

Rationale:
1. The status quo suggests that Congress will pass a moderate number of measures, as they are in session for most of June and committees are actively meeting. This aligns with historical patterns where Congress typically passes several measures each month when in session.
2. The possibility of passing exactly zero measures is low, given the active legislative schedule. However, it cannot be entirely ruled out due to potential political gridlock.
3. The probability of passing more than six measures is also relatively low but not impossible, as it would require a highly productive legislative month, which is less common but could occur under certain circumstances.
4. Given the active session and committee meetings, the most likely outcomes are in the range of 1 to 6 measures being passed.

Final probabilities:
- Exactly 0: 5%
- 1 or 2: 30%
- 3 or 4: 35%
- 5 or 6: 20%
- Greater than 6: 10%
[2025-05-23 08:01:42] INFO: === Forecast Result ===
[2025-05-23 08:01:42] INFO: URL: https://www.metaculus.com/questions/37838
[2025-05-23 08:01:42] INFO: Prediction: predicted_options=[PredictedOption(option_name='Exactly 0', probability=0.05), PredictedOption(option_name='1 or 2', probability=0.2), PredictedOption(option_name='3 or 4', probability=0.35), PredictedOption(option_name='5 or 6', probability=0.25), PredictedOption(option_name='Greater than 6', probability=0.15)]
[2025-05-23 08:01:42] INFO: Reasoning: (a) The time left until the outcome to the question is known is approximately one month, as today is May 23, 2025, and the question pertains to measures passed in June 2025.

(b) The status quo outcome, if nothing changed, would likely be that a moderate number of measures are passed. Historically, Congress tends to pass a few measures each month, especially when it is in session for most of the month. Given that Congress will be in session for much of June 2025, it is reasonable to expect some legislative activity resulting in the passage of measures.

(c) An unexpected scenario could involve significant political gridlock or an unforeseen event that shifts congressional focus away from passing legislation. For instance, a major political scandal, a national crisis, or an international event could dominate the congressional agenda, leading to fewer measures being passed than usual. Conversely, a sudden bipartisan agreement on a major legislative package could result in a higher-than-expected number of measures being passed.

Given these considerations, I will assign probabilities to each option, taking into account the typical legislative activity, the fact that Congress will be in session for most of June, and the possibility of unexpected events:

- 'Exactly 0': 5% - While possible, it is unlikely that no measures will be passed given the session schedule.
- '1 or 2': 20% - A low number of measures could be passed if there is significant gridlock or distraction.
- '3 or 4': 35% - This represents a moderate level of legislative activity, which is a reasonable expectation.
- '5 or 6': 25% - Slightly higher activity is possible, especially if there is a focus on moving certain bills forward.
- 'Greater than 6': 15% - While less likely, it is possible if there is a concerted effort to pass multiple measures or a major legislative package.

Final probabilities:
- Exactly 0: 5%
- 1 or 2: 20%
- 3 or 4: 35%
- 5 or 6: 25%
- Greater than 6: 15%
[2025-05-23 08:01:42] INFO: === Run Summary ===
[2025-05-23 08:01:42] INFO: Total questions: 1
[2025-05-23 08:01:42] INFO: Successful research: 1
[2025-05-23 08:01:42] INFO: Failed research: 0
[2025-05-23 08:01:42] INFO: Success rate: 100.00%
