[2025-06-15 14:01:10] INFO: === Starting new forecast run (Run #3042) ===
[2025-06-15 14:01:10] INFO: Environment: GitHub Actions
[2025-06-15 14:01:10] INFO: Repository: agsheves/decis-metaculus-bot1
[2025-06-15 14:01:10] INFO: Workflow: Forecast on new AI tournament questions
[2025-06-15 14:01:10] INFO: Commit: e9ce9d0f043279c08d7ad90ff4b53d64bd08729d
[2025-06-15 14:01:11] INFO: === Question 1 ===
[2025-06-15 14:01:11] INFO: URL: https://www.metaculus.com/questions/38542
[2025-06-15 14:01:11] INFO: Text: What will be the ranking of the Stuff You Should Know podcast on the Spotify charts on July 1, 2025?
[2025-06-15 14:01:28] INFO: Research: Perplexity succeeded for https://www.metaculus.com/questions/38542
[2025-06-15 14:01:43] INFO: === Forecast Result ===
[2025-06-15 14:01:43] INFO: URL: https://www.metaculus.com/questions/38542
[2025-06-15 14:01:43] INFO: Prediction: predicted_options=[PredictedOption(option_name='1-25', probability=0.7), PredictedOption(option_name='26-45', probability=0.2), PredictedOption(option_name='46-55', probability=0.05), PredictedOption(option_name='≥56', probability=0.05)]
[2025-06-15 14:01:43] INFO: Reasoning: (a) The time left until the outcome to the question is known is approximately 16 days, as today is June 15, 2025, and the ranking will be checked on or after July 1, 2025.

(b) The status quo outcome, if nothing changed, would be that the "Stuff You Should Know" podcast remains within the Top 25 on the Spotify charts. This is based on its consistent presence in the Top 10 from 2008 through 2024 and its current listing on the Spotify Top Podcast Charts as of June 13, 2025.

(c) A scenario that results in an unexpected outcome could involve a sudden surge in popularity of new or existing podcasts that pushes SYSK down the rankings. This could be due to viral content, a major event that makes another podcast highly relevant, or a significant marketing push by competitors. Additionally, unforeseen controversies or technical issues affecting SYSK could impact its ranking negatively.

Given the historical stability and current presence of SYSK on the charts, the most likely outcome is that it remains within the Top 25. However, accounting for potential unexpected scenarios, I will distribute some probability across other ranking options.

Final probabilities for the options are as follows:
Option_1-25: 70%
Option_26-45: 20%
Option_46-55: 5%
Option_≥56: 5%
[2025-06-15 14:01:43] INFO: === Forecast Result ===
[2025-06-15 14:01:43] INFO: URL: https://www.metaculus.com/questions/38542
[2025-06-15 14:01:43] INFO: Prediction: predicted_options=[PredictedOption(option_name='1-25', probability=0.7), PredictedOption(option_name='26-45', probability=0.2), PredictedOption(option_name='46-55', probability=0.07), PredictedOption(option_name='≥56', probability=0.03)]
[2025-06-15 14:01:43] INFO: Reasoning: (a) The time left until the outcome to the question is known is approximately 16 days, as today is June 15, 2025, and the ranking will be checked on or after July 1, 2025.

(b) The status quo outcome if nothing changed would be that the "Stuff You Should Know" (SYSK) podcast remains within the top 25 on the Spotify charts. This is based on its consistent presence in the top rankings over many years and its current chart presence as of June 13, 2025.

(c) A scenario that results in an unexpected outcome could involve a sudden surge in popularity of new podcasts that displace SYSK from its usual position. This could be due to a viral event, a major news story, or a new podcast format that captures the public's attention. Additionally, a significant technical issue or controversy involving SYSK could lead to a temporary drop in its ranking.

Given the historical stability and popularity of SYSK, the most likely outcome is that it remains within the top 25. However, accounting for potential unexpected events, there is a small chance it could fall into a lower ranking category.

Final probabilities for the options are as follows:

Option_1-25: 70%  
Option_26-45: 20%  
Option_46-55: 7%  
Option_≥56: 3%  
[2025-06-15 14:01:43] INFO: === Forecast Result ===
[2025-06-15 14:01:43] INFO: URL: https://www.metaculus.com/questions/38542
[2025-06-15 14:01:43] INFO: Prediction: predicted_options=[PredictedOption(option_name='1-25', probability=0.75), PredictedOption(option_name='26-45', probability=0.15), PredictedOption(option_name='46-55', probability=0.05), PredictedOption(option_name='≥56', probability=0.05)]
[2025-06-15 14:01:43] INFO: Reasoning: (a) The time left until the outcome to the question is known is approximately 16 days, as today is June 15, 2025, and the ranking will be checked on or after July 1, 2025.

(b) The status quo outcome if nothing changed is that "Stuff You Should Know" (SYSK) will remain within the '1-25' ranking on the Spotify charts. This is based on its current presence on the Spotify Top Podcast Charts as of June 13, 2025, and its historical consistency in maintaining a high ranking over the years.

(c) A scenario that results in an unexpected outcome could involve a sudden surge in popularity of new or existing podcasts that displace SYSK from its current ranking. This could be due to a viral episode, a significant marketing push, or a collaboration with a major celebrity or influencer that draws a large audience to another podcast. Additionally, unforeseen controversies or technical issues with SYSK could lead to a drop in its listenership and subsequently its ranking.

Considering the historical stability and current status of SYSK, the most likely outcome is that it remains within the '1-25' range. However, acknowledging the potential for unexpected changes, I will distribute some probability across the other options.

Final probabilities for the options are as follows:

Option_1-25: 75%  
Option_26-45: 15%  
Option_46-55: 5%  
Option_≥56: 5%  
[2025-06-15 14:01:44] INFO: === Forecast Result ===
[2025-06-15 14:01:44] INFO: URL: https://www.metaculus.com/questions/38542
[2025-06-15 14:01:44] INFO: Prediction: predicted_options=[PredictedOption(option_name='1-25', probability=0.7), PredictedOption(option_name='26-45', probability=0.2), PredictedOption(option_name='46-55', probability=0.07), PredictedOption(option_name='≥56', probability=0.03)]
[2025-06-15 14:01:44] INFO: Reasoning: (a) The time left until the outcome to the question is known is approximately 16 days, as today is June 15, 2025, and the outcome will be checked on or after July 1, 2025.

(b) The status quo outcome, if nothing changed, would be that "Stuff You Should Know" (SYSK) remains within the Top 25 on the Spotify charts. This is based on its consistent presence in the Top 10 from 2008 to 2024 and its current presence on the Spotify Top Podcast Charts as of June 13, 2025.

(c) A scenario that results in an unexpected outcome could involve a sudden surge in popularity of new or existing podcasts that displace SYSK from its current ranking. This could be due to a viral episode from another podcast, a major marketing push by competitors, or a significant event that makes another podcast more relevant. Additionally, unforeseen technical issues with Spotify or changes in how the charts are calculated could impact SYSK's ranking. However, given SYSK's long-standing popularity and broad appeal, such scenarios would need to be quite impactful to significantly alter its ranking.

Considering the above factors and the historical stability of SYSK's ranking, I will assign probabilities to the options as follows:

Option_1-25: 70%  
Option_26-45: 20%  
Option_46-55: 7%  
Option_≥56: 3%  

These probabilities reflect the strong likelihood of SYSK maintaining a high ranking, while also accounting for the possibility of unexpected changes in the podcast landscape.
[2025-06-15 14:01:44] INFO: === Forecast Result ===
[2025-06-15 14:01:44] INFO: URL: https://www.metaculus.com/questions/38542
[2025-06-15 14:01:44] INFO: Prediction: predicted_options=[PredictedOption(option_name='1-25', probability=0.7), PredictedOption(option_name='26-45', probability=0.2), PredictedOption(option_name='46-55', probability=0.07), PredictedOption(option_name='≥56', probability=0.03)]
[2025-06-15 14:01:44] INFO: Reasoning: (a) **The time left until the outcome to the question is known:**  
There are 16 days left until July 1, 2025, when the ranking of the "Stuff You Should Know" podcast on the Spotify charts will be checked.

(b) **The status quo outcome if nothing changed:**  
As of June 13, 2025, "Stuff You Should Know" is listed on Spotify's Top Podcast Charts for the United States. Historically, it has maintained a consistent presence in the Top 10 rankings on both Apple Podcasts and Spotify. Therefore, if nothing changes, it is reasonable to expect that the podcast will remain within the '1-25' range.

(c) **A description of a scenario that results in an unexpected outcome:**  
An unexpected outcome could occur if a major event or controversy involving the podcast or its hosts were to arise, leading to a significant drop in its popularity. For example, if there were a scandal involving the hosts or a major technical issue that disrupted the release of episodes, it could negatively impact listener numbers and cause a drop in rankings. Additionally, a sudden surge in popularity of new or existing podcasts could push SYSK down the charts.

**Rationale:**  
Given the historical stability and popularity of "Stuff You Should Know," the most likely scenario is that it remains within the '1-25' range. However, to account for unexpected events or shifts in listener preferences, it is prudent to assign some probability to the other ranking options. The podcast industry can be dynamic, with new shows occasionally capturing significant attention, which could impact SYSK's ranking.

**Final Probabilities:**

- Option_1-25: 70%
- Option_26-45: 20%
- Option_46-55: 7%
- Option_≥56: 3%
[2025-06-15 14:01:44] INFO: === Run Summary ===
[2025-06-15 14:01:44] INFO: Total questions: 1
[2025-06-15 14:01:44] INFO: Successful research: 1
[2025-06-15 14:01:44] INFO: Failed research: 0
[2025-06-15 14:01:44] INFO: Success rate: 100.00%
