[2025-05-29 00:02:54] INFO: === Starting new forecast run (Run #2222) ===
[2025-05-29 00:02:54] INFO: Environment: GitHub Actions
[2025-05-29 00:02:54] INFO: Repository: agsheves/decis-metaculus-bot1
[2025-05-29 00:02:54] INFO: Workflow: Forecast on new AI tournament questions
[2025-05-29 00:02:54] INFO: Commit: 9402b23a4d28e9d660c073e538374d14b6aad0e1
[2025-05-29 00:02:54] INFO: === Question 1 ===
[2025-05-29 00:02:54] INFO: URL: https://www.metaculus.com/questions/38084
[2025-05-29 00:02:54] INFO: Text: Will California have 20.0 million or more residents living in drought on June 28, 2025?
[2025-05-29 00:03:11] INFO: Research: Perplexity succeeded for https://www.metaculus.com/questions/38084
[2025-05-29 00:03:24] INFO: === Forecast Result ===
[2025-05-29 00:03:24] INFO: URL: https://www.metaculus.com/questions/38084
[2025-05-29 00:03:24] INFO: Prediction: 0.75
[2025-05-29 00:03:24] INFO: Reasoning: (a) The time left until the outcome to the question is known is approximately one month, as the resolution date is June 28, 2025, and today is May 29, 2025.

(b) The status quo outcome if nothing changed would likely be "Yes," given that the current conditions show 44% of California in drought, which includes populous regions in central and southern California. This suggests that the number of residents affected could already be close to or exceeding 20 million, especially if drought conditions persist or worsen.

(c) A scenario that results in a "No" outcome could involve unexpected, significant rainfall or weather events that alleviate drought conditions across large parts of California, particularly in the densely populated southern regions. This would reduce the percentage of the population living in drought areas below the 20 million threshold.

(d) A scenario that results in a "Yes" outcome would involve continued or worsening drought conditions, particularly in central and southern California, coupled with above-normal temperatures and low precipitation. This would maintain or increase the number of residents living in drought areas, likely surpassing the 20 million threshold.

Rationale: Given the current status and trends, the likelihood of reaching or exceeding 20 million residents living in drought by the resolution date is high. The status quo suggests that the number is already close to the threshold, and with forecasts indicating persistent or worsening drought conditions, especially in highly populated areas, the probability of a "Yes" outcome is significant. While unexpected weather changes could alter this trajectory, the general trend supports a "Yes" resolution.

Final Answer: Probability: 75%
[2025-05-29 00:03:24] INFO: === Forecast Result ===
[2025-05-29 00:03:24] INFO: URL: https://www.metaculus.com/questions/38084
[2025-05-29 00:03:24] INFO: Prediction: 0.65
[2025-05-29 00:03:24] INFO: Reasoning: (a) The time left until the outcome to the question is known is approximately one month, as the resolution date is June 28, 2025.

(b) The status quo outcome if nothing changed would likely be close to the threshold of 20.0 million residents living in drought. Currently, around 44% of California is experiencing drought, which suggests approximately 17 million residents are affected. Given the concentration of drought in central and southern California, the actual number could be higher, potentially approaching 20 million.

(c) A scenario that results in a No outcome would involve unexpected and significant rainfall or other weather events that alleviate drought conditions in populated areas of California, particularly in the central and southern regions. This could reduce the percentage of the population living in drought below the 20.0 million threshold.

(d) A scenario that results in a Yes outcome would involve continued or worsening drought conditions, particularly in southern California, where population density is high. If the current trends of low precipitation, rapid snowmelt, and above-normal temperatures persist, the number of residents living in drought could exceed 20.0 million by the resolution date.

Rationale: Given the current status and trends, the likelihood of reaching or exceeding 20.0 million residents living in drought by June 28, 2025, is plausible. The status quo suggests a number close to the threshold, and with the forecast indicating persistent or worsening drought conditions, particularly in populous regions, the probability leans toward a "Yes" outcome. However, the uncertainty remains due to potential changes in weather patterns over the next month. Considering the slow-changing nature of climate and drought conditions, the current trajectory is likely to continue.

Final Answer: "Probability: 65%"
[2025-05-29 00:03:24] INFO: === Forecast Result ===
[2025-05-29 00:03:24] INFO: URL: https://www.metaculus.com/questions/38084
[2025-05-29 00:03:24] INFO: Prediction: 0.6
[2025-05-29 00:03:24] INFO: Reasoning: (a) **The time left until the outcome to the question is known:**  
There is approximately one month left until June 28, 2025, when the outcome of the question will be determined.

(b) **The status quo outcome if nothing changed:**  
Currently, approximately 44% of California is experiencing drought, which translates to an estimated 17 million residents affected. If conditions remain the same, the number of residents in drought would likely remain below 20 million, resulting in a "No" outcome.

(c) **A brief description of a scenario that results in a No outcome:**  
If the drought conditions stabilize or slightly improve, particularly in densely populated areas, the number of residents living in drought could remain below 20 million. This could occur if unexpected precipitation occurs, reducing drought severity, or if temperatures are not as high as forecasted, slowing snowmelt and reducing evaporative demand.

(d) **A brief description of a scenario that results in a Yes outcome:**  
If drought conditions worsen or expand, particularly in southern California, the number of residents living in drought could exceed 20 million. This is likely if the forecasted above-normal temperatures and low precipitation persist, exacerbating drought conditions and affecting more densely populated areas.

**Rationale:**  
The current status quo suggests that the number of residents in drought is close to, but not yet at, the 20 million threshold. Given the forecast of persistent or worsening drought conditions, particularly in southern California, there is a strong possibility that the number of affected residents will increase. However, it is important to consider that the world changes slowly most of the time, and unexpected changes in weather patterns could alter the outcome. Therefore, while the trend is toward a "Yes" outcome, the status quo leans slightly toward "No" if conditions do not change significantly.

**Final Answer:**  
Probability: 60%
[2025-05-29 00:03:25] INFO: === Forecast Result ===
[2025-05-29 00:03:25] INFO: URL: https://www.metaculus.com/questions/38084
[2025-05-29 00:03:25] INFO: Prediction: 0.65
[2025-05-29 00:03:25] INFO: Reasoning: (a) The time left until the outcome to the question is known is approximately one month, as the resolution date is June 28, 2025.

(b) The status quo outcome if nothing changed would be close to the threshold of 20.0 million residents living in drought. With 44% of California currently experiencing drought and this affecting central and southern regions with high population density, the number of residents in drought is likely around 17 million or potentially higher. However, it is not definitively above 20 million at this moment.

(c) A scenario that results in a No outcome would involve unexpected weather patterns bringing significant rainfall to the drought-affected areas, particularly in central and southern California. This could alleviate drought conditions and reduce the percentage of the population living in drought below the 20 million threshold. Additionally, if temperatures were to remain cooler than expected, it might slow snowmelt and reduce evaporative demand, further alleviating drought conditions.

(d) A scenario that results in a Yes outcome would involve the continuation or worsening of current drought conditions, particularly in the densely populated southern California region. If above-normal temperatures persist and precipitation remains low, the drought could intensify, affecting more residents. This scenario is supported by the current forecasts, which predict persistent drought conditions and above-normal temperatures through the summer.

Rationale: Given the current status and forecasted trends, the likelihood of reaching or exceeding 20 million residents living in drought by June 28, 2025, is plausible. The drought is already affecting a significant portion of the state, particularly in populous areas. While unexpected weather changes could alter this trajectory, the current trend suggests a movement towards a "Yes" outcome. However, the status quo outcome remains close to the threshold, and given the slow nature of change, it is important to weigh this heavily in the probability assessment.

Final Answer: Probability: 65%
[2025-05-29 00:03:26] INFO: === Forecast Result ===
[2025-05-29 00:03:26] INFO: URL: https://www.metaculus.com/questions/38084
[2025-05-29 00:03:26] INFO: Prediction: 0.65
[2025-05-29 00:03:26] INFO: Reasoning: (a) The time left until the outcome to the question is known is approximately one month, as the resolution date is June 28, 2025.

(b) The status quo outcome, if nothing changed, would likely be close to the threshold of 20.0 million residents living in drought. Currently, around 44% of California is experiencing drought, which affects an estimated 17 million residents. Given the concentration of drought in populous areas, the status quo leans slightly toward a "Yes" outcome, but it remains uncertain.

(c) A scenario that results in a No outcome could involve unexpected weather patterns bringing significant rainfall to drought-affected areas, particularly in central and southern California. This would alleviate drought conditions and reduce the number of residents living in drought below the 20.0 million threshold. Additionally, a shift in atmospheric conditions leading to cooler temperatures and reduced evaporative demand could also help mitigate drought severity.

(d) A scenario that results in a Yes outcome would involve the continuation or worsening of current drought conditions, as forecasted. Above-normal temperatures and low precipitation would persist, exacerbating drought conditions in central and southern California. This would likely increase the number of residents living in drought to exceed the 20.0 million threshold, especially given the high population density in these regions.

Rationale: Given the current status and forecasts, the likelihood of a "Yes" outcome is increasing. The persistence of drought in heavily populated areas, combined with forecasts of continued dry and warm conditions, suggests that the number of residents living in drought could reach or exceed 20.0 million by the resolution date. However, the outcome remains uncertain, and unforeseen weather changes could still impact the final result. Considering the status quo and the tendency for gradual change, the probability of a "Yes" outcome is slightly more favorable.

Final Answer: Probability: 65%
[2025-05-29 00:03:26] INFO: === Run Summary ===
[2025-05-29 00:03:26] INFO: Total questions: 1
[2025-05-29 00:03:26] INFO: Successful research: 1
[2025-05-29 00:03:26] INFO: Failed research: 0
[2025-05-29 00:03:26] INFO: Success rate: 100.00%
