[2025-06-03 12:01:30] INFO: === Starting new forecast run (Run #2478) ===
[2025-06-03 12:01:30] INFO: Environment: GitHub Actions
[2025-06-03 12:01:30] INFO: Repository: agsheves/decis-metaculus-bot1
[2025-06-03 12:01:30] INFO: Workflow: Forecast on new AI tournament questions
[2025-06-03 12:01:30] INFO: Commit: d1e5b02f24ab622c54ffeef734230c954739ffc8
[2025-06-03 12:01:30] INFO: === Question 1 ===
[2025-06-03 12:01:30] INFO: URL: https://www.metaculus.com/questions/38313
[2025-06-03 12:01:30] INFO: Text: Which movie will win the 2025 Nickelodeon Kids' Choice Award for Favorite Movie?
[2025-06-03 12:01:48] INFO: Research: Perplexity succeeded for https://www.metaculus.com/questions/38313
[2025-06-03 12:01:58] INFO: === Forecast Result ===
[2025-06-03 12:01:58] INFO: URL: https://www.metaculus.com/questions/38313
[2025-06-03 12:01:58] INFO: Prediction: predicted_options=[PredictedOption(option_name='A Minecraft Movie', probability=0.2777777777777778), PredictedOption(option_name='Beetlejuice Beetlejuice', probability=0.1111111111111111), PredictedOption(option_name='Captain America: Brave New World', probability=0.2222222222222222), PredictedOption(option_name='Descendants: The Rise of Red', probability=0.16666666666666666), PredictedOption(option_name='Paddington in Peru', probability=0.1111111111111111), PredictedOption(option_name='Thunderbolts*', probability=0.05555555555555555), PredictedOption(option_name='Wicked', probability=0.05555555555555555)]
[2025-06-03 12:01:58] INFO: Reasoning: (a) **The time left until the outcome to the question is known:**  
The 2025 Nickelodeon Kids' Choice Awards typically take place in March or April. Given that today is June 3, 2025, and voting is currently open, the ceremony is likely to occur soon. Therefore, the time left until the outcome is known is likely a few weeks to a couple of months.

(b) **The status quo outcome if nothing changed:**  
The status quo outcome is that the winner remains unknown until the official announcement during the Kids' Choice Awards ceremony. Since the award is determined by public voting, the movie with the broadest appeal to the target demographic (children and families) is likely to win. Historically, movies with strong brand recognition and popularity among kids tend to perform well.

(c) **A description of a scenario that results in an unexpected outcome:**  
An unexpected outcome could occur if there is a significant surge in popularity for a particular movie due to a viral marketing campaign, a major celebrity endorsement, or a sudden cultural moment that resonates with the target audience. Additionally, if there were any technical issues with the voting process, such as a glitch that disproportionately favored one nominee, it could lead to an unexpected winner.

**Rationale:**  
Given the nominees, "A Minecraft Movie" and "Sonic the Hedgehog 3" are strong contenders due to their established fan bases and appeal to children. "Captain America: Brave New World" also has potential due to the popularity of superhero films. However, "Descendants: The Rise of Red" could be a dark horse, considering the success of previous Descendants films with the Kids' Choice Awards demographic. "Beetlejuice Beetlejuice," "Paddington in Peru," "Thunderbolts," and "Wicked" may have less direct appeal to the younger audience, but they still hold some probability due to their unique characteristics and potential appeal.

**Final Probabilities:**

- A Minecraft Movie: 25%
- Beetlejuice Beetlejuice: 10%
- Captain America: Brave New World: 20%
- Descendants: The Rise of Red: 15%
- Paddington in Peru: 10%
- Thunderbolts*: 5%
- Wicked: 5%
[2025-06-03 12:01:59] INFO: === Forecast Result ===
[2025-06-03 12:01:59] INFO: URL: https://www.metaculus.com/questions/38313
[2025-06-03 12:01:59] INFO: Prediction: predicted_options=[PredictedOption(option_name='A Minecraft Movie', probability=0.3118762475049901), PredictedOption(option_name='Beetlejuice Beetlejuice', probability=0.12475049900199603), PredictedOption(option_name='Captain America: Brave New World', probability=0.24950099800399206), PredictedOption(option_name='Descendants: The Rise of Red', probability=0.18712574850299404), PredictedOption(option_name='Paddington in Peru', probability=0.12475049900199603), PredictedOption(option_name='Thunderbolts*', probability=0.0009980039920159682), PredictedOption(option_name='Wicked', probability=0.0009980039920157462)]
[2025-06-03 12:01:59] INFO: Reasoning: (a) **Time Left Until Outcome is Known:**
The 2025 Nickelodeon Kids' Choice Awards ceremony date has not been specified in the provided information, but typically, the event occurs in March or April. Given that today is June 3, 2025, the ceremony is likely a few months away, possibly in the summer or early fall, allowing for a couple of months of voting and anticipation.

(b) **Status Quo Outcome if Nothing Changed:**
The status quo outcome is that the winner remains unknown until the official announcement at the ceremony. However, based on historical trends and the nature of the Kids' Choice Awards, movies with strong franchise backing and significant popularity among kids tend to perform well. Given the nominees, "A Minecraft Movie" and "Sonic the Hedgehog 3" are strong contenders due to their established fan bases and appeal to the younger demographic.

(c) **Scenario Resulting in an Unexpected Outcome:**
An unexpected outcome could occur if a movie that is not currently perceived as a frontrunner, such as "Paddington in Peru" or "Beetlejuice Beetlejuice," gains sudden popularity due to viral marketing, a surge in social media buzz, or endorsements from popular influencers or celebrities who resonate with the Kids' Choice Awards audience. Additionally, if there were any issues with the voting process or a significant campaign by fans of a less popular nominee, it could lead to an unexpected winner.

**Rationale:**
Given the information, it's important to consider the popularity and cultural impact of each nominee. "A Minecraft Movie" and "Sonic the Hedgehog 3" are likely to have strong appeal due to their association with popular video games. "Captain America: Brave New World" also has potential due to the Marvel franchise's popularity. However, the Kids' Choice Awards can sometimes surprise with their winners, so it's prudent to allocate some probability to less likely outcomes.

**Final Probabilities:**
- A Minecraft Movie: 25%
- Beetlejuice Beetlejuice: 10%
- Captain America: Brave New World: 20%
- Descendants: The Rise of Red: 15%
- Paddington in Peru: 10%
- Thunderbolts*: 0% (not listed as a nominee)
- Wicked: 0% (not listed as a nominee)
- Sonic the Hedgehog 3: 20%
[2025-06-03 12:01:59] INFO: === Forecast Result ===
[2025-06-03 12:01:59] INFO: URL: https://www.metaculus.com/questions/38313
[2025-06-03 12:01:59] INFO: Prediction: predicted_options=[PredictedOption(option_name='A Minecraft Movie', probability=0.3118762475049901), PredictedOption(option_name='Beetlejuice Beetlejuice', probability=0.12475049900199603), PredictedOption(option_name='Captain America: Brave New World', probability=0.18712574850299404), PredictedOption(option_name='Descendants: The Rise of Red', probability=0.24950099800399206), PredictedOption(option_name='Paddington in Peru', probability=0.12475049900199603), PredictedOption(option_name='Thunderbolts*', probability=0.0009980039920159682), PredictedOption(option_name='Wicked', probability=0.0009980039920157462)]
[2025-06-03 12:01:59] INFO: Reasoning: (a) **The time left until the outcome to the question is known:**

The 2025 Nickelodeon Kids' Choice Awards typically take place in March or April, but since today is June 3, 2025, and voting is currently open, the ceremony is likely imminent. Therefore, the outcome should be known within a few weeks.

(b) **The status quo outcome if nothing changed:**

The status quo outcome is that the winner is not yet determined, as voting is still ongoing. However, based on historical trends and the nature of the Kids' Choice Awards, movies that are part of popular franchises or have significant appeal to the younger demographic tend to perform well. Therefore, movies like "A Minecraft Movie," "Sonic the Hedgehog 3," and "Descendants: The Rise of Red" might have an edge due to their strong brand recognition and appeal to kids.

(c) **A description of a scenario that results in an unexpected outcome:**

An unexpected outcome could occur if a movie that is not traditionally seen as a front-runner wins due to a viral campaign or a sudden surge in popularity among kids. For example, if "Paddington in Peru" or "Beetlejuice Beetlejuice" were to win, it might be due to a social media campaign that resonates with the audience or a particularly compelling promotional push that captures the imagination of the voters.

**Rationale:**

Given the nature of the Kids' Choice Awards, where public voting plays a significant role, movies with strong existing fan bases and those that are part of popular franchises are likely to have an advantage. "A Minecraft Movie" and "Sonic the Hedgehog 3" are both based on well-loved properties that have a strong following among children. "Descendants: The Rise of Red" also fits this category, as the Descendants franchise has been very popular with the target demographic. While unexpected outcomes are always possible, the status quo suggests that these movies are the most likely contenders.

**Final Probabilities:**

- A Minecraft Movie: 25%
- Beetlejuice Beetlejuice: 10%
- Captain America: Brave New World: 15%
- Descendants: The Rise of Red: 20%
- Paddington in Peru: 10%
- Thunderbolts*: 0% (not listed as a nominee)
- Wicked: 0% (not listed as a nominee)
- Sonic the Hedgehog 3: 20%
[2025-06-03 12:02:01] INFO: === Forecast Result ===
[2025-06-03 12:02:01] INFO: URL: https://www.metaculus.com/questions/38313
[2025-06-03 12:02:01] INFO: Prediction: predicted_options=[PredictedOption(option_name='A Minecraft Movie', probability=0.29970029970029965), PredictedOption(option_name='Beetlejuice Beetlejuice', probability=0.09990009990009989), PredictedOption(option_name='Captain America: Brave New World', probability=0.24975024975024973), PredictedOption(option_name='Descendants: The Rise of Red', probability=0.19980019980019978), PredictedOption(option_name='Paddington in Peru', probability=0.09990009990009989), PredictedOption(option_name='Thunderbolts*', probability=0.000999000999000999), PredictedOption(option_name='Wicked', probability=0.049950049950050056)]
[2025-06-03 12:02:01] INFO: Reasoning: (a) The time left until the outcome to the question is known: The 2025 Nickelodeon Kids' Choice Awards ceremony date has not been specified in the provided information, but it typically takes place in March or April. Given that today is June 3, 2025, the ceremony is likely a few weeks to a few months away, assuming it follows the usual schedule.

(b) The status quo outcome if nothing changed: Since the winner has not been announced yet, the status quo outcome is that the winner remains unknown. However, based on the nominees, the status quo would suggest that a popular, family-friendly movie with strong appeal to the Kids' Choice Awards' younger audience could be a likely winner.

(c) A description of a scenario that results in an unexpected outcome: An unexpected outcome could occur if a movie that is not traditionally considered a frontrunner, such as a less mainstream or critically acclaimed film, garners a significant social media campaign or viral trend that boosts its popularity among the voting demographic. Alternatively, a technical error or controversy could lead to a surprise winner.

Rationale:
1. **A Minecraft Movie**: Given the immense popularity of Minecraft among children and its cultural impact, this movie is likely to have strong appeal to the Kids' Choice Awards audience. It is a strong contender for the award.
2. **Beetlejuice Beetlejuice**: While Beetlejuice has a nostalgic appeal, its audience might skew slightly older than the typical Kids' Choice demographic. It may not be as strong a contender as some of the other nominees.
3. **Captain America: Brave New World**: As part of the Marvel franchise, this movie has a built-in fan base and significant appeal to younger audiences, making it a strong contender.
4. **Descendants: The Rise of Red**: The Descendants franchise is popular among kids and tweens, which aligns well with the Kids' Choice Awards demographic. It is a strong contender.
5. **Paddington in Peru**: Paddington films are known for their family-friendly charm, but they may not have the same level of excitement or fan engagement as some of the other nominees.
6. **Thunderbolts**: This option was not listed among the nominees in the provided information, so it is unlikely to win.
7. **Wicked**: While Wicked is a popular musical, its appeal may not align as closely with the Kids' Choice Awards audience compared to other nominees.

Final probabilities:
- A Minecraft Movie: 30%
- Beetlejuice Beetlejuice: 10%
- Captain America: Brave New World: 25%
- Descendants: The Rise of Red: 20%
- Paddington in Peru: 10%
- Thunderbolts*: 0%
- Wicked: 5%
[2025-06-03 12:02:02] INFO: === Run Summary ===
[2025-06-03 12:02:02] INFO: Total questions: 1
[2025-06-03 12:02:02] INFO: Successful research: 1
[2025-06-03 12:02:02] INFO: Failed research: 0
[2025-06-03 12:02:02] INFO: Success rate: 100.00%
