[2025-05-22 02:14:09] INFO: === Starting new forecast run (Run #1897) ===
[2025-05-22 02:14:09] INFO: Environment: GitHub Actions
[2025-05-22 02:14:09] INFO: Repository: agsheves/decis-metaculus-bot1
[2025-05-22 02:14:09] INFO: Workflow: Forecast on new AI tournament questions
[2025-05-22 02:14:09] INFO: Commit: 9dd49e38b4c9f36bb978f07c69b0da9efa0d1874
[2025-05-22 02:14:09] INFO: === Question 1 ===
[2025-05-22 02:14:09] INFO: URL: https://www.metaculus.com/questions/37823
[2025-05-22 02:14:09] INFO: Text: How many NYC rat sightings will be reported for the month of June 2025?
[2025-05-22 02:14:22] INFO: Research: Perplexity succeeded for https://www.metaculus.com/questions/37823
[2025-05-22 02:14:28] INFO: === Forecast Result ===
[2025-05-22 02:14:28] INFO: URL: https://www.metaculus.com/questions/37823
[2025-05-22 02:14:28] INFO: Prediction: [Percentile(value=290.0, percentile=0.1), Percentile(value=310.0, percentile=0.2), Percentile(value=330.0, percentile=0.4), Percentile(value=350.0, percentile=0.6), Percentile(value=370.0, percentile=0.8), Percentile(value=390.0, percentile=0.9)]
[2025-05-22 02:14:28] INFO: Reasoning: (a) The time left until the outcome to the question is known: Approximately 1 month and 8 days.

(b) The outcome if nothing changed: If the number of rat sightings remained constant from the previous year, we would expect a similar number of sightings as in June 2024. Given the downward trend, let's assume June 2024 had around 350 sightings, which is a rough estimate based on the decline from January-June 2023 to January-June 2024.

(c) The outcome if the current trend continued: The data shows a decline in sightings from January-June 2023 to January-June 2024. If this trend continues, we might expect a further reduction in sightings for June 2025. Assuming a similar rate of decline, we might estimate around 330 sightings for June 2025.

(d) The expectations of experts and markets: Experts might expect the trend of declining sightings to continue due to ongoing mitigation efforts and awareness campaigns. However, the exact number is uncertain, and experts might predict a range between 300 and 350 sightings for June 2025.

(e) A brief description of an unexpected scenario that results in a low outcome: An unexpected scenario leading to a low number of sightings could be an unusually effective new rat control measure or technology introduced in May 2025, drastically reducing the rat population and sightings.

(f) A brief description of an unexpected scenario that results in a high outcome: An unexpected scenario leading to a high number of sightings could be a significant disruption in waste management services, leading to increased food availability for rats and a subsequent spike in sightings.

Final answer:
"
Percentile 10: 290
Percentile 20: 310
Percentile 40: 330
Percentile 60: 350
Percentile 80: 370
Percentile 90: 390
"
[2025-05-22 02:14:28] INFO: === Forecast Result ===
[2025-05-22 02:14:28] INFO: URL: https://www.metaculus.com/questions/37823
[2025-05-22 02:14:28] INFO: Prediction: [Percentile(value=300.0, percentile=0.1), Percentile(value=320.0, percentile=0.2), Percentile(value=340.0, percentile=0.4), Percentile(value=360.0, percentile=0.6), Percentile(value=380.0, percentile=0.8), Percentile(value=400.0, percentile=0.9)]
[2025-05-22 02:14:28] INFO: Reasoning: (a) The time left until the outcome to the question is known: Approximately 1 month and 8 days, as today is May 22, 2025, and the data for June 2025 will be available shortly after the month ends.

(b) The outcome if nothing changed: If the rat sighting numbers remain consistent with the first half of 2024, we could expect around 354 rat sightings in June 2025. This is based on the average monthly sightings from January to June 2024 (2,124 sightings over 6 months).

(c) The outcome if the current trend continued: Given the declining trend in rat sightings, if this trend continues, we might expect a further decrease in June 2025. Assuming a modest 5% decrease from June 2024, the number of sightings could be around 336.

(d) The expectations of experts and markets: Experts might expect the continued implementation of mitigation efforts to further reduce sightings, predicting a number between 320 and 350 for June 2025.

(e) A brief description of an unexpected scenario that results in a low outcome: An unexpected scenario such as a significant increase in funding and resources for rat mitigation efforts, leading to a rapid and effective reduction in rat populations, could result in sightings dropping to around 300 or fewer.

(f) A brief description of an unexpected scenario that results in a high outcome: An unexpected scenario such as a sudden and severe disruption in waste management services, leading to increased food availability for rats, could result in a spike in sightings to around 400 or more.

Final answer:
"
Percentile 10: 300
Percentile 20: 320
Percentile 40: 340
Percentile 60: 360
Percentile 80: 380
Percentile 90: 400
"
[2025-05-22 02:14:29] INFO: === Forecast Result ===
[2025-05-22 02:14:29] INFO: URL: https://www.metaculus.com/questions/37823
[2025-05-22 02:14:29] INFO: Prediction: [Percentile(value=320.0, percentile=0.1), Percentile(value=330.0, percentile=0.2), Percentile(value=340.0, percentile=0.4), Percentile(value=350.0, percentile=0.6), Percentile(value=360.0, percentile=0.8), Percentile(value=370.0, percentile=0.9)]
[2025-05-22 02:14:29] INFO: Reasoning: (a) The time left until the outcome to the question is known: Approximately 1 month and 8 days, as today is May 22, 2025, and the data for June 2025 will likely be available shortly after the end of June.

(b) The outcome if nothing changed: If the number of rat sightings remained consistent with the average monthly rate from January to June 2024, we would expect around 354 rat sightings in June 2025. This is based on the 2,124 sightings over six months, averaging 354 sightings per month.

(c) The outcome if the current trend continued: Given the decline in rat sightings from 2,236 in January-June 2023 to 2,124 in January-June 2024, a continued decline might suggest a further reduction. If we assume a similar percentage decrease from 2023 to 2024 (approximately 5%), the number of sightings in June 2025 might be around 336.

(d) The expectations of experts and markets: Experts might expect continued effectiveness of mitigation efforts, particularly in RMZs, leading to a modest decline in sightings. However, the large rat population and urban density might temper expectations of a dramatic decrease.

(e) A brief description of an unexpected scenario that results in a low outcome: An unexpected scenario leading to a low number of sightings could be the introduction of a highly effective new pest control technology or policy that drastically reduces rat visibility and complaints.

(f) A brief description of an unexpected scenario that results in a high outcome: An unexpected scenario leading to a high number of sightings could be a significant disruption in sanitation services, such as a prolonged garbage collection strike, leading to increased rat activity and sightings.

Final Answer:
"
Percentile 10: 320
Percentile 20: 330
Percentile 40: 340
Percentile 60: 350
Percentile 80: 360
Percentile 90: 370
"
[2025-05-22 02:14:29] INFO: === Forecast Result ===
[2025-05-22 02:14:29] INFO: URL: https://www.metaculus.com/questions/37823
[2025-05-22 02:14:29] INFO: Prediction: [Percentile(value=250.0, percentile=0.1), Percentile(value=275.0, percentile=0.2), Percentile(value=300.0, percentile=0.4), Percentile(value=325.0, percentile=0.6), Percentile(value=350.0, percentile=0.8), Percentile(value=375.0, percentile=0.9)]
[2025-05-22 02:14:29] INFO: Reasoning: (a) The time left until the outcome to the question is known: Approximately 1 month and 8 days.

(b) The outcome if nothing changed: If the number of rat sightings remained constant from the previous year, we would expect a similar number of sightings as in June 2024. Given the downward trend, the number for June 2024 is likely lower than in previous years, but specific data for June 2024 is not provided. Assuming a similar monthly distribution as in previous years, the number could be around 350-400 sightings.

(c) The outcome if the current trend continued: The data indicates a decline in rat sightings. If this trend continues, we might expect a further reduction in the number of sightings. A continued decline could result in a number around 300-350 sightings for June 2025.

(d) The expectations of experts and markets: Experts might anticipate a continued decline in rat sightings due to ongoing mitigation efforts and the historical trend of decreasing sightings. Therefore, they might expect the number to be on the lower end of the range, perhaps around 300 sightings.

(e) A brief description of an unexpected scenario that results in a low outcome: An unexpected scenario leading to a low outcome could involve a significant breakthrough in rat control technology or an exceptionally effective public health campaign that drastically reduces the rat population and sightings.

(f) A brief description of an unexpected scenario that results in a high outcome: A high outcome could occur if there is a sudden disruption in sanitation services, such as a prolonged strike, leading to increased waste accumulation and a spike in rat sightings. Alternatively, an unusually warm and wet month could boost rat activity and sightings.

Final answer:
"
Percentile 10: 250
Percentile 20: 275
Percentile 40: 300
Percentile 60: 325
Percentile 80: 350
Percentile 90: 375
"
[2025-05-22 02:14:29] INFO: === Forecast Result ===
[2025-05-22 02:14:29] INFO: URL: https://www.metaculus.com/questions/37823
[2025-05-22 02:14:29] INFO: Prediction: [Percentile(value=300.0, percentile=0.1), Percentile(value=320.0, percentile=0.2), Percentile(value=340.0, percentile=0.4), Percentile(value=360.0, percentile=0.6), Percentile(value=380.0, percentile=0.8), Percentile(value=400.0, percentile=0.9)]
[2025-05-22 02:14:29] INFO: Reasoning: (a) The time left until the outcome to the question is known is approximately 1 month and 8 days, as today is May 22, 2025, and the data for June 2025 will be available shortly after the month ends.

(b) The outcome if nothing changed: If the number of rat sightings remained consistent with the average monthly figure from January to June 2024, we would expect around 354 rat sightings in June 2025. This is calculated by dividing the total sightings for January-June 2024 (2,124) by 6 months.

(c) The outcome if the current trend continued: Given the decline in rat sightings from January-June 2023 to January-June 2024, and assuming a similar rate of decline continues, we might expect a further decrease. If the decline rate is approximately 5% (based on the decrease from 2,236 to 2,124), the expected number of sightings in June 2025 could be around 336.

(d) The expectations of experts and markets: Experts might expect the trend of declining rat sightings to continue, given ongoing mitigation efforts and the establishment of Rat Mitigation Zones. However, they would also be cautious about external factors such as weather conditions or changes in sanitation policies that could impact rat sightings.

(e) A brief description of an unexpected scenario that results in a low outcome: An unexpected scenario leading to a low outcome could be an unusually effective new rat control measure or policy implemented in May 2025, drastically reducing the rat population and sightings in June 2025.

(f) A brief description of an unexpected scenario that results in a high outcome: An unexpected scenario leading to a high outcome could be a sudden and severe disruption in sanitation services, such as a strike or natural disaster, leading to increased rat activity and sightings in June 2025.

Final Answer:
"
Percentile 10: 300
Percentile 20: 320
Percentile 40: 340
Percentile 60: 360
Percentile 80: 380
Percentile 90: 400
"
[2025-05-22 02:14:30] INFO: === Run Summary ===
[2025-05-22 02:14:30] INFO: Total questions: 1
[2025-05-22 02:14:30] INFO: Successful research: 1
[2025-05-22 02:14:30] INFO: Failed research: 0
[2025-05-22 02:14:30] INFO: Success rate: 100.00%
