[2025-05-26 08:03:37] INFO: === Starting new forecast run (Run #2096) ===
[2025-05-26 08:03:37] INFO: Environment: GitHub Actions
[2025-05-26 08:03:37] INFO: Repository: agsheves/decis-metaculus-bot1
[2025-05-26 08:03:37] INFO: Workflow: Forecast on new AI tournament questions
[2025-05-26 08:03:37] INFO: Commit: 0a32b16e2b105846ea20323a4df72df487992411
[2025-05-26 08:03:37] INFO: === Question 1 ===
[2025-05-26 08:03:37] INFO: URL: https://www.metaculus.com/questions/38055
[2025-05-26 08:03:37] INFO: Text: Will Joe Pyfer defeat someone at UFC 316?
[2025-05-26 08:03:46] INFO: Research: Perplexity succeeded for https://www.metaculus.com/questions/38055
[2025-05-26 08:03:50] INFO: === Forecast Result ===
[2025-05-26 08:03:50] INFO: URL: https://www.metaculus.com/questions/38055
[2025-05-26 08:03:50] INFO: Prediction: 0.5
[2025-05-26 08:03:50] INFO: Reasoning: (a) The time left until the outcome to the question is known is approximately 12 days, as UFC 316 is scheduled for June 7, 2025, and today is May 26, 2025.

(b) The status quo outcome if nothing changed is "No," because as of now, Joe Pyfer has not yet fought or defeated anyone at UFC 316, and the event has not yet occurred.

(c) A scenario that results in a No outcome is if Joe Pyfer does not fight at UFC 316 due to unforeseen circumstances such as injury, illness, or any other reason that leads to the cancellation of his bout against Kelvin Gastelum. If Pyfer does not fight anyone at the event, the outcome resolves as No.

(d) A scenario that results in a Yes outcome is if Joe Pyfer successfully competes against Kelvin Gastelum at UFC 316 and wins the fight. This would mean Pyfer has defeated someone at the event, resolving the question as Yes.

Rationale: Given the current status, the fight is scheduled and expected to happen, which leans towards a potential Yes outcome if Pyfer wins. However, since the event has not yet occurred, the status quo outcome remains No. In forecasting, the status quo is often given more weight because changes are less frequent and the world tends to follow existing trajectories unless disrupted by significant events.

Probability: 50%
[2025-05-26 08:03:51] INFO: === Forecast Result ===
[2025-05-26 08:03:51] INFO: URL: https://www.metaculus.com/questions/38055
[2025-05-26 08:03:51] INFO: Prediction: 0.6
[2025-05-26 08:03:51] INFO: Reasoning: (a) The time left until the outcome to the question is known is approximately 12 days, as UFC 316 is scheduled for June 7, 2025, and today is May 26, 2025.

(b) The status quo outcome if nothing changed is "No," because as of today, Joe Pyfer has not yet fought or defeated anyone at UFC 316. The event is still in the future.

(c) A scenario that results in a No outcome is if Joe Pyfer does not fight at UFC 316 due to unforeseen circumstances such as injury, illness, or any other reason leading to the cancellation of his bout against Kelvin Gastelum. Alternatively, if the fight occurs and Pyfer loses or the fight ends in a draw or no-contest, the outcome would also be "No."

(d) A scenario that results in a Yes outcome is if Joe Pyfer successfully competes against Kelvin Gastelum at UFC 316 and wins the fight, either by knockout, submission, or decision.

Given the information available, the fight is scheduled and expected to take place. However, considering the status quo and the possibility of unforeseen events that could prevent the fight from occurring, it's crucial to weigh these factors. Historically, most scheduled fights do take place, and given Pyfer's recent performance, he has a reasonable chance of winning. However, the outcome is not guaranteed.

Probability: 60%
[2025-05-26 08:03:51] INFO: === Forecast Result ===
[2025-05-26 08:03:51] INFO: URL: https://www.metaculus.com/questions/38055
[2025-05-26 08:03:51] INFO: Prediction: 0.55
[2025-05-26 08:03:51] INFO: Reasoning: (a) The time left until the outcome to the question is known is approximately 12 days, as UFC 316 is scheduled for June 7, 2025, and today is May 26, 2025.

(b) The status quo outcome if nothing changed would resolve as "No," since the event has not yet taken place, and Joe Pyfer has not yet fought or defeated anyone at UFC 316.

(c) A scenario that results in a No outcome would be if Joe Pyfer does not fight at UFC 316, either due to injury, illness, or any other reason leading to the cancellation or postponement of his fight against Kelvin Gastelum. Alternatively, if Pyfer fights and loses to Gastelum, the outcome would also be "No."

(d) A scenario that results in a Yes outcome would be if Joe Pyfer successfully competes at UFC 316 and defeats Kelvin Gastelum, either by knockout, submission, or decision.

Rationale: Given the current status, the fight is scheduled and expected to take place, with both fighters seemingly prepared to compete. The status quo outcome is "No" because the event has not yet occurred, but the likelihood of the fight proceeding as planned is relatively high. Joe Pyfer's recent performance, including a first-round knockout victory, suggests he is in good form, which could increase his chances of winning. However, Kelvin Gastelum is an experienced fighter, making the outcome uncertain. Considering the fight is scheduled and both fighters are preparing, the probability of Pyfer fighting and potentially winning is significant.

Probability: 55%
[2025-05-26 08:03:51] INFO: === Forecast Result ===
[2025-05-26 08:03:51] INFO: URL: https://www.metaculus.com/questions/38055
[2025-05-26 08:03:51] INFO: Prediction: 0.6
[2025-05-26 08:03:51] INFO: Reasoning: (a) The time left until the outcome to the question is known is approximately 12 days, as UFC 316 is scheduled for June 7, 2025, and today is May 26, 2025.

(b) The status quo outcome if nothing changed would resolve as "No" because the fight has not yet occurred, and therefore Joe Pyfer has not defeated anyone at UFC 316.

(c) A scenario that results in a No outcome is if the fight between Joe Pyfer and Kelvin Gastelum is canceled or if Pyfer loses the fight. Cancellations could occur due to injury, illness, or other unforeseen circumstances affecting either fighter.

(d) A scenario that results in a Yes outcome is if Joe Pyfer successfully competes against Kelvin Gastelum at UFC 316 and wins the fight, either by knockout, submission, or decision.

Rationale: Given the information available, the fight is scheduled and expected to take place. However, there are still uncertainties such as potential cancellations or changes in fight conditions. Historically, most scheduled fights do occur as planned, so the likelihood of the fight happening is relatively high. If the fight occurs, Joe Pyfer's recent performance and fighting style suggest he has a reasonable chance of winning, though Kelvin Gastelum is also a seasoned competitor. The status quo outcome is currently "No," but this is primarily due to the event not having occurred yet.

Final Answer: "Probability: 60%"
[2025-05-26 08:03:53] INFO: === Forecast Result ===
[2025-05-26 08:03:53] INFO: URL: https://www.metaculus.com/questions/38055
[2025-05-26 08:03:53] INFO: Prediction: 0.55
[2025-05-26 08:03:53] INFO: Reasoning: (a) The time left until the outcome of the question is known is 12 days, as UFC 316 is scheduled for June 7, 2025, and today is May 26, 2025.

(b) The status quo outcome, if nothing changed, would be "No," as the event has not yet occurred, and therefore Joe Pyfer has not defeated anyone at UFC 316.

(c) A scenario that results in a No outcome is if Joe Pyfer does not fight at UFC 316, either due to another cancellation, injury, or any other unforeseen circumstance that prevents the fight from taking place.

(d) A scenario that results in a Yes outcome is if Joe Pyfer successfully competes against Kelvin Gastelum at UFC 316 and wins the fight, either by knockout, submission, or decision.

Rationale:

Given that the fight is officially scheduled and both fighters appear to be in good standing to compete, the likelihood of the fight taking place is relatively high. Joe Pyfer has shown strong performance in his recent fights, including a first-round knockout victory, which suggests he is in good form. However, the outcome of the fight itself is uncertain, as Kelvin Gastelum is also an experienced fighter with a solid record.

The status quo outcome is "No" because the event has not yet occurred, but this is expected to change once the fight takes place. The world changes slowly most of the time, so the fight proceeding as planned is a reasonable expectation. However, unforeseen events such as injuries or cancellations are always possibilities in sports.

Final Answer: "Probability: 55%" 

This reflects a slight edge towards the fight occurring and Pyfer potentially winning, but with recognition of the inherent uncertainties in sports outcomes.
[2025-05-26 08:03:54] INFO: === Run Summary ===
[2025-05-26 08:03:54] INFO: Total questions: 1
[2025-05-26 08:03:54] INFO: Successful research: 1
[2025-05-26 08:03:54] INFO: Failed research: 0
[2025-05-26 08:03:54] INFO: Success rate: 100.00%
