[2025-06-06 00:02:54] INFO: === Starting new forecast run (Run #2596) ===
[2025-06-06 00:02:54] INFO: Environment: GitHub Actions
[2025-06-06 00:02:54] INFO: Repository: agsheves/decis-metaculus-bot1
[2025-06-06 00:02:54] INFO: Workflow: Forecast on new AI tournament questions
[2025-06-06 00:02:54] INFO: Commit: 1b14dde24758545574965897b3367aff543ac198
[2025-06-06 00:02:54] INFO: === Question 1 ===
[2025-06-06 00:02:54] INFO: URL: https://www.metaculus.com/questions/38336
[2025-06-06 00:02:54] INFO: Text: What will the reported US field production of crude oil be for April 2025?
[2025-06-06 00:03:08] INFO: Research: Perplexity succeeded for https://www.metaculus.com/questions/38336
[2025-06-06 00:03:20] INFO: === Forecast Result ===
[2025-06-06 00:03:20] INFO: URL: https://www.metaculus.com/questions/38336
[2025-06-06 00:03:20] INFO: Prediction: predicted_options=[PredictedOption(option_name='Below 13,000', probability=0.04999999999999999), PredictedOption(option_name='13,000 to 13,200, inclusive', probability=0.09999999999999998), PredictedOption(option_name='Above 13,200 and below 13,400', probability=0.19999999999999996), PredictedOption(option_name='13,400 to 13,600, inclusive', probability=0.5499999999999999), PredictedOption(option_name='Above 13,600', probability=0.10000000000000009)]
[2025-06-06 00:03:20] INFO: Reasoning: (a) The time left until the outcome to the question is known is likely very short, as the EIA typically releases monthly production data with a delay of one to two months. Given that today is June 6, 2025, the data for April 2025 could be released any day now.

(b) The status quo outcome, based on the most recent EIA forecasts, is that the US field production of crude oil for April 2025 will be very close to the projected annual average of 13.42 million barrels per day. This suggests that the most likely range is '13,400 to 13,600, inclusive'.

(c) A scenario that results in an unexpected outcome could involve unforeseen geopolitical events, significant technological disruptions, or major natural disasters affecting oil production infrastructure. For instance, a sudden escalation in geopolitical tensions in key oil-producing regions could lead to supply chain disruptions, impacting US production levels. Alternatively, a major hurricane or other natural disaster affecting the Gulf of Mexico could temporarily reduce production capacity.

Given the information available, the most likely outcome is that the production will fall within the '13,400 to 13,600, inclusive' range. However, considering the potential for unexpected events, it is prudent to assign some probability to the other options as well.

Final probabilities for the options are as follows:

- Below 13,000: 5%
- 13,000 to 13,200, inclusive: 10%
- Above 13,200 and below 13,400: 20%
- 13,400 to 13,600, inclusive: 55%
- Above 13,600: 10%
[2025-06-06 00:03:20] INFO: === Forecast Result ===
[2025-06-06 00:03:20] INFO: URL: https://www.metaculus.com/questions/38336
[2025-06-06 00:03:20] INFO: Prediction: predicted_options=[PredictedOption(option_name='Below 13,000', probability=0.04999999999999999), PredictedOption(option_name='13,000 to 13,200, inclusive', probability=0.09999999999999998), PredictedOption(option_name='Above 13,200 and below 13,400', probability=0.19999999999999996), PredictedOption(option_name='13,400 to 13,600, inclusive', probability=0.5499999999999999), PredictedOption(option_name='Above 13,600', probability=0.10000000000000009)]
[2025-06-06 00:03:20] INFO: Reasoning: (a) The time left until the outcome to the question is known: The official monthly data for April 2025 from the U.S. Energy Information Administration (EIA) is expected to be released soon, likely within the next few weeks, as it is currently June 6, 2025.

(b) The status quo outcome if nothing changed: Based on the EIA's May 2025 Short-Term Energy Outlook (STEO), the projected annual average for 2025 is 13.42 million barrels per day (b/d). Therefore, the status quo outcome would suggest that the April 2025 production is close to this average, likely falling within the '13,400 to 13,600, inclusive' range.

(c) A description of a scenario that results in an unexpected outcome: An unexpected outcome could arise if there were unforeseen disruptions in production, such as natural disasters affecting key oil-producing regions, significant geopolitical events leading to supply chain disruptions, or unexpected regulatory changes impacting production levels. Additionally, a technological breakthrough or a sudden change in market demand could also lead to a deviation from the forecasted production levels.

Rationale: The EIA's forecast for 2025 suggests a stable increase in production compared to 2024, with the annual average expected to be around 13.42 million b/d. Given the lack of major disruptions or significant news suggesting a deviation from this forecast, the most likely outcome for April 2025 is that production will align closely with the annual average. However, it is important to account for the inherent uncertainty in forecasting, as unexpected events can occur. Therefore, while the '13,400 to 13,600, inclusive' range is the most probable, some probability should be assigned to other ranges to account for potential surprises.

Final probabilities for the options:
- Below 13,000: 5%
- 13,000 to 13,200, inclusive: 10%
- Above 13,200 and below 13,400: 20%
- 13,400 to 13,600, inclusive: 55%
- Above 13,600: 10%
[2025-06-06 00:03:21] INFO: === Forecast Result ===
[2025-06-06 00:03:21] INFO: URL: https://www.metaculus.com/questions/38336
[2025-06-06 00:03:21] INFO: Prediction: predicted_options=[PredictedOption(option_name='Below 13,000', probability=0.04999999999999999), PredictedOption(option_name='13,000 to 13,200, inclusive', probability=0.09999999999999998), PredictedOption(option_name='Above 13,200 and below 13,400', probability=0.19999999999999996), PredictedOption(option_name='13,400 to 13,600, inclusive', probability=0.5499999999999999), PredictedOption(option_name='Above 13,600', probability=0.10000000000000009)]
[2025-06-06 00:03:21] INFO: Reasoning: (a) The time left until the outcome to the question is known is relatively short, as the EIA typically releases monthly production data within a few months after the end of the month in question. Since today is June 6, 2025, we can expect the official data for April 2025 to be released soon.

(b) The status quo outcome, based on the most recent EIA forecasts, is that the US field production of crude oil for April 2025 will be close to the projected annual average of 13.42 million barrels per day (b/d). This suggests that the most likely range for April 2025 production is '13,400 to 13,600, inclusive'.

(c) An unexpected outcome could occur if there were unforeseen events affecting oil production, such as significant geopolitical disruptions, major natural disasters impacting oil-producing regions, or sudden changes in government policy affecting oil production. For instance, a major hurricane affecting the Gulf of Mexico could temporarily reduce production, potentially bringing the monthly average below expectations.

Rationale:
1. The EIA's projection for the annual average production in 2025 is 13.42 million b/d, which aligns closely with the range '13,400 to 13,600, inclusive'. This is the status quo outcome and should be given significant weight.
2. The recent downward revision in the EIA's forecast suggests some caution, but the revision is not substantial enough to drastically alter the expected range.
3. While unexpected events can occur, there are currently no reports of significant disruptions or changes that would lead to a major deviation from the forecasted range.
4. Given the historical stability of US oil production and the lack of major disruptions, the probability of production falling outside the '13,400 to 13,600, inclusive' range is relatively low, but not negligible.

Final probabilities:
- Below 13,000: 5%
- 13,000 to 13,200, inclusive: 10%
- Above 13,200 and below 13,400: 20%
- 13,400 to 13,600, inclusive: 55%
- Above 13,600: 10%
[2025-06-06 00:03:21] INFO: === Forecast Result ===
[2025-06-06 00:03:21] INFO: URL: https://www.metaculus.com/questions/38336
[2025-06-06 00:03:21] INFO: Prediction: predicted_options=[PredictedOption(option_name='Below 13,000', probability=0.05), PredictedOption(option_name='13,000 to 13,200, inclusive', probability=0.1), PredictedOption(option_name='Above 13,200 and below 13,400', probability=0.2), PredictedOption(option_name='13,400 to 13,600, inclusive', probability=0.6), PredictedOption(option_name='Above 13,600', probability=0.05)]
[2025-06-06 00:03:21] INFO: Reasoning: (a) The time left until the outcome to the question is known: The official monthly field production data for April 2025 is expected to be published by the U.S. Energy Information Administration (EIA) in the near future, likely within a few weeks from today, June 6, 2025.

(b) The status quo outcome if nothing changed: Based on the EIA's May 2025 Short-Term Energy Outlook (STEO), the expected average U.S. crude oil production for 2025 is 13.42 million barrels per day (b/d). Given this projection and the lack of reports indicating significant disruptions or changes, the status quo outcome for April 2025 production would likely be close to this annual average, around 13.4 million b/d.

(c) A description of a scenario that results in an unexpected outcome: An unexpected outcome could result from a sudden geopolitical event or natural disaster that significantly disrupts U.S. oil production. For example, a major hurricane impacting the Gulf of Mexico oil infrastructure or geopolitical tensions leading to sanctions or trade disruptions could cause a notable decrease in production. Conversely, a technological breakthrough or policy change that rapidly increases production capacity could lead to higher-than-expected output.

Rationale: The EIA's forecast of 13.42 million b/d for 2025 provides a strong basis for expecting April 2025 production to align closely with this figure. Historical data shows that U.S. crude oil production tends to follow a relatively stable trend unless disrupted by significant events. Given the current information, the most likely outcome is that April 2025 production falls within the range of 13,400 to 13,600 b/d. However, allowing for the possibility of unexpected events, it is prudent to assign some probability to outcomes outside this range.

Final probabilities for the options:

- Below 13,000: Probability_A: 5%
- 13,000 to 13,200, inclusive: Probability_B: 10%
- Above 13,200 and below 13,400: Probability_C: 20%
- 13,400 to 13,600, inclusive: Probability_D: 60%
- Above 13,600: Probability_E: 5%
[2025-06-06 00:03:22] INFO: === Forecast Result ===
[2025-06-06 00:03:22] INFO: URL: https://www.metaculus.com/questions/38336
[2025-06-06 00:03:22] INFO: Prediction: predicted_options=[PredictedOption(option_name='Below 13,000', probability=0.04999999999999999), PredictedOption(option_name='13,000 to 13,200, inclusive', probability=0.09999999999999998), PredictedOption(option_name='Above 13,200 and below 13,400', probability=0.19999999999999996), PredictedOption(option_name='13,400 to 13,600, inclusive', probability=0.5499999999999999), PredictedOption(option_name='Above 13,600', probability=0.10000000000000009)]
[2025-06-06 00:03:22] INFO: Reasoning: (a) The time left until the outcome to the question is known: The official monthly field production data for April 2025 is expected to be published soon, likely within the next few weeks, as it is currently June 6, 2025.

(b) The status quo outcome if nothing changed: Based on the most recent EIA forecasts, the status quo outcome is that the US field production of crude oil for April 2025 will be close to the projected 2025 annual average of 13.42 million barrels per day (b/d). This suggests that the most likely range is '13,400 to 13,600, inclusive'.

(c) A description of a scenario that results in an unexpected outcome: An unexpected outcome could occur if there were unforeseen disruptions in production, such as natural disasters affecting key oil-producing regions, significant geopolitical events impacting oil markets, or major technological or policy changes that either boost or hinder production. For example, a severe hurricane season impacting the Gulf of Mexico could temporarily reduce production, potentially bringing the figure below 13,400 b/d. Conversely, a rapid technological advancement or policy shift promoting increased production could push the figure above 13,600 b/d.

Rationale:
1. The EIA's projection of 13.42 million b/d for the annual average in 2025 is a strong indicator of the expected production level for April 2025. This projection is based on comprehensive data and analysis, making it a reliable estimate.
2. The lack of reports on major disruptions or unexpected surges in production suggests stability in the current production levels, reinforcing the likelihood of the status quo outcome.
3. While the world changes slowly most of the time, it is prudent to account for the possibility of unexpected events that could alter production levels. Therefore, while the status quo outcome is given extra weight, moderate probabilities are assigned to other options to account for potential surprises.

Final probabilities:
- Below 13,000: 5%
- 13,000 to 13,200, inclusive: 10%
- Above 13,200 and below 13,400: 20%
- 13,400 to 13,600, inclusive: 55%
- Above 13,600: 10%
[2025-06-06 00:03:22] INFO: === Run Summary ===
[2025-06-06 00:03:22] INFO: Total questions: 1
[2025-06-06 00:03:22] INFO: Successful research: 1
[2025-06-06 00:03:22] INFO: Failed research: 0
[2025-06-06 00:03:22] INFO: Success rate: 100.00%
