[2025-05-28 09:01:24] INFO: === Starting new forecast run (Run #2192) ===
[2025-05-28 09:01:24] INFO: Environment: GitHub Actions
[2025-05-28 09:01:24] INFO: Repository: agsheves/decis-metaculus-bot1
[2025-05-28 09:01:24] INFO: Workflow: Forecast on new AI tournament questions
[2025-05-28 09:01:24] INFO: Commit: 2825375221134712853719605fe89a0406179ff6
[2025-05-28 09:01:24] INFO: === Question 1 ===
[2025-05-28 09:01:24] INFO: URL: https://www.metaculus.com/questions/38077
[2025-05-28 09:01:24] INFO: Text: What will Donald Trump's net approval on the issue of Trade be on June 25, 2025, according to the Silver Bulletin?
[2025-05-28 09:01:41] INFO: Research: Perplexity succeeded for https://www.metaculus.com/questions/38077
[2025-05-28 09:02:01] INFO: === Forecast Result ===
[2025-05-28 09:02:01] INFO: URL: https://www.metaculus.com/questions/38077
[2025-05-28 09:02:01] INFO: Prediction: predicted_options=[PredictedOption(option_name='<-20.0%', probability=0.5), PredictedOption(option_name='≥-20.0% and ≤-14.0%', probability=0.3), PredictedOption(option_name='>-14.0% and <-8.0%', probability=0.15), PredictedOption(option_name='≥-8.0%', probability=0.05)]
[2025-05-28 09:02:01] INFO: Reasoning: (a) **The time left until the outcome to the question is known:**  
There are approximately 28 days left until June 25, 2025, when the outcome is expected to be known.

(b) **The status quo outcome if nothing changed:**  
Based on the most recent data from April 2025, Trump's net approval on trade is -20 percentage points (39% approve, 59% disapprove). If nothing changes, the status quo outcome would be '<-20.0%'.

(c) **A description of a scenario that results in an unexpected outcome:**  
An unexpected outcome could occur if there is a significant positive development in trade policy or economic indicators that dramatically shifts public opinion. For instance, if the new trade deal with the United Kingdom results in immediate and widely recognized economic benefits, such as a boost in exports or job creation, this could improve Trump's net approval on trade. Additionally, if there is a de-escalation of trade tensions with China leading to a favorable agreement, this might also positively impact public perception. However, such shifts would need to be substantial and well-publicized to change the current trajectory significantly.

**Rationale:**  
1. **Status Quo Bias:** The most recent data indicates a net approval of -20 percentage points. Given the relatively short time frame until June 25, 2025, and the lack of significant new developments in trade policy since April, it is reasonable to put extra weight on the status quo outcome. The world tends to change slowly, and without new data or major events, the current trend is likely to persist.

2. **Moderate Probability for Unexpected Outcomes:** While the status quo is a strong predictor, it is important to account for the possibility of unexpected developments. Trade policy is a dynamic area, and public opinion can shift with new information or changes in economic conditions. Therefore, it is prudent to assign some probability to other potential outcomes, even if they are less likely.

**Final Probabilities:**
- **Option_A ('<-20.0%'):** 50%  
  This reflects the current status quo based on the latest data, which shows a net approval of -20 percentage points.

- **Option_B ('≥-20.0% and ≤-14.0%'):** 30%  
  This accounts for the possibility of a slight improvement in public opinion due to recent trade deals or other positive developments that might not yet be reflected in the data.

- **Option_C ('>-14.0% and <-8.0%'):** 15%  
  This represents a moderate improvement scenario where public opinion shifts more significantly due to unforeseen positive developments in trade policy.

- **Option_D ('≥-8.0%'):** 5%  
  This is the least likely scenario, requiring a substantial and rapid shift in public opinion, which is improbable given the current information and short time frame.
[2025-05-28 09:02:02] INFO: === Forecast Result ===
[2025-05-28 09:02:02] INFO: URL: https://www.metaculus.com/questions/38077
[2025-05-28 09:02:02] INFO: Prediction: predicted_options=[PredictedOption(option_name='<-20.0%', probability=0.5), PredictedOption(option_name='≥-20.0% and ≤-14.0%', probability=0.3), PredictedOption(option_name='>-14.0% and <-8.0%', probability=0.15), PredictedOption(option_name='≥-8.0%', probability=0.05)]
[2025-05-28 09:02:02] INFO: Reasoning: (a) **The time left until the outcome to the question is known:**  
There are approximately 28 days left until June 25, 2025, when the outcome will be determined.

(b) **The status quo outcome if nothing changed:**  
Based on the most recent data from April 2025, Trump's net approval on trade is -20% (39% approve, 59% disapprove). If nothing changes, the status quo outcome would be in the '<-20.0%' category.

(c) **A description of a scenario that results in an unexpected outcome:**  
An unexpected outcome could occur if there is a significant positive development in U.S. trade policy that resonates well with the public. For instance, if the new trade deal with the United Kingdom leads to immediate and noticeable economic benefits, such as job creation or price reductions on consumer goods, this could improve public perception of Trump's trade policies. Additionally, if Trump were to announce further successful trade negotiations with other major trading partners, it might shift public opinion positively. Media coverage emphasizing these successes could also play a role in changing public sentiment.

**Rationale:**  
Given the current data, Trump's net approval on trade is firmly negative. The recent trade deal with the UK has not yet shown any measurable impact on public opinion, and the overall sentiment on trade remains largely unchanged. However, the possibility of unexpected developments, such as new trade agreements or economic improvements, should not be entirely discounted. Historical trends suggest that public opinion on specific issues like trade can be slow to change unless there are significant and widely recognized developments.

**Final Probabilities:**

- **Option_A: '<-20.0%'**: 50%  
  This is the most likely outcome based on the current data, which shows a net approval of -20%.

- **Option_B: '≥-20.0% and ≤-14.0%'**: 30%  
  There is a reasonable chance that minor positive developments or changes in public perception could slightly improve Trump's net approval, bringing it into this range.

- **Option_C: '>-14.0% and <-8.0%'**: 15%  
  While less likely, a moderate improvement in public perception due to successful trade policies or economic benefits could push the net approval into this range.

- **Option_D: '≥-8.0%'**: 5%  
  This outcome is unlikely given the current data and trends, but it remains possible if there are significant positive developments in trade policy that resonate strongly with the public.
[2025-05-28 09:02:02] INFO: === Run Summary ===
[2025-05-28 09:02:02] INFO: Total questions: 1
[2025-05-28 09:02:02] INFO: Successful research: 1
[2025-05-28 09:02:02] INFO: Failed research: 0
[2025-05-28 09:02:02] INFO: Success rate: 100.00%
