[2025-05-26 15:01:16] INFO: === Starting new forecast run (Run #2110) ===
[2025-05-26 15:01:16] INFO: Environment: GitHub Actions
[2025-05-26 15:01:16] INFO: Repository: agsheves/decis-metaculus-bot1
[2025-05-26 15:01:16] INFO: Workflow: Forecast on new AI tournament questions
[2025-05-26 15:01:16] INFO: Commit: 3576912f4543355bc415f632b5622b68a6da8720
[2025-05-26 15:01:16] INFO: === Question 1 ===
[2025-05-26 15:01:16] INFO: URL: https://www.metaculus.com/questions/38058
[2025-05-26 15:01:16] INFO: Text: Will the word "tariff" disappear from the front pages of The New York Times and Wall Street Journal before July 2025?
[2025-05-26 15:01:26] INFO: Research: Perplexity succeeded for https://www.metaculus.com/questions/38058
[2025-05-26 15:01:34] INFO: === Forecast Result ===
[2025-05-26 15:01:34] INFO: URL: https://www.metaculus.com/questions/38058
[2025-05-26 15:01:34] INFO: Prediction: 0.3
[2025-05-26 15:01:34] INFO: Reasoning: (a) The time left until the outcome to the question is known is approximately one month, as the resolution deadline is July 1, 2025, and today is May 26, 2025.

(b) The status quo outcome if nothing changed would likely be "No," as tariffs have been a significant topic in recent years, especially under the Trump administration, and they continue to be relevant in trade discussions and economic policies.

(c) A brief description of a scenario that results in a No outcome: Tariffs remain a central issue in international trade negotiations, economic policies, or geopolitical tensions. As a result, both The New York Times and the Wall Street Journal continue to cover tariff-related news prominently on their front pages, ensuring that the word "tariff" appears regularly.

(d) A brief description of a scenario that results in a Yes outcome: A significant shift in global trade policy occurs, such as a major international agreement that resolves ongoing tariff disputes, leading to a decrease in tariff-related news coverage. Alternatively, other major news events dominate the headlines, pushing tariff discussions off the front pages of both newspapers for at least one day.

Rationale: Given the historical significance and ongoing relevance of tariffs in global trade and economic discussions, it is likely that tariffs will continue to be a topic of interest in major newspapers. The status quo suggests that tariffs will remain in the news, especially given the short timeframe until the resolution deadline. However, unexpected developments in global trade or major news events could potentially lead to a temporary absence of tariff-related coverage on the front pages.

Final answer: Probability: 30%
[2025-05-26 15:01:34] INFO: === Forecast Result ===
[2025-05-26 15:01:34] INFO: URL: https://www.metaculus.com/questions/38058
[2025-05-26 15:01:34] INFO: Prediction: 0.3
[2025-05-26 15:01:34] INFO: Reasoning: (a) The time left until the outcome to the question is known is approximately one month, from May 26, 2025, to June 30, 2025.

(b) The status quo outcome if nothing changed would be "No," meaning that the word "tariff" or "tariffs" continues to appear on the front pages of either The New York Times or the Wall Street Journal, or both, on any given day before July 2025.

(c) A scenario that results in a No outcome would be if ongoing trade negotiations, policy changes, or economic developments continue to keep tariffs in the news. For example, if there are ongoing trade disputes or new tariff policies announced by major economies, these would likely be covered prominently by both newspapers.

(d) A scenario that results in a Yes outcome would be if there is a significant de-escalation in trade tensions globally, leading to a reduction in tariff-related news. This could occur if major economies reach trade agreements that eliminate or reduce tariffs, or if other major news stories overshadow tariff discussions, pushing them off the front pages.

Rationale: Given the historical context and the fact that tariffs have been a recurring topic in international trade discussions, it is likely that they will continue to appear in the news. The status quo outcome, where tariffs remain a topic of interest, is more probable due to the slow nature of change in global trade policies and the consistent media focus on economic issues. However, the possibility of a Yes outcome cannot be entirely ruled out, especially if there are unexpected developments in global trade relations.

Final answer: Probability: 30%
[2025-05-26 15:01:34] INFO: === Forecast Result ===
[2025-05-26 15:01:34] INFO: URL: https://www.metaculus.com/questions/38058
[2025-05-26 15:01:34] INFO: Prediction: 0.25
[2025-05-26 15:01:34] INFO: Reasoning: (a) The time left until the outcome to the question is known is approximately one month, as the resolution deadline is July 1, 2025, and today is May 26, 2025.

(b) The status quo outcome if nothing changed is "No," meaning that the word "tariff" or "tariffs" continues to appear on the front pages of either The New York Times or Wall Street Journal, or both, on any given day before July 1, 2025.

(c) A scenario that results in a No outcome is if tariff-related issues remain a significant topic in international trade discussions, economic policies, or political debates, leading to continued coverage on the front pages of both newspapers. For instance, ongoing trade negotiations, disputes, or new tariff implementations could keep the term relevant and frequently mentioned.

(d) A scenario that results in a Yes outcome is if there is a significant de-escalation in trade tensions, leading to a reduction in tariff-related news. This could occur if major trade agreements are reached, or if there is a shift in focus to other economic or political issues that dominate the news cycle, resulting in the absence of the word "tariff" from the front pages of both newspapers on the same day.

Rationale: Given the historical context and the tendency for trade issues to remain relevant, especially with the potential for ongoing negotiations or disputes, the likelihood of tariffs disappearing from the front pages of both newspapers simultaneously is relatively low. The status quo outcome, where tariffs continue to be a topic of interest, is more probable. However, the possibility of a significant shift in trade policy or news focus cannot be entirely ruled out.

Final Answer: Probability: 25%
[2025-05-26 15:01:35] INFO: === Forecast Result ===
[2025-05-26 15:01:35] INFO: URL: https://www.metaculus.com/questions/38058
[2025-05-26 15:01:35] INFO: Prediction: 0.3
[2025-05-26 15:01:35] INFO: Reasoning: Before answering the question, let's consider the following:

(a) **The time left until the outcome to the question is known:**  
There is approximately one month left until the resolution deadline of July 1, 2025.

(b) **The status quo outcome if nothing changed:**  
As of May 26, 2025, there is no indication that the word "tariff" has disappeared from the front pages of both The New York Times and Wall Street Journal simultaneously. If the current trend continues, the status quo outcome would be "No," meaning tariffs continue to appear on the front pages.

(c) **A brief description of a scenario that results in a No outcome:**  
Tariffs remain a significant topic in international trade discussions, possibly due to ongoing trade negotiations, disputes, or new policies being implemented by major economies. As a result, both newspapers continue to cover tariff-related stories prominently on their front pages.

(d) **A brief description of a scenario that results in a Yes outcome:**  
There is a sudden de-escalation in trade tensions, perhaps due to a major trade agreement or policy shift that resolves ongoing tariff disputes. Consequently, the media focus shifts away from tariffs to other pressing issues, leading to a day when neither newspaper mentions tariffs on their front pages.

**Rationale:**  
Given the historical context and the fact that tariffs have been a recurring topic in international trade discussions, it is reasonable to assume that they will continue to be covered by major newspapers. The status quo outcome, which is a "No," is more likely because the world tends to change slowly, and media coverage often reflects ongoing issues. However, unexpected developments in international relations or trade policies could lead to a "Yes" outcome, but these are less predictable.

**Final Answer:**  
Probability: 30%
[2025-05-26 15:01:35] INFO: === Forecast Result ===
[2025-05-26 15:01:35] INFO: URL: https://www.metaculus.com/questions/38058
[2025-05-26 15:01:35] INFO: Prediction: 0.7
[2025-05-26 15:01:35] INFO: Reasoning: (a) The time left until the outcome to the question is known is approximately one month, as the deadline is July 1, 2025, and today is May 26, 2025.

(b) The status quo outcome if nothing changed is a "No" resolution. This is because the word "tariff" or "tariffs" has been a frequent topic in the media, particularly in the context of trade policies and international relations. Given the historical context and the ongoing relevance of tariffs in global trade discussions, it is likely that the term will continue to appear on the front pages of major newspapers.

(c) A brief description of a scenario that results in a No outcome: The ongoing trade tensions between major economies, such as the United States and China, continue to dominate headlines. New developments, such as changes in tariff rates, trade negotiations, or disputes, keep the topic relevant and ensure that "tariff" or "tariffs" frequently appear on the front pages of The New York Times and Wall Street Journal.

(d) A brief description of a scenario that results in a Yes outcome: A significant de-escalation in global trade tensions occurs, leading to a comprehensive trade agreement between major economies. This agreement results in the removal or reduction of tariffs, making the topic less newsworthy. Consequently, other pressing issues take precedence on the front pages of major newspapers, leading to a day where "tariff" or "tariffs" do not appear simultaneously on the front pages of both The New York Times and Wall Street Journal.

Rationale: Given the historical context and the current state of global trade relations, it is more likely that tariffs will remain a relevant topic in the media. The status quo outcome, where "tariff" or "tariffs" continue to appear on the front pages, is more probable due to the slow pace of change in international trade policies and the ongoing discussions surrounding tariffs.

Final Answer: Probability: 70%
[2025-05-26 15:01:36] INFO: === Run Summary ===
[2025-05-26 15:01:36] INFO: Total questions: 1
[2025-05-26 15:01:36] INFO: Successful research: 1
[2025-05-26 15:01:36] INFO: Failed research: 0
[2025-05-26 15:01:36] INFO: Success rate: 100.00%
