[2025-05-21 22:01:15] INFO: === Starting new forecast run (Run #1890) ===
[2025-05-21 22:01:15] INFO: Environment: GitHub Actions
[2025-05-21 22:01:15] INFO: Repository: agsheves/decis-metaculus-bot1
[2025-05-21 22:01:15] INFO: Workflow: Forecast on new AI tournament questions
[2025-05-21 22:01:15] INFO: Commit: 782f0a724f7546f5b43e1052b42f0769bd87a597
[2025-05-21 22:01:15] INFO: === Question 1 ===
[2025-05-21 22:01:15] INFO: URL: https://www.metaculus.com/questions/37821
[2025-05-21 22:01:15] INFO: Text: What will be the lowest price of bitcoin in June 2025?
[2025-05-21 22:01:28] WARNING: Research: Perplexity failed for https://www.metaculus.com/questions/37821
[2025-05-21 22:01:28] WARNING: Error details: Empty or invalid response
[2025-05-21 22:01:33] INFO: === Forecast Result ===
[2025-05-21 22:01:33] INFO: URL: https://www.metaculus.com/questions/37821
[2025-05-21 22:01:33] INFO: Prediction: [Percentile(value=15000.0, percentile=0.1), Percentile(value=20000.0, percentile=0.2), Percentile(value=25000.0, percentile=0.4), Percentile(value=30000.0, percentile=0.6), Percentile(value=35000.0, percentile=0.8), Percentile(value=40000.0, percentile=0.9)]
[2025-05-21 22:01:33] INFO: Reasoning: (a) The time left until the outcome to the question is known is approximately 10 days, as today is May 21, 2025, and the question pertains to the lowest price of Bitcoin in June 2025.

(b) The outcome if nothing changed would be the current price of Bitcoin as of May 21, 2025. However, since the exact current price is not provided, we cannot specify this value.

(c) The outcome if the current trend continued would depend on the recent trend in Bitcoin prices. If Bitcoin has been declining, the lowest price in June could be lower than the current price. Conversely, if Bitcoin has been rising, the lowest price might be higher than the current price.

(d) The expectations of experts and markets are varied. Some experts might expect Bitcoin to decline due to regulatory pressures, market volatility, or macroeconomic factors. Others might anticipate stability or growth due to increased adoption, technological advancements, or favorable market conditions.

(e) A brief description of an unexpected scenario that results in a low outcome could be a significant regulatory crackdown on cryptocurrencies in major markets like the US or EU, leading to a sharp sell-off and panic in the market.

(f) A brief description of an unexpected scenario that results in a high outcome could be a major technological breakthrough or adoption by a significant financial institution, leading to increased confidence and investment in Bitcoin.

Final Answer:
"
Percentile 10: 15,000
Percentile 20: 20,000
Percentile 40: 25,000
Percentile 60: 30,000
Percentile 80: 35,000
Percentile 90: 40,000
"
[2025-05-21 22:01:33] INFO: === Forecast Result ===
[2025-05-21 22:01:33] INFO: URL: https://www.metaculus.com/questions/37821
[2025-05-21 22:01:33] INFO: Prediction: [Percentile(value=10000.0, percentile=0.1), Percentile(value=15000.0, percentile=0.2), Percentile(value=20000.0, percentile=0.4), Percentile(value=25000.0, percentile=0.6), Percentile(value=30000.0, percentile=0.8), Percentile(value=35000.0, percentile=0.9)]
[2025-05-21 22:01:33] INFO: Reasoning: (a) The time left until the outcome to the question is known is approximately 10 days, as today is May 21, 2025, and we are looking for the lowest price in June 2025.

(b) The outcome if nothing changed would be the current price of Bitcoin. However, since the price of Bitcoin is highly volatile, it is unlikely to remain the same over the next month.

(c) The outcome if the current trend continued would depend on the current trend direction. If Bitcoin is currently trending downward, the lowest price in June could be lower than today's price. Conversely, if it is trending upward, the lowest price might be higher than today's price.

(d) The expectations of experts and markets are varied. Some experts might predict a continued decline due to regulatory pressures and market uncertainty, while others might expect a rebound due to increased adoption and technological advancements. Market sentiment can shift rapidly, influenced by macroeconomic factors, regulatory news, and technological developments.

(e) A brief description of an unexpected scenario that results in a low outcome could be a major regulatory crackdown on cryptocurrencies in a significant market like the United States or the European Union. This could lead to a sharp decline in Bitcoin's price due to increased uncertainty and reduced investor confidence.

(f) A brief description of an unexpected scenario that results in a high outcome could be the announcement of a major corporation or government adopting Bitcoin as a significant part of their financial strategy. This could lead to a surge in demand and a significant increase in Bitcoin's price.

Final Answer:
"
Percentile 10: 10,000
Percentile 20: 15,000
Percentile 40: 20,000
Percentile 60: 25,000
Percentile 80: 30,000
Percentile 90: 35,000
"
[2025-05-21 22:01:34] INFO: === Forecast Result ===
[2025-05-21 22:01:34] INFO: URL: https://www.metaculus.com/questions/37821
[2025-05-21 22:01:34] INFO: Prediction: [Percentile(value=15000.0, percentile=0.1), Percentile(value=20000.0, percentile=0.2), Percentile(value=25000.0, percentile=0.4), Percentile(value=30000.0, percentile=0.6), Percentile(value=35000.0, percentile=0.8), Percentile(value=40000.0, percentile=0.9)]
[2025-05-21 22:01:34] INFO: Reasoning: (a) The time left until the outcome to the question is known is approximately 10 days, as today is May 21, 2025, and the question pertains to the lowest price of Bitcoin in June 2025.

(b) The outcome if nothing changed would be the current price of Bitcoin. However, since we are looking for the lowest price in June, this scenario is not directly applicable unless the price remains constant throughout the entire month.

(c) The outcome if the current trend continued would depend on the current trend direction. If Bitcoin is currently in a downtrend, the lowest price in June could be lower than today's price. Conversely, if Bitcoin is in an uptrend, the lowest price might be higher than today's price.

(d) The expectations of experts and markets are generally mixed, as the cryptocurrency market is known for its volatility. Some experts may predict a stabilization or slight increase due to market recovery or positive regulatory news, while others may anticipate further declines due to ongoing uncertainty or macroeconomic factors.

(e) A brief description of an unexpected scenario that results in a low outcome could be a significant regulatory crackdown on cryptocurrencies in a major economy, leading to a sharp sell-off and panic in the market.

(f) A brief description of an unexpected scenario that results in a high outcome could be the announcement of a major company or country adopting Bitcoin as a legal tender or a significant technological breakthrough that enhances Bitcoin's utility and security, leading to a surge in demand.

Final answer:
"
Percentile 10: 15,000
Percentile 20: 20,000
Percentile 40: 25,000
Percentile 60: 30,000
Percentile 80: 35,000
Percentile 90: 40,000
"
[2025-05-21 22:01:34] INFO: === Forecast Result ===
[2025-05-21 22:01:34] INFO: URL: https://www.metaculus.com/questions/37821
[2025-05-21 22:01:34] INFO: Prediction: [Percentile(value=15000.0, percentile=0.1), Percentile(value=20000.0, percentile=0.2), Percentile(value=25000.0, percentile=0.4), Percentile(value=30000.0, percentile=0.6), Percentile(value=40000.0, percentile=0.8), Percentile(value=50000.0, percentile=0.9)]
[2025-05-21 22:01:34] INFO: Reasoning: (a) The time left until the outcome to the question is known is approximately 10 days, as today is May 21, 2025, and the outcome will be known by the end of June 2025.

(b) The outcome if nothing changed would be the current price of Bitcoin as of May 21, 2025. However, without the current price, we cannot specify this value.

(c) The outcome if the current trend continued would depend on the recent trend in Bitcoin prices. If Bitcoin has been declining, the lowest price in June 2025 might be lower than the current price. Conversely, if Bitcoin has been rising, the lowest price might be higher than the current price.

(d) The expectations of experts and markets are varied. Some experts might predict a continued decline due to regulatory pressures or market corrections, while others might expect a rebound due to increased adoption or technological advancements. Market sentiment can be highly volatile and influenced by global economic conditions, investor sentiment, and technological developments.

(e) An unexpected scenario that results in a low outcome could be a major regulatory crackdown on cryptocurrencies by a significant economy, leading to a sharp sell-off. Another possibility could be a significant security breach or technological failure impacting the Bitcoin network.

(f) An unexpected scenario that results in a high outcome could be a major institutional adoption of Bitcoin, such as a large corporation or government announcing significant investments or acceptance of Bitcoin as a payment method. Additionally, a breakthrough in blockchain technology that enhances Bitcoin's scalability or security could boost its value.

Final Answer:
"
Percentile 10: 15,000
Percentile 20: 20,000
Percentile 40: 25,000
Percentile 60: 30,000
Percentile 80: 40,000
Percentile 90: 50,000
"
[2025-05-21 22:01:34] INFO: === Forecast Result ===
[2025-05-21 22:01:34] INFO: URL: https://www.metaculus.com/questions/37821
[2025-05-21 22:01:34] INFO: Prediction: [Percentile(value=15000.0, percentile=0.1), Percentile(value=20000.0, percentile=0.2), Percentile(value=25000.0, percentile=0.4), Percentile(value=30000.0, percentile=0.6), Percentile(value=35000.0, percentile=0.8), Percentile(value=40000.0, percentile=0.9)]
[2025-05-21 22:01:34] INFO: Reasoning: (a) The time left until the outcome to the question is known is approximately 10 days, as today is May 21, 2025, and the outcome will be known by the end of June 2025.

(b) The outcome if nothing changed would be the current price of Bitcoin as of May 21, 2025. However, without the exact current price, we cannot specify this value.

(c) The outcome if the current trend continued would depend on the direction and magnitude of the trend. If Bitcoin has been declining, we might expect further decreases; if it has been rising, further increases might be anticipated. Without specific trend data, we cannot specify this value.

(d) The expectations of experts and markets are generally mixed. Some experts might predict a decline due to regulatory pressures or market corrections, while others might expect growth due to increasing adoption or technological advancements. Market sentiment can be volatile and is influenced by a wide range of factors.

(e) A brief description of an unexpected scenario that results in a low outcome: A major regulatory crackdown on cryptocurrencies by a significant economy, such as the United States or the European Union, could lead to a sharp decline in Bitcoin's price. Additionally, a significant security breach or technological failure affecting the Bitcoin network could also result in a substantial drop.

(f) A brief description of an unexpected scenario that results in a high outcome: A major technological breakthrough, such as a significant improvement in Bitcoin's scalability or security, could lead to increased adoption and a surge in price. Additionally, if a large institutional investor announced a significant investment in Bitcoin, it could drive prices higher.

Final answer:
"
Percentile 10: 15,000
Percentile 20: 20,000
Percentile 40: 25,000
Percentile 60: 30,000
Percentile 80: 35,000
Percentile 90: 40,000
"
[2025-05-21 22:01:35] INFO: === Run Summary ===
[2025-05-21 22:01:35] INFO: Total questions: 1
[2025-05-21 22:01:35] INFO: Successful research: 0
[2025-05-21 22:01:35] INFO: Failed research: 1
[2025-05-21 22:01:35] INFO: Success rate: 0.00%
