[2025-06-07 00:03:03] INFO: === Starting new forecast run (Run #2643) ===
[2025-06-07 00:03:03] INFO: Environment: GitHub Actions
[2025-06-07 00:03:03] INFO: Repository: agsheves/decis-metaculus-bot1
[2025-06-07 00:03:03] INFO: Workflow: Forecast on new AI tournament questions
[2025-06-07 00:03:03] INFO: Commit: 02ce9a3642ab0735ee44f90dadc6ed58584ff588
[2025-06-07 00:03:03] INFO: === Question 1 ===
[2025-06-07 00:03:03] INFO: URL: https://www.metaculus.com/questions/38527
[2025-06-07 00:03:03] INFO: Text: What will be the inventory/sales ratio of US furniture and home furnishings businesses reported for April 2025?
[2025-06-07 00:03:14] INFO: Research: Perplexity succeeded for https://www.metaculus.com/questions/38527
[2025-06-07 00:03:20] INFO: === Forecast Result ===
[2025-06-07 00:03:20] INFO: URL: https://www.metaculus.com/questions/38527
[2025-06-07 00:03:20] INFO: Prediction: [Percentile(value=1.45, percentile=0.1), Percentile(value=1.48, percentile=0.2), Percentile(value=1.5, percentile=0.4), Percentile(value=1.52, percentile=0.6), Percentile(value=1.54, percentile=0.8), Percentile(value=1.58, percentile=0.9)]
[2025-06-07 00:03:20] INFO: Reasoning: (a) The time left until the outcome to the question is known: The official inventories/sales ratio for April 2025 is expected to be published soon, likely within the next few weeks, as of June 7, 2025.

(b) The outcome if nothing changed: If nothing changed from March 2025, the inventory/sales ratio would remain at 1.52.

(c) The outcome if the current trend continued: Given the trend of decreasing inventories and stable or increasing sales, the ratio could slightly decrease from the March 2025 figure, potentially reaching around 1.50.

(d) The expectations of experts and markets: Experts expect the ratio to be near the March 2025 level, possibly slightly lower, reflecting ongoing inventory reductions and stable sales.

(e) A brief description of an unexpected scenario that results in a low outcome: A sudden surge in sales due to unexpected consumer demand, possibly driven by a new housing boom or a major promotional event, could significantly lower the inventory/sales ratio.

(f) A brief description of an unexpected scenario that results in a high outcome: A sudden disruption in the supply chain, such as a major logistical issue or a geopolitical event affecting imports, could lead to increased inventories and a higher inventory/sales ratio.

Final Answer:
"
Percentile 10: 1.45
Percentile 20: 1.48
Percentile 40: 1.50
Percentile 60: 1.52
Percentile 80: 1.54
Percentile 90: 1.58
"
[2025-06-07 00:03:20] INFO: === Forecast Result ===
[2025-06-07 00:03:20] INFO: URL: https://www.metaculus.com/questions/38527
[2025-06-07 00:03:20] INFO: Prediction: [Percentile(value=1.45, percentile=0.1), Percentile(value=1.48, percentile=0.2), Percentile(value=1.5, percentile=0.4), Percentile(value=1.52, percentile=0.6), Percentile(value=1.54, percentile=0.8), Percentile(value=1.57, percentile=0.9)]
[2025-06-07 00:03:20] INFO: Reasoning: (a) The time left until the outcome to the question is known:  
The official inventories/sales ratio for April 2025 is expected to be published soon, likely within the next few weeks, as of June 7, 2025.

(b) The outcome if nothing changed:  
If nothing changed from March 2025, the inventories/sales ratio would remain at approximately 1.52.

(c) The outcome if the current trend continued:  
The trend indicates a slight decrease in inventories, so if this trend continued, the ratio would likely be slightly lower than 1.52, potentially around 1.50.

(d) The expectations of experts and markets:  
Experts and market analysts expect the ratio to be close to the March 2025 figure of 1.52, with a slight possibility of being lower due to continued inventory reductions and stable sales.

(e) A brief description of an unexpected scenario that results in a low outcome:  
An unexpected surge in sales due to a sudden increase in consumer demand, possibly driven by economic stimulus or a housing market boom, could significantly lower the inventories/sales ratio.

(f) A brief description of an unexpected scenario that results in a high outcome:  
A sudden disruption in the supply chain, such as a major logistical issue or an international trade conflict, could lead to increased inventories and a higher inventories/sales ratio.

Final Answer:
```
Percentile 10: 1.45
Percentile 20: 1.48
Percentile 40: 1.50
Percentile 60: 1.52
Percentile 80: 1.54
Percentile 90: 1.57
```
[2025-06-07 00:03:21] INFO: === Forecast Result ===
[2025-06-07 00:03:21] INFO: URL: https://www.metaculus.com/questions/38527
[2025-06-07 00:03:21] INFO: Prediction: [Percentile(value=1.45, percentile=0.1), Percentile(value=1.48, percentile=0.2), Percentile(value=1.5, percentile=0.4), Percentile(value=1.52, percentile=0.6), Percentile(value=1.55, percentile=0.8), Percentile(value=1.58, percentile=0.9)]
[2025-06-07 00:03:21] INFO: Reasoning: (a) The time left until the outcome to the question is known:  
The official inventories/sales ratio for April 2025 is expected to be published by the US Census Bureau in their Monthly Wholesale Trade Report, likely within the next few weeks, as of June 7, 2025.

(b) The outcome if nothing changed:  
If nothing changed from the March 2025 ratio, the inventory/sales ratio for April 2025 would remain at 1.52.

(c) The outcome if the current trend continued:  
Given the recent trend of inventory reduction and stable or increasing sales, the ratio could slightly decrease. If the trend continued, the ratio might be around 1.50.

(d) The expectations of experts and markets:  
Experts and market analysts expect the ratio to be similar to or slightly lower than the March 2025 figure, given the ongoing inventory reductions and stable sales environment. A reasonable expectation might be around 1.50 to 1.52.

(e) A brief description of an unexpected scenario that results in a low outcome:  
An unexpected surge in sales due to a sudden increase in consumer demand, possibly driven by a housing market boom or a significant economic stimulus, could lower the inventory/sales ratio to around 1.45 or lower.

(f) A brief description of an unexpected scenario that results in a high outcome:  
A sudden disruption in the supply chain, such as a major transportation strike or geopolitical event affecting imports, could lead to increased inventories and a higher inventory/sales ratio, potentially reaching 1.60 or higher.

Final Answer:
```
Percentile 10: 1.45
Percentile 20: 1.48
Percentile 40: 1.50
Percentile 60: 1.52
Percentile 80: 1.55
Percentile 90: 1.58
```
[2025-06-07 00:03:21] INFO: === Forecast Result ===
[2025-06-07 00:03:21] INFO: URL: https://www.metaculus.com/questions/38527
[2025-06-07 00:03:21] INFO: Prediction: [Percentile(value=1.45, percentile=0.1), Percentile(value=1.48, percentile=0.2), Percentile(value=1.5, percentile=0.4), Percentile(value=1.52, percentile=0.6), Percentile(value=1.54, percentile=0.8), Percentile(value=1.58, percentile=0.9)]
[2025-06-07 00:03:21] INFO: Reasoning: (a) The time left until the outcome to the question is known:  
The official inventories/sales ratio for April 2025 is expected to be published by the US Census Bureau in the Monthly Wholesale Trade Report, typically released in the first or second week of June 2025. Since today is June 7, 2025, the outcome should be known within the next few days.

(b) The outcome if nothing changed:  
If nothing changed from March 2025, the inventories/sales ratio would remain at 1.52.

(c) The outcome if the current trend continued:  
The trend indicates a slight reduction in inventories and stable or possibly increasing sales. If this trend continues, the ratio could decrease slightly from 1.52, potentially falling to around 1.50.

(d) The expectations of experts and markets:  
Experts expect the ratio to be close to or slightly below the March 2025 figure of 1.52, given the ongoing inventory reduction and stable sales environment.

(e) A brief description of an unexpected scenario that results in a low outcome:  
An unexpected surge in sales due to a sudden increase in consumer demand or a significant promotional event could lead to a sharp decrease in the inventory/sales ratio, potentially dropping it below 1.45.

(f) A brief description of an unexpected scenario that results in a high outcome:  
A supply chain disruption causing delays in product delivery could lead to an accumulation of inventories, resulting in a higher inventory/sales ratio, potentially exceeding 1.60.

Final Answer:
```
Percentile 10: 1.45
Percentile 20: 1.48
Percentile 40: 1.50
Percentile 60: 1.52
Percentile 80: 1.54
Percentile 90: 1.58
```
[2025-06-07 00:03:21] INFO: === Forecast Result ===
[2025-06-07 00:03:21] INFO: URL: https://www.metaculus.com/questions/38527
[2025-06-07 00:03:21] INFO: Prediction: [Percentile(value=1.95, percentile=0.1), Percentile(value=2.0, percentile=0.2), Percentile(value=2.03, percentile=0.4), Percentile(value=2.06, percentile=0.6), Percentile(value=2.09, percentile=0.8), Percentile(value=2.12, percentile=0.9)]
[2025-06-07 00:03:21] INFO: Reasoning: (a) The time left until the outcome to the question is known: The official inventories/sales ratio for April 2025 is expected to be published soon after June 7, 2025, likely within a few weeks as part of the US Census Bureau's Monthly Wholesale Trade Report.

(b) The outcome if nothing changed: If there were no changes from March 2025, the inventory/sales ratio would remain at 2.084121, based on the example provided for March 2025.

(c) The outcome if the current trend continued: The trend indicates a slight decrease in inventories and stable or increasing sales, suggesting a potential slight decrease in the ratio. This could result in a ratio slightly below 2.084121, perhaps around 2.05.

(d) The expectations of experts and markets: Experts expect the ratio to be near the March 2025 figure of 1.52 for retail, but for wholesale (the focus of this question), it is expected to be slightly lower than the March 2025 example ratio of 2.084121, possibly around 2.05, reflecting ongoing inventory reductions.

(e) A brief description of an unexpected scenario that results in a low outcome: A sudden surge in sales due to an unexpected boost in consumer demand or a significant promotional event could drastically lower the inventory/sales ratio, potentially dropping it below 2.00.

(f) A brief description of an unexpected scenario that results in a high outcome: An unexpected supply chain disruption causing a significant buildup of inventories without a corresponding increase in sales could push the ratio higher, potentially exceeding 2.10.

Final answer:

```
Percentile 10: 1.95
Percentile 20: 2.00
Percentile 40: 2.03
Percentile 60: 2.06
Percentile 80: 2.09
Percentile 90: 2.12
```
[2025-06-07 00:03:22] INFO: === Run Summary ===
[2025-06-07 00:03:22] INFO: Total questions: 1
[2025-06-07 00:03:22] INFO: Successful research: 1
[2025-06-07 00:03:22] INFO: Failed research: 0
[2025-06-07 00:03:22] INFO: Success rate: 100.00%
