[2025-06-11 00:02:48] INFO: === Starting new forecast run (Run #2828) ===
[2025-06-11 00:02:48] INFO: Environment: GitHub Actions
[2025-06-11 00:02:48] INFO: Repository: agsheves/decis-metaculus-bot1
[2025-06-11 00:02:48] INFO: Workflow: Forecast on new AI tournament questions
[2025-06-11 00:02:48] INFO: Commit: 3f2d3f975f28dfddee32b5e9edbe3c668bf645dc
[2025-06-11 00:02:49] INFO: === Question 1 ===
[2025-06-11 00:02:49] INFO: URL: https://www.metaculus.com/questions/38531
[2025-06-11 00:02:49] INFO: Text: What will be the 30-year fixed-rate mortgage average in the US for June 26, 2025?
[2025-06-11 00:03:01] INFO: Research: Perplexity succeeded for https://www.metaculus.com/questions/38531
[2025-06-11 00:03:07] INFO: === Forecast Result ===
[2025-06-11 00:03:07] INFO: URL: https://www.metaculus.com/questions/38531
[2025-06-11 00:03:07] INFO: Prediction: [Percentile(value=6.5, percentile=0.1), Percentile(value=6.7, percentile=0.2), Percentile(value=6.85, percentile=0.4), Percentile(value=7.0, percentile=0.6), Percentile(value=7.2, percentile=0.8), Percentile(value=7.5, percentile=0.9)]
[2025-06-11 00:03:07] INFO: Reasoning: (a) The time left until the outcome to the question is known is approximately 15 days.

(b) The outcome if nothing changed would be the current rate of around 7.00%.

(c) The outcome if the current trend continued, considering the recent slight downward trend, might result in a rate slightly below the current level, potentially around 6.95%.

(d) The expectations of experts and markets are likely to be influenced by upcoming economic indicators and Federal Reserve announcements. If the economy remains stable and inflation is under control, experts might expect a slight decrease or stabilization in mortgage rates. However, if inflationary pressures increase, rates could rise.

(e) A brief description of an unexpected scenario that results in a low outcome: If there is a significant economic slowdown or recession, the Federal Reserve might cut interest rates to stimulate the economy, leading to a decrease in mortgage rates, potentially dropping them to around 6.50% or lower.

(f) A brief description of an unexpected scenario that results in a high outcome: If inflation surges unexpectedly or if there are geopolitical tensions that impact the financial markets, the Federal Reserve might raise interest rates to combat inflation, leading to an increase in mortgage rates, potentially pushing them above 7.50%.

Final answer:
"
Percentile 10: 6.50
Percentile 20: 6.70
Percentile 40: 6.85
Percentile 60: 7.00
Percentile 80: 7.20
Percentile 90: 7.50
"
[2025-06-11 00:03:07] INFO: === Forecast Result ===
[2025-06-11 00:03:07] INFO: URL: https://www.metaculus.com/questions/38531
[2025-06-11 00:03:07] INFO: Prediction: [Percentile(value=6.5, percentile=0.1), Percentile(value=6.7, percentile=0.2), Percentile(value=6.85, percentile=0.4), Percentile(value=7.0, percentile=0.6), Percentile(value=7.2, percentile=0.8), Percentile(value=7.5, percentile=0.9)]
[2025-06-11 00:03:07] INFO: Reasoning: (a) The time left until the outcome to the question is known is approximately 15 days.

(b) The outcome if nothing changed would be around 7.00%, based on the most recent average rate reported.

(c) The outcome if the current trend continued, which shows a slight decrease, might result in a rate slightly lower than 7.00%, potentially around 6.90% to 6.95%.

(d) The expectations of experts and markets are likely mixed, with some anticipating further decreases due to recent trends and others cautious about potential economic changes that could stabilize or increase rates. The Federal Reserve's upcoming announcements and economic indicators such as inflation and employment data will play a significant role in shaping these expectations.

(e) A brief description of an unexpected scenario that results in a low outcome: A significant economic downturn or a major geopolitical event could lead to a flight to safety, causing a decrease in interest rates, including mortgage rates, potentially dropping them to around 6.50% or lower.

(f) A brief description of an unexpected scenario that results in a high outcome: A sudden surge in inflation or a strong economic recovery could lead to increased interest rates as the Federal Reserve might tighten monetary policy, pushing mortgage rates up to 7.50% or higher.

Final Answer:
"
Percentile 10: 6.50
Percentile 20: 6.70
Percentile 40: 6.85
Percentile 60: 7.00
Percentile 80: 7.20
Percentile 90: 7.50
"
[2025-06-11 00:03:07] INFO: === Forecast Result ===
[2025-06-11 00:03:07] INFO: URL: https://www.metaculus.com/questions/38531
[2025-06-11 00:03:07] INFO: Prediction: [Percentile(value=6.5, percentile=0.1), Percentile(value=6.7, percentile=0.2), Percentile(value=6.8, percentile=0.4), Percentile(value=6.9, percentile=0.6), Percentile(value=7.1, percentile=0.8), Percentile(value=7.2, percentile=0.9)]
[2025-06-11 00:03:07] INFO: Reasoning: (a) The time left until the outcome to the question is known is approximately two weeks.

(b) The outcome if nothing changed would be a 30-year fixed-rate mortgage average of around 6.93% to 7.00%, based on the most recent data available.

(c) The outcome if the current trend continued, considering the recent slight downward trend, might result in a small decrease, potentially bringing the rate to around 6.85% to 6.90%.

(d) The expectations of experts and markets are likely cautious, with some anticipation of stability or slight decreases due to recent trends and economic conditions. However, these expectations can be influenced by upcoming Federal Reserve announcements and economic indicators.

(e) A brief description of an unexpected scenario that results in a low outcome could involve a significant economic downturn or a major policy shift by the Federal Reserve leading to a rapid decrease in interest rates, potentially dropping the mortgage rate to around 6.50% or lower.

(f) A brief description of an unexpected scenario that results in a high outcome could involve a sudden surge in inflation or geopolitical tensions leading to increased uncertainty and higher interest rates, potentially pushing the mortgage rate above 7.20%.

Considering these factors and the inherent uncertainty in forecasting, I will set a wide range for my confidence intervals:

"
Percentile 10: 6.50
Percentile 20: 6.70
Percentile 40: 6.80
Percentile 60: 6.90
Percentile 80: 7.10
Percentile 90: 7.20
"
[2025-06-11 00:03:08] INFO: === Forecast Result ===
[2025-06-11 00:03:08] INFO: URL: https://www.metaculus.com/questions/38531
[2025-06-11 00:03:08] INFO: Prediction: [Percentile(value=6.7, percentile=0.1), Percentile(value=6.8, percentile=0.2), Percentile(value=6.9, percentile=0.4), Percentile(value=7.0, percentile=0.6), Percentile(value=7.1, percentile=0.8), Percentile(value=7.2, percentile=0.9)]
[2025-06-11 00:03:08] INFO: Reasoning: (a) The time left until the outcome to the question is known is approximately 15 days.

(b) The outcome if nothing changed would be a 30-year fixed-rate mortgage average of around 7.00%, as this is the current rate.

(c) The outcome if the current trend continued, considering the recent slight decrease, might suggest a small decline. If we assume a continuation of the recent trend of a slight decrease, the rate could be around 6.95% by June 26, 2025.

(d) The expectations of experts and markets are likely mixed, with some anticipating stability or slight decreases due to recent trends and others cautious about potential increases due to economic uncertainties or Federal Reserve actions. Overall, experts might expect rates to hover around the current level with minor fluctuations.

(e) A brief description of an unexpected scenario that results in a low outcome: A significant economic downturn or a major geopolitical event could lead to a flight to safety, causing Treasury yields to drop and subsequently lowering mortgage rates to around 6.70%.

(f) A brief description of an unexpected scenario that results in a high outcome: A sudden surge in inflation or an aggressive Federal Reserve rate hike could push mortgage rates higher, potentially reaching around 7.30%.

Final Answer:
"
Percentile 10: 6.70
Percentile 20: 6.80
Percentile 40: 6.90
Percentile 60: 7.00
Percentile 80: 7.10
Percentile 90: 7.20
"
[2025-06-11 00:03:09] INFO: === Forecast Result ===
[2025-06-11 00:03:09] INFO: URL: https://www.metaculus.com/questions/38531
[2025-06-11 00:03:09] INFO: Prediction: [Percentile(value=6.5, percentile=0.1), Percentile(value=6.7, percentile=0.2), Percentile(value=6.85, percentile=0.4), Percentile(value=6.95, percentile=0.6), Percentile(value=7.1, percentile=0.8), Percentile(value=7.3, percentile=0.9)]
[2025-06-11 00:03:09] INFO: Reasoning: (a) The time left until the outcome to the question is known: Approximately 15 days.

(b) The outcome if nothing changed: If the current rate of 7.00% remains unchanged, the 30-year fixed-rate mortgage average for June 26, 2025, would be 7.00%.

(c) The outcome if the current trend continued: The recent trend shows a slight decrease in rates. If this trend continues at a similar pace, the rate could decrease by approximately 0.02% per week, leading to an estimated rate of around 6.96% by June 26, 2025.

(d) The expectations of experts and markets: Experts might expect a slight decrease or stabilization in rates due to recent trends and potential economic indicators suggesting a cooling inflation environment. However, market volatility and Federal Reserve actions could influence these expectations.

(e) A brief description of an unexpected scenario that results in a low outcome: A sudden and significant economic downturn or a major geopolitical event could lead to a flight to safety, causing bond yields to drop sharply and mortgage rates to decrease to around 6.50% or lower.

(f) A brief description of an unexpected scenario that results in a high outcome: A stronger-than-expected economic recovery, coupled with rising inflation pressures, could prompt the Federal Reserve to increase interest rates more aggressively, pushing mortgage rates up to around 7.50% or higher.

Final Answer:
"
Percentile 10: 6.50
Percentile 20: 6.70
Percentile 40: 6.85
Percentile 60: 6.95
Percentile 80: 7.10
Percentile 90: 7.30
"
[2025-06-11 00:03:09] INFO: === Run Summary ===
[2025-06-11 00:03:09] INFO: Total questions: 1
[2025-06-11 00:03:09] INFO: Successful research: 1
[2025-06-11 00:03:09] INFO: Failed research: 0
[2025-06-11 00:03:09] INFO: Success rate: 100.00%
