[2025-05-29 16:01:36] INFO: === Starting new forecast run (Run #2253) ===
[2025-05-29 16:01:36] INFO: Environment: GitHub Actions
[2025-05-29 16:01:36] INFO: Repository: agsheves/decis-metaculus-bot1
[2025-05-29 16:01:36] INFO: Workflow: Forecast on new AI tournament questions
[2025-05-29 16:01:36] INFO: Commit: d114e61757ca8060df8b42596357ccd4a5af4135
[2025-05-29 16:01:36] INFO: === Question 1 ===
[2025-05-29 16:01:36] INFO: URL: https://www.metaculus.com/questions/38092
[2025-05-29 16:01:36] INFO: Text: At the end of June 2025, will Wikipedia still list all these countries as "currently" blocking access to X (formerly Twitter)?
[2025-05-29 16:01:51] INFO: Research: Perplexity succeeded for https://www.metaculus.com/questions/38092
[2025-05-29 16:02:03] INFO: === Forecast Result ===
[2025-05-29 16:02:03] INFO: URL: https://www.metaculus.com/questions/38092
[2025-05-29 16:02:03] INFO: Prediction: 0.85
[2025-05-29 16:02:03] INFO: Reasoning: (a) The time left until the outcome to the question is known is approximately one month, as the outcome will be determined at the end of June 2025.

(b) The status quo outcome if nothing changed would be "Yes," since all the countries currently listed on Wikipedia (China, Iran, Myanmar, North Korea, Russia, Turkmenistan, Venezuela) are still blocking access to X (formerly Twitter) as of May 29, 2025.

(c) A scenario that results in a "No" outcome would involve one or more of the listed countries (China, Iran, Myanmar, North Korea, Russia, Turkmenistan, Venezuela) lifting their block on X, and this change being reflected on Wikipedia by the end of June 2025. Alternatively, an edit war or lack of consensus on Wikipedia could lead to the removal of one or more countries from the list, resulting in a "No" outcome.

(d) A scenario that results in a "Yes" outcome would involve the current status quo being maintained, with all the listed countries continuing to block X and Wikipedia reflecting this status without any changes or disputes by the end of June 2025.

Given the historical context and the tendency for these countries to maintain censorship policies, the status quo is likely to persist. Wikipedia's listing is also based on established and longstanding blocks, which are less likely to change abruptly. Therefore, the probability of the outcome being "Yes" is relatively high.

Final Answer: Probability: 85%
[2025-05-29 16:02:03] INFO: === Forecast Result ===
[2025-05-29 16:02:03] INFO: URL: https://www.metaculus.com/questions/38092
[2025-05-29 16:02:03] INFO: Prediction: 0.9
[2025-05-29 16:02:03] INFO: Reasoning: (a) The time left until the outcome to the question is known is approximately one month, as the resolution will occur at the end of June 2025.

(b) The status quo outcome if nothing changed would be "Yes," as Wikipedia currently lists all the specified countries (China, Iran, Myanmar, North Korea, Russia, Turkmenistan, Venezuela) as blocking access to X (formerly Twitter).

(c) A scenario that results in a No outcome could involve one or more of the currently listed countries lifting their block on X before the end of June 2025, and Wikipedia updating its page to reflect this change. Alternatively, if there is an edit war or lack of consensus on Wikipedia regarding the listing of these countries, the question could be annulled.

(d) A scenario that results in a Yes outcome would involve the continuation of the current status, where all the specified countries maintain their blocks on X, and Wikipedia continues to list them as such through the end of June 2025. Additionally, if Brazil's recent ban is not added to the Wikipedia list, it would not affect the outcome for the specified countries.

Rationale: Given the historical context and the current information, it is likely that the status quo will persist. The countries listed have longstanding censorship practices, and changes in such policies tend to occur slowly. Furthermore, Wikipedia's current listing aligns with the information available, and there is no immediate indication of significant policy shifts in these countries. Therefore, the probability of the question resolving as "Yes" is high.

Final answer: "Probability: 90%"
[2025-05-29 16:02:04] INFO: === Forecast Result ===
[2025-05-29 16:02:04] INFO: URL: https://www.metaculus.com/questions/38092
[2025-05-29 16:02:04] INFO: Prediction: 0.85
[2025-05-29 16:02:04] INFO: Reasoning: (a) The time left until the outcome to the question is known is approximately one month, as the resolution will occur at the end of June 2025.

(b) The status quo outcome if nothing changed is "Yes," since Wikipedia currently lists all the specified countries (China, Iran, Myanmar, North Korea, Russia, Turkmenistan, Venezuela) as blocking X (formerly Twitter).

(c) A brief description of a scenario that results in a No outcome: A No outcome could occur if any of the currently listed countries (China, Iran, Myanmar, North Korea, Russia, Turkmenistan, Venezuela) lift their block on X before the end of June 2025, and this change is reflected on Wikipedia. Alternatively, if Wikipedia editors decide to remove any of these countries from the list for any reason, such as a reevaluation of the block status or lack of consensus, the outcome could also be No.

(d) A brief description of a scenario that results in a Yes outcome: A Yes outcome would occur if the current list of countries (China, Iran, Myanmar, North Korea, Russia, Turkmenistan, Venezuela) remains unchanged on Wikipedia by the end of June 2025. This would mean that none of these countries lift their block on X, and no changes are made to the Wikipedia page that would alter the current listing.

Rationale: The status quo is a strong predictor of future outcomes, especially given the short time frame of one month. The countries currently listed have longstanding blocks on X, and there are no immediate indications of policy changes. Wikipedia's listing is also stable, with no recent edits suggesting a change in consensus. Therefore, the probability of the status quo persisting is relatively high.

Final Answer: Probability: 85%
[2025-05-29 16:02:04] INFO: === Forecast Result ===
[2025-05-29 16:02:04] INFO: URL: https://www.metaculus.com/questions/38092
[2025-05-29 16:02:04] INFO: Prediction: 0.85
[2025-05-29 16:02:04] INFO: Reasoning: (a) The time left until the outcome to the question is known is approximately one month, as the resolution will be determined at the end of June 2025.

(b) The status quo outcome, if nothing changed, would be "Yes," since all the countries listed in the question (China, Iran, Myanmar, North Korea, Russia, Turkmenistan, Venezuela) are currently listed on Wikipedia as blocking access to X (formerly Twitter).

(c) A scenario that results in a "No" outcome could involve one or more of the listed countries lifting their blocks on X before the end of June 2025. For example, if Venezuela decides to restore access to X, and this change is promptly reflected on Wikipedia, the outcome would resolve as "No."

(d) A scenario that results in a "Yes" outcome would involve the current block statuses remaining unchanged for all the listed countries, and Wikipedia continuing to list them as blocking X at the end of June 2025. This would mean no significant policy changes or updates to Wikipedia that would alter the current listing.

Rationale: The status quo heavily favors a "Yes" outcome, as the listed countries have longstanding blocks on X, and there are no current indications of imminent changes. Wikipedia's current listing aligns with this, and changes to such entrenched policies are typically slow and require significant political shifts. The recent developments in Pakistan and Brazil highlight the potential for change, but these do not impact the current list of countries in question. Therefore, the most likely scenario is that the status quo will persist through the end of June 2025.

Final Answer: Probability: 85%
[2025-05-29 16:02:05] INFO: === Forecast Result ===
[2025-05-29 16:02:05] INFO: URL: https://www.metaculus.com/questions/38092
[2025-05-29 16:02:05] INFO: Prediction: 0.85
[2025-05-29 16:02:05] INFO: Reasoning: (a) The time left until the outcome to the question is known is approximately one month, as the resolution will occur at the end of June 2025.

(b) The status quo outcome if nothing changed is "Yes." As of May 29, 2025, Wikipedia lists China, Iran, Myanmar, North Korea, Russia, Turkmenistan, and Venezuela as currently blocking access to X (formerly Twitter).

(c) A scenario that results in a No outcome would involve Wikipedia removing one or more of the currently listed countries from the list of those blocking X. This could happen if any of these countries decide to lift their bans on X, and this change is reflected on the Wikipedia page before the end of June 2025.

(d) A scenario that results in a Yes outcome is the continuation of the current situation where all the listed countries (China, Iran, Myanmar, North Korea, Russia, Turkmenistan, Venezuela) maintain their blocks on X, and Wikipedia continues to list them as such. Additionally, even if Brazil's recent ban is added to Wikipedia, it would not affect the outcome since Brazil is not part of the original list of countries in question.

Given the historical stability of censorship policies in the listed countries and the short time frame until the resolution, the likelihood of changes significant enough to alter the Wikipedia listing is relatively low. Therefore, the status quo is likely to persist.

Probability: 85%
[2025-05-29 16:02:05] INFO: === Run Summary ===
[2025-05-29 16:02:05] INFO: Total questions: 1
[2025-05-29 16:02:05] INFO: Successful research: 1
[2025-05-29 16:02:05] INFO: Failed research: 0
[2025-05-29 16:02:05] INFO: Success rate: 100.00%
