[2025-06-13 18:01:16] INFO: === Starting new forecast run (Run #2957) ===
[2025-06-13 18:01:16] INFO: Environment: GitHub Actions
[2025-06-13 18:01:16] INFO: Repository: agsheves/decis-metaculus-bot1
[2025-06-13 18:01:16] INFO: Workflow: Forecast on new AI tournament questions
[2025-06-13 18:01:16] INFO: Commit: 0c68ec668f89c5f2e701d22474e2b36b976ba11e
[2025-06-13 18:01:16] INFO: === Question 1 ===
[2025-06-13 18:01:16] INFO: URL: https://www.metaculus.com/questions/38537
[2025-06-13 18:01:16] INFO: Text: What will the US national debt be on June 27, 2025?
[2025-06-13 18:01:23] INFO: Research: Perplexity succeeded for https://www.metaculus.com/questions/38537
[2025-06-13 18:01:28] INFO: === Forecast Result ===
[2025-06-13 18:01:28] INFO: URL: https://www.metaculus.com/questions/38537
[2025-06-13 18:01:28] INFO: Prediction: [Percentile(value=36.22, percentile=0.1), Percentile(value=36.24, percentile=0.2), Percentile(value=36.27, percentile=0.4), Percentile(value=36.29, percentile=0.6), Percentile(value=36.31, percentile=0.8), Percentile(value=36.33, percentile=0.9)]
[2025-06-13 18:01:28] INFO: Reasoning: (a) The time left until the outcome to the question is known: 14 days.

(b) The outcome if nothing changed: If the national debt remained constant from June 4, 2025, it would be $36.21 trillion.

(c) The outcome if the current trend continued: Based on the average daily increase of $4.27 billion, the national debt would increase by approximately $59.78 billion over 14 days, resulting in a debt of approximately $36.27 trillion on June 27, 2025.

(d) The expectations of experts and markets: Experts and official projections suggest that the national debt will be approximately $36.31 trillion on June 27, 2025, based on the current growth rate and borrowing plans.

(e) A brief description of an unexpected scenario that results in a low outcome: A sudden and significant reduction in government spending or an unexpected surge in tax revenues could slow the growth of the national debt, resulting in a lower-than-expected figure.

(f) A brief description of an unexpected scenario that results in a high outcome: An unforeseen economic crisis or emergency requiring substantial government intervention and spending could accelerate the growth of the national debt, leading to a higher-than-expected figure.

Final answer:
"
Percentile 10: 36.22
Percentile 20: 36.24
Percentile 40: 36.27
Percentile 60: 36.29
Percentile 80: 36.31
Percentile 90: 36.33
"
[2025-06-13 18:01:28] INFO: === Forecast Result ===
[2025-06-13 18:01:28] INFO: URL: https://www.metaculus.com/questions/38537
[2025-06-13 18:01:28] INFO: Prediction: [Percentile(value=36.22, percentile=0.1), Percentile(value=36.24, percentile=0.2), Percentile(value=36.27, percentile=0.4), Percentile(value=36.29, percentile=0.6), Percentile(value=36.31, percentile=0.8), Percentile(value=36.34, percentile=0.9)]
[2025-06-13 18:01:28] INFO: Reasoning: (a) The time left until the outcome to the question is known: 14 days (from June 13, 2025, to June 27, 2025).

(b) The outcome if nothing changed: The national debt would remain at $36.21 trillion.

(c) The outcome if the current trend continued: The national debt would increase by approximately $59.78 billion over 14 days (\(14 \times 4.27\) billion), resulting in a debt of approximately $36.27 trillion.

(d) The expectations of experts and markets: Based on the information provided, experts and markets expect the national debt to be around $36.31 trillion on June 27, 2025, following the current growth rate and Treasury borrowing plans.

(e) A brief description of an unexpected scenario that results in a low outcome: A sudden and significant reduction in government spending or an unexpected surge in tax revenues could slow the debt growth, resulting in a lower debt figure.

(f) A brief description of an unexpected scenario that results in a high outcome: An unforeseen economic crisis or emergency spending due to a natural disaster or geopolitical event could accelerate borrowing and increase the national debt beyond current projections.

Final Answer:
"
Percentile 10: 36.22 trillion USD
Percentile 20: 36.24 trillion USD
Percentile 40: 36.27 trillion USD
Percentile 60: 36.29 trillion USD
Percentile 80: 36.31 trillion USD
Percentile 90: 36.34 trillion USD
"
[2025-06-13 18:01:29] INFO: === Forecast Result ===
[2025-06-13 18:01:29] INFO: URL: https://www.metaculus.com/questions/38537
[2025-06-13 18:01:29] INFO: Prediction: [Percentile(value=36.21, percentile=0.1), Percentile(value=36.25, percentile=0.2), Percentile(value=36.28, percentile=0.4), Percentile(value=36.31, percentile=0.6), Percentile(value=36.34, percentile=0.8), Percentile(value=36.38, percentile=0.9)]
[2025-06-13 18:01:29] INFO: Reasoning: (a) The time left until the outcome to the question is known is 14 days, as today is June 13, 2025, and the target date is June 27, 2025.

(b) The outcome if nothing changed would be the current national debt figure of $36.21 trillion as of June 4, 2025.

(c) The outcome if the current trend continued would be approximately $36.31 trillion, based on the average daily increase of $4.27 billion over the 23 days from June 4 to June 27, 2025.

(d) The expectations of experts and markets, as reflected in the Treasury's borrowing plans and CBO projections, align with the continuation of the current trend, suggesting a national debt of around $36.31 trillion by June 27, 2025.

(e) An unexpected scenario that results in a low outcome could involve a sudden and significant reduction in government spending or an unexpected surge in tax revenues, leading to a slower rate of debt accumulation.

(f) An unexpected scenario that results in a high outcome could involve a sudden economic crisis or emergency requiring substantial government borrowing beyond current projections, leading to a faster rate of debt accumulation.

Given the above considerations and the inherent uncertainties, the final answer with a wide confidence interval is:

```
Percentile 10: 36.21
Percentile 20: 36.25
Percentile 40: 36.28
Percentile 60: 36.31
Percentile 80: 36.34
Percentile 90: 36.38
```
[2025-06-13 18:01:29] INFO: === Forecast Result ===
[2025-06-13 18:01:29] INFO: URL: https://www.metaculus.com/questions/38537
[2025-06-13 18:01:29] INFO: Prediction: [Percentile(value=36.24, percentile=0.1), Percentile(value=36.26, percentile=0.2), Percentile(value=36.28, percentile=0.4), Percentile(value=36.3, percentile=0.6), Percentile(value=36.32, percentile=0.8), Percentile(value=36.34, percentile=0.9)]
[2025-06-13 18:01:29] INFO: Reasoning: (a) The time left until the outcome to the question is known is 14 days from today, June 13, 2025, to June 27, 2025.

(b) The outcome if nothing changed would be the current national debt figure of $36.21 trillion as of June 4, 2025.

(c) The outcome if the current trend continued, with an average daily increase of $4.27 billion, would result in an additional $59.78 billion added to the debt over the next 14 days (\(14 \times 4.27\) billion), leading to an estimated national debt of approximately $36.27 trillion on June 27, 2025.

(d) The expectations of experts and markets, based on recent projections and borrowing plans, suggest that the national debt will be approximately $36.31 trillion on June 27, 2025.

(e) An unexpected scenario that results in a low outcome could involve a sudden and significant reduction in government spending or an unexpected surge in tax revenues, leading to a slower increase in the national debt than currently projected.

(f) An unexpected scenario that results in a high outcome could involve a sudden economic downturn or a major fiscal policy change that requires increased government borrowing, leading to a faster increase in the national debt than currently projected.

Given the current information and potential scenarios, here is the final answer with confidence intervals:

"
Percentile 10: 36.24 trillion USD
Percentile 20: 36.26 trillion USD
Percentile 40: 36.28 trillion USD
Percentile 60: 36.30 trillion USD
Percentile 80: 36.32 trillion USD
Percentile 90: 36.34 trillion USD
"
[2025-06-13 18:01:30] INFO: === Forecast Result ===
[2025-06-13 18:01:30] INFO: URL: https://www.metaculus.com/questions/38537
[2025-06-13 18:01:30] INFO: Prediction: [Percentile(value=36.22, percentile=0.1), Percentile(value=36.25, percentile=0.2), Percentile(value=36.28, percentile=0.4), Percentile(value=36.31, percentile=0.6), Percentile(value=36.34, percentile=0.8), Percentile(value=36.37, percentile=0.9)]
[2025-06-13 18:01:30] INFO: Reasoning: (a) The time left until the outcome to the question is known is 14 days, as today is June 13, 2025, and the target date is June 27, 2025.

(b) The outcome if nothing changed would be the current national debt figure of $36.21 trillion as of June 4, 2025.

(c) The outcome if the current trend continued, with an average daily increase of $4.27 billion, would result in an additional $98.21 billion added to the debt over 23 days (from June 4 to June 27). This would bring the national debt to approximately $36.31 trillion on June 27, 2025.

(d) The expectations of experts and markets, based on recent Treasury and CBO projections, align with the continuation of the current trend, estimating the national debt to be around $36.31 trillion on June 27, 2025.

(e) A brief description of an unexpected scenario that results in a low outcome could be a sudden and significant reduction in federal spending or an unexpected surge in tax revenues, leading to a slower accumulation of debt.

(f) A brief description of an unexpected scenario that results in a high outcome could be an unforeseen economic crisis or emergency requiring substantial government borrowing, significantly accelerating the debt increase.

Given the information and the need to account for unknown unknowns, here is the final answer with wide confidence intervals:

"
Percentile 10: 36.22
Percentile 20: 36.25
Percentile 40: 36.28
Percentile 60: 36.31
Percentile 80: 36.34
Percentile 90: 36.37
"
[2025-06-13 18:01:30] INFO: === Run Summary ===
[2025-06-13 18:01:30] INFO: Total questions: 1
[2025-06-13 18:01:30] INFO: Successful research: 1
[2025-06-13 18:01:30] INFO: Failed research: 0
[2025-06-13 18:01:30] INFO: Success rate: 100.00%
