[2025-06-02 10:01:23] INFO: === Starting new forecast run (Run #2427) ===
[2025-06-02 10:01:23] INFO: Environment: GitHub Actions
[2025-06-02 10:01:23] INFO: Repository: agsheves/decis-metaculus-bot1
[2025-06-02 10:01:23] INFO: Workflow: Forecast on new AI tournament questions
[2025-06-02 10:01:23] INFO: Commit: f10607e659f967d2c9ad37d1612dc9b709543e8a
[2025-06-02 10:01:23] INFO: === Question 1 ===
[2025-06-02 10:01:23] INFO: URL: https://www.metaculus.com/questions/38301
[2025-06-02 10:01:23] INFO: Text: How many movies will be new on Netflix's top 10 global non-English movies list for the week ending June 15, 2025?
[2025-06-02 10:01:36] INFO: Research: Perplexity succeeded for https://www.metaculus.com/questions/38301
[2025-06-02 10:01:43] INFO: === Forecast Result ===
[2025-06-02 10:01:43] INFO: URL: https://www.metaculus.com/questions/38301
[2025-06-02 10:01:43] INFO: Prediction: predicted_options=[PredictedOption(option_name='Zero', probability=0.4), PredictedOption(option_name='One', probability=0.3), PredictedOption(option_name='Two', probability=0.15), PredictedOption(option_name='Three', probability=0.1), PredictedOption(option_name='Four or more', probability=0.05)]
[2025-06-02 10:01:43] INFO: Reasoning: (a) The time left until the outcome to the question is known is approximately 13 days, as today is June 2, 2025, and the week ending June 15, 2025, will be the relevant period for determining the new entries in the top 10 global non-English movies list.

(b) The status quo outcome if nothing changed would likely be 'Zero' or 'One' new movie entering the top 10 list. This is based on the typical behavior of streaming platforms where new entries in top lists are not extremely frequent, especially considering the lack of clear information about upcoming non-English releases.

(c) An unexpected scenario could involve a sudden surge in popularity for a newly released non-English film that wasn't initially anticipated to perform well. For instance, if "Piece by Piece" turns out to be a highly anticipated non-English film and receives significant attention and viewership upon its release on June 7, it could unexpectedly enter the top 10 list. Additionally, if Netflix releases a surprise non-English film that wasn't previously announced, it could also lead to an unexpected outcome.

Given these considerations, my final probabilities for the options are:

Zero: 40%  
One: 30%  
Two: 15%  
Three: 10%  
Four or more: 5%  

These probabilities reflect a conservative approach, giving more weight to the status quo while allowing for some possibility of unexpected outcomes.
[2025-06-02 10:01:44] INFO: === Forecast Result ===
[2025-06-02 10:01:44] INFO: URL: https://www.metaculus.com/questions/38301
[2025-06-02 10:01:44] INFO: Prediction: predicted_options=[PredictedOption(option_name='Zero', probability=0.4), PredictedOption(option_name='One', probability=0.3), PredictedOption(option_name='Two', probability=0.15), PredictedOption(option_name='Three', probability=0.1), PredictedOption(option_name='Four or more', probability=0.05)]
[2025-06-02 10:01:44] INFO: Reasoning: (a) The time left until the outcome to the question is known is approximately 13 days, as today is June 2, 2025, and the week ending June 15, 2025, will be the period in question.

(b) The status quo outcome if nothing changed would likely be 'Zero' or 'One' new non-English movies entering the top 10 list. This is because the turnover rate for such lists is typically not very high, and without specific information on upcoming non-English releases, it's reasonable to assume that the current popular titles will maintain their positions.

(c) An unexpected outcome could occur if Netflix releases a surprise non-English movie that gains rapid popularity due to a viral marketing campaign or unexpected critical acclaim. For example, if "Piece by Piece" turns out to be a highly anticipated non-English film, it could quickly rise to the top 10. Additionally, if multiple non-English films are released in early June and resonate well with global audiences, this could lead to 'Three' or 'Four or more' new entries.

Considering these factors, my final probabilities for the options are:

Zero: 40%  
One: 30%  
Two: 15%  
Three: 10%  
Four or more: 5%  

These probabilities reflect a conservative approach, emphasizing the status quo while allowing for some possibility of unexpected changes.
[2025-06-02 10:01:45] INFO: === Forecast Result ===
[2025-06-02 10:01:45] INFO: URL: https://www.metaculus.com/questions/38301
[2025-06-02 10:01:45] INFO: Prediction: predicted_options=[PredictedOption(option_name='Zero', probability=0.4), PredictedOption(option_name='One', probability=0.3), PredictedOption(option_name='Two', probability=0.15), PredictedOption(option_name='Three', probability=0.1), PredictedOption(option_name='Four or more', probability=0.05)]
[2025-06-02 10:01:45] INFO: Reasoning: (a) The time left until the outcome to the question is known is approximately 13 days, as the week ending June 15, 2025, will be resolved shortly after that date.

(b) The status quo outcome if nothing changed would be that no new non-English movies enter the top 10 list. This is based on the assumption that the current top 10 list remains stable, and no new releases gain enough traction to break into the top 10 within the short time frame.

(c) An unexpected outcome could occur if a non-English movie, perhaps one that is not currently on the radar or not explicitly listed in the upcoming releases, suddenly gains significant popularity. This could happen due to a viral marketing campaign, a sudden surge in interest due to external events, or a movie being released in a major market that heavily influences global rankings.

Given these considerations, I will assign probabilities to each option, taking into account the likelihood of the status quo, the potential for one or two new entries due to recent releases, and the less likely but possible scenarios that could lead to more significant changes.

Option_Zero: 40%  
Option_One: 30%  
Option_Two: 15%  
Option_Three: 10%  
Option_Four_or_more: 5%  

These probabilities reflect a conservative approach that leans towards the status quo but also acknowledges the potential for change, particularly with new releases and unforeseen events.
[2025-06-02 10:01:46] INFO: === Forecast Result ===
[2025-06-02 10:01:46] INFO: URL: https://www.metaculus.com/questions/38301
[2025-06-02 10:01:46] INFO: Prediction: predicted_options=[PredictedOption(option_name='Zero', probability=0.4), PredictedOption(option_name='One', probability=0.3), PredictedOption(option_name='Two', probability=0.15), PredictedOption(option_name='Three', probability=0.1), PredictedOption(option_name='Four or more', probability=0.05)]
[2025-06-02 10:01:46] INFO: Reasoning: (a) The time left until the outcome to the question is known is approximately 13 days, as the question will be resolved for the week ending June 15, 2025.

(b) The status quo outcome if nothing changed would likely be 'Zero' or 'One'. This is because the turnover in the top 10 list for non-English movies is typically low, and there is limited information about new non-English releases in early June 2025.

(c) An unexpected outcome could occur if several non-English films are released unexpectedly or if one or more of the upcoming releases, such as "Piece by Piece," turns out to be a highly popular non-English film. Additionally, if Netflix promotes a non-English film heavily or if a film gains viral popularity, it could quickly enter the top 10 list.

Rationale:
1. **Status Quo Bias**: Given the lack of clear information about new non-English releases and the typical stability of top 10 lists, the most likely outcome is that few or no new non-English movies will enter the list. Historically, the turnover rate for such lists is not very high unless there is a major release or a viral hit.

2. **Uncertainty and Unexpected Outcomes**: While the status quo is a strong indicator, it's important to account for the possibility of unexpected releases or shifts in viewer preferences. Netflix's global reach and diverse audience mean that a non-English film could gain traction quickly, especially if it's part of a popular genre or has strong marketing.

3. **Moderate Probability for Multiple Outcomes**: It's reasonable to assign some probability to each option, acknowledging that while the status quo is likely, the entertainment industry can be unpredictable.

Final Probabilities:
- Zero: 40%
- One: 30%
- Two: 15%
- Three: 10%
- Four or more: 5%
[2025-06-02 10:01:47] INFO: === Forecast Result ===
[2025-06-02 10:01:47] INFO: URL: https://www.metaculus.com/questions/38301
[2025-06-02 10:01:47] INFO: Prediction: predicted_options=[PredictedOption(option_name='Zero', probability=0.5), PredictedOption(option_name='One', probability=0.25), PredictedOption(option_name='Two', probability=0.15), PredictedOption(option_name='Three', probability=0.07), PredictedOption(option_name='Four or more', probability=0.03)]
[2025-06-02 10:01:47] INFO: Reasoning: (a) The time left until the outcome to the question is known is approximately 13 days, as today is June 2, 2025, and the question resolves for the week ending June 15, 2025.

(b) The status quo outcome if nothing changed would be 'Zero', assuming that no new non-English movies enter the top 10 list. This is based on the lack of specific information about new non-English releases and the absence of clear data indicating a high turnover rate in the top 10 list.

(c) An unexpected scenario could involve a surprise release of a highly anticipated non-English film that gains rapid popularity, perhaps due to a viral marketing campaign or a sudden surge in interest in a particular region. This could lead to multiple new entries in the top 10 list, resulting in an outcome of 'Four or more'.

Rationale:
1. **Status Quo Bias**: Given the limited information on upcoming non-English releases and the absence of a clear pattern of high turnover in the top 10 list, the most likely scenario is that few or no new non-English movies will enter the list. This aligns with the tendency for the status quo to persist unless there is a strong reason to expect change.

2. **Moderate Probability for Other Outcomes**: While the status quo is a strong anchor, the inherent unpredictability of movie popularity and potential for unexpected releases means that some probability should be assigned to other outcomes. For instance, a single new release could perform exceptionally well, or multiple releases could collectively gain enough traction to enter the top 10.

3. **Historical Context and Trends**: Without specific historical data on turnover rates, it's challenging to predict the exact number of new entries. However, the general trend in streaming platforms is that new content can quickly rise in popularity, especially if it resonates with audiences or receives significant promotional support.

Final Probabilities:
- Zero: 50%
- One: 25%
- Two: 15%
- Three: 7%
- Four or more: 3%
[2025-06-02 10:01:47] INFO: === Run Summary ===
[2025-06-02 10:01:47] INFO: Total questions: 1
[2025-06-02 10:01:47] INFO: Successful research: 1
[2025-06-02 10:01:47] INFO: Failed research: 0
[2025-06-02 10:01:47] INFO: Success rate: 100.00%
