[2025-05-27 12:01:18] INFO: === Starting new forecast run (Run #2151) ===
[2025-05-27 12:01:18] INFO: Environment: GitHub Actions
[2025-05-27 12:01:18] INFO: Repository: agsheves/decis-metaculus-bot1
[2025-05-27 12:01:18] INFO: Workflow: Forecast on new AI tournament questions
[2025-05-27 12:01:18] INFO: Commit: c960d6c3000882530da1c887214537f6a5b85b65
[2025-05-27 12:01:18] INFO: === Question 1 ===
[2025-05-27 12:01:18] INFO: URL: https://www.metaculus.com/questions/38067
[2025-05-27 12:01:18] INFO: Text: Will a woman win the 2025 James Beard Award for Outstanding Chef?
[2025-05-27 12:01:27] INFO: Research: Perplexity succeeded for https://www.metaculus.com/questions/38067
[2025-05-27 12:01:34] INFO: === Forecast Result ===
[2025-05-27 12:01:34] INFO: URL: https://www.metaculus.com/questions/38067
[2025-05-27 12:01:34] INFO: Prediction: 0.4
[2025-05-27 12:01:34] INFO: Reasoning: (a) The time left until the outcome to the question is known is approximately one to two weeks, as the awards ceremony is typically held in early June.

(b) The status quo outcome if nothing changed is that the question remains unresolved, as the winner has not yet been announced.

(c) A scenario that results in a No outcome is if one of the three male finalists—Gabriel Kreuther, Josh Niernberg, or Jungsik Yim—wins the 2025 James Beard Award for Outstanding Chef.

(d) A scenario that results in a Yes outcome is if one of the two female finalists—Lisa Becklund or Cassie Piuma—wins the 2025 James Beard Award for Outstanding Chef.

Rationale:
Given that two out of the five finalists are women, there is a 40% chance based purely on the number of finalists that a woman will win. However, forecasting requires considering additional factors such as historical trends, the reputation of the chefs, and any potential biases in the selection process. Historically, the James Beard Awards have shown efforts to increase diversity and gender representation, which could slightly increase the probability for a woman winning. However, without specific information on the judges' preferences or the perceived frontrunners, the status quo remains a balanced probability based on the number of finalists.

Final Answer: "Probability: 40%"
[2025-05-27 12:01:34] INFO: === Forecast Result ===
[2025-05-27 12:01:34] INFO: URL: https://www.metaculus.com/questions/38067
[2025-05-27 12:01:34] INFO: Prediction: 0.4
[2025-05-27 12:01:34] INFO: Reasoning: (a) The time left until the outcome to the question is known is approximately one to two weeks, as the awards ceremony is typically held in early June.

(b) The status quo outcome if nothing changed is that the probability of a woman winning is 40%, given that two out of the five finalists are women.

(c) A scenario that results in a No outcome is if one of the three male finalists, Gabriel Kreuther, Josh Niernberg, or Jungsik Yim, is announced as the winner of the 2025 James Beard Award for Outstanding Chef.

(d) A scenario that results in a Yes outcome is if either Lisa Becklund or Cassie Piuma is announced as the winner of the 2025 James Beard Award for Outstanding Chef.

Rationale: Given that two out of the five finalists are women, the probability of a woman winning is 40% if we assume each finalist has an equal chance of winning. However, in reality, the decision may be influenced by factors such as the chefs' reputations, past achievements, and the judges' preferences, which are not detailed in the information provided. Historically, the James Beard Awards have shown a trend towards recognizing diverse talent, which could slightly increase the chances for women. Nevertheless, without specific insights into the judges' decision-making process or any additional context about the finalists' standing, the status quo probability remains a reasonable estimate.

Final Answer: Probability: 40%
[2025-05-27 12:01:35] INFO: === Forecast Result ===
[2025-05-27 12:01:35] INFO: URL: https://www.metaculus.com/questions/38067
[2025-05-27 12:01:35] INFO: Prediction: 0.4
[2025-05-27 12:01:35] INFO: Reasoning: (a) The time left until the outcome to the question is known is approximately one to two weeks, as the awards ceremony is typically held in early June.

(b) The status quo outcome if nothing changed is indeterminate, as the winner has not yet been announced. However, given the current list of finalists, there is a 40% chance that a woman will win, as two out of five finalists are women.

(c) A scenario that results in a No outcome is if one of the three male finalists—Gabriel Kreuther, Josh Niernberg, or Jungsik Yim—wins the 2025 James Beard Award for Outstanding Chef.

(d) A scenario that results in a Yes outcome is if one of the two female finalists—Lisa Becklund or Cassie Piuma—wins the 2025 James Beard Award for Outstanding Chef.

Rationale: Given that two out of the five finalists are women, there is a 40% chance based on the current information that a woman will win. However, without additional information about the likelihood of each finalist winning, the probability remains at the base rate of 40%. Since the world changes slowly most of the time and the status quo is based on the current list of finalists, the probability of a woman winning remains at this base rate.

Final Answer: "Probability: 40%"
[2025-05-27 12:01:36] INFO: === Forecast Result ===
[2025-05-27 12:01:36] INFO: URL: https://www.metaculus.com/questions/38067
[2025-05-27 12:01:36] INFO: Prediction: 0.4
[2025-05-27 12:01:36] INFO: Reasoning: (a) The time left until the outcome to the question is known is approximately one to two weeks, as the awards ceremony is typically held in early June.

(b) The status quo outcome if nothing changed is undetermined, as the winner has not yet been announced. However, given that two out of the five finalists are women, there is a 40% chance that a woman could win based on the current distribution of finalists.

(c) A scenario that results in a No outcome is if one of the three male finalists—Gabriel Kreuther, Josh Niernberg, or Jungsik Yim—wins the 2025 James Beard Award for Outstanding Chef.

(d) A scenario that results in a Yes outcome is if either Lisa Becklund or Cassie Piuma, the two female finalists, wins the 2025 James Beard Award for Outstanding Chef.

Rationale: Given the current information, there is a 40% chance that a woman will win the award, based solely on the gender distribution of the finalists. However, the actual outcome will depend on the judges' decision, which could be influenced by various factors such as the chefs' culinary achievements, reputation, and recent contributions to the culinary world. Historically, the James Beard Awards have been criticized for gender imbalance, but recent years have seen efforts to address this issue, which might influence the outcome. Nonetheless, the status quo outcome, based on the current distribution, suggests a moderate probability of a woman winning.

Final Answer: "Probability: 40%"
[2025-05-27 12:01:37] INFO: === Forecast Result ===
[2025-05-27 12:01:37] INFO: URL: https://www.metaculus.com/questions/38067
[2025-05-27 12:01:37] INFO: Prediction: 0.4
[2025-05-27 12:01:37] INFO: Reasoning: (a) The time left until the outcome to the question is known is approximately one to two weeks, as the awards ceremony is typically held in early June.

(b) The status quo outcome if nothing changed is that the probability of a woman winning is 40%, as two out of the five finalists are women.

(c) A brief description of a scenario that results in a No outcome: The James Beard Award for Outstanding Chef is awarded to one of the three male finalists: Gabriel Kreuther, Josh Niernberg, or Jungsik Yim. This could occur if the judges favor the culinary achievements, innovation, or influence of one of these male chefs over the female finalists.

(d) A brief description of a scenario that results in a Yes outcome: The James Beard Award for Outstanding Chef is awarded to either Lisa Becklund or Cassie Piuma. This could happen if the judges are particularly impressed by the contributions, creativity, or impact of one of these female chefs in the culinary world.

Rationale: Given that two out of the five finalists are women, the probability of a woman winning the award is 40% based on the current distribution of finalists. The status quo outcome, where the probability is determined by the gender distribution of the finalists, suggests a 40% chance for a woman to win. However, it's important to consider that the judges' decision will be based on various qualitative factors, which could favor any of the finalists regardless of gender. Historically, the James Beard Awards have aimed to recognize diverse talent, which might slightly increase the chances for a woman to win, but this is speculative.

Final Answer: "Probability: 40%"
[2025-05-27 12:01:38] INFO: === Run Summary ===
[2025-05-27 12:01:38] INFO: Total questions: 1
[2025-05-27 12:01:38] INFO: Successful research: 1
[2025-05-27 12:01:38] INFO: Failed research: 0
[2025-05-27 12:01:38] INFO: Success rate: 100.00%
