[2025-05-20 04:02:18] INFO: === Starting new forecast run (Run #1807) ===
[2025-05-20 04:02:18] INFO: Environment: GitHub Actions
[2025-05-20 04:02:18] INFO: Repository: agsheves/decis-metaculus-bot1
[2025-05-20 04:02:18] INFO: Workflow: Forecast on new AI tournament questions
[2025-05-20 04:02:18] INFO: Commit: 00d2c5861126cfeca91fb7ef7c0a85478b8b0bf5
[2025-05-20 04:02:19] INFO: === Question 1 ===
[2025-05-20 04:02:19] INFO: URL: https://www.metaculus.com/questions/37802
[2025-05-20 04:02:19] INFO: Text: What will the total market cap of the Magnificent Seven be on June 28, 2025?
[2025-05-20 04:02:29] INFO: Research: Perplexity succeeded for https://www.metaculus.com/questions/37802
[2025-05-20 04:02:36] INFO: === Forecast Result ===
[2025-05-20 04:02:36] INFO: URL: https://www.metaculus.com/questions/37802
[2025-05-20 04:02:36] INFO: Prediction: [Percentile(value=8.0, percentile=0.1), Percentile(value=9.0, percentile=0.2), Percentile(value=10.0, percentile=0.4), Percentile(value=10.5, percentile=0.6), Percentile(value=11.0, percentile=0.8), Percentile(value=12.0, percentile=0.9)]
[2025-05-20 04:02:36] INFO: Reasoning: (a) The time left until the outcome to the question is known: Approximately 1 month and 8 days from May 20, 2025, to June 28, 2025.

(b) The outcome if nothing changed: Assuming the combined market cap of the Magnificent Seven is approximately $10 trillion as of May 20, 2025, the outcome would remain $10 trillion if nothing changed.

(c) The outcome if the current trend continued: If the historical growth trends of these companies continued, we might expect a modest increase. Assuming a conservative growth rate of 5% over the next month, the market cap could increase to approximately $10.5 trillion.

(d) The expectations of experts and markets: Experts and markets are likely mixed, with some anticipating continued growth due to the companies' strong fundamentals and market positions, while others may be cautious due to high valuations and potential market corrections.

(e) A brief description of an unexpected scenario that results in a low outcome: A significant geopolitical event or economic downturn could lead to a sharp decline in tech stocks, reducing the combined market cap to around $8 trillion.

(f) A brief description of an unexpected scenario that results in a high outcome: A major technological breakthrough or favorable regulatory changes could boost investor confidence and drive the market cap up to $12 trillion.

Final answer:
"
Percentile 10: 8
Percentile 20: 9
Percentile 40: 10
Percentile 60: 10.5
Percentile 80: 11
Percentile 90: 12
"
[2025-05-20 04:02:36] INFO: === Forecast Result ===
[2025-05-20 04:02:36] INFO: URL: https://www.metaculus.com/questions/37802
[2025-05-20 04:02:36] INFO: Prediction: [Percentile(value=8.0, percentile=0.1), Percentile(value=9.0, percentile=0.2), Percentile(value=10.0, percentile=0.4), Percentile(value=11.0, percentile=0.6), Percentile(value=12.0, percentile=0.8), Percentile(value=13.0, percentile=0.9)]
[2025-05-20 04:02:36] INFO: Reasoning: (a) The time left until the outcome to the question is known: Approximately 1 month and 8 days.

(b) The outcome if nothing changed: Assuming the market cap of each of the Magnificent Seven stocks remains the same as of May 20, 2025, the total market cap would be the sum of their current market caps. However, the exact current total market cap is not provided, so we cannot specify this value.

(c) The outcome if the current trend continued: Historically, these companies have shown strong growth, with some companies like Google and Amazon experiencing significant increases over the past decade. If this trend continued, we might expect a moderate increase in their combined market cap by June 28, 2025.

(d) The expectations of experts and markets: While there is some skepticism about the valuations of these companies, they are still considered leaders in their respective industries. Experts might expect continued growth, albeit with caution due to potential market corrections or regulatory challenges.

(e) A brief description of an unexpected scenario that results in a low outcome: A significant economic downturn or financial crisis could lead to a sharp decline in stock prices, reducing the market cap of these companies. Additionally, major regulatory actions or technological disruptions could negatively impact their valuations.

(f) A brief description of an unexpected scenario that results in a high outcome: A breakthrough in technology or a significant expansion into new markets could lead to a substantial increase in the market cap of these companies. For example, advancements in AI, cloud computing, or electric vehicles could drive significant growth.

Final answer:
"
Percentile 10: 8 trillion dollars
Percentile 20: 9 trillion dollars
Percentile 40: 10 trillion dollars
Percentile 60: 11 trillion dollars
Percentile 80: 12 trillion dollars
Percentile 90: 13 trillion dollars
"
[2025-05-20 04:02:36] INFO: === Forecast Result ===
[2025-05-20 04:02:36] INFO: URL: https://www.metaculus.com/questions/37802
[2025-05-20 04:02:36] INFO: Prediction: [Percentile(value=8.0, percentile=0.1), Percentile(value=9.0, percentile=0.2), Percentile(value=10.0, percentile=0.4), Percentile(value=10.5, percentile=0.6), Percentile(value=11.0, percentile=0.8), Percentile(value=12.0, percentile=0.9)]
[2025-05-20 04:02:36] INFO: Reasoning: (a) The time left until the outcome to the question is known: Approximately 1 month and 8 days from May 20, 2025, to June 28, 2025.

(b) The outcome if nothing changed: Assuming the current market cap of the Magnificent Seven is around $10 trillion (a rough estimate based on historical data and trends), the outcome would remain approximately $10 trillion if nothing changed.

(c) The outcome if the current trend continued: If the Magnificent Seven continue their historical growth trend, we might expect a modest increase in their combined market cap. Assuming an average annual growth rate of around 10% (a conservative estimate based on historical performance), the market cap could increase to approximately $10.8 trillion by June 28, 2025.

(d) The expectations of experts and markets: Experts and markets likely expect continued growth, albeit with some caution due to potential overvaluation concerns and market volatility. The consensus might anticipate a slight increase in market cap, with projections ranging from $10.5 trillion to $11 trillion.

(e) A brief description of an unexpected scenario that results in a low outcome: A significant economic downturn or a major regulatory crackdown on tech companies could lead to a sharp decline in the market cap of the Magnificent Seven. In such a scenario, their combined market cap might fall to around $8 trillion.

(f) A brief description of an unexpected scenario that results in a high outcome: A breakthrough in technology or a major positive shift in market sentiment could lead to a substantial increase in the market cap. If the Magnificent Seven were to experience a surge in investor confidence, their combined market cap might rise to around $12 trillion.

Final answer:
"
Percentile 10: 8
Percentile 20: 9
Percentile 40: 10
Percentile 60: 10.5
Percentile 80: 11
Percentile 90: 12
"
[2025-05-20 04:02:37] INFO: === Forecast Result ===
[2025-05-20 04:02:37] INFO: URL: https://www.metaculus.com/questions/37802
[2025-05-20 04:02:37] INFO: Prediction: [Percentile(value=8.0, percentile=0.1), Percentile(value=9.0, percentile=0.2), Percentile(value=9.8, percentile=0.4), Percentile(value=10.5, percentile=0.6), Percentile(value=11.2, percentile=0.8), Percentile(value=12.0, percentile=0.9)]
[2025-05-20 04:02:37] INFO: Reasoning: (a) The time left until the outcome to the question is known:  
Approximately 1 month and 8 days remain until June 28, 2025.

(b) The outcome if nothing changed:  
Assuming the current market cap of the Magnificent Seven is around $10 trillion (based on historical data and trends), if nothing changed, the total market cap would remain at approximately $10 trillion.

(c) The outcome if the current trend continued:  
If the average growth trend of these companies over the past decade continued, we might expect a modest increase. Assuming a conservative annual growth rate of around 5%, the market cap could increase to approximately $10.42 trillion by June 28, 2025.

(d) The expectations of experts and markets:  
Experts and market analysts generally expect continued growth for these companies, driven by their leadership in technology and innovation. However, there are also concerns about high valuations and potential regulatory challenges, which might moderate growth expectations. Overall, a moderate increase in market cap is anticipated.

(e) A brief description of an unexpected scenario that results in a low outcome:  
A significant global economic downturn or a major regulatory crackdown on big tech companies could lead to a substantial decline in the market cap of the Magnificent Seven. In such a scenario, the market cap might drop to around $8 trillion.

(f) A brief description of an unexpected scenario that results in a high outcome:  
If there were a major technological breakthrough or a significant easing of regulatory pressures, leading to a surge in investor confidence, the market cap could rise significantly. In this scenario, the market cap might reach around $12 trillion.

Final Answer:  
"
Percentile 10: 8.0  
Percentile 20: 9.0  
Percentile 40: 9.8  
Percentile 60: 10.5  
Percentile 80: 11.2  
Percentile 90: 12.0  
"
[2025-05-20 04:02:38] INFO: === Forecast Result ===
[2025-05-20 04:02:38] INFO: URL: https://www.metaculus.com/questions/37802
[2025-05-20 04:02:38] INFO: Prediction: [Percentile(value=8.0, percentile=0.1), Percentile(value=9.0, percentile=0.2), Percentile(value=10.0, percentile=0.4), Percentile(value=11.0, percentile=0.6), Percentile(value=12.0, percentile=0.8), Percentile(value=13.0, percentile=0.9)]
[2025-05-20 04:02:38] INFO: Reasoning: (a) The time left until the outcome to the question is known:  
There are approximately 1 month and 8 days left until June 28, 2025.

(b) The outcome if nothing changed:  
If the market cap of the Magnificent Seven stocks remained constant from May 20, 2025, to June 28, 2025, the outcome would be the same as their combined market cap on May 20, 2025. However, the exact market cap as of May 20, 2025, is not provided in the information available.

(c) The outcome if the current trend continued:  
Assuming the historical growth trends continue, the market cap of these companies could increase. Historically, these companies have shown strong growth, with some stocks growing several hundred percent over a decade. However, short-term trends can be more volatile and influenced by market conditions, economic factors, and company-specific news.

(d) The expectations of experts and markets:  
Experts and markets likely expect continued growth for these companies, given their leadership in key technology sectors. However, there are also concerns about high valuations and potential market corrections, which could temper expectations. The "Not So Magnificent Seven" reference suggests some skepticism in the market.

(e) A brief description of an unexpected scenario that results in a low outcome:  
An unexpected scenario that could lead to a low outcome might include a significant economic downturn, regulatory challenges, or a major geopolitical event that impacts global markets. Additionally, company-specific issues such as leadership changes, product failures, or security breaches could negatively affect stock prices.

(f) A brief description of an unexpected scenario that results in a high outcome:  
A high outcome could result from breakthroughs in technology, such as advancements in AI or quantum computing, that significantly boost the prospects of these companies. Additionally, favorable regulatory changes, strong earnings reports, or successful product launches could drive stock prices higher.

Final Answer:
"
Percentile 10: 8 trillion dollars
Percentile 20: 9 trillion dollars
Percentile 40: 10 trillion dollars
Percentile 60: 11 trillion dollars
Percentile 80: 12 trillion dollars
Percentile 90: 13 trillion dollars
"
[2025-05-20 04:02:39] INFO: === Run Summary ===
[2025-05-20 04:02:39] INFO: Total questions: 1
[2025-05-20 04:02:39] INFO: Successful research: 1
[2025-05-20 04:02:39] INFO: Failed research: 0
[2025-05-20 04:02:39] INFO: Success rate: 100.00%
