[2025-05-27 14:01:11] INFO: === Starting new forecast run (Run #2155) ===
[2025-05-27 14:01:11] INFO: Environment: GitHub Actions
[2025-05-27 14:01:11] INFO: Repository: agsheves/decis-metaculus-bot1
[2025-05-27 14:01:11] INFO: Workflow: Forecast on new AI tournament questions
[2025-05-27 14:01:11] INFO: Commit: 3c3c2b05801dc49278ac521060e1ce3f4559310a
[2025-05-27 14:01:11] INFO: === Question 1 ===
[2025-05-27 14:01:11] INFO: URL: https://www.metaculus.com/questions/38068
[2025-05-27 14:01:11] INFO: Text: Will Jerrauld Jones win the Democratic primary for attorney general of Virginia in the 2025 election?
[2025-05-27 14:01:20] INFO: Research: Perplexity succeeded for https://www.metaculus.com/questions/38068
[2025-05-27 14:01:28] INFO: === Forecast Result ===
[2025-05-27 14:01:28] INFO: URL: https://www.metaculus.com/questions/38068
[2025-05-27 14:01:28] INFO: Prediction: 0.6
[2025-05-27 14:01:28] INFO: Reasoning: (a) The time left until the outcome of the question is known is approximately three weeks, as the Democratic primary is scheduled for June 17, 2025.

(b) The status quo outcome, if nothing changed, would be uncertain because the primary election has not yet occurred. However, Jay Jones is actively campaigning and has already filed his candidacy, indicating he is a serious contender.

(c) A scenario that results in a No outcome would involve Jay Jones losing the Democratic primary to the other Democratic candidate. This could happen if the other candidate gains significant momentum, endorsements, or support from key Democratic voters and organizations in the remaining weeks leading up to the primary.

(d) A scenario that results in a Yes outcome would involve Jay Jones successfully leveraging his campaign efforts, endorsements, and voter outreach to secure a majority of votes in the Democratic primary. His previous experience and name recognition from his past political roles could also contribute to a favorable outcome.

Given the information available, Jay Jones appears to be a strong candidate with a well-organized campaign. However, without specific polling data or additional insights into the dynamics of the race, it is challenging to predict the outcome with high certainty. Nonetheless, considering the status quo and his active campaign, I would estimate the probability of Jay Jones winning the Democratic primary as moderately favorable.

Probability: 60%
[2025-05-27 14:01:29] INFO: === Forecast Result ===
[2025-05-27 14:01:29] INFO: URL: https://www.metaculus.com/questions/38068
[2025-05-27 14:01:29] INFO: Prediction: 0.6
[2025-05-27 14:01:29] INFO: Reasoning: (a) The time left until the outcome to the question is known is approximately three weeks, as the Democratic primary is scheduled for June 17, 2025.

(b) The status quo outcome if nothing changed is that Jay Jones is a strong contender in the Democratic primary for Attorney General of Virginia. He has officially filed his candidacy and has demonstrated significant grassroots support by collecting nearly 20,000 petition signatures. However, the outcome of the primary is still uncertain as there is at least one other Democratic candidate competing.

(c) A scenario that results in a No outcome could involve Jay Jones losing the primary to another Democratic candidate. This could happen if the other candidate manages to gain more support from key Democratic constituencies, receives significant endorsements, or if there is a shift in voter sentiment leading up to the primary.

(d) A scenario that results in a Yes outcome would involve Jay Jones winning the Democratic primary. This could occur if he successfully leverages his previous political experience, maintains strong grassroots support, and effectively communicates his vision and policies to the voters. Additionally, securing endorsements from influential figures or organizations could bolster his chances.

Given the information available, Jay Jones appears to be a well-positioned candidate, but the presence of another competitor and the inherent uncertainties of a primary election suggest that the outcome is not guaranteed. However, considering the status quo and the information about his campaign efforts, I would estimate the probability of Jay Jones winning the Democratic primary as moderately favorable.

Probability: 60%
[2025-05-27 14:01:29] INFO: === Forecast Result ===
[2025-05-27 14:01:29] INFO: URL: https://www.metaculus.com/questions/38068
[2025-05-27 14:01:29] INFO: Prediction: 0.55
[2025-05-27 14:01:29] INFO: Reasoning: (a) The time left until the outcome of the question is known is approximately three weeks, as the Democratic primary is scheduled for June 17, 2025.

(b) The status quo outcome, if nothing changed, is that Jay Jones is one of the two Democratic candidates competing in the primary. Given that he has previously run for the position and has a significant grassroots campaign effort, he is likely a strong contender. However, without specific polling data or information about his opponent's campaign strength, it's difficult to definitively say he is the frontrunner.

(c) A scenario that results in a No outcome would involve Jay Jones losing the Democratic primary to his opponent. This could happen if his opponent has a stronger campaign, better voter outreach, or if there are any negative developments or controversies surrounding Jones that sway voters against him.

(d) A scenario that results in a Yes outcome would involve Jay Jones winning the Democratic primary. This could occur if his campaign successfully mobilizes voters, leverages his previous experience and endorsements, and effectively communicates his platform and vision to the electorate.

Considering the information available, the status quo outcome suggests that Jay Jones is a viable candidate with a strong campaign effort. However, without detailed polling data or insights into his opponent's campaign, it's challenging to assign a high probability to his victory. Given the world changes slowly and the primary is still a few weeks away, I would weigh the status quo outcome more heavily.

Final answer: "Probability: 55%"
[2025-05-27 14:01:29] INFO: === Forecast Result ===
[2025-05-27 14:01:29] INFO: URL: https://www.metaculus.com/questions/38068
[2025-05-27 14:01:29] INFO: Prediction: 0.6
[2025-05-27 14:01:29] INFO: Reasoning: (a) The time left until the outcome to the question is known is approximately three weeks, as the Democratic primary is scheduled for June 17, 2025.

(b) The status quo outcome if nothing changed is that Jay Jones is a strong contender in the Democratic primary, given his previous experience in the Virginia House of Delegates and his early and organized campaign efforts. However, without specific polling data or information on his opponent's campaign, it's difficult to determine if he is the frontrunner.

(c) A scenario that results in a No outcome could involve Jay Jones facing a strong opponent who has significant support from key Democratic constituencies or endorsements from influential figures within the party. Additionally, if Jones' campaign encounters any significant setbacks, such as a scandal or a major misstep in the final weeks leading up to the primary, it could negatively impact his chances of winning.

(d) A scenario that results in a Yes outcome would involve Jay Jones maintaining or increasing his current momentum, potentially through successful campaign strategies, securing high-profile endorsements, or effectively communicating his vision and policies to the Democratic electorate. If his opponent fails to gain traction or faces challenges in their campaign, it could further increase Jones' chances of winning the primary.

Given the information available, and considering the status quo often prevails, Jay Jones appears to be a viable candidate with a reasonable chance of winning the primary. However, without specific polling data or detailed information about his opponent, it's challenging to assign a high probability confidently.

Probability: 60%
[2025-05-27 14:01:30] INFO: === Forecast Result ===
[2025-05-27 14:01:30] INFO: URL: https://www.metaculus.com/questions/38068
[2025-05-27 14:01:30] INFO: Prediction: 0.6
[2025-05-27 14:01:30] INFO: Reasoning: (a) The time left until the outcome of the question is known is approximately three weeks, as the Democratic primary is scheduled for June 17, 2025.

(b) The status quo outcome, if nothing changed, is that Jay Jones is a strong contender in the Democratic primary for Attorney General of Virginia. However, without specific polling data or additional information about his opponent(s), it is difficult to determine if he is currently favored to win.

(c) A scenario that results in a No outcome could involve Jay Jones facing a strong opponent who gains significant momentum in the final weeks leading up to the primary. This could be due to a variety of factors, such as a highly effective campaign strategy, endorsements from influential figures, or a shift in voter sentiment. Additionally, any negative news or controversies surrounding Jay Jones could also impact his chances negatively.

(d) A scenario that results in a Yes outcome would involve Jay Jones maintaining or increasing his current level of support among Democratic voters. This could be achieved through effective campaigning, securing key endorsements, and successfully communicating his vision and policies to the electorate. If he can leverage his previous experience and name recognition to his advantage, he may be able to secure a victory in the primary.

Given the information available, it is important to consider the status quo and the fact that the world changes slowly most of the time. Without specific polling data or insights into the dynamics of the race, it is challenging to assign a precise probability. However, considering Jay Jones' previous experience and the effort his campaign has put into gathering signatures, he appears to be a strong contender.

Final Answer: "Probability: 60%"
[2025-05-27 14:01:30] INFO: === Run Summary ===
[2025-05-27 14:01:30] INFO: Total questions: 1
[2025-05-27 14:01:30] INFO: Successful research: 1
[2025-05-27 14:01:30] INFO: Failed research: 0
[2025-05-27 14:01:30] INFO: Success rate: 100.00%
