[2025-05-29 04:03:39] INFO: === Starting new forecast run (Run #2229) ===
[2025-05-29 04:03:39] INFO: Environment: GitHub Actions
[2025-05-29 04:03:39] INFO: Repository: agsheves/decis-metaculus-bot1
[2025-05-29 04:03:39] INFO: Workflow: Forecast on new AI tournament questions
[2025-05-29 04:03:39] INFO: Commit: 8a15ffa3d9a2c3dd8280b50c6b8856a7387b9210
[2025-05-29 04:03:39] INFO: === Question 1 ===
[2025-05-29 04:03:39] INFO: URL: https://www.metaculus.com/questions/38086
[2025-05-29 04:03:39] INFO: Text: Which state will have the highest real GDP growth rate in Q1 2025: New York State, Texas or Virginia?
[2025-05-29 04:03:49] INFO: Research: Perplexity succeeded for https://www.metaculus.com/questions/38086
[2025-05-29 04:03:56] INFO: === Forecast Result ===
[2025-05-29 04:03:56] INFO: URL: https://www.metaculus.com/questions/38086
[2025-05-29 04:03:56] INFO: Prediction: predicted_options=[PredictedOption(option_name='New York State', probability=0.2), PredictedOption(option_name='Texas', probability=0.25), PredictedOption(option_name='Virginia', probability=0.2), PredictedOption(option_name='tie', probability=0.35)]
[2025-05-29 04:03:56] INFO: Reasoning: (a) The time left until the outcome to the question is known is very short, as the second estimate for Q1 2025 GDP is scheduled to be released today, May 29, 2025. This means that the detailed state-level GDP data will soon be available, providing the necessary information to determine which state had the highest real GDP growth rate in Q1 2025.

(b) The status quo outcome, based on the current information, is that it is unclear which state will have the highest GDP growth rate. However, given the general economic conditions and the lack of specific data, a tie could be considered a default assumption if no significant differences are reported among the states.

(c) An unexpected outcome could occur if one of the states experiences a significant economic event that was not previously reported or anticipated. For example, if Texas managed to mitigate the effects of tariff-related uncertainty through unexpected economic diversification or policy measures, it could outperform the other states. Similarly, if New York or Virginia had unexpected economic boosts from sectors not previously highlighted, they could also emerge as leaders in GDP growth.

Given the information available and the lack of specific state-level data for Q1 2025, I will assign probabilities that reflect the current uncertainty and the potential for unexpected outcomes:

New York State: 20%
Texas: 25%
Virginia: 20%
tie: 35%
[2025-05-29 04:03:56] INFO: === Forecast Result ===
[2025-05-29 04:03:56] INFO: URL: https://www.metaculus.com/questions/38086
[2025-05-29 04:03:56] INFO: Prediction: predicted_options=[PredictedOption(option_name='New York State', probability=0.2), PredictedOption(option_name='Texas', probability=0.25), PredictedOption(option_name='Virginia', probability=0.2), PredictedOption(option_name='tie', probability=0.35)]
[2025-05-29 04:03:56] INFO: Reasoning: (a) The time left until the outcome to the question is known is quite short, as the second estimate for Q1 2025 GDP, which may include state-level data, is scheduled to be released today, May 29, 2025.

(b) The status quo outcome, based on the background information and current economic conditions, suggests that none of the states—New York, Texas, or Virginia—has a clear advantage in terms of GDP growth. Each state faces its own economic challenges: Texas is dealing with tariff-related uncertainty, Virginia has a lagging economic forecast, and New York is experiencing a decline in economic growth. Therefore, the status quo outcome might lean towards a tie, as there is no strong indication that any one state is outperforming the others significantly.

(c) An unexpected outcome could occur if one of the states experiences a sudden economic boost or downturn due to unforeseen factors. For example, if Texas manages to mitigate the effects of tariff-related uncertainty through successful policy interventions or increased oil production, it could outperform the other states. Alternatively, if Virginia benefits from unexpected federal contracts or investments, it could see a higher growth rate. Similarly, if New York experiences a surge in financial services or technology sector growth, it could lead to an unexpected outcome.

Considering these factors, my final probabilities for the options are as follows:

New York State: 20%
Texas: 25%
Virginia: 20%
tie: 35%
[2025-05-29 04:03:57] INFO: === Forecast Result ===
[2025-05-29 04:03:57] INFO: URL: https://www.metaculus.com/questions/38086
[2025-05-29 04:03:57] INFO: Prediction: predicted_options=[PredictedOption(option_name='New York State', probability=0.2), PredictedOption(option_name='Texas', probability=0.3), PredictedOption(option_name='Virginia', probability=0.2), PredictedOption(option_name='tie', probability=0.3)]
[2025-05-29 04:03:57] INFO: Reasoning: (a) The time left until the outcome to the question is known is very short, as the second estimate for Q1 2025 GDP is scheduled to be released today, May 29, 2025.

(b) The status quo outcome, based on the information available, suggests that Texas might be the most likely candidate for the highest real GDP growth rate among the three states. Despite the deteriorating economic outlook due to tariff-related uncertainty, Texas has historically been a strong economic performer. However, without specific data for Q1 2025, this is speculative.

(c) An unexpected outcome could occur if Virginia, despite its "lagging" forecast, manages to outperform due to unforeseen economic activities or policy measures that boost its GDP growth unexpectedly. Similarly, New York could surprise if certain sectors, such as finance or technology, experience a sudden surge in activity that is not currently anticipated.

Given the lack of specific data for Q1 2025 and the general economic contraction in the U.S., it is challenging to make a precise forecast. However, considering the historical economic performance and current uncertainties, the probabilities are assigned as follows:

New York State: 20%
Texas: 30%
Virginia: 20%
tie: 30%
[2025-05-29 04:04:03] INFO: === Forecast Result ===
[2025-05-29 04:04:03] INFO: URL: https://www.metaculus.com/questions/38086
[2025-05-29 04:04:03] INFO: Prediction: predicted_options=[PredictedOption(option_name='New York State', probability=0.2), PredictedOption(option_name='Texas', probability=0.25), PredictedOption(option_name='Virginia', probability=0.15), PredictedOption(option_name='tie', probability=0.4)]
[2025-05-29 04:04:03] INFO: Reasoning: Before answering the question, let's address the preliminary points:

(a) **The time left until the outcome to the question is known:**  
The outcome will be known when the Bureau of Economic Analysis releases the final GDP by state data for Q1 2025. Since today is May 29, 2025, and the second estimate is being released today, the final data is likely to be released in the coming weeks, typically within a month after the second estimate.

(b) **The status quo outcome if nothing changed:**  
Based on the information provided, none of the states have a clear advantage in terms of economic performance for Q1 2025. However, given the contraction in the overall U.S. economy and the specific challenges mentioned for each state (tariff-related uncertainty in Texas, a shrinking GDP forecast for Virginia, and New York's slow economic growth), it is difficult to determine a clear status quo leader. The status quo outcome might lean towards a "tie" given the lack of distinguishing positive factors for any state.

(c) **A description of a scenario that results in an unexpected outcome:**  
An unexpected outcome could occur if one of the states experiences a sudden economic boost due to unforeseen factors, such as a significant increase in a key industry, a major policy change that stimulates growth, or a large-scale investment that was not previously accounted for. For example, if Texas were to secure a major new trade deal that offsets tariff concerns, it might outperform the others unexpectedly.

**Rationale:**

1. **New York State:**  
New York has been reported as one of the slowest-growing economies, which suggests a lower likelihood of leading in GDP growth. However, it is a large and diverse economy, so it cannot be entirely ruled out.

2. **Texas:**  
Texas faces tariff-related uncertainties, which could negatively impact its growth. However, Texas has historically been a strong economic performer, and any positive developments in its key industries (such as energy) could boost its GDP growth unexpectedly.

3. **Virginia:**  
Virginia's economy is described as "lagging" with a shrinking GDP forecast, which suggests it is less likely to lead in GDP growth. However, if federal spending or other economic activities in the state pick up unexpectedly, it could perform better than anticipated.

4. **Tie:**  
Given the overall contraction in the U.S. economy and the lack of clear positive indicators for any of the states, a tie is a plausible outcome. This would occur if all three states experience similarly modest growth rates.

**Final Probabilities:**

New York State: 20%  
Texas: 25%  
Virginia: 15%  
Tie: 40%
[2025-05-29 04:04:03] INFO: === Forecast Result ===
[2025-05-29 04:04:03] INFO: URL: https://www.metaculus.com/questions/38086
[2025-05-29 04:04:03] INFO: Prediction: predicted_options=[PredictedOption(option_name='New York State', probability=0.2), PredictedOption(option_name='Texas', probability=0.25), PredictedOption(option_name='Virginia', probability=0.2), PredictedOption(option_name='tie', probability=0.35)]
[2025-05-29 04:04:03] INFO: Reasoning: To address the interview question, let's break down the components:

(a) **The time left until the outcome to the question is known:**
   - The outcome will be known once the BEA releases the detailed state-level GDP data for Q1 2025. As of today, May 29, 2025, the second estimate for Q1 2025 GDP is scheduled to be released. The final data, including state-level details, typically follows in the subsequent weeks. Therefore, we can expect the outcome to be known within a month or so.

(b) **The status quo outcome if nothing changed:**
   - Based on the background information provided, none of the states—New York, Texas, or Virginia—are currently indicated to have a particularly strong economic performance in Q1 2025. The U.S. economy as a whole experienced a contraction, and there are concerns about economic performance in each state. Therefore, the status quo outcome might lean towards a "tie" due to the lack of clear, strong performance indicators for any of the states.

(c) **A description of a scenario that results in an unexpected outcome:**
   - An unexpected outcome could occur if one of the states experiences a sector-specific boom or a policy change that significantly boosts its GDP growth. For example, if Texas were to see a sudden surge in energy production or technology investments, it could outperform the other states. Similarly, if New York or Virginia were to benefit from unexpected federal contracts or a resurgence in financial services, they could surpass expectations.

**Rationale:**
1. **Status Quo Bias:** Given the overall contraction in the U.S. economy and the lack of specific positive indicators for any of the states, the status quo suggests a "tie" might be the most likely outcome. This is because no state appears to have a clear advantage based on the available information.
   
2. **Uncertainty and Unexpected Outcomes:** While the status quo leans towards a "tie," there is always room for unexpected developments. Economic data can be volatile, and unforeseen events or policy changes can lead to significant shifts in GDP growth.

3. **Moderate Probabilities for All Options:** It's important to allocate some probability to each state individually, as economic forecasts can be unpredictable, and new data could emerge that changes the outlook.

**Final Probabilities:**
- New York State: 20%
- Texas: 25%
- Virginia: 20%
- Tie: 35%
[2025-05-29 04:04:03] INFO: === Run Summary ===
[2025-05-29 04:04:03] INFO: Total questions: 1
[2025-05-29 04:04:03] INFO: Successful research: 1
[2025-05-29 04:04:03] INFO: Failed research: 0
[2025-05-29 04:04:03] INFO: Success rate: 100.00%
