[2025-06-06 02:15:04] INFO: === Starting new forecast run (Run #2599) ===
[2025-06-06 02:15:04] INFO: Environment: GitHub Actions
[2025-06-06 02:15:04] INFO: Repository: agsheves/decis-metaculus-bot1
[2025-06-06 02:15:04] INFO: Workflow: Forecast on new AI tournament questions
[2025-06-06 02:15:04] INFO: Commit: c7a7b276253f09ddd9bb5c01ca3f6e3f93fa4a0b
[2025-06-06 02:15:05] INFO: === Question 1 ===
[2025-06-06 02:15:05] INFO: URL: https://www.metaculus.com/questions/38337
[2025-06-06 02:15:05] INFO: Text: Will initial jobless claims for the week ended June 21, 2025 exceed 220,000?
[2025-06-06 02:15:18] INFO: Research: Perplexity succeeded for https://www.metaculus.com/questions/38337
[2025-06-06 02:15:25] INFO: === Forecast Result ===
[2025-06-06 02:15:25] INFO: URL: https://www.metaculus.com/questions/38337
[2025-06-06 02:15:25] INFO: Prediction: 0.85
[2025-06-06 02:15:25] INFO: Reasoning: (a) The time left until the outcome to the question is known is approximately two weeks, as the data for the week ending June 21, 2025, will likely be released shortly after that date.

(b) The status quo outcome if nothing changed would be a "Yes," since the current trend shows initial jobless claims consistently above 220,000, with the most recent reading at 247,000 and a rising four-week average of 235,000.

(c) A scenario that results in a "No" outcome could involve a sudden and unexpected positive economic development, such as a significant increase in hiring due to a major policy change or economic stimulus, leading to a rapid decrease in jobless claims below the 220,000 threshold.

(d) A scenario that results in a "Yes" outcome would involve the continuation of the current upward trend in jobless claims, possibly exacerbated by factors such as economic uncertainty, layoffs in specific industries, or other negative economic indicators that maintain or increase the number of claims above 220,000.

Given the current trend and the data available, the status quo strongly suggests that initial jobless claims will remain above 220,000 for the week ending June 21, 2025. While unexpected changes could occur, the probability of a significant enough shift in such a short time frame seems low. Therefore, the status quo outcome is given extra weight in this forecast.

Final Answer: "Probability: 85%"
[2025-06-06 02:15:25] INFO: === Forecast Result ===
[2025-06-06 02:15:25] INFO: URL: https://www.metaculus.com/questions/38337
[2025-06-06 02:15:25] INFO: Prediction: 0.85
[2025-06-06 02:15:25] INFO: Reasoning: (a) The time left until the outcome to the question is known is approximately two weeks, as the week ending June 21, 2025, will be reported shortly after that date.

(b) The status quo outcome if nothing changed is that initial jobless claims will exceed 220,000. This is based on the current trend of claims being consistently above 220,000, with the most recent figure at 247,000 and a rising four-week average of 235,000.

(c) A scenario that results in a No outcome could involve a sudden and significant improvement in the labor market, perhaps due to unexpected positive economic news or policy changes that boost employment. This could lead to a rapid decrease in layoffs and, consequently, a drop in initial jobless claims below 220,000.

(d) A scenario that results in a Yes outcome would be the continuation of the current trend, where initial jobless claims remain elevated due to ongoing economic challenges. Factors such as continued layoffs in certain sectors, economic uncertainty, or external shocks could contribute to maintaining or increasing the current level of claims.

Given the current data and trends, the status quo suggests that claims will remain above 220,000. The upward trend in recent weeks and the forecasts for the near future support this view. While unexpected changes could alter this trajectory, the probability of claims exceeding 220,000 is relatively high.

Probability: 85%
[2025-06-06 02:15:25] INFO: === Forecast Result ===
[2025-06-06 02:15:25] INFO: URL: https://www.metaculus.com/questions/38337
[2025-06-06 02:15:25] INFO: Prediction: 0.85
[2025-06-06 02:15:25] INFO: Reasoning: (a) The time left until the outcome to the question is known is approximately two weeks, as the week ending June 21, 2025, will be reported shortly after that date.

(b) The status quo outcome, if nothing changed, would be "Yes," since the current trend shows initial jobless claims consistently above 220,000, with the most recent reading at 247,000 and a rising four-week average of 235,000.

(c) A scenario that results in a "No" outcome could involve a sudden and significant improvement in the labor market, possibly due to unexpected economic stimuli or interventions that lead to a rapid decrease in layoffs. This could bring initial jobless claims below 220,000 in the coming weeks.

(d) A scenario that results in a "Yes" outcome could involve the continuation of the current upward trend in jobless claims, possibly exacerbated by economic uncertainties, sector-specific downturns, or broader macroeconomic challenges that lead to further increases in layoffs.

Given the current data and trends, the status quo suggests that initial jobless claims are likely to remain above 220,000. The recent readings and the four-week moving average both support this, and the forecast from Trading Economics also indicates a short-term expectation of higher claims. While unexpected changes could alter this trajectory, the probability of such a shift occurring in the next two weeks seems lower.

Final Answer: Probability: 85%
[2025-06-06 02:15:26] INFO: === Forecast Result ===
[2025-06-06 02:15:26] INFO: URL: https://www.metaculus.com/questions/38337
[2025-06-06 02:15:26] INFO: Prediction: 0.85
[2025-06-06 02:15:26] INFO: Reasoning: (a) The time left until the outcome to the question is known is approximately two weeks, as the week ending June 21, 2025, is the relevant period for determining the initial jobless claims.

(b) The status quo outcome, if nothing changed, would be a "Yes" outcome, as the current trend shows initial jobless claims consistently above 220,000, with the most recent reading at 247,000 and a rising four-week average of 235,000.

(c) A scenario that results in a "No" outcome could involve a sudden and unexpected improvement in the labor market, perhaps due to a significant economic policy change or a major industry announcing large-scale hiring. This could lead to a rapid decrease in jobless claims below the 220,000 threshold.

(d) A scenario that results in a "Yes" outcome would involve the continuation of the current upward trend in jobless claims, possibly exacerbated by economic factors such as layoffs in key industries, economic uncertainty, or seasonal adjustments that typically lead to higher claims during this period.

Rationale: Given the current trend of increasing jobless claims and the fact that the most recent data shows claims well above the 220,000 threshold, the status quo strongly suggests a "Yes" outcome. The four-week moving average is also rising, indicating sustained higher levels of claims. While unexpected changes in the labor market could alter this trajectory, the short time frame until the outcome is known makes significant deviations less likely. Therefore, the probability of initial jobless claims exceeding 220,000 for the week ended June 21, 2025, is high.

Final Answer: Probability: 85%
[2025-06-06 02:15:27] INFO: === Forecast Result ===
[2025-06-06 02:15:27] INFO: URL: https://www.metaculus.com/questions/38337
[2025-06-06 02:15:27] INFO: Prediction: 0.85
[2025-06-06 02:15:27] INFO: Reasoning: (a) The time left until the outcome to the question is known is approximately two weeks, as the week ending June 21, 2025, will be reported shortly after that date.

(b) The status quo outcome if nothing changed would be "Yes," as the current trend shows initial jobless claims consistently above 220,000, with the most recent reading at 247,000 and a rising four-week average of 235,000.

(c) A scenario that results in a "No" outcome could involve a sudden and unexpected improvement in the labor market, leading to a significant decrease in layoffs. This could be driven by positive economic news, such as a major policy announcement that boosts business confidence, leading to increased hiring and reduced layoffs. Additionally, seasonal factors or temporary hiring surges in certain industries could contribute to a drop in claims below the 220,000 threshold.

(d) A scenario that results in a "Yes" outcome would involve the continuation of the current upward trend in initial jobless claims. This could be due to ongoing economic challenges, such as a slowdown in economic growth, persistent inflationary pressures, or sector-specific issues leading to layoffs. Additionally, if the broader economic environment remains uncertain, businesses might continue to exercise caution by reducing their workforce, keeping claims above the 220,000 level.

Rationale: Given the current data and trends, the status quo outcome suggests that initial jobless claims are likely to remain above 220,000. The recent increase to 247,000 and the rising four-week average indicate a persistent upward trend. While unexpected positive developments could alter this trajectory, the short time frame and current economic conditions suggest that significant changes are unlikely. Therefore, the status quo outcome should be given extra weight.

Final Answer: Probability: 85%
[2025-06-06 02:15:27] INFO: === Run Summary ===
[2025-06-06 02:15:27] INFO: Total questions: 1
[2025-06-06 02:15:27] INFO: Successful research: 1
[2025-06-06 02:15:27] INFO: Failed research: 0
[2025-06-06 02:15:27] INFO: Success rate: 100.00%
