[2025-05-19 18:01:18] INFO: === Starting new forecast run (Run #1788) ===
[2025-05-19 18:01:18] INFO: Environment: GitHub Actions
[2025-05-19 18:01:18] INFO: Repository: agsheves/decis-metaculus-bot1
[2025-05-19 18:01:18] INFO: Workflow: Forecast on new AI tournament questions
[2025-05-19 18:01:18] INFO: Commit: a0e7cc366cc84bfab610540282815c4d78ed9b09
[2025-05-19 18:01:18] INFO: === Question 1 ===
[2025-05-19 18:01:18] INFO: URL: https://www.metaculus.com/questions/37798
[2025-05-19 18:01:18] INFO: Text: Will the LA Dodgers have the highest winning percentage in the MLB on June 15, 2025?
[2025-05-19 18:01:30] INFO: Research: Perplexity succeeded for https://www.metaculus.com/questions/37798
[2025-05-19 18:01:37] INFO: === Forecast Result ===
[2025-05-19 18:01:37] INFO: URL: https://www.metaculus.com/questions/37798
[2025-05-19 18:01:37] INFO: Prediction: 0.6
[2025-05-19 18:01:37] INFO: Reasoning: (a) The time left until the outcome to the question is known is approximately 27 days, as today is May 19, 2025, and the outcome will be determined on June 15, 2025.

(b) The status quo outcome if nothing changed would be that the Los Angeles Dodgers maintain their current winning percentage of .617. However, without information on other MLB teams' standings, we cannot definitively say they have the highest winning percentage in the MLB. Thus, the status quo outcome is uncertain but leans towards a competitive position.

(c) A scenario that results in a No outcome would involve another MLB team, currently or in the future, having a higher winning percentage than the Dodgers by June 15, 2025. This could happen if a team like the San Diego Padres, San Francisco Giants, or another team from a different division goes on a winning streak, surpassing the Dodgers' winning percentage.

(d) A scenario that results in a Yes outcome would involve the Dodgers maintaining or improving their current performance while other competitive teams either maintain or decrease their winning percentages. This could occur if the Dodgers go on a winning streak and other teams face losses, ensuring the Dodgers have the highest winning percentage by June 15, 2025.

Given the current information, the Dodgers are performing well, but without complete standings, it's challenging to determine if they are the best in the MLB. However, considering their strong position and the tendency for standings to change slowly, the Dodgers have a reasonable chance of maintaining or improving their standing.

Probability: 60%
[2025-05-19 18:01:37] INFO: === Forecast Result ===
[2025-05-19 18:01:37] INFO: URL: https://www.metaculus.com/questions/37798
[2025-05-19 18:01:37] INFO: Prediction: 0.6
[2025-05-19 18:01:37] INFO: Reasoning: (a) The time left until the outcome to the question is known is approximately 27 days, as today is May 19, 2025, and the outcome will be determined on or after June 15, 2025.

(b) The status quo outcome, if nothing changed, would be that the Los Angeles Dodgers have the highest winning percentage in the MLB, as they currently have a winning percentage of .617 and are leading their division.

(c) A scenario that results in a No outcome could involve another MLB team, such as the Tampa Bay Rays or the New York Yankees, currently having a higher winning percentage than the Dodgers or going on a winning streak over the next month, surpassing the Dodgers' winning percentage by June 15, 2025.

(d) A scenario that results in a Yes outcome would involve the Dodgers maintaining or improving their current winning percentage while other teams either maintain a lower winning percentage or experience losses that prevent them from surpassing the Dodgers by June 15, 2025.

Rationale: Given the Dodgers' current strong performance and their position at the top of their division, they have a solid chance of maintaining their lead. However, the MLB season is dynamic, and other teams could potentially outperform them over the next few weeks. The status quo suggests the Dodgers are in a favorable position, but the uncertainty of other teams' performances and the competitive nature of MLB means there is still a significant chance of a different outcome.

Final Answer: Probability: 60%
[2025-05-19 18:01:37] INFO: === Forecast Result ===
[2025-05-19 18:01:37] INFO: URL: https://www.metaculus.com/questions/37798
[2025-05-19 18:01:37] INFO: Prediction: 0.6
[2025-05-19 18:01:37] INFO: Reasoning: (a) The time left until the outcome to the question is known is approximately 27 days, from May 19, 2025, to June 15, 2025.

(b) The status quo outcome if nothing changed is that the Los Angeles Dodgers have the highest winning percentage in the MLB, as they currently have a winning percentage of .617, which is leading their division. However, without full MLB standings, it's unclear if this is the highest across all teams.

(c) A brief description of a scenario that results in a No outcome: The Dodgers could experience a slump in performance, losing several games over the next month, which would lower their winning percentage. Meanwhile, another team, such as the San Diego Padres or a team from another division, could go on a winning streak, surpassing the Dodgers' winning percentage by June 15, 2025.

(d) A brief description of a scenario that results in a Yes outcome: The Dodgers continue to perform well, maintaining or improving their current winning percentage. Meanwhile, other teams in contention, such as the Padres or Giants, either maintain their current pace or experience setbacks, allowing the Dodgers to have the highest winning percentage in the MLB by June 15, 2025.

Rationale: Given the Dodgers' current strong performance and their position at the top of their division, they are in a favorable position. However, the uncertainty about other teams' standings and the potential for changes in team performance over the next month introduces risk. The status quo suggests a favorable outcome for the Dodgers, but the lack of complete standings data means there could be a team with a higher winning percentage. Nonetheless, the Dodgers' current form and historical performance suggest they are likely to remain competitive.

Final Answer: "Probability: 60%"
[2025-05-19 18:01:38] INFO: === Forecast Result ===
[2025-05-19 18:01:38] INFO: URL: https://www.metaculus.com/questions/37798
[2025-05-19 18:01:38] INFO: Prediction: 0.6
[2025-05-19 18:01:38] INFO: Reasoning: (a) The time left until the outcome to the question is known is approximately 27 days, as today is May 19, 2025, and the resolution date is June 15, 2025.

(b) The status quo outcome if nothing changed would be that the Dodgers have a winning percentage of .617, which is currently leading their division. However, without complete standings for all MLB teams, we cannot definitively say if this is the highest in the MLB. If no other team surpasses this winning percentage by June 15, the Dodgers would have the highest winning percentage.

(c) A scenario that results in a No outcome: Another MLB team, such as the Tampa Bay Rays or the Atlanta Braves, could have a strong winning streak over the next month and surpass the Dodgers' winning percentage. Additionally, the Dodgers could experience a losing streak, lowering their winning percentage below that of other teams.

(d) A scenario that results in a Yes outcome: The Dodgers continue their strong performance and maintain or improve their winning percentage, while other contending teams like the Padres or Giants do not surpass their current record. Additionally, no other team in the MLB manages to achieve a higher winning percentage by June 15, 2025.

Rationale: Given the Dodgers' current strong position and the fact that they are leading their division, they are in a favorable position. However, without complete standings, it's challenging to determine if they have the highest winning percentage in the MLB. The status quo suggests they are performing well, but the MLB season is dynamic, and other teams could outperform them in the next month. Considering the uncertainty and potential for change, I will weigh the status quo but also account for the possibility of other teams improving.

Final Answer: "Probability: 60%"
[2025-05-19 18:01:38] INFO: === Forecast Result ===
[2025-05-19 18:01:38] INFO: URL: https://www.metaculus.com/questions/37798
[2025-05-19 18:01:38] INFO: Prediction: 0.6
[2025-05-19 18:01:38] INFO: Reasoning: (a) The time left until the outcome to the question is known is approximately 27 days, from May 19, 2025, to June 15, 2025.

(b) The status quo outcome if nothing changed would be that the Dodgers maintain their current winning percentage of .617, which is currently the highest known winning percentage in their division. However, without complete information on all MLB teams, it's unclear if this is the highest in the entire league.

(c) A scenario that results in a No outcome could involve another MLB team, such as the Tampa Bay Rays or the Atlanta Braves, having a winning percentage higher than .617 by June 15, 2025. This could happen if these teams go on a winning streak while the Dodgers either maintain or drop their current winning percentage due to losses.

(d) A scenario that results in a Yes outcome would involve the Dodgers continuing to win games at a similar or better rate, potentially increasing their winning percentage. Simultaneously, other contending teams would need to maintain or decrease their winning percentages due to losses, ensuring that no team surpasses the Dodgers' winning percentage by June 15, 2025.

Rationale: Given the Dodgers' current strong performance and their position at the top of their division, they are in a favorable position. However, without complete information on other teams' standings, it's difficult to definitively say they will have the highest winning percentage in the entire MLB. The status quo suggests they are doing well, but the MLB is competitive, and changes can occur rapidly. Therefore, while the Dodgers have a good chance, the uncertainty about other teams' performances and the remaining games means we should be cautious in our probability estimate.

Final answer: "Probability: 60%"
[2025-05-19 18:01:38] INFO: === Run Summary ===
[2025-05-19 18:01:39] INFO: Total questions: 1
[2025-05-19 18:01:39] INFO: Successful research: 1
[2025-05-19 18:01:39] INFO: Failed research: 0
[2025-05-19 18:01:39] INFO: Success rate: 100.00%
