[2025-05-19 04:05:45] INFO: === Starting new forecast run (Run #1760) ===
[2025-05-19 04:05:45] INFO: Environment: GitHub Actions
[2025-05-19 04:05:45] INFO: Repository: agsheves/decis-metaculus-bot1
[2025-05-19 04:05:45] INFO: Workflow: Forecast on new AI tournament questions
[2025-05-19 04:05:45] INFO: Commit: d3d00048411b0dc2b88f13eac7f12ed5f707939f
[2025-05-19 04:05:45] INFO: === Question 1 ===
[2025-05-19 04:05:45] INFO: URL: https://www.metaculus.com/questions/37793
[2025-05-19 04:05:45] INFO: Text: What will be the reported value of the S&P/Case-Shiller US National Home Price Index for March 2025?
[2025-05-19 04:05:56] WARNING: Research: Perplexity failed for https://www.metaculus.com/questions/37793
[2025-05-19 04:05:56] WARNING: Error details: Empty or invalid response
[2025-05-19 04:06:00] INFO: === Forecast Result ===
[2025-05-19 04:06:00] INFO: URL: https://www.metaculus.com/questions/37793
[2025-05-19 04:06:00] INFO: Prediction: predicted_options=[PredictedOption(option_name='≤323', probability=0.09999999999999998), PredictedOption(option_name='>323 and <325', probability=0.19999999999999996), PredictedOption(option_name='≥325 and ≤327', probability=0.3999999999999999), PredictedOption(option_name='>327 and <329', probability=0.19999999999999996), PredictedOption(option_name='≥329', probability=0.1000000000000002)]
[2025-05-19 04:06:00] INFO: Reasoning: (a) The time left until the outcome to the question is known is very short, as today is May 19, 2025, and the data for March 2025 should be reported soon, if not already available.

(b) The status quo outcome if nothing changed would be based on the most recent data available prior to March 2025. If the trend in the S&P/Case-Shiller US National Home Price Index has been stable or following a predictable pattern, the status quo outcome would align with this trend.

(c) A scenario that results in an unexpected outcome could involve a sudden economic shock or policy change that significantly impacts the housing market. For example, a rapid increase in interest rates, a major geopolitical event, or a significant change in housing policy could lead to a sharp decline or increase in home prices, deviating from the expected trend.

Rationale:
Given the proximity to the reporting date, the most recent data and trends should heavily influence the forecast. Historical data and trends suggest that the index changes gradually over time, so the status quo outcome should carry significant weight. However, it's important to consider the possibility of unexpected events that could cause deviations from the trend.

Final probabilities:
Option_≤323: 10%
Option_>323 and <325: 20%
Option_≥325 and ≤327: 40%
Option_>327 and <329: 20%
Option_≥329: 10%
[2025-05-19 04:06:00] INFO: === Forecast Result ===
[2025-05-19 04:06:00] INFO: URL: https://www.metaculus.com/questions/37793
[2025-05-19 04:06:00] INFO: Prediction: predicted_options=[PredictedOption(option_name='≤323', probability=0.05), PredictedOption(option_name='>323 and <325', probability=0.15), PredictedOption(option_name='≥325 and ≤327', probability=0.4), PredictedOption(option_name='>327 and <329', probability=0.25), PredictedOption(option_name='≥329', probability=0.15)]
[2025-05-19 04:06:00] INFO: Reasoning: (a) The time left until the outcome to the question is known is very short, as the data for March 2025 is likely to be reported soon, given that today is May 19, 2025.

(b) The status quo outcome if nothing changed would be based on the most recent trend in the S&P/Case-Shiller US National Home Price Index. If recent data shows a stable or slightly increasing trend, the status quo would likely be within the range of recent values. Assuming the index has been increasing gradually, the status quo might fall in the middle range of the given options.

(c) A scenario that results in an unexpected outcome could involve a sudden economic shock or policy change. For example, if there were a significant economic downturn or a major shift in housing policy that affected home prices dramatically, the index could deviate from its recent trend. Alternatively, an unexpected surge in demand due to demographic changes or a reduction in housing supply could push prices higher than anticipated.

Given these considerations, I would assign probabilities to the options as follows, taking into account the status quo, the possibility of unexpected events, and the general tendency for gradual change:

Option_≤323: Probability_5%
Option_>323 and <325: Probability_15%
Option_≥325 and ≤327: Probability_40%
Option_>327 and <329: Probability_25%
Option_≥329: Probability_15%
[2025-05-19 04:06:02] INFO: === Forecast Result ===
[2025-05-19 04:06:02] INFO: URL: https://www.metaculus.com/questions/37793
[2025-05-19 04:06:02] INFO: Prediction: predicted_options=[PredictedOption(option_name='≤323', probability=0.05), PredictedOption(option_name='>323 and <325', probability=0.15), PredictedOption(option_name='≥325 and ≤327', probability=0.4), PredictedOption(option_name='>327 and <329', probability=0.25), PredictedOption(option_name='≥329', probability=0.15)]
[2025-05-19 04:06:02] INFO: Reasoning: (a) The time left until the outcome to the question is known is minimal, as today is May 19, 2025, and the data for March 2025 should be released soon, if not already available.

(b) The status quo outcome if nothing changed would be based on the most recent trends and data available for the S&P/Case-Shiller US National Home Price Index. As of the latest data prior to March 2025, if the index has been steadily increasing or maintaining a certain level, the status quo would reflect that trend continuing.

(c) An unexpected outcome could occur if there were a significant economic event, such as a sudden recession, a major policy change affecting the housing market, or an unexpected shift in interest rates. These factors could lead to a rapid change in home prices, either upward or downward, deviating from the expected trend.

Rationale:
1. Historical trends and recent data are crucial in determining the status quo. If the index has been on an upward trajectory, it is reasonable to expect it to continue unless there is a significant disruptive event.
2. The housing market is influenced by various factors, including interest rates, economic growth, and consumer confidence. Changes in these factors can lead to deviations from expected trends.
3. While the status quo is a strong indicator, it is important to account for unexpected events that could impact the housing market.

Final probabilities:
Option_≤323: 5%
Option_>323 and <325: 15%
Option_≥325 and ≤327: 40%
Option_>327 and <329: 25%
Option_≥329: 15%
[2025-05-19 04:06:02] INFO: === Forecast Result ===
[2025-05-19 04:06:02] INFO: URL: https://www.metaculus.com/questions/37793
[2025-05-19 04:06:02] INFO: Prediction: predicted_options=[PredictedOption(option_name='≤323', probability=0.05), PredictedOption(option_name='>323 and <325', probability=0.15), PredictedOption(option_name='≥325 and ≤327', probability=0.4), PredictedOption(option_name='>327 and <329', probability=0.25), PredictedOption(option_name='≥329', probability=0.15)]
[2025-05-19 04:06:02] INFO: Reasoning: (a) The time left until the outcome to the question is known is minimal, as today is May 19, 2025, and the data for March 2025 should be released soon. Typically, the S&P/Case-Shiller Home Price Index data is released with a two-month lag, so the March 2025 data should be available by the end of May 2025.

(b) The status quo outcome if nothing changed would be based on the most recent trend in the S&P/Case-Shiller US National Home Price Index. If the index has been showing a steady increase or decrease, the status quo would be an extension of that trend. Assuming the index has been relatively stable or following a predictable pattern, the most likely outcome would be in the range that aligns with the recent data points.

(c) A scenario that results in an unexpected outcome could involve a sudden economic shock or policy change that drastically affects the housing market. For example, if there were a significant interest rate hike by the Federal Reserve, it could lead to a rapid cooling of the housing market, causing home prices to stagnate or even decline. Alternatively, a major fiscal stimulus or a sudden surge in demand due to demographic shifts could unexpectedly boost home prices.

Given these considerations, I will assign probabilities to each option, taking into account the status quo, potential trends, and the possibility of unexpected events:

- Option_≤323: Probability_5% (unlikely unless there is a significant market downturn)
- Option_>323 and <325: Probability_15% (possible if there is a slight decrease or stabilization)
- Option_≥325 and ≤327: Probability_40% (most likely if the trend continues without major disruptions)
- Option_>327 and <329: Probability_25% (possible if there is a moderate increase in home prices)
- Option_≥329: Probability_15% (possible if there is a strong upward trend or unexpected demand surge)

These probabilities reflect a balance between the status quo and the potential for unexpected changes in the housing market.
[2025-05-19 04:06:03] INFO: === Forecast Result ===
[2025-05-19 04:06:03] INFO: URL: https://www.metaculus.com/questions/37793
[2025-05-19 04:06:03] INFO: Prediction: predicted_options=[PredictedOption(option_name='≤323', probability=0.05), PredictedOption(option_name='>323 and <325', probability=0.15), PredictedOption(option_name='≥325 and ≤327', probability=0.4), PredictedOption(option_name='>327 and <329', probability=0.25), PredictedOption(option_name='≥329', probability=0.15)]
[2025-05-19 04:06:03] INFO: Reasoning: (a) The time left until the outcome to the question is known is very short, as the date is 2025-05-19 and the data for March 2025 is likely to be released soon, if not already available.

(b) The status quo outcome is the most likely scenario based on the latest available data. This involves analyzing recent trends in the S&P/Case-Shiller US National Home Price Index and projecting them forward to March 2025. If the index has been stable or following a predictable trend, the status quo outcome would reflect this continuation.

(c) An unexpected outcome could occur due to a sudden economic event or policy change that significantly impacts the housing market. For example, an unexpected interest rate hike by the Federal Reserve could lead to a rapid cooling of the housing market, causing home prices to stagnate or decline. Conversely, a sudden surge in demand due to demographic shifts or a new government housing initiative could drive prices up unexpectedly.

Rationale:
1. **Status Quo Analysis**: Given the proximity to the release of the March 2025 data, the most recent trends in the index are crucial. If the index has been steadily increasing, it is reasonable to expect this trend to continue unless there is evidence to suggest otherwise.

2. **Historical Context**: Historically, the housing market tends to move slowly, with prices generally increasing over time due to factors like inflation, population growth, and limited housing supply. This historical context supports the likelihood of a continued increase in the index.

3. **Economic Indicators**: Current economic indicators such as employment rates, interest rates, and consumer confidence should be considered. If these indicators are stable or improving, they would support a stable or increasing housing market.

4. **Unexpected Events**: While the probability of unexpected events is generally lower, it is important to account for them. Economic shocks, natural disasters, or major policy changes can have significant impacts on the housing market.

Final Probabilities:
- Option_≤323: 5% (Low probability due to historical trends and current economic indicators)
- Option_>323 and <325: 15% (Possible if there is a slight cooling in the market)
- Option_≥325 and ≤327: 40% (Most likely scenario based on recent trends and status quo)
- Option_>327 and <329: 25% (Possible if the market continues to heat up slightly)
- Option_≥329: 15% (Less likely but possible with unexpected market acceleration)
[2025-05-19 04:06:04] INFO: === Run Summary ===
[2025-05-19 04:06:04] INFO: Total questions: 1
[2025-05-19 04:06:04] INFO: Successful research: 0
[2025-05-19 04:06:04] INFO: Failed research: 1
[2025-05-19 04:06:04] INFO: Success rate: 0.00%
