[2025-05-23 12:01:29] INFO: === Starting new forecast run (Run #1964) ===
[2025-05-23 12:01:29] INFO: Environment: GitHub Actions
[2025-05-23 12:01:29] INFO: Repository: agsheves/decis-metaculus-bot1
[2025-05-23 12:01:29] INFO: Workflow: Forecast on new AI tournament questions
[2025-05-23 12:01:29] INFO: Commit: 82639be2a5536d276830072a83329f7ea10e4946
[2025-05-23 12:01:29] INFO: === Question 1 ===
[2025-05-23 12:01:29] INFO: URL: https://www.metaculus.com/questions/37840
[2025-05-23 12:01:29] INFO: Text: Which agency will Doge's Agency Efficiency Leaderboard have ranked #1 in Most Total Savings on July 1, 2025?
[2025-05-23 12:01:38] INFO: Research: Perplexity succeeded for https://www.metaculus.com/questions/37840
[2025-05-23 12:01:42] INFO: === Forecast Result ===
[2025-05-23 12:01:42] INFO: URL: https://www.metaculus.com/questions/37840
[2025-05-23 12:01:42] INFO: Prediction: predicted_options=[PredictedOption(option_name='Department of Health and Human Services', probability=0.05), PredictedOption(option_name='General Services Administration', probability=0.2), PredictedOption(option_name='Department of Education', probability=0.6), PredictedOption(option_name='Someone else', probability=0.15)]
[2025-05-23 12:01:42] INFO: Reasoning: (a) The time left until the outcome to the question is known is approximately 1 month and 8 days, as today is May 23, 2025, and the outcome will be determined on July 1, 2025.

(b) The status quo outcome, if nothing changed, would be that the Department of Education remains ranked #1 in the "Most Savings" category on DOGE's Agency Efficiency Leaderboard. As of the last update in February 2025, the Department of Education was leading, and there have been no updates indicating a change in the rankings since then.

(c) A scenario that results in an unexpected outcome could involve a sudden and significant cost-saving initiative by another agency, such as the General Services Administration or the Environmental Protection Agency. For example, if the General Services Administration were to implement a large-scale asset sale or renegotiate major contracts resulting in substantial savings, it could potentially overtake the Department of Education in the rankings. Additionally, unforeseen events, such as new regulations or government directives aimed at specific agencies, could lead to rapid changes in savings and rankings.

Given the information and the tendency for the status quo to persist, my final probabilities are as follows:

- Department of Health and Human Services: 5%
- General Services Administration: 20%
- Department of Education: 60%
- Someone else: 15%
[2025-05-23 12:01:43] INFO: === Forecast Result ===
[2025-05-23 12:01:43] INFO: URL: https://www.metaculus.com/questions/37840
[2025-05-23 12:01:43] INFO: Prediction: predicted_options=[PredictedOption(option_name='Department of Health and Human Services', probability=0.05), PredictedOption(option_name='General Services Administration', probability=0.2), PredictedOption(option_name='Department of Education', probability=0.6), PredictedOption(option_name='Someone else', probability=0.15)]
[2025-05-23 12:01:43] INFO: Reasoning: (a) The time left until the outcome to the question is known is approximately 1 month and 8 days, as today is May 23, 2025, and the outcome will be known on July 1, 2025.

(b) The status quo outcome if nothing changed would be the Department of Education (ED) maintaining its #1 position in the "Most Savings" category on DOGE's Agency Efficiency Leaderboard. As of the last update in February 2025, ED was ranked #1, and there have been no updates indicating a change in rankings since then.

(c) A scenario that results in an unexpected outcome could involve a significant policy shift or initiative by another agency that dramatically increases their cost savings. For example, the General Services Administration (GSA) could implement a new, highly effective cost-cutting program or renegotiate major contracts, propelling them to the #1 position. Alternatively, an agency not currently in the top five, such as the Department of Health and Human Services (HHS), could unveil a major fraud detection initiative that results in substantial savings, leading to a surprise leap to the top of the leaderboard.

Considering the above points, I will assign probabilities to each option, keeping in mind the importance of the status quo and the potential for unexpected outcomes:

- Department of Health and Human Services: 5%
- General Services Administration: 20%
- Department of Education: 60%
- Someone else: 15%
[2025-05-23 12:01:43] INFO: === Forecast Result ===
[2025-05-23 12:01:43] INFO: URL: https://www.metaculus.com/questions/37840
[2025-05-23 12:01:43] INFO: Prediction: predicted_options=[PredictedOption(option_name='Department of Health and Human Services', probability=0.05), PredictedOption(option_name='General Services Administration', probability=0.2), PredictedOption(option_name='Department of Education', probability=0.6), PredictedOption(option_name='Someone else', probability=0.15)]
[2025-05-23 12:01:43] INFO: Reasoning: (a) The time left until the outcome to the question is known is approximately 39 days, as today is May 23, 2025, and the outcome will be known on July 1, 2025.

(b) The status quo outcome if nothing changed would be that the Department of Education remains ranked #1 in the "Most Total Savings" category on DOGE's Agency Efficiency Leaderboard, as they were the top-ranked agency as of February 25, 2025.

(c) A scenario that results in an unexpected outcome could involve a significant new initiative or policy change by another agency, such as the General Services Administration or the Department of Health and Human Services, leading to a rapid increase in their cost-saving measures. For example, if the General Services Administration were to implement a large-scale asset sale or renegotiate major contracts, they could potentially overtake the Department of Education in the rankings. Additionally, unforeseen events such as a major fraud detection success or regulatory change could also shift the rankings unexpectedly.

Given the information available, the Department of Education is the current leader, and the world tends to change slowly, so it is reasonable to assign a higher probability to them maintaining their position. However, it is also prudent to leave some probability for other agencies, particularly the General Services Administration, which is currently ranked second, and for the possibility of an unexpected agency taking the lead.

Final probabilities:
- Department of Health and Human Services: 5%
- General Services Administration: 20%
- Department of Education: 60%
- Someone else: 15%
[2025-05-23 12:01:45] INFO: === Forecast Result ===
[2025-05-23 12:01:45] INFO: URL: https://www.metaculus.com/questions/37840
[2025-05-23 12:01:45] INFO: Prediction: predicted_options=[PredictedOption(option_name='Department of Health and Human Services', probability=0.05), PredictedOption(option_name='General Services Administration', probability=0.2), PredictedOption(option_name='Department of Education', probability=0.6), PredictedOption(option_name='Someone else', probability=0.15)]
[2025-05-23 12:01:45] INFO: Reasoning: (a) The time left until the outcome to the question is known is approximately 39 days, as today is May 23, 2025, and the outcome will be known on July 1, 2025.

(b) The status quo outcome if nothing changed is that the Department of Education (ED) remains ranked #1 on the Agency Efficiency Leaderboard. As of the last available data from February 2025, ED was leading in the "Most Savings" category.

(c) A scenario that results in an unexpected outcome could involve a significant policy change or initiative by another agency that leads to substantial cost savings. For example, the General Services Administration (GSA), currently ranked second, could implement a major efficiency program or renegotiate large contracts, propelling it to the top spot. Alternatively, an agency not currently in the top five, such as the Department of Health and Human Services (HHS), could uncover a large-scale fraud or inefficiency, resulting in significant savings and a leap to the #1 position.

Rationale:
1. **Status Quo Bias**: Given that the Department of Education is currently ranked #1 and there have been no updates indicating a change, it is reasonable to assign a higher probability to ED maintaining its position. The world often changes slowly, and without evidence of a shift, the status quo is a strong contender.

2. **Potential for Change**: While the status quo is a strong predictor, the possibility of change should not be ignored. Agencies like the GSA, which are already close to the top, have the potential to overtake ED with new initiatives or efficiencies. Additionally, unforeseen events can lead to significant savings for other agencies.

3. **Unexpected Outcomes**: There is always a chance that an agency not currently in the top rankings could make a significant leap due to unexpected developments. This possibility, while less likely, should be accounted for in the probabilities.

Final Probabilities:
- Department of Health and Human Services: 5%
- General Services Administration: 20%
- Department of Education: 60%
- Someone else: 15%
[2025-05-23 12:01:45] INFO: === Forecast Result ===
[2025-05-23 12:01:45] INFO: URL: https://www.metaculus.com/questions/37840
[2025-05-23 12:01:45] INFO: Prediction: predicted_options=[PredictedOption(option_name='Department of Health and Human Services', probability=0.05), PredictedOption(option_name='General Services Administration', probability=0.2), PredictedOption(option_name='Department of Education', probability=0.6), PredictedOption(option_name='Someone else', probability=0.15)]
[2025-05-23 12:01:45] INFO: Reasoning: (a) The time left until the outcome to the question is known is approximately 39 days, as today is May 23, 2025, and the outcome will be known on July 1, 2025.

(b) The status quo outcome if nothing changed would be the Department of Education (ED) maintaining its #1 position in the "Most Savings" category on DOGE's Agency Efficiency Leaderboard. As of the last known update in February 2025, ED was ranked first, and there have been no updates indicating a change in the rankings since then.

(c) A scenario that results in an unexpected outcome could involve the General Services Administration (GSA) implementing a significant cost-saving initiative that propels them to the #1 position. This could include large-scale contract renegotiations or asset sales that significantly boost their savings figures. Alternatively, another agency not currently in the top three, such as the Environmental Protection Agency (EPA) or the Department of Labor (DOL), could undertake a major efficiency campaign that results in substantial savings, leading to a "Someone else" outcome.

Rationale:
1. **Status Quo Bias**: Given that the Department of Education is currently ranked #1 and there have been no updates indicating a change, it is reasonable to assign a higher probability to ED maintaining its position. The world often changes slowly, and without new information, the status quo is a strong predictor.

2. **Potential for Change**: While the status quo is a strong predictor, the possibility of change cannot be ignored. Agencies like the GSA, which are already ranked second, could feasibly overtake ED with significant new initiatives. Additionally, unexpected developments in other agencies could lead to a "Someone else" outcome.

3. **Uncertainty and Variability**: Given the nature of government operations and the potential for unforeseen events or policy changes, it is prudent to leave some probability for unexpected outcomes.

Final probabilities:
- Department of Health and Human Services: 5%
- General Services Administration: 20%
- Department of Education: 60%
- Someone else: 15%
[2025-05-23 12:01:45] INFO: === Run Summary ===
[2025-05-23 12:01:45] INFO: Total questions: 1
[2025-05-23 12:01:45] INFO: Successful research: 1
[2025-05-23 12:01:45] INFO: Failed research: 0
[2025-05-23 12:01:45] INFO: Success rate: 100.00%
