[2025-05-16 06:01:19] INFO: === Starting new forecast run (Run #1623) ===
[2025-05-16 06:01:19] INFO: Environment: GitHub Actions
[2025-05-16 06:01:19] INFO: Repository: agsheves/decis-metaculus-bot1
[2025-05-16 06:01:19] INFO: Workflow: Forecast on new AI tournament questions
[2025-05-16 06:01:19] INFO: Commit: 39fd108273e4de982ba6bd248c31058493d5cfaa
[2025-05-16 06:01:20] INFO: === Question 1 ===
[2025-05-16 06:01:20] INFO: URL: https://www.metaculus.com/questions/37658
[2025-05-16 06:01:20] INFO: Text: Will the US Steel/Nippon Steel merger collapse before July 1, 2025?
[2025-05-16 06:01:35] INFO: Research: Perplexity succeeded for https://www.metaculus.com/questions/37658
[2025-05-16 06:01:48] INFO: === Forecast Result ===
[2025-05-16 06:01:48] INFO: URL: https://www.metaculus.com/questions/37658
[2025-05-16 06:01:48] INFO: Prediction: 0.6
[2025-05-16 06:01:48] INFO: Reasoning: (a) The time left until the outcome to the question is known is approximately 1.5 months, as the critical deadline is June 18, 2025, and the question resolves by July 1, 2025.

(b) The status quo outcome if nothing changed would be No, as the merger has not yet collapsed and both companies are actively pursuing legal and political avenues to complete the deal.

(c) A scenario that results in a No outcome: The court rules in favor of Nippon Steel and U.S. Steel, overturning the Biden administration's block before June 18, 2025. This allows the companies to proceed with the merger, and no SEC Form 8-K announcing termination is filed before July 1, 2025.

(d) A scenario that results in a Yes outcome: The court upholds the Biden administration's block, requiring the companies to abandon the transaction by June 18, 2025. Subsequently, either U.S. Steel or Nippon Steel files an SEC Form 8-K announcing the merger agreement's termination or abandonment before July 1, 2025.

Given the current situation, the merger faces significant regulatory and political challenges, with a high risk of collapse. However, the status quo is that the merger is still alive, and the companies are actively pursuing legal remedies. Historically, the status quo tends to persist unless there is a significant catalyst for change. Therefore, while there is a notable risk of the merger collapsing, the probability of it happening before July 1, 2025, should be weighed against the likelihood of the status quo holding.

Probability: 60%
[2025-05-16 06:01:48] INFO: === Forecast Result ===
[2025-05-16 06:01:48] INFO: URL: https://www.metaculus.com/questions/37658
[2025-05-16 06:01:48] INFO: Prediction: 0.6
[2025-05-16 06:01:48] INFO: Reasoning: (a) The time left until the outcome to the question is known is approximately 1.5 months, with a critical deadline on June 18, 2025, when the Biden administration's block is set to take effect unless overturned by the courts.

(b) The status quo outcome if nothing changed would be a No, as the merger has not yet collapsed and both companies are actively pursuing legal and political avenues to complete the deal.

(c) A brief description of a scenario that results in a No outcome: The court rules in favor of Nippon Steel and U.S. Steel, overturning the Biden administration's block before June 18, 2025. This allows the companies to proceed with the merger, and no SEC Form 8-K announcing termination is filed before July 1, 2025.

(d) A brief description of a scenario that results in a Yes outcome: The court upholds the Biden administration's block, and Nippon Steel and U.S. Steel are unable to find a viable alternative structure or compromise. Consequently, they file an SEC Form 8-K announcing the termination or abandonment of the merger agreement before July 1, 2025.

Rationale: Given the significant regulatory and political obstacles, particularly the Biden administration's block and the opposition from key stakeholders, the risk of the merger collapsing is high. However, the companies are actively pursuing legal remedies and negotiations, which suggests they are still committed to the deal. The status quo outcome leans towards a No, as the merger has not yet collapsed. However, the impending court decision and regulatory deadline introduce substantial uncertainty.

Final answer: "Probability: 60%"
[2025-05-16 06:01:49] INFO: === Forecast Result ===
[2025-05-16 06:01:49] INFO: URL: https://www.metaculus.com/questions/37658
[2025-05-16 06:01:49] INFO: Prediction: 0.6
[2025-05-16 06:01:49] INFO: Reasoning: (a) The time left until the outcome to the question is known is approximately 1.5 months, with the critical deadline being June 18, 2025, for a court decision regarding the Biden administration's block on the merger.

(b) The status quo outcome if nothing changed would be a No, as the merger has not yet collapsed and both companies are still actively pursuing the deal through legal and political channels.

(c) A scenario that results in a No outcome would involve the court overturning the Biden administration's block on the merger before June 18, 2025. This would allow Nippon Steel and U.S. Steel to proceed with the acquisition, potentially leading to a finalized merger before July 1, 2025.

(d) A scenario that results in a Yes outcome would involve the court upholding the Biden administration's block, thereby requiring the merger to be abandoned by June 18, 2025. This would lead to an official announcement from either company terminating the merger agreement, satisfying the criteria for the question to resolve as Yes.

Rationale: Given the current status, the merger has not collapsed, and both companies are actively pursuing legal avenues to overturn the block. The status quo outcome is a No, as the merger is technically still alive. However, the risk of collapse is significant due to strong political opposition and the looming regulatory deadline. The court's decision is pivotal, and while the companies are optimistic, the political climate and previous actions suggest a challenging path forward. Despite this, the world often changes slowly, and the status quo outcome should be given extra weight.

Final Answer: "Probability: 60%"
[2025-05-16 06:01:49] INFO: === Forecast Result ===
[2025-05-16 06:01:49] INFO: URL: https://www.metaculus.com/questions/37658
[2025-05-16 06:01:49] INFO: Prediction: 0.6
[2025-05-16 06:01:49] INFO: Reasoning: (a) The time left until the outcome to the question is known is approximately 1.5 months, as the critical deadline is June 18, 2025, and the final resolution date is July 1, 2025.

(b) The status quo outcome if nothing changed is that the merger has not collapsed, as both Nippon Steel and U.S. Steel are actively pursuing the deal through legal and political channels. Therefore, the status quo outcome would resolve as No.

(c) A scenario that results in a No outcome is if the court rules in favor of Nippon Steel and U.S. Steel, overturning the Biden administration's block before June 18, 2025. This would allow the merger to proceed, and no SEC Form 8-K announcing the termination or abandonment would be filed before July 1, 2025.

(d) A scenario that results in a Yes outcome is if the court upholds the Biden administration's block by or before June 18, 2025, leading to the companies being required to abandon the transaction. This would likely result in either U.S. Steel or Nippon Steel filing an SEC Form 8-K announcing the merger agreement's termination or abandonment before July 1, 2025.

Rationale: The current situation is precarious, with significant legal and political challenges facing the merger. However, the companies are actively pursuing legal avenues to overturn the block, and there is still time for a court decision that could allow the merger to proceed. Given the strong political opposition and regulatory hurdles, the risk of collapse is high, but the status quo outcome remains that the merger is still alive. As a forecaster, I must weigh the likelihood of the status quo continuing against the potential for change. While the risk of a Yes outcome is substantial, the status quo outcome of No currently holds more weight.

Final answer: "Probability: 60%"
[2025-05-16 06:01:49] INFO: === Forecast Result ===
[2025-05-16 06:01:49] INFO: URL: https://www.metaculus.com/questions/37658
[2025-05-16 06:01:49] INFO: Prediction: 0.6
[2025-05-16 06:01:49] INFO: Reasoning: (a) The time left until the outcome to the question is known is approximately 1.5 months, as the critical deadline is June 18, 2025, and the final resolution date is July 1, 2025.

(b) The status quo outcome if nothing changed is that the merger would not collapse before July 1, 2025, as both companies are still actively pursuing the deal through legal and political channels.

(c) A brief description of a scenario that results in a No outcome: The court rules in favor of Nippon Steel and U.S. Steel, overturning the Biden administration's block. This allows the merger to proceed, and no SEC Form 8-K announcing the termination or abandonment of the merger is filed before July 1, 2025.

(d) A brief description of a scenario that results in a Yes outcome: The court upholds the Biden administration's block, and as a result, Nippon Steel and U.S. Steel are required to abandon the transaction by June 18, 2025. An SEC Form 8-K announcing the termination or abandonment of the merger is filed before July 1, 2025.

Rationale: Given the current status, the merger has not collapsed, and both companies are actively pursuing legal avenues to overturn the block. The status quo suggests that the merger is still alive, albeit facing significant challenges. Historically, legal processes can be unpredictable, but the fact that both companies are committed to the merger indicates a strong possibility of continuing efforts to resolve the situation favorably. However, the political and regulatory opposition is substantial, and the tight timeline increases the risk of collapse. Despite these challenges, the status quo outcome, where the merger does not collapse before July 1, 2025, should be given extra weight due to the slow nature of change in such complex situations.

Final Answer: "Probability: 60%"
[2025-05-16 06:01:49] INFO: === Run Summary ===
[2025-05-16 06:01:49] INFO: Total questions: 1
[2025-05-16 06:01:49] INFO: Successful research: 1
[2025-05-16 06:01:49] INFO: Failed research: 0
[2025-05-16 06:01:49] INFO: Success rate: 100.00%
