[2025-05-21 00:02:45] INFO: === Starting new forecast run (Run #1847) ===
[2025-05-21 00:02:45] INFO: Environment: GitHub Actions
[2025-05-21 00:02:45] INFO: Repository: agsheves/decis-metaculus-bot1
[2025-05-21 00:02:45] INFO: Workflow: Forecast on new AI tournament questions
[2025-05-21 00:02:45] INFO: Commit: 662f4b628bf5a5e1ee1b524da5a341b0830a5160
[2025-05-21 00:02:45] INFO: === Question 1 ===
[2025-05-21 00:02:45] INFO: URL: https://www.metaculus.com/questions/37811
[2025-05-21 00:02:45] INFO: Text: Will NOAA's Climate.gov still be online on July 1, 2025?
[2025-05-21 00:02:51] INFO: Research: Perplexity succeeded for https://www.metaculus.com/questions/37811
[2025-05-21 00:02:55] INFO: === Forecast Result ===
[2025-05-21 00:02:55] INFO: URL: https://www.metaculus.com/questions/37811
[2025-05-21 00:02:55] INFO: Prediction: 0.95
[2025-05-21 00:02:55] INFO: Reasoning: (a) The time left until the outcome to the question is known is approximately 1 month and 10 days, as the question will be resolved on or after July 1, 2025.

(b) The status quo outcome if nothing changed is that Climate.gov remains online and operational, as it is currently active and regularly updated.

(c) A brief description of a scenario that results in a No outcome: A significant and unforeseen event, such as a major cyberattack, budget cuts, or a policy decision by the government, leads to the shutdown or suspension of Climate.gov. This could involve a change in administration priorities or a reallocation of resources away from public-facing climate information services.

(d) A brief description of a scenario that results in a Yes outcome: Climate.gov continues its current operations without interruption, supported by ongoing NOAA activities and the absence of any announcements or indications of discontinuation. The site remains a key platform for disseminating climate data and forecasts, with regular updates and maintenance ensuring its availability.

Given the current information and the stability of the situation, the status quo outcome is heavily favored. The site is actively maintained, and there are no indications of potential disruptions. Therefore, the probability that Climate.gov will still be online on July 1, 2025, is high.

Probability: 95%
[2025-05-21 00:02:56] INFO: === Forecast Result ===
[2025-05-21 00:02:56] INFO: URL: https://www.metaculus.com/questions/37811
[2025-05-21 00:02:56] INFO: Prediction: 0.95
[2025-05-21 00:02:56] INFO: Reasoning: (a) The time left until the outcome to the question is known is approximately 1 month and 10 days, as the question will be resolved on or after July 1, 2025.

(b) The status quo outcome if nothing changed is that Climate.gov remains online and operational. As of May 2025, the site is actively maintained, regularly updated, and integrated into NOAA's suite of public information services.

(c) A brief description of a scenario that results in a No outcome: A significant and unforeseen event, such as a major cybersecurity breach, a natural disaster affecting NOAA's infrastructure, or a sudden policy change leading to the defunding or restructuring of NOAA's online resources, could result in Climate.gov going offline. However, there are currently no indications of such events occurring.

(d) A brief description of a scenario that results in a Yes outcome: The current trajectory continues, with NOAA maintaining its commitment to providing public access to climate data and forecasts. Climate.gov remains an essential platform for disseminating this information, and no significant disruptions occur in its operations or funding.

Rationale: Given the current status of Climate.gov as an active and integral part of NOAA's public information services, and the absence of any indications of impending shutdowns or disruptions, the status quo strongly suggests that the site will remain online. The world changes slowly most of the time, and there are no current threats or changes in policy that would suggest a deviation from this trajectory.

Final Answer: Probability: 95%
[2025-05-21 00:02:57] INFO: === Forecast Result ===
[2025-05-21 00:02:57] INFO: URL: https://www.metaculus.com/questions/37811
[2025-05-21 00:02:57] INFO: Prediction: 0.95
[2025-05-21 00:02:57] INFO: Reasoning: (a) The time left until the outcome to the question is known is approximately 1 month and 10 days, as the resolution will occur on or after July 1, 2025.

(b) The status quo outcome, if nothing changed, is that Climate.gov will remain online. The site is currently operational, actively updated, and integrated into NOAA's broader web infrastructure.

(c) A scenario that results in a No outcome could involve a significant policy shift or budget cut that leads to the discontinuation of Climate.gov. This might occur if there were a sudden change in government priorities or funding allocations that specifically target NOAA's online resources. Alternatively, a major cyberattack or technical failure could temporarily or permanently take the site offline.

(d) A scenario that results in a Yes outcome involves the continuation of current operations and maintenance of Climate.gov. This would include ongoing updates and content publication, as well as continued integration with NOAA's other services and resources. The absence of any significant disruptions or policy changes would support this outcome.

Rationale: Given the current status and recent updates indicating active maintenance and use of Climate.gov, the likelihood of it remaining online is high. The absence of any indications of impending shutdowns or significant changes further supports the status quo outcome. While unforeseen events could occur, the probability of such events within the next month is relatively low.

Final answer: "Probability: 95%"
[2025-05-21 00:02:57] INFO: === Forecast Result ===
[2025-05-21 00:02:57] INFO: URL: https://www.metaculus.com/questions/37811
[2025-05-21 00:02:57] INFO: Prediction: 0.95
[2025-05-21 00:02:57] INFO: Reasoning: (a) The time left until the outcome to the question is known is approximately 1 month and 10 days, as the resolution date is July 1, 2025.

(b) The status quo outcome if nothing changed is that Climate.gov remains online and operational, as it is currently active and regularly updated with no indications of discontinuation.

(c) A brief description of a scenario that results in a No outcome: A sudden and unforeseen event, such as a significant cyberattack, major funding cuts, or a drastic policy shift within the government, leads to the shutdown or temporary unavailability of Climate.gov. This could occur if there were a change in administration priorities or an emergency that required reallocating resources away from maintaining the site.

(d) A brief description of a scenario that results in a Yes outcome: The current operations continue smoothly, with NOAA maintaining its commitment to providing climate information to the public. The site remains online, regularly updated, and accessible as it has been, with no major disruptions or policy changes affecting its availability.

Rationale: Given the current information, the status quo strongly suggests that Climate.gov will remain online. The site is actively maintained, and there are no indications of any impending shutdowns or disruptions. Historically, government websites, especially those related to climate data and public information, tend to remain stable unless there is a significant external factor causing change. Therefore, the probability of the site being online on July 1, 2025, is high.

Final answer: "Probability: 95%"
[2025-05-21 00:02:57] INFO: === Forecast Result ===
[2025-05-21 00:02:57] INFO: URL: https://www.metaculus.com/questions/37811
[2025-05-21 00:02:57] INFO: Prediction: 0.9
[2025-05-21 00:02:57] INFO: Reasoning: (a) The time left until the outcome to the question is known is approximately 1 month and 10 days, as the question's outcome will be determined on or after July 1, 2025.

(b) The status quo outcome, if nothing changed, would be **Yes**. Climate.gov is currently online, actively maintained, and regularly updated with no indications of impending shutdowns or disruptions.

(c) A scenario that results in a No outcome could involve a sudden and unexpected decision by NOAA or higher government authorities to discontinue Climate.gov. This could be due to budget cuts, policy changes, or a strategic shift in how NOAA disseminates climate information. Alternatively, a significant cyberattack or technical failure that takes the site offline for an extended period could also result in a No outcome.

(d) A scenario that results in a Yes outcome involves the continuation of current operations, with NOAA maintaining Climate.gov as a key platform for disseminating climate data and forecasts. This would include ongoing updates, integration with other NOAA services, and no major disruptions or policy changes affecting the site's availability.

Rationale: Given the current status of Climate.gov as actively maintained and updated, along with the lack of any indications of planned shutdowns or disruptions, the status quo strongly suggests a Yes outcome. The world tends to change slowly, and government websites like Climate.gov often remain operational unless there are significant policy or budgetary shifts, which are not currently evident.

Final Answer: "Probability: 90%"
[2025-05-21 00:02:57] INFO: === Run Summary ===
[2025-05-21 00:02:57] INFO: Total questions: 1
[2025-05-21 00:02:57] INFO: Successful research: 1
[2025-05-21 00:02:57] INFO: Failed research: 0
[2025-05-21 00:02:57] INFO: Success rate: 100.00%
