[2025-05-20 12:01:23] INFO: === Starting new forecast run (Run #1823) ===
[2025-05-20 12:01:23] INFO: Environment: GitHub Actions
[2025-05-20 12:01:23] INFO: Repository: agsheves/decis-metaculus-bot1
[2025-05-20 12:01:23] INFO: Workflow: Forecast on new AI tournament questions
[2025-05-20 12:01:23] INFO: Commit: ca9d541fff9234c28c63bb6d1045aedc98153e17
[2025-05-20 12:01:23] INFO: === Question 1 ===
[2025-05-20 12:01:23] INFO: URL: https://www.metaculus.com/questions/37806
[2025-05-20 12:01:23] INFO: Text: Will President Trump issue a new presidential action mentioning the Diversity Visa before July 1, 2025?
[2025-05-20 12:01:35] INFO: Research: Perplexity succeeded for https://www.metaculus.com/questions/37806
[2025-05-20 12:01:42] INFO: === Forecast Result ===
[2025-05-20 12:01:42] INFO: URL: https://www.metaculus.com/questions/37806
[2025-05-20 12:01:42] INFO: Prediction: 0.3
[2025-05-20 12:01:42] INFO: Reasoning: (a) The time left until the outcome to the question is known is approximately 1 month and 10 days, as the deadline is July 1, 2025, and today is May 20, 2025.

(b) The status quo outcome if nothing changed is "No," since President Trump has not yet issued a presidential action specifically mentioning the Diversity Visa program.

(c) A scenario that results in a No outcome is that President Trump continues to focus on other immigration policies or legislative priorities and does not issue any new presidential actions specifically mentioning the Diversity Visa program before the deadline. This could be due to political strategy, legislative hurdles, or other pressing issues taking precedence.

(d) A scenario that results in a Yes outcome is that President Trump decides to take executive action to either reform or eliminate the Diversity Visa program as part of a broader immigration policy initiative. Given his historical criticism of the program and recent moves to reshape immigration policy, he might issue a presidential action specifically mentioning the Diversity Visa program before July 1, 2025.

Rationale: Given the short time frame remaining and the lack of any current presidential action specifically mentioning the Diversity Visa program, the status quo outcome leans towards "No." However, considering President Trump's historical stance and recent immigration policy changes, there remains a possibility for a "Yes" outcome. Nonetheless, the status quo outcome should be given more weight due to the slow nature of policy changes and the limited time remaining.

Probability: 30%
[2025-05-20 12:01:42] INFO: === Forecast Result ===
[2025-05-20 12:01:42] INFO: URL: https://www.metaculus.com/questions/37806
[2025-05-20 12:01:42] INFO: Prediction: 0.3
[2025-05-20 12:01:42] INFO: Reasoning: (a) The time left until the outcome to the question is known is approximately 1 month and 11 days, as today is May 20, 2025, and the deadline is July 1, 2025.

(b) The status quo outcome, if nothing changed, would be "No," since there has been no new presidential action specifically mentioning the Diversity Visa program since President Trump began his second term.

(c) A scenario that results in a No outcome: President Trump continues to focus on other immigration policy changes without issuing a new presidential action that specifically mentions the Diversity Visa program. Despite his historical criticism of the program, he may prioritize other aspects of immigration reform or face political or legal challenges that delay or prevent such an action.

(d) A scenario that results in a Yes outcome: President Trump, in line with his past criticism and stated intentions, decides to issue a presidential action targeting the Diversity Visa program. This could be part of a broader immigration policy overhaul or a specific move to eliminate or significantly alter the program. The action is published and publicly accessible on the presidential actions section of the White House website before July 1, 2025.

Rationale: Given President Trump's historical stance on the Diversity Visa program and recent speculation about potential changes, there is a possibility of a new presidential action. However, considering the status quo and the fact that no such action has been taken yet, the probability of a "No" outcome remains higher. The world tends to change slowly, and the status quo often prevails unless there is a strong impetus for change.

Final Answer: Probability: 30%
[2025-05-20 12:01:42] INFO: === Forecast Result ===
[2025-05-20 12:01:42] INFO: URL: https://www.metaculus.com/questions/37806
[2025-05-20 12:01:42] INFO: Prediction: 0.4
[2025-05-20 12:01:42] INFO: Reasoning: (a) The time left until the outcome to the question is known is approximately 1 month and 11 days, as the deadline is July 1, 2025, and today is May 20, 2025.

(b) The status quo outcome if nothing changed is "No," because as of now, President Trump has not issued a new presidential action specifically mentioning the Diversity Visa program.

(c) A scenario that results in a No outcome: President Trump continues to focus on other immigration policy changes and broader legislative efforts without issuing a specific presidential action that mentions the Diversity Visa program. The administration may prioritize other aspects of immigration reform or face legal and political challenges that delay or prevent the issuance of such an action before the deadline.

(d) A scenario that results in a Yes outcome: President Trump decides to take decisive action against the Diversity Visa program, aligning with his historical stance and recent policy changes. He issues a presidential action specifically mentioning the Diversity Visa program in an effort to either restrict or eliminate it, and this action is published on the White House website before July 1, 2025.

Rationale: Given the historical context and Trump's previous attempts to alter or eliminate the Diversity Visa program, there is a possibility of action. However, the status quo outcome is "No," as no such action has been taken yet, and the deadline is approaching. The world often changes slowly, and without clear indications of an imminent presidential action, the probability of a "Yes" outcome remains moderate.

Final answer: "Probability: 40%"
[2025-05-20 12:01:43] INFO: === Forecast Result ===
[2025-05-20 12:01:43] INFO: URL: https://www.metaculus.com/questions/37806
[2025-05-20 12:01:43] INFO: Prediction: 0.3
[2025-05-20 12:01:43] INFO: Reasoning: (a) The time left until the outcome to the question is known is approximately 1 month and 10 days, as today is May 20, 2025, and the deadline is July 1, 2025.

(b) The status quo outcome if nothing changed would be "No," as there has been no new presidential action specifically mentioning the Diversity Visa program since President Trump began his second term.

(c) A scenario that results in a No outcome: President Trump continues to focus on other immigration policy changes and does not issue any new presidential actions specifically mentioning the Diversity Visa program before the July 1, 2025 deadline. Despite his historical criticism of the program, he may prioritize other legislative or policy initiatives, leaving the Diversity Visa program unchanged in terms of presidential actions.

(d) A scenario that results in a Yes outcome: President Trump decides to take decisive action against the Diversity Visa program, perhaps as part of a broader immigration reform effort. He issues a presidential action explicitly mentioning the Diversity Visa program, either to eliminate it or to impose new restrictions, before the July 1, 2025 deadline. This action is published and publicly accessible on the presidential actions section of the White House website.

Rationale: Given President Trump's historical stance on the Diversity Visa program and recent immigration policy changes, there is a possibility of a new presidential action. However, the status quo outcome remains "No," as no such action has been taken yet. The world tends to change slowly, and with only about a month left, the likelihood of a significant shift in policy specifically targeting the Diversity Visa program within this timeframe is uncertain. Nonetheless, Trump's history and recent re-election suggest that a change is not impossible.

Probability: 30%
[2025-05-20 12:01:44] INFO: === Forecast Result ===
[2025-05-20 12:01:44] INFO: URL: https://www.metaculus.com/questions/37806
[2025-05-20 12:01:44] INFO: Prediction: 0.3
[2025-05-20 12:01:44] INFO: Reasoning: Before answering the question, let's consider the following:

(a) **The time left until the outcome to the question is known.**  
There are approximately 1 month and 11 days left until July 1, 2025.

(b) **The status quo outcome if nothing changed.**  
The status quo outcome is "No," as there has not been a new presidential action mentioning the Diversity Visa program since Trump began his second term.

(c) **A brief description of a scenario that results in a No outcome.**  
President Trump continues to focus on other immigration policies or political priorities, and no presidential action specifically mentioning the Diversity Visa program is issued before July 1, 2025. This could occur if the administration decides to address the program through other means, such as legislative proposals or administrative changes that do not require a presidential action.

(d) **A brief description of a scenario that results in a Yes outcome.**  
President Trump issues a presidential action explicitly mentioning the Diversity Visa program, possibly as part of a broader immigration policy reform or as a standalone action aimed at modifying or eliminating the program. This could happen if the administration prioritizes the Diversity Visa program as a key component of its immigration agenda and decides to take direct action before the deadline.

**Rationale:**  
Given the historical context and President Trump's previous attempts to alter or eliminate the Diversity Visa program, there is a plausible chance that he might issue a presidential action regarding it. However, the status quo outcome is "No," and the world tends to change slowly, meaning that without significant new developments, the likelihood of a new presidential action is limited. Additionally, with only a short time remaining until the deadline, the probability of such an action decreases unless there is a clear indication of imminent policy change.

**Final Answer:**  
Probability: 30%
[2025-05-20 12:01:44] INFO: === Run Summary ===
[2025-05-20 12:01:44] INFO: Total questions: 1
[2025-05-20 12:01:44] INFO: Successful research: 1
[2025-05-20 12:01:44] INFO: Failed research: 0
[2025-05-20 12:01:44] INFO: Success rate: 100.00%
