[2025-06-09 10:01:24] INFO: === Starting new forecast run (Run #2754) ===
[2025-06-09 10:01:24] INFO: Environment: GitHub Actions
[2025-06-09 10:01:24] INFO: Repository: agsheves/decis-metaculus-bot1
[2025-06-09 10:01:24] INFO: Workflow: Forecast on new AI tournament questions
[2025-06-09 10:01:24] INFO: Commit: 404e0c50e0ad460b2d7cd4cf69610d692b400de8
[2025-06-09 10:01:24] INFO: === Question 1 ===
[2025-06-09 10:01:24] INFO: URL: https://www.metaculus.com/questions/38528
[2025-06-09 10:01:24] INFO: Text: What will the flash consumer confidence in the Euro Area be for June 2025?
[2025-06-09 10:01:33] INFO: Research: Perplexity succeeded for https://www.metaculus.com/questions/38528
[2025-06-09 10:01:43] INFO: === Forecast Result ===
[2025-06-09 10:01:43] INFO: URL: https://www.metaculus.com/questions/38528
[2025-06-09 10:01:43] INFO: Prediction: predicted_options=[PredictedOption(option_name='-16.3 or lower', probability=0.1), PredictedOption(option_name='-16.2 to -15.2', probability=0.3), PredictedOption(option_name='-15.1 to -14.7', probability=0.25), PredictedOption(option_name='-14.6 to -14.3', probability=0.15), PredictedOption(option_name='-14.2 to -13.9', probability=0.1), PredictedOption(option_name='-13.8 to -13.4', probability=0.05), PredictedOption(option_name='-13.3 to -12.3', probability=0.03), PredictedOption(option_name='-12.2 or higher', probability=0.02)]
[2025-06-09 10:01:43] INFO: Reasoning: (a) The time left until the outcome to the question is known is approximately 11 days, as the flash Consumer Confidence Indicator for June 2025 is scheduled to be released on June 20, 2025.

(b) The status quo outcome, if nothing changed, would be the most recent flash estimate for May 2025, which is -15.2. This suggests that the most likely range for the June 2025 flash estimate is '-16.2 to -15.2'.

(c) An unexpected outcome could occur if there are significant economic developments or shocks in the Euro Area between now and the release date. For instance, if there is a sudden economic downturn, geopolitical tension, or a financial crisis, consumer confidence could drop sharply, potentially resulting in a flash estimate of '-16.3 or lower'. Conversely, if there are positive economic developments, such as a significant decrease in inflation or a strong economic recovery, the flash estimate could improve significantly, potentially reaching '-12.2 or higher'.

Given the recent trend of improvement in consumer confidence and the status quo outcome, I will assign higher probabilities to the ranges around the most recent flash estimate. However, I will also allocate some probability to other ranges to account for potential unexpected developments.

Final probabilities:
- Option_A: -16.3 or lower: 10%
- Option_B: -16.2 to -15.2: 30%
- Option_C: -15.1 to -14.7: 25%
- Option_D: -14.6 to -14.3: 15%
- Option_E: -14.2 to -13.9: 10%
- Option_F: -13.8 to -13.4: 5%
- Option_G: -13.3 to -12.3: 3%
- Option_H: -12.2 or higher: 2%
[2025-06-09 10:01:43] INFO: === Forecast Result ===
[2025-06-09 10:01:43] INFO: URL: https://www.metaculus.com/questions/38528
[2025-06-09 10:01:43] INFO: Prediction: predicted_options=[PredictedOption(option_name='-16.3 or lower', probability=0.05), PredictedOption(option_name='-16.2 to -15.2', probability=0.15), PredictedOption(option_name='-15.1 to -14.7', probability=0.35), PredictedOption(option_name='-14.6 to -14.3', probability=0.2), PredictedOption(option_name='-14.2 to -13.9', probability=0.1), PredictedOption(option_name='-13.8 to -13.4', probability=0.08), PredictedOption(option_name='-13.3 to -12.3', probability=0.05), PredictedOption(option_name='-12.2 or higher', probability=0.02)]
[2025-06-09 10:01:43] INFO: Reasoning: (a) The time left until the outcome to the question is known is approximately 11 days, as the flash Consumer Confidence Indicator for June 2025 is scheduled to be released on June 20, 2025.

(b) The status quo outcome, if nothing changed, would be the most recent flash estimate, which was -15.2 in May 2025. This suggests that the most likely range for the June 2025 flash estimate would be '-15.1 to -14.7', assuming no significant changes in the underlying economic conditions or consumer sentiment.

(c) A scenario that results in an unexpected outcome could involve a sudden economic shock or geopolitical event that significantly affects consumer sentiment. For example, if there were a sudden escalation in geopolitical tensions or a major financial market disruption, consumer confidence could drop sharply, resulting in a flash estimate significantly lower than the current trend. Conversely, a rapid resolution of existing economic uncertainties or a significant positive economic development (such as a breakthrough in trade negotiations or a major fiscal stimulus announcement) could boost consumer confidence more than expected, leading to a higher flash estimate.

Given these considerations, I will assign probabilities to each option, placing more weight on the status quo outcome but also allowing for some probability of unexpected changes:

- Option '-16.3 or lower': 5%
- Option '-16.2 to -15.2': 15%
- Option '-15.1 to -14.7': 35%
- Option '-14.6 to -14.3': 20%
- Option '-14.2 to -13.9': 10%
- Option '-13.8 to -13.4': 8%
- Option '-13.3 to -12.3': 5%
- Option '-12.2 or higher': 2%
[2025-06-09 10:01:48] INFO: === Forecast Result ===
[2025-06-09 10:01:48] INFO: URL: https://www.metaculus.com/questions/38528
[2025-06-09 10:01:48] INFO: Prediction: predicted_options=[PredictedOption(option_name='-16.3 or lower', probability=0.05), PredictedOption(option_name='-16.2 to -15.2', probability=0.2), PredictedOption(option_name='-15.1 to -14.7', probability=0.3), PredictedOption(option_name='-14.6 to -14.3', probability=0.2), PredictedOption(option_name='-14.2 to -13.9', probability=0.1), PredictedOption(option_name='-13.8 to -13.4', probability=0.08), PredictedOption(option_name='-13.3 to -12.3', probability=0.05), PredictedOption(option_name='-12.2 or higher', probability=0.02)]
[2025-06-09 10:01:48] INFO: Reasoning: (a) The time left until the outcome to the question is known is approximately 11 days, as the next flash Consumer Confidence Indicator for the Euro Area is scheduled to be released on June 20, 2025.

(b) The status quo outcome, if nothing changed, would be around the most recent flash estimate of -15.2 for May 2025. Given the trend of improvement and the Trading Economics projection of around -16.00 points by the end of the current quarter, the status quo outcome would likely be in the range of '-15.1 to -14.7'.

(c) An unexpected outcome could occur if there is a sudden economic event or news that significantly impacts consumer sentiment. For example, if there were a sudden geopolitical event, financial crisis, or unexpected policy announcement that negatively affects consumer confidence, we could see a lower than expected flash estimate, potentially in the '-16.3 or lower' range. Conversely, if there were unexpectedly positive economic news, such as a significant drop in inflation or a major policy initiative that boosts consumer confidence, the flash estimate could be higher than expected, potentially in the '-13.3 to -12.3' range or even '-12.2 or higher'.

Given the recent trend of improvement and the status quo, I will assign probabilities to each option, while still leaving room for unexpected outcomes:

- Option_A: -16.3 or lower: 5%
- Option_B: -16.2 to -15.2: 20%
- Option_C: -15.1 to -14.7: 30%
- Option_D: -14.6 to -14.3: 20%
- Option_E: -14.2 to -13.9: 10%
- Option_F: -13.8 to -13.4: 8%
- Option_G: -13.3 to -12.3: 5%
- Option_H: -12.2 or higher: 2%
[2025-06-09 10:01:50] INFO: === Forecast Result ===
[2025-06-09 10:01:50] INFO: URL: https://www.metaculus.com/questions/38528
[2025-06-09 10:01:50] INFO: Prediction: predicted_options=[PredictedOption(option_name='-16.3 or lower', probability=0.1), PredictedOption(option_name='-16.2 to -15.2', probability=0.3), PredictedOption(option_name='-15.1 to -14.7', probability=0.25), PredictedOption(option_name='-14.6 to -14.3', probability=0.15), PredictedOption(option_name='-14.2 to -13.9', probability=0.1), PredictedOption(option_name='-13.8 to -13.4', probability=0.05), PredictedOption(option_name='-13.3 to -12.3', probability=0.03), PredictedOption(option_name='-12.2 or higher', probability=0.02)]
[2025-06-09 10:01:50] INFO: Reasoning: (a) The time left until the outcome to the question is known is approximately 11 days, as the flash Consumer Confidence Indicator for June 2025 is scheduled to be released on June 20, 2025.

(b) The status quo outcome, if nothing changed, would be around the most recent flash estimate of -15.2 points from May 2025. Given the recent trend and Trading Economics' projections, a reasonable status quo estimate would be in the range of '-16.2 to -15.2'.

(c) An unexpected scenario could involve a sudden economic shock or geopolitical event that significantly affects consumer sentiment across the Euro Area. For example, if there were a major financial crisis or a significant escalation in geopolitical tensions, consumer confidence could drop sharply, leading to a lower reading than expected. Conversely, a rapid resolution of existing economic uncertainties or a major positive development, such as a breakthrough in trade negotiations or a significant drop in inflation, could boost consumer confidence more than anticipated.

Rationale:
1. The most recent flash estimate for May 2025 was -15.2, showing an improvement from April 2025. This suggests a positive trend in consumer confidence.
2. Trading Economics projects consumer confidence to be around -16.00 points by the end of the current quarter, indicating a relatively stable outlook.
3. The discrepancy between flash and final readings in May 2025 suggests some volatility, but the flash estimate is likely to remain a reliable indicator of the trend.
4. Inflation expectations have increased, which could negatively impact consumer confidence, but the recent improvement suggests that other positive factors may be at play.
5. Given the trend and projections, the most likely outcome is within the range of '-16.2 to -15.2', but it's important to account for potential unexpected developments.

Final probabilities:
- '-16.3 or lower': 10%
- '-16.2 to -15.2': 30%
- '-15.1 to -14.7': 25%
- '-14.6 to -14.3': 15%
- '-14.2 to -13.9': 10%
- '-13.8 to -13.4': 5%
- '-13.3 to -12.3': 3%
- '-12.2 or higher': 2%
[2025-06-09 10:01:51] INFO: === Forecast Result ===
[2025-06-09 10:01:51] INFO: URL: https://www.metaculus.com/questions/38528
[2025-06-09 10:01:51] INFO: Prediction: predicted_options=[PredictedOption(option_name='-16.3 or lower', probability=0.1), PredictedOption(option_name='-16.2 to -15.2', probability=0.35), PredictedOption(option_name='-15.1 to -14.7', probability=0.25), PredictedOption(option_name='-14.6 to -14.3', probability=0.15), PredictedOption(option_name='-14.2 to -13.9', probability=0.08), PredictedOption(option_name='-13.8 to -13.4', probability=0.04), PredictedOption(option_name='-13.3 to -12.3', probability=0.02), PredictedOption(option_name='-12.2 or higher', probability=0.01)]
[2025-06-09 10:01:51] INFO: Reasoning: (a) The time left until the outcome to the question is known is approximately 11 days, as the flash Consumer Confidence Indicator for June 2025 is scheduled to be released on June 20, 2025.

(b) The status quo outcome if nothing changed would be the most recent flash estimate, which is -15.2 for May 2025. This suggests that the consumer confidence indicator is currently in the range of '-16.2 to -15.2'.

(c) A scenario that results in an unexpected outcome could involve a significant economic event or policy change that drastically affects consumer sentiment. For example, a sudden resolution to a major geopolitical conflict, a substantial economic stimulus package, or a sharp decrease in inflation rates could boost consumer confidence more than expected, pushing the indicator into a higher range. Conversely, a sudden economic downturn, a spike in inflation, or a major financial crisis could lead to a significant drop in consumer confidence, resulting in a lower-than-expected reading.

Rationale:
1. The most recent flash estimate for May 2025 was -15.2, which is an improvement from the previous month. This suggests a trend of increasing consumer confidence.
2. Trading Economics projects consumer confidence to be around -16.00 by the end of the current quarter, indicating a relatively stable outlook with slight improvement.
3. The discrepancy between flash and final figures in May 2025 (-15.2 flash vs. -16.6 final) suggests some volatility, but the flash estimate is generally a reliable indicator of the immediate sentiment.
4. The increase in consumer inflation expectations could negatively impact consumer confidence, but the recent trend has been upward, indicating resilience in sentiment.
5. Given the current trajectory and the status quo, the most likely range for June 2025 is '-16.2 to -15.2'. However, considering the potential for unexpected events, some probability should be assigned to adjacent ranges.

Final probabilities:
- '-16.3 or lower': 10%
- '-16.2 to -15.2': 35%
- '-15.1 to -14.7': 25%
- '-14.6 to -14.3': 15%
- '-14.2 to -13.9': 8%
- '-13.8 to -13.4': 4%
- '-13.3 to -12.3': 2%
- '-12.2 or higher': 1%
[2025-06-09 10:01:52] INFO: === Run Summary ===
[2025-06-09 10:01:52] INFO: Total questions: 1
[2025-06-09 10:01:52] INFO: Successful research: 1
[2025-06-09 10:01:52] INFO: Failed research: 0
[2025-06-09 10:01:52] INFO: Success rate: 100.00%
