[2025-05-26 20:01:17] INFO: === Starting new forecast run (Run #2120) ===
[2025-05-26 20:01:17] INFO: Environment: GitHub Actions
[2025-05-26 20:01:17] INFO: Repository: agsheves/decis-metaculus-bot1
[2025-05-26 20:01:17] INFO: Workflow: Forecast on new AI tournament questions
[2025-05-26 20:01:17] INFO: Commit: 7b7b1593ecb5a09911e9499658226b55fff32ab8
[2025-05-26 20:01:18] INFO: === Question 1 ===
[2025-05-26 20:01:18] INFO: URL: https://www.metaculus.com/questions/38060
[2025-05-26 20:01:18] INFO: Text: What will be the inventory/sales ratio of US beer, wine, and distilled alcoholic beverage merchant wholesalers reported for April 2025?
[2025-05-26 20:01:28] INFO: Research: Perplexity succeeded for https://www.metaculus.com/questions/38060
[2025-05-26 20:01:33] INFO: === Forecast Result ===
[2025-05-26 20:01:33] INFO: URL: https://www.metaculus.com/questions/38060
[2025-05-26 20:01:33] INFO: Prediction: [Percentile(value=1.6, percentile=0.1), Percentile(value=1.62, percentile=0.2), Percentile(value=1.64, percentile=0.4), Percentile(value=1.66, percentile=0.6), Percentile(value=1.68, percentile=0.8), Percentile(value=1.7, percentile=0.9)]
[2025-05-26 20:01:33] INFO: Reasoning: (a) The time left until the outcome to the question is known: Since today is May 26, 2025, and the data for April 2025 will likely be released in the next Monthly Wholesale Trade Report, the outcome should be known within the next few weeks, typically by mid-June 2025.

(b) The outcome if nothing changed: If nothing changed from the most recent reported inventory/sales ratio, the outcome would be 1.66.

(c) The outcome if the current trend continued: The trend over the past year shows a slight decrease in the inventory/sales ratio, from 1.68 to 1.66, with a year-over-year increase from 1.57 to 1.66. If this trend of slight decrease continues, the ratio might slightly decrease further to around 1.65.

(d) The expectations of experts and markets: Analysts anticipate that the wine market will stabilize by mid-2025, but it might take until late 2025 for a stable inventory-to-sales ratio across key distributors. This suggests a potential stabilization around the current level, possibly with slight fluctuations.

(e) A brief description of an unexpected scenario that results in a low outcome: An unexpected scenario leading to a low outcome could involve a sudden increase in consumer demand due to a major event or holiday, leading to a rapid decrease in inventories as sales outpace restocking efforts.

(f) A brief description of an unexpected scenario that results in a high outcome: An unexpected scenario leading to a high outcome could involve a significant disruption in consumer demand, such as an economic downturn or a public health scare, causing sales to drop sharply while inventories remain high.

Final Answer:
```
Percentile 10: 1.60
Percentile 20: 1.62
Percentile 40: 1.64
Percentile 60: 1.66
Percentile 80: 1.68
Percentile 90: 1.70
```
[2025-05-26 20:01:34] INFO: === Forecast Result ===
[2025-05-26 20:01:34] INFO: URL: https://www.metaculus.com/questions/38060
[2025-05-26 20:01:34] INFO: Prediction: [Percentile(value=1.55, percentile=0.1), Percentile(value=1.6, percentile=0.2), Percentile(value=1.63, percentile=0.4), Percentile(value=1.66, percentile=0.6), Percentile(value=1.69, percentile=0.8), Percentile(value=1.75, percentile=0.9)]
[2025-05-26 20:01:34] INFO: Reasoning: (a) The time left until the outcome to the question is known: The outcome is expected to be known shortly, as the current date is May 26, 2025, and the data for April 2025 should be released soon.

(b) The outcome if nothing changed: If nothing changed from the most recent reported inventory/sales ratio, the outcome would be 1.66.

(c) The outcome if the current trend continued: The trend shows a slight decrease in the inventory/sales ratio over time. If this trend continued, the ratio might decrease slightly, potentially around 1.65.

(d) The expectations of experts and markets: Experts anticipate that the inventory/sales ratio might stabilize by mid-2025 due to the completion of the "inventory reset" in the wine market. This suggests a potential stabilization around the current level, possibly slightly lower than 1.66.

(e) A brief description of an unexpected scenario that results in a low outcome: An unexpected scenario that could result in a low outcome might involve a sudden surge in sales due to a major promotional campaign or a significant reduction in inventories due to supply chain disruptions, leading to a ratio around 1.55.

(f) A brief description of an unexpected scenario that results in a high outcome: An unexpected scenario that could result in a high outcome might involve a sudden drop in sales due to economic downturns or increased inventories due to overproduction, leading to a ratio around 1.75.

Final answer:
```
Percentile 10: 1.55
Percentile 20: 1.60
Percentile 40: 1.63
Percentile 60: 1.66
Percentile 80: 1.69
Percentile 90: 1.75
```
[2025-05-26 20:01:35] INFO: === Forecast Result ===
[2025-05-26 20:01:35] INFO: URL: https://www.metaculus.com/questions/38060
[2025-05-26 20:01:35] INFO: Prediction: [Percentile(value=1.6, percentile=0.1), Percentile(value=1.62, percentile=0.2), Percentile(value=1.64, percentile=0.4), Percentile(value=1.66, percentile=0.6), Percentile(value=1.68, percentile=0.8), Percentile(value=1.7, percentile=0.9)]
[2025-05-26 20:01:35] INFO: Reasoning: (a) The time left until the outcome to the question is known:  
The outcome will be known once the Monthly Wholesale Trade Report for April 2025 is published, which typically occurs in June 2025. Therefore, there is approximately 1-2 weeks left until the outcome is known.

(b) The outcome if nothing changed:  
If nothing changed from the most recent reported inventory/sales ratio of 1.66, the outcome would be 1.66.

(c) The outcome if the current trend continued:  
The recent trend shows a slight decrease in the inventory/sales ratio from 1.68 to 1.66. If this trend continued, we might expect a further slight decrease, potentially bringing the ratio to around 1.64.

(d) The expectations of experts and markets:  
Experts anticipate that the wine market, which has been dealing with oversupply, will stabilize by mid-2025. This suggests a potential stabilization or slight decrease in the inventory/sales ratio. However, they also note that stability might not be fully realized until late 2025, indicating some uncertainty in the short term.

(e) A brief description of an unexpected scenario that results in a low outcome:  
An unexpected scenario leading to a low outcome could be a sudden surge in consumer demand for alcoholic beverages, perhaps due to a major event or holiday, leading to a rapid decrease in inventories without a corresponding increase in sales.

(f) A brief description of an unexpected scenario that results in a high outcome:  
An unexpected scenario leading to a high outcome could be a significant disruption in supply chains, such as a natural disaster affecting production or distribution, causing inventories to build up without a corresponding increase in sales.

Final answer:
```
Percentile 10: 1.60
Percentile 20: 1.62
Percentile 40: 1.64
Percentile 60: 1.66
Percentile 80: 1.68
Percentile 90: 1.70
```
[2025-05-26 20:01:36] INFO: === Forecast Result ===
[2025-05-26 20:01:36] INFO: URL: https://www.metaculus.com/questions/38060
[2025-05-26 20:01:36] INFO: Prediction: [Percentile(value=1.62, percentile=0.1), Percentile(value=1.64, percentile=0.2), Percentile(value=1.65, percentile=0.4), Percentile(value=1.66, percentile=0.6), Percentile(value=1.67, percentile=0.8), Percentile(value=1.69, percentile=0.9)]
[2025-05-26 20:01:36] INFO: Reasoning: (a) The time left until the outcome to the question is known: Since today is May 26, 2025, and the April 2025 data is expected to be released soon, the time left until the outcome is known is likely just a few days to a couple of weeks.

(b) The outcome if nothing changed: If nothing changed from the most recent reported inventory/sales ratio, the outcome would be 1.66.

(c) The outcome if the current trend continued: The recent trend shows a slight decrease in the inventory/sales ratio from 1.68 to 1.66. If this trend continued, we might expect a further slight decrease, potentially around 1.65.

(d) The expectations of experts and markets: Experts anticipate that the wine market will stabilize by mid-2025, which could lead to a more stable inventory/sales ratio. However, they also suggest that stability might not fully occur until late 2025. Therefore, expectations might be for a ratio similar to or slightly lower than current levels, possibly around 1.65 to 1.67.

(e) A brief description of an unexpected scenario that results in a low outcome: An unexpected scenario leading to a low outcome could be a significant increase in consumer demand due to a major event or trend, such as a large-scale festival or a sudden rise in popularity of a particular beverage, leading to rapid sales and a reduced inventory/sales ratio.

(f) A brief description of an unexpected scenario that results in a high outcome: An unexpected scenario leading to a high outcome could be a disruption in the supply chain, such as a transportation strike or a natural disaster affecting production regions, causing inventories to build up while sales remain stagnant or decrease.

Final answer:
"
Percentile 10: 1.62
Percentile 20: 1.64
Percentile 40: 1.65
Percentile 60: 1.66
Percentile 80: 1.67
Percentile 90: 1.69
"
[2025-05-26 20:01:37] INFO: === Forecast Result ===
[2025-05-26 20:01:37] INFO: URL: https://www.metaculus.com/questions/38060
[2025-05-26 20:01:37] INFO: Prediction: [Percentile(value=1.55, percentile=0.1), Percentile(value=1.6, percentile=0.2), Percentile(value=1.63, percentile=0.4), Percentile(value=1.66, percentile=0.6), Percentile(value=1.7, percentile=0.8), Percentile(value=1.75, percentile=0.9)]
[2025-05-26 20:01:37] INFO: Reasoning: (a) The time left until the outcome to the question is known: The outcome will be known once the US Census Bureau releases the Monthly Wholesale Trade Report for April 2025, which is expected in June 2025. Therefore, there is approximately 1-2 weeks left until the outcome is known.

(b) The outcome if nothing changed: If nothing changed from the most recent reported inventory/sales ratio, the outcome would be 1.66.

(c) The outcome if the current trend continued: The trend shows a slight decrease in the inventory/sales ratio over the past year. If this trend continued, the ratio might decrease slightly from 1.66, potentially to around 1.64.

(d) The expectations of experts and markets: Experts anticipate that the inventory/sales ratio may stabilize by mid-2025 due to wineries completing their inventory reset. This suggests a potential stabilization around the current level or a slight decrease, possibly around 1.62 to 1.64.

(e) A brief description of an unexpected scenario that results in a low outcome: An unexpected scenario leading to a low outcome could involve a sudden surge in consumer demand for alcoholic beverages, perhaps due to a major event or holiday, leading to a rapid decrease in inventories relative to sales, pushing the ratio down to around 1.55.

(f) A brief description of an unexpected scenario that results in a high outcome: An unexpected scenario leading to a high outcome could involve a significant disruption in supply chains, such as a natural disaster affecting production or distribution, causing inventories to build up relative to sales, pushing the ratio up to around 1.75.

Final Answer:
"
Percentile 10: 1.55
Percentile 20: 1.60
Percentile 40: 1.63
Percentile 60: 1.66
Percentile 80: 1.70
Percentile 90: 1.75
"
[2025-05-26 20:01:38] INFO: === Run Summary ===
[2025-05-26 20:01:38] INFO: Total questions: 1
[2025-05-26 20:01:38] INFO: Successful research: 1
[2025-05-26 20:01:38] INFO: Failed research: 0
[2025-05-26 20:01:38] INFO: Success rate: 100.00%
