[2025-05-31 06:01:17] INFO: === Starting new forecast run (Run #2327) ===
[2025-05-31 06:01:17] INFO: Environment: GitHub Actions
[2025-05-31 06:01:17] INFO: Repository: agsheves/decis-metaculus-bot1
[2025-05-31 06:01:17] INFO: Workflow: Forecast on new AI tournament questions
[2025-05-31 06:01:17] INFO: Commit: 1518d85bae7103d9af56ce5e151d689efa5508ec
[2025-05-31 06:01:17] INFO: === Question 1 ===
[2025-05-31 06:01:17] INFO: URL: https://www.metaculus.com/questions/38111
[2025-05-31 06:01:17] INFO: Text: Will a UN member country newly recognize Palestine in June 2025?
[2025-05-31 06:01:27] INFO: Research: Perplexity succeeded for https://www.metaculus.com/questions/38111
[2025-05-31 06:01:39] INFO: === Forecast Result ===
[2025-05-31 06:01:39] INFO: URL: https://www.metaculus.com/questions/38111
[2025-05-31 06:01:39] INFO: Prediction: 0.2
[2025-05-31 06:01:39] INFO: Reasoning: (a) The time left until the outcome to the question is known is one month, as the question's outcome will be determined between June 1, 2025, and June 30, 2025.

(b) The status quo outcome if nothing changed is "No," as no new UN member country has recognized Palestine in May 2025, and there have been no announcements indicating an imminent recognition in June 2025.

(c) A scenario that results in a No outcome would involve the continuation of the current diplomatic status without any new UN member country announcing recognition of Palestine in June 2025. Despite the ongoing diplomatic efforts and the upcoming UN conference, no new recognitions are announced during the specified timeframe.

(d) A scenario that results in a Yes outcome would involve a UN member country, perhaps influenced by the momentum from the June 2025 UN conference or diplomatic efforts by countries like Ireland, Norway, Slovenia, and Spain, announcing its recognition of Palestine as a sovereign nation during June 2025.

Rationale: The status quo heavily leans towards a "No" outcome, as there have been no new recognitions recently and no indications of imminent recognitions from other UN member countries. While the upcoming UN conference could potentially lead to new recognitions, it is uncertain if this will occur within the specified timeframe. Given the slow pace of change in international recognition and the lack of current announcements, the probability of a "Yes" outcome remains relatively low.

Probability: 20%
[2025-05-31 06:01:39] INFO: === Forecast Result ===
[2025-05-31 06:01:39] INFO: URL: https://www.metaculus.com/questions/38111
[2025-05-31 06:01:39] INFO: Prediction: 0.2
[2025-05-31 06:01:39] INFO: Reasoning: (a) The time left until the outcome to the question is known is one month, as the question will be resolved based on events occurring between June 1, 2025, and June 30, 2025.

(b) The status quo outcome if nothing changed would be "No," since no new UN member country has recognized Palestine as of May 31, 2025.

(c) A scenario that results in a No outcome would involve the continuation of the current situation where no new UN member country announces recognition of Palestine throughout June 2025. This could occur if diplomatic efforts at the upcoming UN conference do not lead to immediate new recognitions or if countries remain hesitant to make such announcements due to geopolitical considerations or domestic politics.

(d) A scenario that results in a Yes outcome would involve a UN member country announcing its recognition of Palestine during the June 2025 UN conference or shortly thereafter. This could be spurred by successful diplomatic efforts, increased international pressure, or a strategic decision by a country to align with the growing momentum for Palestinian recognition.

Rationale: Given the current status, the likelihood of a new recognition occurring in June 2025 seems limited. The status quo outcome is "No," and while the upcoming UN conference could potentially lead to new recognitions, there is no indication from current information that any country is poised to make such an announcement imminently. The world often changes slowly, and without specific indications of pending recognitions, the probability of a "Yes" outcome remains low.

Probability: 20%
[2025-05-31 06:01:40] INFO: === Forecast Result ===
[2025-05-31 06:01:40] INFO: URL: https://www.metaculus.com/questions/38111
[2025-05-31 06:01:40] INFO: Prediction: 0.75
[2025-05-31 06:01:40] INFO: Reasoning: (a) The time left until the outcome to the question is known is one month, as the question resolves based on events occurring between June 1, 2025, and June 30, 2025.

(b) The status quo outcome if nothing changed is "No," because as of May 31, 2025, there have been no new recognitions of Palestine by any UN member country.

(c) A scenario that results in a No outcome: The upcoming UN conference in June 2025 focuses on discussions and diplomatic efforts but does not lead to any new UN member state officially recognizing Palestine within the specified timeframe. The countries that have already recognized Palestine continue to advocate for broader recognition, but no new announcements are made by other countries.

(d) A scenario that results in a Yes outcome: During the June 2025 UN conference, a UN member country that has not yet recognized Palestine decides to make an official announcement recognizing Palestine as a sovereign nation. This could be influenced by diplomatic pressure, changes in regional dynamics, or a strategic decision by the country to align with the growing international support for Palestine's recognition.

Rationale: Given the current information, the status quo is that no new recognitions have been made, and the momentum is primarily in diplomatic advocacy rather than immediate action. While the upcoming UN conference could potentially lead to new recognitions, the likelihood of a sudden change in the status quo within the next month is uncertain. Historically, international recognition processes tend to be gradual and influenced by complex geopolitical factors. Therefore, it is prudent to assign a higher probability to the status quo outcome.

Final answer: "Probability: 75%"
[2025-05-31 06:01:40] INFO: === Forecast Result ===
[2025-05-31 06:01:40] INFO: URL: https://www.metaculus.com/questions/38111
[2025-05-31 06:01:40] INFO: Prediction: 0.2
[2025-05-31 06:01:40] INFO: Reasoning: (a) The time left until the outcome to the question is known is one month, from June 1, 2025, to June 30, 2025.

(b) The status quo outcome if nothing changed is "No," as no new UN member country has recognized Palestine in May 2025, and no announcements have been made indicating an imminent recognition.

(c) A scenario that results in a No outcome is that the upcoming UN conference in June 2025 focuses on discussions and diplomatic efforts without any new UN member country officially recognizing Palestine during that month. The conference may emphasize the importance of recognition and UN membership for Palestine but does not lead to immediate new recognitions.

(d) A scenario that results in a Yes outcome is that during the June 2025 UN conference, one or more UN member countries announce their recognition of Palestine as a sovereign nation. This could be influenced by diplomatic negotiations, pressure from other countries, or a shift in international relations dynamics, leading to a formal announcement of recognition.

Rationale: The status quo outcome is "No," as no new recognitions have been reported, and the focus has been on diplomatic efforts rather than immediate recognitions. The upcoming conference could potentially lead to new recognitions, but given the slow pace of change in international relations and the absence of any indications of imminent announcements, the likelihood of a new recognition within the next month is relatively low. Therefore, while the conference may create momentum, it is more likely that any new recognitions would occur after further diplomatic engagements beyond June 2025.

Final answer: "Probability: 20%"
[2025-05-31 06:01:41] INFO: === Forecast Result ===
[2025-05-31 06:01:41] INFO: URL: https://www.metaculus.com/questions/38111
[2025-05-31 06:01:41] INFO: Prediction: 0.2
[2025-05-31 06:01:41] INFO: Reasoning: (a) The time left until the outcome to the question is known is one month, from June 1, 2025, to June 30, 2025.

(b) The status quo outcome if nothing changed is "No," as no new UN member country has announced recognition of Palestine as of May 31, 2025.

(c) A brief description of a scenario that results in a No outcome: The June 2025 UN conference on the peaceful settlement of the Palestine question proceeds without any new announcements of recognition from UN member countries. Despite diplomatic efforts and discussions, no additional countries decide to recognize Palestine as a sovereign nation during the month of June 2025.

(d) A brief description of a scenario that results in a Yes outcome: During the June 2025 UN conference, a UN member country, influenced by the diplomatic momentum and discussions, announces its decision to recognize Palestine as a sovereign nation. This announcement occurs between June 1 and June 30, 2025, thereby satisfying the criteria for a "Yes" outcome.

Rationale: Given the current information, the status quo is that no new recognitions have been announced. The diplomatic efforts and the upcoming UN conference could potentially lead to a new recognition, but historically, changes in international recognition tend to occur slowly and require significant diplomatic groundwork. The fact that no new recognitions have been announced by the end of May 2025 suggests that the likelihood of a new recognition occurring in June 2025 is relatively low. However, the possibility of a surprise announcement at the UN conference cannot be entirely ruled out.

Final answer: "Probability: 20%"
[2025-05-31 06:01:42] INFO: === Run Summary ===
[2025-05-31 06:01:42] INFO: Total questions: 1
[2025-05-31 06:01:42] INFO: Successful research: 1
[2025-05-31 06:01:42] INFO: Failed research: 0
[2025-05-31 06:01:42] INFO: Success rate: 100.00%
