[2025-05-30 16:01:31] INFO: === Starting new forecast run (Run #2300) ===
[2025-05-30 16:01:31] INFO: Environment: GitHub Actions
[2025-05-30 16:01:31] INFO: Repository: agsheves/decis-metaculus-bot1
[2025-05-30 16:01:31] INFO: Workflow: Forecast on new AI tournament questions
[2025-05-30 16:01:31] INFO: Commit: d1680b6b08c3eaba97aaef18b2492399a629bdc6
[2025-05-30 16:01:32] INFO: === Question 1 ===
[2025-05-30 16:01:32] INFO: URL: https://www.metaculus.com/questions/38104
[2025-05-30 16:01:32] INFO: Text: Will all 10 inmates who escaped from jail in New Orleans on May 16, 2025 be recaptured before July 1, 2025?
[2025-05-30 16:01:42] INFO: Research: Perplexity succeeded for https://www.metaculus.com/questions/38104
[2025-05-30 16:01:52] INFO: === Forecast Result ===
[2025-05-30 16:01:52] INFO: URL: https://www.metaculus.com/questions/38104
[2025-05-30 16:01:52] INFO: Prediction: 0.6
[2025-05-30 16:01:52] INFO: Reasoning: (a) The time left until the outcome to the question is known is approximately one month, as the deadline is July 1, 2025.

(b) The status quo outcome if nothing changed would be **No**, as two inmates remain at large as of May 30, 2025.

(c) A scenario that results in a No outcome could involve the two remaining escapees, Derrick Groves and Antoine Massey, successfully evading capture by leaving the state or country, or by receiving assistance from external parties. Additionally, if law enforcement efforts are hampered by resource constraints or operational challenges, the escapees might remain at large past the deadline.

(d) A scenario that results in a Yes outcome could involve the intensified manhunt efforts leading to the capture or confirmed death of the remaining two escapees. The increased cash reward might incentivize someone with knowledge of their whereabouts to come forward, or law enforcement might receive a credible tip that leads to their apprehension.

Rationale: Given the current status, where 8 out of 10 escapees have already been recaptured, there is a strong indication that law enforcement is capable and motivated to resolve this situation. The increased reward and public attention add pressure and resources to the manhunt. However, the status quo remains that two individuals are still at large, and capturing them within a month is not guaranteed. Historically, escapees can sometimes evade capture for extended periods, but the focused efforts and resources dedicated to this case increase the likelihood of a successful recapture before the deadline. Nonetheless, given the current status, the probability leans slightly towards the status quo outcome.

Probability: 60%
[2025-05-30 16:01:52] INFO: === Forecast Result ===
[2025-05-30 16:01:52] INFO: URL: https://www.metaculus.com/questions/38104
[2025-05-30 16:01:52] INFO: Prediction: 0.6
[2025-05-30 16:01:52] INFO: Reasoning: (a) The time left until the outcome to the question is known is approximately one month, as the deadline is July 1, 2025.

(b) The status quo outcome if nothing changed would be **No**, since as of May 30, 2025, two inmates remain at large.

(c) A scenario that results in a No outcome could involve the remaining two escapees, Derrick Groves and Antoine Massey, successfully evading capture due to their ability to blend into the community, potential assistance from outside parties, or moving to a location where law enforcement has less reach or fewer resources.

(d) A scenario that results in a Yes outcome could involve the intensified manhunt and increased cash reward leading to a tip from the public that results in the capture of the remaining escapees. Additionally, law enforcement could enhance their search efforts with advanced technology or collaboration with other agencies, leading to the successful recapture of both individuals before the deadline.

Rationale: Given the current status, with two inmates still at large and a month remaining until the deadline, there is a significant possibility that the authorities will be able to recapture the remaining escapees. The increased reward and public attention may lead to valuable tips or sightings. However, the status quo suggests that it is challenging to locate these individuals, and they have already evaded capture for two weeks. Historically, escapes of this nature can sometimes result in prolonged periods before all escapees are apprehended. Therefore, while there is a reasonable chance for a successful recapture, the status quo outcome leans towards a No.

Final Answer: "Probability: 60%"
[2025-05-30 16:01:52] INFO: === Forecast Result ===
[2025-05-30 16:01:52] INFO: URL: https://www.metaculus.com/questions/38104
[2025-05-30 16:01:52] INFO: Prediction: 0.6
[2025-05-30 16:01:52] INFO: Reasoning: (a) The time left until the outcome to the question is known is approximately one month, as the deadline is July 1, 2025.

(b) The status quo outcome if nothing changed is **No**, since as of May 30, 2025, two of the ten escapees remain at large.

(c) A brief description of a scenario that results in a No outcome: Despite the ongoing manhunt and increased rewards, Derrick Groves and Antoine Massey manage to evade capture until after July 1, 2025. They may have received assistance, changed their appearances, or left the area, making it difficult for law enforcement to locate them within the remaining time frame.

(d) A brief description of a scenario that results in a Yes outcome: The intensified manhunt and increased public awareness lead to a breakthrough. Either law enforcement receives a credible tip-off due to the $50,000 reward, or the escapees make a mistake that exposes their location. As a result, both Derrick Groves and Antoine Massey are recaptured or killed before the July 1, 2025 deadline.

Rationale: Given the current status, with two escapees still at large and about a month remaining until the deadline, the situation is uncertain. However, the status quo outcome is **No**, and historically, escapees who remain at large for a significant period after an escape can be challenging to recapture quickly. The increased reward and resources dedicated to the manhunt do improve the chances of a successful recapture, but the world often changes slowly, and the escapees have already managed to evade capture for two weeks. Therefore, while a Yes outcome is possible, the probability should lean towards the status quo.

Final Answer: "Probability: 60%"
[2025-05-30 16:01:52] INFO: === Forecast Result ===
[2025-05-30 16:01:52] INFO: URL: https://www.metaculus.com/questions/38104
[2025-05-30 16:01:52] INFO: Prediction: 0.6
[2025-05-30 16:01:52] INFO: Reasoning: (a) The time left until the outcome to the question is known is approximately one month, as the deadline is July 1, 2025.

(b) The status quo outcome if nothing changed would be **No**, since as of May 30, 2025, two escapees remain at large.

(c) A scenario that results in a No outcome: Despite the ongoing manhunt and increased reward, Derrick Groves and Antoine Massey manage to evade capture by utilizing safe houses or fleeing to a location where they are difficult to track. Law enforcement efforts are hampered by lack of credible leads or resources, and the two escapees remain at large past the July 1, 2025 deadline.

(d) A scenario that results in a Yes outcome: Law enforcement receives a credible tip-off or new evidence that leads to the location of Derrick Groves and Antoine Massey. The increased reward incentivizes someone close to the escapees to provide information. With the intensified manhunt and public attention, authorities successfully capture both escapees before the deadline.

Rationale: Given the current status, with two escapees still at large and only a month left until the deadline, the status quo outcome leans towards a **No**. However, the significant resources and public attention focused on the manhunt, along with the increased reward, provide a reasonable chance for a successful recapture. Historically, escapees are often recaptured within a few weeks due to the concentrated efforts of law enforcement. Nonetheless, the uncertainty and potential for the escapees to evade capture must be considered. Balancing these factors, the probability of a Yes outcome is moderate but not overwhelming.

Probability: 60%
[2025-05-30 16:01:52] INFO: === Forecast Result ===
[2025-05-30 16:01:52] INFO: URL: https://www.metaculus.com/questions/38104
[2025-05-30 16:01:52] INFO: Prediction: 0.7
[2025-05-30 16:01:52] INFO: Reasoning: Before providing my final probability estimate, I'll address the preliminary points:

(a) **The time left until the outcome to the question is known:**  
There is approximately one month left until the July 1, 2025 deadline.

(b) **The status quo outcome if nothing changed:**  
If the current situation remains unchanged, the outcome would be **No**, as two escapees are still at large.

(c) **A brief description of a scenario that results in a No outcome:**  
Despite the intensified manhunt and increased rewards, Derrick Groves and Antoine Massey manage to evade capture due to effective hiding, potential assistance from outside parties, or fleeing to a location where law enforcement has limited reach. The political and operational fallout may also distract or hinder the efforts to recapture them.

(d) **A brief description of a scenario that results in a Yes outcome:**  
The increased resources and public attention lead to a breakthrough in the manhunt. Tips from the public, possibly incentivized by the $50,000 reward, result in the capture or confirmed death of the remaining two escapees before the July 1, 2025 deadline. Additionally, improved coordination among law enforcement agencies and technological surveillance could facilitate their recapture.

**Rationale:**  
Given the current status, with two escapees still at large and only a month remaining, the status quo leans towards a **No** outcome. However, the significant resources and public attention dedicated to the manhunt, including the substantial reward, increase the likelihood of a successful recapture. Historically, high-profile escapes often result in eventual recapture due to the concentrated efforts of law enforcement and public involvement. Nevertheless, the uncertainty and potential for the escapees to remain hidden or flee complicate the forecast.

**Final Answer:**  
Probability: 70%
[2025-05-30 16:01:53] INFO: === Run Summary ===
[2025-05-30 16:01:53] INFO: Total questions: 1
[2025-05-30 16:01:53] INFO: Successful research: 1
[2025-05-30 16:01:53] INFO: Failed research: 0
[2025-05-30 16:01:53] INFO: Success rate: 100.00%
