[2025-05-21 16:01:24] INFO: === Starting new forecast run (Run #1878) ===
[2025-05-21 16:01:24] INFO: Environment: GitHub Actions
[2025-05-21 16:01:24] INFO: Repository: agsheves/decis-metaculus-bot1
[2025-05-21 16:01:24] INFO: Workflow: Forecast on new AI tournament questions
[2025-05-21 16:01:24] INFO: Commit: 9e9d79c1ab38dfa5be0c0563cfe496c278a3757a
[2025-05-21 16:01:24] INFO: === Question 1 ===
[2025-05-21 16:01:24] INFO: URL: https://www.metaculus.com/questions/37818
[2025-05-21 16:01:24] INFO: Text: Will Florida have the most pilot sightings of UFOs of any US state in March 2025?
[2025-05-21 16:01:34] INFO: Research: Perplexity succeeded for https://www.metaculus.com/questions/37818
[2025-05-21 16:01:41] INFO: === Forecast Result ===
[2025-05-21 16:01:41] INFO: URL: https://www.metaculus.com/questions/37818
[2025-05-21 16:01:41] INFO: Prediction: 0.3
[2025-05-21 16:01:41] INFO: Reasoning: (a) The time left until the outcome to the question is known is approximately 1 month and 10 days, as the outcome will be determined on or after July 1, 2025.

(b) The status quo outcome if nothing changed is "No." Currently, there is no comparative data indicating that Florida had the most pilot sightings of UFOs among all US states for March 2025.

(c) A brief description of a scenario that results in a No outcome: Other states, such as California or Texas, which historically have high numbers of UFO sightings, report more pilot sightings than Florida in March 2025. The National UFO Reporting Center data, when reviewed, shows that Florida is either tied with or has fewer pilot sightings than at least one other state.

(d) A brief description of a scenario that results in a Yes outcome: Additional data becomes available showing that Florida had a significantly higher number of pilot sightings compared to other states in March 2025. This could be due to increased UFO activity specifically reported by pilots in Florida, or a lack of similar reports from pilots in other states.

Rationale: Given the current information, Florida has notable UFO activity, but there is no specific data on pilot sightings compared to other states. Historically, Florida is a hotspot for UFO sightings, but without comparative data, the status quo leans towards a "No" outcome. The world changes slowly, and unless new data emerges, the probability of Florida having the most pilot sightings remains uncertain.

Probability: 30%
[2025-05-21 16:01:41] INFO: === Forecast Result ===
[2025-05-21 16:01:41] INFO: URL: https://www.metaculus.com/questions/37818
[2025-05-21 16:01:41] INFO: Prediction: 0.3
[2025-05-21 16:01:41] INFO: Reasoning: (a) The time left until the outcome to the question is known is approximately 1 month and 10 days, as the outcome will be determined on or after July 1, 2025.

(b) The status quo outcome if nothing changed would likely be "No," as there is currently insufficient evidence to confirm that Florida had the most pilot sightings of UFOs among all US states for March 2025. The available data does not provide a national comparison or specify pilot sightings versus general sightings.

(c) A scenario that results in a No outcome could involve other states, such as California or Texas, having a higher number of pilot-reported UFO sightings in March 2025. This could be due to increased UFO activity in those states or more comprehensive reporting by pilots in those regions.

(d) A scenario that results in a Yes outcome could occur if additional data becomes available showing that Florida had a significant number of pilot sightings compared to other states. This could be due to increased UFO activity specifically observed by pilots or a concerted effort by Florida-based pilots to report sightings to the National UFO Reporting Center.

Rationale: Given the current information, Florida has documented UFO sightings in March 2025, but there is no specific data on pilot sightings or a national comparison. Historically, Florida is a hotspot for UFO sightings, but without additional data, the status quo leans towards a "No" outcome. The world changes slowly, and without new evidence, the likelihood of a "Yes" outcome remains uncertain.

Probability: 30%
[2025-05-21 16:01:42] INFO: === Forecast Result ===
[2025-05-21 16:01:42] INFO: URL: https://www.metaculus.com/questions/37818
[2025-05-21 16:01:42] INFO: Prediction: 0.3
[2025-05-21 16:01:42] INFO: Reasoning: (a) The time left until the outcome to the question is known is approximately 1 month and 10 days, as the resolution will be determined on or after July 1, 2025.

(b) The status quo outcome, based on the current information, is "No." This is because, although there are multiple UFO sightings reported in Florida for March 2025, there is no available comparative data indicating that Florida had the most pilot sightings of any US state for that month.

(c) A scenario that results in a No outcome: Other states, such as California or Texas, which have historically high numbers of UFO sightings, report a greater number of pilot sightings in March 2025. This could happen if there are significant UFO events in those states that attract pilot attention, or if the reporting infrastructure in those states captures more pilot reports than Florida.

(d) A scenario that results in a Yes outcome: Florida experiences a significant increase in pilot-reported UFO sightings in the remaining days of May and June 2025, potentially due to a high-profile event or increased UFO activity. Additionally, other states do not report a comparable number of pilot sightings, allowing Florida to lead in the national ranking for March 2025.

Rationale: Given the current lack of comparative data and the historical context of Florida being a hotspot for UFO sightings, the status quo outcome leans towards "No." However, the situation could change if additional data becomes available or if there is a surge in pilot sightings in Florida. The world tends to change slowly, and without new evidence, the probability of a "Yes" outcome remains low.

Probability: 30%
[2025-05-21 16:01:43] INFO: === Forecast Result ===
[2025-05-21 16:01:43] INFO: URL: https://www.metaculus.com/questions/37818
[2025-05-21 16:01:43] INFO: Prediction: 0.3
[2025-05-21 16:01:43] INFO: Reasoning: (a) The time left until the outcome to the question is known is approximately 1 month and 10 days, as the resolution will be determined on or after July 1, 2025.

(b) The status quo outcome if nothing changed would be "No." This is because, based on the current information, there is no evidence to confirm that Florida had the most pilot sightings of UFOs among all US states for March 2025. The data available does not provide a national comparison or specify pilot sightings specifically.

(c) A scenario that results in a No outcome would involve other states, such as California or Texas, having a higher number of pilot-reported UFO sightings in March 2025. This could be due to increased UFO activity in those states or more active reporting by pilots in those regions. Additionally, if Florida is tied with another state for the most sightings, the outcome would also be "No."

(d) A scenario that results in a Yes outcome would involve Florida having a significantly higher number of pilot-reported UFO sightings compared to any other state in March 2025. This could occur if there is a surge in UFO activity specifically observed by pilots in Florida, or if there is increased media attention and reporting from pilots in the state, leading to a higher number of documented sightings.

Rationale: Given the historical context of Florida being a hotspot for UFO sightings and the current reports of sightings in March 2025, there is potential for Florida to have a high number of pilot sightings. However, without comparative data from other states, it is challenging to predict with high confidence that Florida will have the most pilot sightings. The status quo outcome is "No," and given the slow-changing nature of such events, it is prudent to weigh this outcome more heavily.

Final Answer: Probability: 30%
[2025-05-21 16:01:44] INFO: === Forecast Result ===
[2025-05-21 16:01:44] INFO: URL: https://www.metaculus.com/questions/37818
[2025-05-21 16:01:44] INFO: Prediction: 0.35
[2025-05-21 16:01:44] INFO: Reasoning: (a) The time left until the outcome to the question is known is approximately 1 month and 10 days, as the outcome will be determined on or after July 1, 2025.

(b) The status quo outcome, based on the current information, is that the question would resolve as "No." This is because there is insufficient evidence to confirm that Florida had the most pilot sightings of UFOs among all US states for March 2025. The available data does not provide a national comparison or specify pilot sightings versus general sightings.

(c) A scenario that results in a No outcome would involve other states, such as California or Texas, having more pilot-reported UFO sightings in March 2025 than Florida. This could be due to increased UFO activity in those states or more active reporting by pilots in those regions. Additionally, if Florida is tied with another state for the most sightings, the outcome would also be "No."

(d) A scenario that results in a Yes outcome would involve Florida having a significantly higher number of pilot-reported UFO sightings in March 2025 compared to any other state. This could occur if there is a surge in UFO activity specifically observed by pilots in Florida, or if there is increased awareness and reporting among pilots in the state. Additionally, if new data from the National UFO Reporting Center or other sources confirms Florida's lead in pilot sightings, the outcome could be "Yes."

Rationale: Given the historical context of Florida being a hotspot for UFO sightings and the current reports of UFO activity in March 2025, it is plausible that Florida could have a high number of pilot sightings. However, without comparative data from other states, it is challenging to predict a "Yes" outcome confidently. The status quo, where Florida does not have the most pilot sightings, is more likely given the lack of evidence to the contrary. Good forecasters often emphasize the status quo, as changes are typically gradual.

Final answer: Probability: 35%
[2025-05-21 16:01:44] INFO: === Run Summary ===
[2025-05-21 16:01:44] INFO: Total questions: 1
[2025-05-21 16:01:44] INFO: Successful research: 1
[2025-05-21 16:01:44] INFO: Failed research: 0
[2025-05-21 16:01:44] INFO: Success rate: 100.00%
