[2025-05-19 08:01:21] INFO: === Starting new forecast run (Run #1768) ===
[2025-05-19 08:01:21] INFO: Environment: GitHub Actions
[2025-05-19 08:01:21] INFO: Repository: agsheves/decis-metaculus-bot1
[2025-05-19 08:01:21] INFO: Workflow: Forecast on new AI tournament questions
[2025-05-19 08:01:21] INFO: Commit: 4aea5c9583a74939213286969b3063ee90d7b98d
[2025-05-19 08:01:22] INFO: === Question 1 ===
[2025-05-19 08:01:22] INFO: URL: https://www.metaculus.com/questions/37795
[2025-05-19 08:01:22] INFO: Text: Will the Colorado Rockies have the lowest winning percentage in the MLB on June 15, 2025?
[2025-05-19 08:01:39] INFO: Research: Perplexity succeeded for https://www.metaculus.com/questions/37795
[2025-05-19 08:01:45] INFO: === Forecast Result ===
[2025-05-19 08:01:45] INFO: URL: https://www.metaculus.com/questions/37795
[2025-05-19 08:01:45] INFO: Prediction: 0.85
[2025-05-19 08:01:45] INFO: Reasoning: (a) The time left until the outcome to the question is known is approximately 27 days, as today is May 19, 2025, and the outcome will be determined on or after June 15, 2025.

(b) The status quo outcome if nothing changed would likely be "Yes," as the Colorado Rockies currently have only 8 wins and are significantly behind their division rivals. This poor performance suggests they are on track to have the lowest winning percentage in MLB by June 15, 2025.

(c) A scenario that results in a No outcome would involve the Colorado Rockies significantly improving their performance over the next 27 days, winning a substantial number of games to increase their winning percentage. Alternatively, another MLB team could experience a severe losing streak, resulting in a lower winning percentage than the Rockies by June 15, 2025.

(d) A scenario that results in a Yes outcome would involve the Colorado Rockies continuing their current trajectory of poor performance, maintaining or worsening their current win-loss record. If no other team performs worse than the Rockies, they will have the lowest winning percentage in MLB by June 15, 2025.

Considering the current standings and the historical tendency for teams to maintain their performance levels over short periods, the status quo outcome is more likely. The Rockies' significant gap in wins compared to other teams suggests that they are at high risk of having the lowest winning percentage.

Probability: 85%
[2025-05-19 08:01:46] INFO: === Forecast Result ===
[2025-05-19 08:01:46] INFO: URL: https://www.metaculus.com/questions/37795
[2025-05-19 08:01:46] INFO: Prediction: 0.85
[2025-05-19 08:01:46] INFO: Reasoning: (a) The time left until the outcome to the question is known is approximately 27 days, as today is May 19, 2025, and the question resolves on June 15, 2025.

(b) The status quo outcome if nothing changed would be "Yes," as the Colorado Rockies currently have a very poor record with only 8 wins and are at the bottom of their division. This suggests they are likely to have the lowest winning percentage in MLB if current trends continue.

(c) A scenario that results in a "No" outcome would involve the Colorado Rockies significantly improving their performance over the next few weeks, winning a substantial number of games to improve their winning percentage. Alternatively, another MLB team could experience a severe losing streak, resulting in a worse winning percentage than the Rockies by June 15, 2025.

(d) A scenario that results in a "Yes" outcome involves the Colorado Rockies continuing their current trajectory of poor performance, maintaining the lowest winning percentage in MLB. This would mean they either continue losing at a similar rate or do not improve enough to surpass any other struggling teams.

Given the current standings and the time remaining, the status quo heavily favors the Rockies having the lowest winning percentage. While there is a possibility for change, the likelihood of a significant shift in performance by the Rockies or another team is relatively low within the short timeframe.

Probability: 85%
[2025-05-19 08:01:46] INFO: === Forecast Result ===
[2025-05-19 08:01:46] INFO: URL: https://www.metaculus.com/questions/37795
[2025-05-19 08:01:46] INFO: Prediction: 0.85
[2025-05-19 08:01:46] INFO: Reasoning: (a) The time left until the outcome to the question is known is approximately 27 days, as today is May 19, 2025, and the question will be resolved on or after June 15, 2025.

(b) The status quo outcome if nothing changed would be "Yes," as the Colorado Rockies currently have a very poor record with only 8 wins and are at the bottom of their division. This suggests they are likely to have the lowest winning percentage in MLB if current trends continue.

(c) A scenario that results in a "No" outcome would involve the Colorado Rockies significantly improving their performance over the next 27 days, winning a substantial number of games to improve their winning percentage. Alternatively, another MLB team could perform even worse than the Rockies during this period, resulting in that team having the lowest winning percentage instead.

(d) A scenario that results in a "Yes" outcome would involve the Colorado Rockies continuing their current poor performance, winning few or no additional games over the next 27 days. This would likely maintain or worsen their position as having the lowest winning percentage in MLB by June 15, 2025.

Given the current standings and the time remaining, the status quo suggests a high probability of the Rockies having the lowest winning percentage. While there is room for change, such as a significant improvement by the Rockies or a decline by another team, these scenarios are less likely given the short time frame and the Rockies' current trajectory.

Probability: 85%
[2025-05-19 08:01:46] INFO: === Forecast Result ===
[2025-05-19 08:01:46] INFO: URL: https://www.metaculus.com/questions/37795
[2025-05-19 08:01:46] INFO: Prediction: 0.85
[2025-05-19 08:01:46] INFO: Reasoning: (a) The time left until the outcome to the question is known is approximately 27 days, as today is May 19, 2025, and the outcome will be determined on or after June 15, 2025.

(b) The status quo outcome if nothing changed would be "Yes," as the Colorado Rockies currently have a significantly poor record with only 8 wins, placing them at the bottom of the National League West division. This suggests they are likely to have the lowest winning percentage in MLB if current trends continue.

(c) A scenario that results in a "No" outcome would involve the Colorado Rockies significantly improving their performance over the next few weeks, winning a substantial number of games to increase their winning percentage. Alternatively, another MLB team could perform even worse than the Rockies during this period, resulting in that team having the lowest winning percentage by June 15.

(d) A scenario that results in a "Yes" outcome would involve the Colorado Rockies continuing their current poor performance, maintaining or worsening their current record. This would ensure they have the lowest winning percentage in MLB by June 15, 2025.

Given the current standings and the short time frame until the outcome is determined, the status quo heavily favors a "Yes" outcome. While there is always a possibility of unexpected changes, such as another team performing worse, the likelihood of such a significant shift occurring in less than a month is relatively low. Therefore, the probability of the Rockies having the lowest winning percentage on June 15, 2025, is quite high.

Probability: 85%
[2025-05-19 08:01:46] INFO: === Forecast Result ===
[2025-05-19 08:01:46] INFO: URL: https://www.metaculus.com/questions/37795
[2025-05-19 08:01:46] INFO: Prediction: 0.85
[2025-05-19 08:01:46] INFO: Reasoning: (a) The time left until the outcome to the question is known is approximately 27 days, as today is May 19, 2025, and the question will be resolved on or after June 15, 2025.

(b) The status quo outcome, if nothing changed, would be that the Colorado Rockies have the lowest winning percentage in MLB. They currently have only 8 wins, which is significantly lower than their division rivals and likely among the lowest in the league.

(c) A scenario that results in a No outcome would involve the Rockies significantly improving their performance over the next 27 days, winning a substantial number of games to improve their winning percentage. Alternatively, another team in MLB could perform even worse than the Rockies during this period, ending up with a lower winning percentage by June 15.

(d) A scenario that results in a Yes outcome would involve the Rockies continuing their current poor performance, maintaining or extending the gap between their winning percentage and that of other MLB teams. If no other team performs worse than the Rockies, they will have the lowest winning percentage by June 15.

Given the current standings and the short time frame until the outcome is determined, the status quo outcome is heavily weighted. The Rockies would need a dramatic turnaround or another team would need to perform exceptionally poorly for the outcome to change. Therefore, the probability of the Rockies having the lowest winning percentage by June 15 is high.

Probability: 85%
[2025-05-19 08:01:47] INFO: === Run Summary ===
[2025-05-19 08:01:47] INFO: Total questions: 1
[2025-05-19 08:01:47] INFO: Successful research: 1
[2025-05-19 08:01:47] INFO: Failed research: 0
[2025-05-19 08:01:47] INFO: Success rate: 100.00%
