[2025-05-30 20:01:16] INFO: === Starting new forecast run (Run #2308) ===
[2025-05-30 20:01:16] INFO: Environment: GitHub Actions
[2025-05-30 20:01:16] INFO: Repository: agsheves/decis-metaculus-bot1
[2025-05-30 20:01:16] INFO: Workflow: Forecast on new AI tournament questions
[2025-05-30 20:01:16] INFO: Commit: 27eec891b0f6bdd7b5087a6846ca302e5bedf035
[2025-05-30 20:01:16] INFO: === Question 1 ===
[2025-05-30 20:01:16] INFO: URL: https://www.metaculus.com/questions/38106
[2025-05-30 20:01:16] INFO: Text: Will Donald Trump visit Russia before July 1, 2025?
[2025-05-30 20:01:27] INFO: Research: Perplexity succeeded for https://www.metaculus.com/questions/38106
[2025-05-30 20:01:32] INFO: === Forecast Result ===
[2025-05-30 20:01:32] INFO: URL: https://www.metaculus.com/questions/38106
[2025-05-30 20:01:32] INFO: Prediction: 0.2
[2025-05-30 20:01:32] INFO: Reasoning: (a) The time left until the outcome to the question is known is approximately one month, from May 30, 2025, to July 1, 2025.

(b) The status quo outcome, if nothing changes, would be "No," as there is currently no evidence or announcement indicating that Donald Trump has plans to visit Russia before July 1, 2025.

(c) A scenario that results in a No outcome would involve the continuation of the current situation where Donald Trump remains engaged in diplomatic activities with Russia through intermediaries or virtual communications, without making a personal visit to Russia. This could be due to logistical challenges, political considerations, or a strategic decision to avoid the optics of a visit.

(d) A scenario that results in a Yes outcome would involve a sudden development in the Russia-Ukraine peace negotiations that necessitates Trump's personal presence in Russia to finalize or announce a significant agreement. This could be driven by a breakthrough in talks or a strategic move to solidify his role in the peace process.

Given the current status quo and the limited time frame, the probability of Trump visiting Russia before July 1, 2025, seems low. While there is ongoing diplomatic engagement, the lack of concrete plans or announcements for a visit suggests that the status quo is likely to persist.

Probability: 20%
[2025-05-30 20:01:34] INFO: === Forecast Result ===
[2025-05-30 20:01:34] INFO: URL: https://www.metaculus.com/questions/38106
[2025-05-30 20:01:34] INFO: Prediction: 0.2
[2025-05-30 20:01:34] INFO: Reasoning: (a) The time left until the outcome to the question is known is approximately one month, as the question resolves on July 1, 2025.

(b) The status quo outcome, if nothing changed, would be "No," since there is currently no evidence or announcement of Donald Trump visiting Russia before July 1, 2025.

(c) A scenario that results in a No outcome would involve the continuation of the current situation, where Trump remains engaged in diplomatic activities with Russia but does not make a personal visit. This could be due to logistical challenges, domestic political considerations, or a strategic decision to conduct negotiations remotely or through envoys.

(d) A scenario that results in a Yes outcome would involve a sudden development in the Russia-Ukraine peace negotiations that necessitates Trump's personal presence in Russia. This could be a breakthrough in talks requiring a high-profile signing ceremony or a strategic decision by Trump to bolster his diplomatic efforts by visiting Russia directly.

Considering the current status quo and the relatively short time frame left for a potential visit, the probability of Trump visiting Russia before July 1, 2025, seems low. While diplomatic engagements are ongoing, there is no concrete evidence or announcement of a planned visit, and the world tends to change slowly.

Probability: 20%
[2025-05-30 20:01:34] INFO: === Forecast Result ===
[2025-05-30 20:01:34] INFO: URL: https://www.metaculus.com/questions/38106
[2025-05-30 20:01:34] INFO: Prediction: 0.2
[2025-05-30 20:01:34] INFO: Reasoning: (a) The time left until the outcome to the question is known is approximately one month, as the question resolves based on events occurring between May 19, 2025, and July 1, 2025.

(b) The status quo outcome, if nothing changes, is "No," because as of May 30, 2025, there is no evidence that Donald Trump has visited Russia in 2025 or has announced plans to do so before July 1, 2025.

(c) A scenario that results in a No outcome is that Donald Trump continues his diplomatic efforts with Russia through intermediaries and virtual communications without making a personal visit to Russia. The peace negotiations and other diplomatic activities proceed without necessitating his physical presence in Russia.

(d) A scenario that results in a Yes outcome is that the peace negotiations between the Trump administration and Russia reach a critical juncture that requires Trump's personal involvement. This could lead to a last-minute decision for Trump to visit Russia to finalize agreements or to participate in a high-profile diplomatic event.

Rationale: Given the current status quo and the lack of any announced plans for a visit, the probability of Trump visiting Russia before July 1, 2025, remains low. While there is ongoing diplomatic engagement, the world tends to change slowly, and significant diplomatic activities can often be conducted without a personal visit. However, the possibility of a sudden development necessitating a visit cannot be entirely ruled out.

Final Answer: "Probability: 20%"
[2025-05-30 20:01:35] INFO: === Forecast Result ===
[2025-05-30 20:01:35] INFO: URL: https://www.metaculus.com/questions/38106
[2025-05-30 20:01:35] INFO: Prediction: 0.2
[2025-05-30 20:01:35] INFO: Reasoning: (a) The time left until the outcome to the question is known is approximately one month, as today is May 30, 2025, and the question resolves by July 1, 2025.

(b) The status quo outcome if nothing changed would be "No," as there is currently no evidence or announcement that Donald Trump has visited Russia in 2025 or has plans to do so before July 1, 2025.

(c) A scenario that results in a No outcome: Donald Trump continues his diplomatic efforts with Russia remotely or through envoys, without making a personal visit to Russia. The peace negotiations and other diplomatic activities proceed without the need for Trump's physical presence in Russia.

(d) A scenario that results in a Yes outcome: A breakthrough in the Russia-Ukraine peace negotiations occurs, prompting Donald Trump to make a last-minute visit to Russia to finalize or celebrate the agreement. This visit could be seen as a strategic move to solidify the peace plan and demonstrate leadership on the international stage.

Rationale: Given the current status quo and the lack of any concrete plans for a visit, the probability of Trump visiting Russia before July 1, 2025, remains low. While the diplomatic engagement between the Trump administration and Russia is significant, it does not necessarily imply a personal visit by Trump. The world tends to change slowly, and without new evidence or announcements, the status quo outcome is more likely.

Final Answer: "Probability: 20%"
[2025-05-30 20:01:35] INFO: === Forecast Result ===
[2025-05-30 20:01:35] INFO: URL: https://www.metaculus.com/questions/38106
[2025-05-30 20:01:35] INFO: Prediction: 0.2
[2025-05-30 20:01:35] INFO: Reasoning: (a) The time left until the outcome to the question is known is approximately one month, as today is May 30, 2025, and the question's resolution period ends on July 1, 2025.

(b) The status quo outcome, if nothing changes, is "No," as there is currently no evidence or announcement indicating that Donald Trump has visited or plans to visit Russia before July 1, 2025.

(c) A scenario that results in a No outcome is that Donald Trump continues to engage in diplomatic activities related to the Russia-Ukraine conflict through intermediaries and remote communications without personally visiting Russia. The current diplomatic engagements, such as phone calls and envoy meetings, may suffice for his administration's objectives, eliminating the need for a personal visit.

(d) A scenario that results in a Yes outcome is that the peace negotiations between the Trump administration and Russia reach a critical juncture, necessitating Trump's personal involvement to finalize agreements or demonstrate commitment. This could lead to a last-minute decision for Trump to visit Russia before the deadline.

Rationale: Given the current status quo and the lack of any announced plans for a visit, the probability of Trump visiting Russia before July 1, 2025, remains low. While the diplomatic activities suggest the possibility of a visit, the world tends to change slowly, and without concrete evidence or announcements, the status quo outcome is more likely.

Final Answer: "Probability: 20%"
[2025-05-30 20:01:35] INFO: === Run Summary ===
[2025-05-30 20:01:35] INFO: Total questions: 1
[2025-05-30 20:01:35] INFO: Successful research: 1
[2025-05-30 20:01:35] INFO: Failed research: 0
[2025-05-30 20:01:35] INFO: Success rate: 100.00%
