[2025-05-26 12:01:24] INFO: === Starting new forecast run (Run #2104) ===
[2025-05-26 12:01:24] INFO: Environment: GitHub Actions
[2025-05-26 12:01:24] INFO: Repository: agsheves/decis-metaculus-bot1
[2025-05-26 12:01:24] INFO: Workflow: Forecast on new AI tournament questions
[2025-05-26 12:01:24] INFO: Commit: ff766426251bc0731e9c6fb168bd71b088d2d4e1
[2025-05-26 12:01:24] INFO: === Question 1 ===
[2025-05-26 12:01:24] INFO: URL: https://www.metaculus.com/questions/38057
[2025-05-26 12:01:24] INFO: Text: Will Merab Dvalishvili defeat Sean O'Malley at UFC 316?
[2025-05-26 12:01:34] INFO: Research: Perplexity succeeded for https://www.metaculus.com/questions/38057
[2025-05-26 12:01:38] INFO: === Forecast Result ===
[2025-05-26 12:01:38] INFO: URL: https://www.metaculus.com/questions/38057
[2025-05-26 12:01:38] INFO: Prediction: 0.65
[2025-05-26 12:01:38] INFO: Reasoning: (a) The time left until the outcome to the question is known is approximately 12 days, as the fight is scheduled for June 7, 2025, and today is May 26, 2025.

(b) The status quo outcome if nothing changed is that Merab Dvalishvili is currently the UFC bantamweight champion, and he won their first encounter against Sean O'Malley. This suggests that Dvalishvili has a strong chance of winning the rematch, given his previous success and current champion status.

(c) A scenario that results in a No outcome would be if Sean O'Malley manages to significantly improve his performance compared to their first fight, overcoming Dvalishvili's wrestling-heavy strategy and securing a victory, or if Dvalishvili does not fight at UFC 316 due to unforeseen circumstances such as injury or a change in the fight card.

(d) A scenario that results in a Yes outcome would be if Merab Dvalishvili successfully implements his wrestling-heavy strategy again, avoids O'Malley's striking, and secures a victory in the rematch, thereby defeating Sean O'Malley at UFC 316.

Given the current information and the status quo, where Dvalishvili is the reigning champion and has already defeated O'Malley once, it is reasonable to assign a higher probability to Dvalishvili winning the rematch. However, considering the uncertainty and potential improvements by O'Malley, the probability should not be overly high.

Probability: 65%
[2025-05-26 12:01:39] INFO: === Forecast Result ===
[2025-05-26 12:01:39] INFO: URL: https://www.metaculus.com/questions/38057
[2025-05-26 12:01:39] INFO: Prediction: 0.65
[2025-05-26 12:01:39] INFO: Reasoning: (a) The time left until the outcome of the question is known is approximately 12 days, as the fight is scheduled for June 7, 2025, and today is May 26, 2025.

(b) The status quo outcome, based on the current information, is that Merab Dvalishvili is the favorite to win. He is the current UFC bantamweight champion and won their first encounter using a wrestling-heavy strategy that was effective against Sean O'Malley.

(c) A scenario that results in a No outcome could involve Sean O'Malley successfully implementing improvements in his fighting style, as he claims to be "70% better" since their last fight. If O'Malley has significantly improved his takedown defense and striking, he could potentially defeat Dvalishvili in the rematch.

(d) A scenario that results in a Yes outcome would involve Dvalishvili successfully executing a similar game plan to their first fight, utilizing his wrestling skills to control O'Malley and avoid significant strikes. If Dvalishvili can maintain his current level of performance and strategy, he is likely to win again.

Considering the status quo and the available information, Dvalishvili's previous victory and current champion status suggest he is more likely to win the rematch. However, O'Malley's claimed improvements and the unpredictable nature of MMA fights introduce some uncertainty.

Final answer: "Probability: 65%"
[2025-05-26 12:01:39] INFO: === Forecast Result ===
[2025-05-26 12:01:39] INFO: URL: https://www.metaculus.com/questions/38057
[2025-05-26 12:01:39] INFO: Prediction: 0.7
[2025-05-26 12:01:39] INFO: Reasoning: (a) The time left until the outcome of the question is known is approximately 12 days, as the fight is scheduled for June 7, 2025, and today is May 26, 2025.

(b) The status quo outcome, if nothing changed, is that the fight will proceed as planned between Merab Dvalishvili and Sean O'Malley at UFC 316. Given that Dvalishvili is currently the UFC bantamweight champion and won their first encounter, the status quo suggests that Dvalishvili has a higher likelihood of winning again, assuming all other factors remain constant.

(c) A scenario that results in a No outcome could involve Dvalishvili getting injured before the fight, leading to his withdrawal from the event. Alternatively, if Dvalishvili fights someone else at UFC 316 or if the event is canceled, the outcome would also be No.

(d) A scenario that results in a Yes outcome is if the fight takes place as scheduled and Dvalishvili defeats O'Malley, thereby maintaining his status as the UFC bantamweight champion.

Given the information available, including Dvalishvili's current champion status and his previous victory over O'Malley, the probability that Dvalishvili will defeat O'Malley again is relatively high. However, it's important to consider the possibility of O'Malley's improvement and any unforeseen circumstances that could affect the fight.

Final answer: "Probability: 70%"
[2025-05-26 12:01:39] INFO: === Forecast Result ===
[2025-05-26 12:01:39] INFO: URL: https://www.metaculus.com/questions/38057
[2025-05-26 12:01:39] INFO: Prediction: 0.65
[2025-05-26 12:01:39] INFO: Reasoning: (a) The time left until the outcome of the question is known is approximately 12 days, as the fight is scheduled for June 7, 2025, and today is May 26, 2025.

(b) The status quo outcome, if nothing changed, would be that Merab Dvalishvili is favored to win the fight. He is currently the UFC bantamweight champion, and he won their first encounter using a wrestling-heavy strategy that was effective against Sean O'Malley. This implies that Dvalishvili has the skills and strategy to potentially win again.

(c) A scenario that results in a No outcome would be if Sean O'Malley manages to significantly improve his takedown defense and striking accuracy, allowing him to avoid Dvalishvili's wrestling and land effective strikes. If O'Malley can capitalize on his improvements and defeat Dvalishvili, the outcome would be No.

(d) A scenario that results in a Yes outcome would be if Merab Dvalishvili successfully implements a similar strategy to their first fight, utilizing his wrestling skills to control O'Malley and avoid significant strikes. If Dvalishvili can maintain his composure and execute his game plan effectively, he could secure another victory over O'Malley.

Given the current information, the status quo suggests that Dvalishvili has a higher chance of winning, as he is the reigning champion and has already defeated O'Malley once. However, O'Malley's claimed improvements and potential for adaptation should not be entirely discounted.

Final answer: "Probability: 65%"
[2025-05-26 12:01:40] INFO: === Forecast Result ===
[2025-05-26 12:01:40] INFO: URL: https://www.metaculus.com/questions/38057
[2025-05-26 12:01:40] INFO: Prediction: 0.65
[2025-05-26 12:01:40] INFO: Reasoning: Before providing a probability estimate, let's address the preliminary points:

(a) **The time left until the outcome to the question is known:**  
The fight is scheduled for June 7, 2025. Today is May 26, 2025, so there are 12 days remaining until the fight takes place and the outcome is known.

(b) **The status quo outcome if nothing changed:**  
The status quo outcome is that Merab Dvalishvili is the current UFC bantamweight champion and has previously defeated Sean O'Malley. Given this context, the status quo outcome would lean towards Dvalishvili winning again, assuming no significant changes occur.

(c) **A brief description of a scenario that results in a No outcome:**  
A No outcome would occur if the fight is canceled or if Dvalishvili does not fight O'Malley at UFC 316. This could happen due to an injury to either fighter, a change in the fight card, or any unforeseen circumstances that prevent the fight from taking place as scheduled.

(d) **A brief description of a scenario that results in a Yes outcome:**  
A Yes outcome would occur if Merab Dvalishvili defeats Sean O'Malley in their rematch at UFC 316. This would mean that Dvalishvili successfully defends his title against O'Malley, continuing his reign as the bantamweight champion.

**Rationale:**  
Given the current information, the status quo favors Dvalishvili, who is the reigning champion and has previously defeated O'Malley. While O'Malley claims to have improved, the status quo and historical performance suggest that Dvalishvili has a higher probability of winning. However, the uncertainty of fight outcomes and the potential for unforeseen events must be considered.

**Final Answer:**  
"Probability: 65%"
[2025-05-26 12:01:40] INFO: === Run Summary ===
[2025-05-26 12:01:40] INFO: Total questions: 1
[2025-05-26 12:01:40] INFO: Successful research: 1
[2025-05-26 12:01:40] INFO: Failed research: 0
[2025-05-26 12:01:40] INFO: Success rate: 100.00%
