[2025-05-28 12:43:27] INFO: === Starting new forecast run (Run #2199) ===
[2025-05-28 12:43:27] INFO: Environment: GitHub Actions
[2025-05-28 12:43:27] INFO: Repository: agsheves/decis-metaculus-bot1
[2025-05-28 12:43:27] INFO: Workflow: Forecast on new AI tournament questions
[2025-05-28 12:43:27] INFO: Commit: 1f7bf5ac6c3cd78687e36da7f1e698733198e037
[2025-05-28 12:43:27] INFO: === Question 1 ===
[2025-05-28 12:43:27] INFO: URL: https://www.metaculus.com/questions/38079
[2025-05-28 12:43:27] INFO: Text: What will Donald Trump's net approval on the issue of Inflation be on June 25, 2025, according to the Silver Bulletin?
[2025-05-28 12:43:37] INFO: Research: Perplexity succeeded for https://www.metaculus.com/questions/38079
[2025-05-28 12:43:43] INFO: === Forecast Result ===
[2025-05-28 12:43:43] INFO: URL: https://www.metaculus.com/questions/38079
[2025-05-28 12:43:43] INFO: Prediction: predicted_options=[PredictedOption(option_name='<-30.0%', probability=0.15), PredictedOption(option_name='≥-30.0% and ≤-20.0%', probability=0.25), PredictedOption(option_name='>-20.0% and <-10.0%', probability=0.4), PredictedOption(option_name='≥-10.0%', probability=0.2)]
[2025-05-28 12:43:43] INFO: Reasoning: (a) The time left until the outcome to the question is known is approximately 28 days, as today is May 28, 2025, and the question pertains to June 25, 2025.

(b) The status quo outcome if nothing changed would likely be that Donald Trump's net approval on the issue of inflation remains negative. Given the current trends, where his overall job approval is declining and there is significant disapproval of his economic policies, it is reasonable to assume that his net approval on inflation is likely in the negative range, possibly between -20.0% and -10.0%.

(c) A scenario that results in an unexpected outcome could involve a sudden and significant improvement in economic conditions, particularly regarding inflation. For instance, if there were a rapid decrease in inflation rates due to unforeseen global economic shifts or successful policy interventions, public perception might shift positively. Additionally, if Trump were to implement a popular economic policy that effectively addresses inflation concerns, it could lead to a higher net approval rating. Another possibility could be a major geopolitical event that diverts attention from economic issues, temporarily boosting approval ratings.

Considering these points, I will assign probabilities to each option:

- Option_A ('<-30.0%'): Given the current data, it seems unlikely that Trump's net approval on inflation would be this low. However, it's not impossible if economic conditions worsen significantly. Probability_A: 15%

- Option_B ('≥-30.0% and ≤-20.0%'): This range is plausible given the overall disapproval of Trump's economic policies, but it seems slightly more negative than the current status quo would suggest. Probability_B: 25%

- Option_C ('>-20.0% and <-10.0%'): This range aligns with the status quo and current trends, where Trump's net approval on inflation is likely negative but not extremely so. Probability_C: 40%

- Option_D ('≥-10.0%'): While less likely given the current disapproval trends, it remains possible if there are positive developments in economic conditions or public perception. Probability_D: 20%

Final probabilities:
Option_A: 15%
Option_B: 25%
Option_C: 40%
Option_D: 20%
[2025-05-28 12:43:43] INFO: === Forecast Result ===
[2025-05-28 12:43:43] INFO: URL: https://www.metaculus.com/questions/38079
[2025-05-28 12:43:43] INFO: Prediction: predicted_options=[PredictedOption(option_name='<-30.0%', probability=0.15), PredictedOption(option_name='≥-30.0% and ≤-20.0%', probability=0.35), PredictedOption(option_name='>-20.0% and <-10.0%', probability=0.4), PredictedOption(option_name='≥-10.0%', probability=0.1)]
[2025-05-28 12:43:43] INFO: Reasoning: (a) **The time left until the outcome to the question is known:**

There are approximately four weeks left until June 25, 2025. This is a relatively short time frame, suggesting that significant changes in public opinion or policy outcomes are unlikely unless there is a major unforeseen event.

(b) **The status quo outcome if nothing changed:**

Based on the information provided, the status quo outcome is that Donald Trump's net approval on the issue of inflation is likely negative. The current trends show a declining overall job approval rating, with specific disapproval of economic policies related to inflation. Therefore, the most likely status quo outcome is that his net approval on inflation will be in the range of '>-20.0% and <-10.0%' or possibly '≥-30.0% and ≤-20.0%', reflecting ongoing dissatisfaction.

(c) **A description of a scenario that results in an unexpected outcome:**

An unexpected outcome could occur if there were a sudden and significant improvement in inflation figures, perhaps due to an unforeseen economic event or successful policy intervention that quickly gains public approval. For instance, if there were a dramatic decrease in inflation rates due to a new economic policy or international agreement that positively impacts the economy, public sentiment could shift rapidly. This could lead to a net approval rating of '≥-10.0%' if the public perceives the administration's actions as effective in managing inflation.

**Rationale:**

1. **Status Quo Weighting:** Given the short time frame and the current trends in public opinion and economic policy, the status quo outcome should be heavily weighted. The data suggests a negative net approval on inflation, likely in the '>-20.0% and <-10.0%' range, reflecting ongoing dissatisfaction with economic policies.

2. **Moderate Probability for Unexpected Outcomes:** While the status quo is a strong predictor, it's important to account for the possibility of unexpected events. Economic indicators can change rapidly, and public opinion can shift in response to new developments. Therefore, some probability should be allocated to the other ranges, particularly '≥-10.0%' if there is a positive economic surprise.

**Final Probabilities:**

- Option_A ('<-30.0%'): 15%
- Option_B ('≥-30.0% and ≤-20.0%'): 35%
- Option_C ('>-20.0% and <-10.0%'): 40%
- Option_D ('≥-10.0%'): 10%
[2025-05-28 12:43:44] INFO: === Run Summary ===
[2025-05-28 12:43:44] INFO: Total questions: 1
[2025-05-28 12:43:44] INFO: Successful research: 1
[2025-05-28 12:43:44] INFO: Failed research: 0
[2025-05-28 12:43:44] INFO: Success rate: 100.00%
