[2025-06-03 14:01:28] INFO: === Starting new forecast run (Run #2482) ===
[2025-06-03 14:01:28] INFO: Environment: GitHub Actions
[2025-06-03 14:01:28] INFO: Repository: agsheves/decis-metaculus-bot1
[2025-06-03 14:01:28] INFO: Workflow: Forecast on new AI tournament questions
[2025-06-03 14:01:28] INFO: Commit: 52aaa3141ea2cd977d7802d6c6b7ca615f08ff15
[2025-06-03 14:01:28] INFO: === Question 1 ===
[2025-06-03 14:01:28] INFO: URL: https://www.metaculus.com/questions/38314
[2025-06-03 14:01:28] INFO: Text: Which actor will win the 2025 Nickelodeon Kids' Choice Award for Favorite Male TV Star (Family)?
[2025-06-03 14:01:37] INFO: Research: Perplexity succeeded for https://www.metaculus.com/questions/38314
[2025-06-03 14:01:47] INFO: === Forecast Result ===
[2025-06-03 14:01:47] INFO: URL: https://www.metaculus.com/questions/38314
[2025-06-03 14:01:47] INFO: Prediction: predicted_options=[PredictedOption(option_name='Damon Wayans Jr.', probability=0.25510204081632654), PredictedOption(option_name='David Schwimmer', probability=0.01020408163265306), PredictedOption(option_name='George Lopez', probability=0.20408163265306123), PredictedOption(option_name='Jude Law', probability=0.01020408163265306), PredictedOption(option_name='Sam McCarthy', probability=0.01020408163265306), PredictedOption(option_name='Xolo Mariduena', probability=0.5102040816326531)]
[2025-06-03 14:01:47] INFO: Reasoning: (a) The time left until the outcome to the question is known is uncertain, but it is likely to be resolved soon since the 2025 Nickelodeon Kids' Choice Awards have not yet taken place as of June 3, 2025. The awards typically occur in the first half of the year, so the event should happen shortly.

(b) The status quo outcome, based on the current nominees and their visibility, would likely favor one of the nominees who is confirmed to be in the running for the award. The nominees with confirmed roles are Damon Wayans Jr. for "Poppa's House," Xolo Maridueña for "Cobra Kai," and George Lopez for "Lopez vs."

(c) An unexpected outcome could occur if there is a last-minute change in the nominees or if a surprise winner is announced due to a strong fan campaign or a viral moment that boosts the popularity of a less likely candidate. For instance, if Devin Brewer or Anthony Brewer, who are mentioned in other sources, gain significant popularity or media attention right before the awards, they could potentially win.

Rationale:
Given the nominees provided, Damon Wayans Jr., Xolo Maridueña, and George Lopez are the most likely candidates since they are confirmed nominees for the award. Among them, Xolo Maridueña might have an edge due to the popularity of "Cobra Kai," which has been a well-received show with a strong fan base. However, George Lopez also has a significant following, and Damon Wayans Jr. could appeal to audiences with his comedic role. The other listed actors, David Schwimmer, Jude Law, and Sam McCarthy, do not appear to be nominated based on the current information, making their chances of winning very low. However, it is prudent to leave a small probability for unexpected outcomes.

Final probabilities:
Damon Wayans Jr.: 25%
David Schwimmer: 1%
George Lopez: 20%
Jude Law: 1%
Sam McCarthy: 1%
Xolo Mariduena: 50%
[2025-06-03 14:01:51] INFO: === Run Summary ===
[2025-06-03 14:01:51] INFO: Total questions: 1
[2025-06-03 14:01:51] INFO: Successful research: 1
[2025-06-03 14:01:51] INFO: Failed research: 0
[2025-06-03 14:01:51] INFO: Success rate: 100.00%
