[2025-05-26 18:01:28] INFO: === Starting new forecast run (Run #2116) ===
[2025-05-26 18:01:28] INFO: Environment: GitHub Actions
[2025-05-26 18:01:28] INFO: Repository: agsheves/decis-metaculus-bot1
[2025-05-26 18:01:28] INFO: Workflow: Forecast on new AI tournament questions
[2025-05-26 18:01:28] INFO: Commit: 5b6598c1681be088d91f063ed91e01df73b83822
[2025-05-26 18:01:28] INFO: === Question 1 ===
[2025-05-26 18:01:28] INFO: URL: https://www.metaculus.com/questions/38059
[2025-05-26 18:01:28] INFO: Text: What will be the inventory/sales ratio of US apparel businesses reported for April 2025?
[2025-05-26 18:01:38] INFO: Research: Perplexity succeeded for https://www.metaculus.com/questions/38059
[2025-05-26 18:01:46] INFO: === Forecast Result ===
[2025-05-26 18:01:46] INFO: URL: https://www.metaculus.com/questions/38059
[2025-05-26 18:01:46] INFO: Prediction: [Percentile(value=1.9, percentile=0.1), Percentile(value=2.0, percentile=0.2), Percentile(value=2.05, percentile=0.4), Percentile(value=2.1, percentile=0.6), Percentile(value=2.15, percentile=0.8), Percentile(value=2.25, percentile=0.9)]
[2025-05-26 18:01:46] INFO: Reasoning: (a) The time left until the outcome to the question is known: Since today is May 26, 2025, the April 2025 data will likely be released soon, typically in the first or second week of June.

(b) The outcome if nothing changed: If the inventory/sales ratio remained the same as March 2025, it would be 2.063432.

(c) The outcome if the current trend continued: The trend from February to March 2025 for clothing retailers showed a slight decrease in the ratio from 2.30 to 2.25. If a similar trend were to apply to the wholesale apparel sector, the ratio might decrease slightly. However, given the specific ratio for March 2025 was 2.063432, a similar proportional decrease might result in a ratio around 2.05.

(d) The expectations of experts and markets: Experts might expect a slight decrease or stabilization in the inventory/sales ratio due to the moderate increase in apparel imports and indications of declining consumer confidence affecting inventory strategies. This could lead to more cautious inventory management.

(e) A brief description of an unexpected scenario that results in a low outcome: An unexpected surge in consumer demand due to a major fashion trend or event could lead to a rapid increase in sales, significantly lowering the inventory/sales ratio.

(f) A brief description of an unexpected scenario that results in a high outcome: A sudden disruption in supply chains, such as a geopolitical event or natural disaster, could lead to increased inventories as shipments are delayed, resulting in a higher inventory/sales ratio.

Final answer:
"
Percentile 10: 1.90
Percentile 20: 2.00
Percentile 40: 2.05
Percentile 60: 2.10
Percentile 80: 2.15
Percentile 90: 2.25
"
[2025-05-26 18:01:46] INFO: === Forecast Result ===
[2025-05-26 18:01:46] INFO: URL: https://www.metaculus.com/questions/38059
[2025-05-26 18:01:46] INFO: Prediction: [Percentile(value=1.9, percentile=0.1), Percentile(value=2.0, percentile=0.2), Percentile(value=2.05, percentile=0.4), Percentile(value=2.1, percentile=0.6), Percentile(value=2.15, percentile=0.8), Percentile(value=2.2, percentile=0.9)]
[2025-05-26 18:01:46] INFO: Reasoning: (a) The time left until the outcome to the question is known: Since today is May 26, 2025, and the data for April 2025 is typically released in early June, there is approximately one to two weeks left until the outcome is known.

(b) The outcome if nothing changed: If nothing changed from March 2025, the inventory/sales ratio would remain at approximately 2.063432, as calculated from the example provided.

(c) The outcome if the current trend continued: The trend from February to March 2025 showed a slight decrease in the retail inventories/sales ratio for clothing retailers (from 2.30 to 2.25). If this trend continued, we might expect a further slight decrease in the inventory/sales ratio for April 2025, potentially around 2.05.

(d) The expectations of experts and markets: Given the moderate increase in apparel imports and indications of declining consumer confidence, experts might expect a slight decrease or stabilization in the inventory/sales ratio as businesses adjust their inventory strategies. This could result in a ratio around 2.05 to 2.10.

(e) A brief description of an unexpected scenario that results in a low outcome: An unexpected surge in consumer demand due to a sudden economic stimulus or a significant fashion trend could lead to higher sales and a lower inventory/sales ratio, potentially dropping it to around 1.90.

(f) A brief description of an unexpected scenario that results in a high outcome: A major supply chain disruption or unexpected economic downturn could lead to increased inventories and reduced sales, pushing the ratio higher, potentially up to 2.20 or more.

Final answer:
"
Percentile 10: 1.90
Percentile 20: 2.00
Percentile 40: 2.05
Percentile 60: 2.10
Percentile 80: 2.15
Percentile 90: 2.20
"
[2025-05-26 18:01:47] INFO: === Forecast Result ===
[2025-05-26 18:01:47] INFO: URL: https://www.metaculus.com/questions/38059
[2025-05-26 18:01:47] INFO: Prediction: [Percentile(value=1.95, percentile=0.1), Percentile(value=2.0, percentile=0.2), Percentile(value=2.05, percentile=0.4), Percentile(value=2.1, percentile=0.6), Percentile(value=2.15, percentile=0.8), Percentile(value=2.2, percentile=0.9)]
[2025-05-26 18:01:47] INFO: Reasoning: (a) The time left until the outcome to the question is known: The outcome will be known once the US Census Bureau releases the Monthly Wholesale Trade Report for April 2025, which is typically published in early June 2025. Given today's date is May 26, 2025, the outcome should be known within approximately two weeks.

(b) The outcome if nothing changed: If the inventory/sales ratio remained the same as in March 2025, it would be 2.063432.

(c) The outcome if the current trend continued: If the slight decrease observed from February to March 2025 for clothing retailers (from 2.30 to 2.25) is indicative of broader trends, we might expect a similar small decrease in the inventory/sales ratio for apparel wholesalers. This could suggest a ratio slightly below 2.063432, potentially around 2.05.

(d) The expectations of experts and markets: Experts might expect a stabilization or slight decrease in the inventory/sales ratio due to moderate increases in apparel imports and potential adjustments in inventory strategies due to declining consumer confidence. However, without specific expert forecasts, this remains speculative.

(e) A brief description of an unexpected scenario that results in a low outcome: A sudden surge in consumer spending, perhaps due to unexpected economic stimulus or a significant increase in consumer confidence, could lead to a rapid decrease in inventories relative to sales, resulting in a much lower inventory/sales ratio.

(f) A brief description of an unexpected scenario that results in a high outcome: A significant disruption in supply chains, such as a geopolitical event or natural disaster affecting key apparel manufacturing regions, could lead to increased inventories as sales slow, resulting in a higher inventory/sales ratio.

Final Answer:
"
Percentile 10: 1.95
Percentile 20: 2.00
Percentile 40: 2.05
Percentile 60: 2.10
Percentile 80: 2.15
Percentile 90: 2.20
"
[2025-05-26 18:01:47] INFO: === Forecast Result ===
[2025-05-26 18:01:47] INFO: URL: https://www.metaculus.com/questions/38059
[2025-05-26 18:01:47] INFO: Prediction: [Percentile(value=1.9, percentile=0.1), Percentile(value=2.0, percentile=0.2), Percentile(value=2.05, percentile=0.4), Percentile(value=2.1, percentile=0.6), Percentile(value=2.15, percentile=0.8), Percentile(value=2.25, percentile=0.9)]
[2025-05-26 18:01:47] INFO: Reasoning: (a) The time left until the outcome to the question is known: Since today is May 26, 2025, and the Monthly Wholesale Trade Report for April 2025 will likely be released in early June 2025, there is approximately one to two weeks left until the outcome is known.

(b) The outcome if nothing changed: If the inventory/sales ratio remains the same as in March 2025, it would be approximately 2.063432.

(c) The outcome if the current trend continued: The trend from February to March 2025 for clothing retailers showed a slight decrease in the inventory/sales ratio (from 2.30 to 2.25). If this trend continued, we might expect a similar slight decrease in the ratio for April 2025, potentially bringing it to around 2.05.

(d) The expectations of experts and markets: Experts might expect a slight decrease in the inventory/sales ratio due to the moderate increase in apparel imports and indications of declining consumer confidence, which could lead to adjustments in inventory strategies. However, the exact expectations would depend on broader economic conditions and consumer behavior in April 2025.

(e) A brief description of an unexpected scenario that results in a low outcome: An unexpected surge in consumer demand in April 2025, possibly due to a successful marketing campaign or a sudden change in fashion trends, could lead to a significant increase in sales without a corresponding increase in inventories, resulting in a lower inventory/sales ratio.

(f) A brief description of an unexpected scenario that results in a high outcome: A supply chain disruption, such as a strike at major ports or a natural disaster affecting production, could lead to increased inventories as shipments are delayed, resulting in a higher inventory/sales ratio.

Final answer:
"
Percentile 10: 1.90
Percentile 20: 2.00
Percentile 40: 2.05
Percentile 60: 2.10
Percentile 80: 2.15
Percentile 90: 2.25
"
[2025-05-26 18:01:47] INFO: === Forecast Result ===
[2025-05-26 18:01:47] INFO: URL: https://www.metaculus.com/questions/38059
[2025-05-26 18:01:47] INFO: Prediction: [Percentile(value=1.9, percentile=0.1), Percentile(value=1.95, percentile=0.2), Percentile(value=2.0, percentile=0.4), Percentile(value=2.05, percentile=0.6), Percentile(value=2.1, percentile=0.8), Percentile(value=2.15, percentile=0.9)]
[2025-05-26 18:01:47] INFO: Reasoning: (a) The time left until the outcome to the question is known: The outcome will be known once the US Census Bureau releases the Monthly Wholesale Trade Report for April 2025, which is typically published in early June 2025. Therefore, there are approximately 1-2 weeks left until the outcome is known.

(b) The outcome if nothing changed: If nothing changed from the March 2025 data, the inventory/sales ratio for US apparel businesses would remain at the same level as March 2025, which was 2.063432.

(c) The outcome if the current trend continued: The trend from February to March 2025 for clothing retailers showed a slight decrease in the inventory/sales ratio (from 2.30 to 2.25). If this trend of decreasing ratios continued, we might expect a similar or slightly lower ratio for April 2025, potentially around 2.05 to 2.06.

(d) The expectations of experts and markets: Experts might expect a slight decrease in the inventory/sales ratio due to the moderate increase in apparel imports and indications of declining consumer confidence affecting inventory strategies. This could lead to more cautious inventory management, potentially resulting in a ratio slightly lower than March 2025.

(e) A brief description of an unexpected scenario that results in a low outcome: An unexpected scenario leading to a low outcome could be a sudden surge in consumer demand for apparel, possibly due to a major fashion trend or a significant economic stimulus, leading to a rapid increase in sales without a corresponding increase in inventory levels.

(f) A brief description of an unexpected scenario that results in a high outcome: An unexpected scenario leading to a high outcome could be a supply chain disruption, such as a strike at major ports or a natural disaster affecting production, causing inventories to build up while sales remain stagnant or decrease.

Final answer:
"
Percentile 10: 1.90
Percentile 20: 1.95
Percentile 40: 2.00
Percentile 60: 2.05
Percentile 80: 2.10
Percentile 90: 2.15
"
[2025-05-26 18:01:48] INFO: === Run Summary ===
[2025-05-26 18:01:48] INFO: Total questions: 1
[2025-05-26 18:01:48] INFO: Successful research: 1
[2025-05-26 18:01:48] INFO: Failed research: 0
[2025-05-26 18:01:48] INFO: Success rate: 100.00%
