[2025-05-30 12:01:20] INFO: === Starting new forecast run (Run #2292) ===
[2025-05-30 12:01:20] INFO: Environment: GitHub Actions
[2025-05-30 12:01:20] INFO: Repository: agsheves/decis-metaculus-bot1
[2025-05-30 12:01:20] INFO: Workflow: Forecast on new AI tournament questions
[2025-05-30 12:01:20] INFO: Commit: 059a7a8d7adc87039e0e4861bf2d83d3d1d46ae6
[2025-05-30 12:01:20] INFO: === Question 1 ===
[2025-05-30 12:01:20] INFO: URL: https://www.metaculus.com/questions/38102
[2025-05-30 12:01:20] INFO: Text: What will be the state of the Thirlmere Reservoir's water level in Cumbria, England, on July 1, 2025?
[2025-05-30 12:01:29] INFO: Research: Perplexity succeeded for https://www.metaculus.com/questions/38102
[2025-05-30 12:01:39] INFO: === Forecast Result ===
[2025-05-30 12:01:39] INFO: URL: https://www.metaculus.com/questions/38102
[2025-05-30 12:01:39] INFO: Prediction: predicted_options=[PredictedOption(option_name='Low', probability=0.8), PredictedOption(option_name='Normal', probability=0.15), PredictedOption(option_name='High', probability=0.05)]
[2025-05-30 12:01:39] INFO: Reasoning: (a) The time left until the outcome to the question is known is approximately one month, as today is May 30, 2025, and the question resolves on July 1, 2025.

(b) The status quo outcome if nothing changed would be 'Low'. The current water level is significantly below the spillway level, and the reservoir is at only 59% capacity compared to its normal 95% for this time of year. The region is experiencing a drought, with the driest spring since the 1950s, suggesting that without significant rainfall, the water level is unlikely to recover to 'Normal' or 'High' levels.

(c) A scenario that results in an unexpected outcome, such as the water level reaching 'Normal' or 'High', would involve an unusual and sustained period of heavy rainfall over the next month. This could replenish the reservoir significantly, bringing the water level back to normal or even high levels. Such a weather pattern would need to be atypical given the current drought conditions, but it is not impossible.

Rationale:
Given the current status of the Thirlmere Reservoir and the broader drought conditions in the region, the most likely outcome is that the water level will remain 'Low' by July 1, 2025. The historical context and recent data suggest a significant deficit, and without substantial rainfall, recovery to 'Normal' or 'High' levels seems unlikely. However, weather patterns can be unpredictable, and there is always a chance of unexpected heavy rainfall, which could alter the situation.

Final probabilities for the options ['Low', 'Normal', 'High'] are:
Low: 80%
Normal: 15%
High: 5%
[2025-05-30 12:01:40] INFO: === Forecast Result ===
[2025-05-30 12:01:40] INFO: URL: https://www.metaculus.com/questions/38102
[2025-05-30 12:01:40] INFO: Prediction: predicted_options=[PredictedOption(option_name='Low', probability=0.75), PredictedOption(option_name='Normal', probability=0.2), PredictedOption(option_name='High', probability=0.05)]
[2025-05-30 12:01:40] INFO: Reasoning: (a) The time left until the outcome to the question is known is approximately one month, as today is May 30, 2025, and the question resolves on July 1, 2025.

(b) The status quo outcome if nothing changed would be 'Low'. The current water level is significantly below the normal range, with the reservoir at only 59% capacity compared to the usual 95% for this time of year. Additionally, the region is experiencing a drought, with the driest spring since the 1950s.

(c) A scenario that results in an unexpected outcome, such as 'Normal' or 'High', would involve a substantial and sustained period of heavy rainfall in the region, leading to a rapid recovery of the reservoir's water levels. This could be due to an unexpected shift in weather patterns, such as a series of storms or a prolonged wet period, which could replenish the reservoir to normal or even high levels.

Rationale:
1. Given the current conditions and historical context, the most likely outcome is that the water level will remain 'Low'. The reservoir is significantly below its normal capacity, and the region is experiencing drought conditions. The status quo outcome is heavily weighted towards 'Low' due to these factors.

2. However, it is important to consider the possibility of unexpected changes in weather patterns. While unlikely, a period of heavy rainfall could bring the water levels back to 'Normal' or even 'High'. Therefore, some probability should be assigned to these outcomes to account for the inherent uncertainty in weather forecasting.

Final probabilities:
Low: 75%
Normal: 20%
High: 5%
[2025-05-30 12:01:40] INFO: === Forecast Result ===
[2025-05-30 12:01:40] INFO: URL: https://www.metaculus.com/questions/38102
[2025-05-30 12:01:40] INFO: Prediction: predicted_options=[PredictedOption(option_name='Low', probability=0.8), PredictedOption(option_name='Normal', probability=0.15), PredictedOption(option_name='High', probability=0.05)]
[2025-05-30 12:01:40] INFO: Reasoning: (a) The time left until the outcome to the question is known is approximately one month, as today is May 30, 2025, and the question resolves on July 1, 2025.

(b) The status quo outcome if nothing changed would be 'Low'. The current water level is significantly below the normal range, and the region is experiencing a drought with a substantial deficit in reservoir capacity.

(c) A scenario that results in an unexpected outcome, such as 'Normal' or 'High', would involve a significant and sustained period of heavy rainfall over the next month. This would need to replenish the reservoir rapidly, closing the current 36% deficit in capacity and raising the water level towards or above the normal range. Such a weather pattern would be unusual given the current drought conditions but is not impossible.

Rationale:
1. **Status Quo Weighting**: Given the current low water levels and the ongoing drought conditions, the most likely outcome is that the reservoir remains at a low level. The historical context and recent data support this status quo scenario.

2. **Possibility of Change**: While the status quo is heavily weighted, the possibility of unexpected weather changes, such as a period of heavy rainfall, cannot be entirely ruled out. Weather patterns can be unpredictable, and a shift could alter the reservoir's water level significantly.

3. **Moderate Probability for Unexpected Outcomes**: It's important to account for the inherent uncertainty in weather forecasting. While the probability of a shift to 'Normal' or 'High' is low, it is not zero, and thus some probability should be allocated to these outcomes.

Final Probabilities:
- Low: 80%
- Normal: 15%
- High: 5%
[2025-05-30 12:01:41] INFO: === Forecast Result ===
[2025-05-30 12:01:41] INFO: URL: https://www.metaculus.com/questions/38102
[2025-05-30 12:01:41] INFO: Prediction: predicted_options=[PredictedOption(option_name='Low', probability=0.8), PredictedOption(option_name='Normal', probability=0.15), PredictedOption(option_name='High', probability=0.05)]
[2025-05-30 12:01:41] INFO: Reasoning: (a) The time left until the outcome to the question is known is approximately one month, as today is May 30, 2025, and the question pertains to the state of the Thirlmere Reservoir's water level on July 1, 2025.

(b) The status quo outcome if nothing changed would be 'Low'. Currently, the reservoir is significantly below its normal levels, with a recorded water level of 9.602 meters, compared to a normal level range that tops out at 16.68 meters. The reservoir is at 59% capacity, which is substantially below the typical 95% for this time of year. The region is experiencing a drought, with the driest spring since the 1950s, indicating that water levels are unlikely to recover quickly without significant rainfall.

(c) A scenario that results in an unexpected outcome, such as 'Normal' or 'High', would involve an unusual and significant change in weather patterns. For example, if the region experienced an unexpected period of heavy rainfall over the next month, it could lead to a rapid increase in the reservoir's water level. This would require a substantial and sustained amount of rain to bring the levels back to normal or even high, given the current deficit and drought conditions.

Rationale:
Given the current conditions and historical context, the status quo outcome of 'Low' is the most likely, as the reservoir is currently far below normal levels and the region is experiencing a significant drought. However, weather patterns can be unpredictable, and there is always a possibility of unexpected rainfall that could alter the situation. Therefore, while the probability of the reservoir reaching 'Normal' or 'High' levels is low, it is not impossible, and some probability should be assigned to these outcomes to account for potential unexpected changes.

Final probabilities:
Low: 80%
Normal: 15%
High: 5%
[2025-05-30 12:01:42] INFO: === Forecast Result ===
[2025-05-30 12:01:42] INFO: URL: https://www.metaculus.com/questions/38102
[2025-05-30 12:01:42] INFO: Prediction: predicted_options=[PredictedOption(option_name='Low', probability=0.7), PredictedOption(option_name='Normal', probability=0.25), PredictedOption(option_name='High', probability=0.05)]
[2025-05-30 12:01:42] INFO: Reasoning: Before answering the question, let's address the preliminary points:

(a) **The time left until the outcome to the question is known:**
   - The outcome will be known on July 1, 2025. Today is May 30, 2025, so there is approximately one month (or 32 days) until the outcome is determined.

(b) **The status quo outcome if nothing changed:**
   - Currently, the Thirlmere Reservoir is experiencing significantly low water levels, with the latest measurement at 9.602 meters, well below the spillway level of 16.55 meters. If the current conditions persist, the status quo outcome would be 'Low'.

(c) **A description of a scenario that results in an unexpected outcome:**
   - An unexpected outcome, such as the reservoir reaching 'Normal' or 'High' levels, could occur if there is a significant and sustained period of heavy rainfall over the next month. This rainfall would need to be substantial enough to replenish the reservoir to at least 95% capacity, which is the typical level for this time of year. Additionally, any interventions such as water transfers from other regions or reduced water usage could also contribute to an unexpected recovery.

**Rationale:**
1. **Status Quo Weighting:** Given the current low water levels and the ongoing drought conditions, the status quo outcome of 'Low' is the most likely scenario. The reservoir is significantly below its normal capacity, and the region has experienced the driest spring since the 1950s. This suggests that without significant changes, the water level will remain low.

2. **Moderate Probability for Unexpected Outcomes:** While the status quo is the most likely outcome, it is important to account for the possibility of unexpected events. Weather patterns can change, and a period of heavy rainfall could occur, potentially raising the water levels to 'Normal'. However, reaching 'High' levels seems very unlikely given the current deficit and historical context.

**Final Probabilities:**
- Low: 70%
- Normal: 25%
- High: 5%
[2025-05-30 12:01:42] INFO: === Run Summary ===
[2025-05-30 12:01:42] INFO: Total questions: 1
[2025-05-30 12:01:42] INFO: Successful research: 1
[2025-05-30 12:01:42] INFO: Failed research: 0
[2025-05-30 12:01:42] INFO: Success rate: 100.00%
