[2025-06-04 04:04:58] INFO: === Starting new forecast run (Run #2509) ===
[2025-06-04 04:04:58] INFO: Environment: GitHub Actions
[2025-06-04 04:04:58] INFO: Repository: agsheves/decis-metaculus-bot1
[2025-06-04 04:04:58] INFO: Workflow: Forecast on new AI tournament questions
[2025-06-04 04:04:58] INFO: Commit: c331b8df7ca3d510d4814dc57b1e6c92f5e29d70
[2025-06-04 04:04:58] INFO: === Question 1 ===
[2025-06-04 04:04:58] INFO: URL: https://www.metaculus.com/questions/38318
[2025-06-04 04:04:58] INFO: Text: Which show will win the 2025 Nickelodeon Kids' Choice Award for Favorite Cartoon?
[2025-06-04 04:05:10] INFO: Research: Perplexity succeeded for https://www.metaculus.com/questions/38318
[2025-06-04 04:05:23] INFO: === Forecast Result ===
[2025-06-04 04:05:23] INFO: URL: https://www.metaculus.com/questions/38318
[2025-06-04 04:05:23] INFO: Prediction: predicted_options=[PredictedOption(option_name='Dragon Ball Daima', probability=0.1), PredictedOption(option_name='Monster High', probability=0.15), PredictedOption(option_name='SpongeBob SquarePants', probability=0.4), PredictedOption(option_name='The Loud House', probability=0.1), PredictedOption(option_name='The Simpsons', probability=0.1), PredictedOption(option_name='Teen Titans Go!', probability=0.15)]
[2025-06-04 04:05:23] INFO: Reasoning: (a) The time left until the outcome to the question is known is approximately 17 days, as the winner will be announced during the live broadcast on June 21, 2025.

(b) The status quo outcome, if nothing changed, would likely be that "SpongeBob SquarePants" wins the 2025 Nickelodeon Kids' Choice Award for Favorite Cartoon. This is based on its history of frequent wins in this category and its enduring popularity among Nickelodeon's core audience.

(c) An unexpected outcome could occur if a newer or recently relaunched franchise, such as "Monster High" or "Dragon Ball DAIMA," manages to capture significant fan attention and votes. This could happen if these shows have successfully engaged their audiences through strong marketing campaigns, social media presence, or tie-ins with popular merchandise. Additionally, a shift in voting demographics or a viral moment related to one of these shows could also lead to an unexpected win.

Given these considerations, here are the final probabilities for each option:

- Dragon Ball Daima: 10%
- Monster High: 15%
- SpongeBob SquarePants: 40%
- The Loud House: 10%
- The Simpsons: 10%
- Teen Titans Go!: 15%
[2025-06-04 04:05:27] INFO: === Forecast Result ===
[2025-06-04 04:05:27] INFO: URL: https://www.metaculus.com/questions/38318
[2025-06-04 04:05:27] INFO: Prediction: predicted_options=[PredictedOption(option_name='Dragon Ball Daima', probability=0.10000000000000002), PredictedOption(option_name='Monster High', probability=0.10000000000000002), PredictedOption(option_name='SpongeBob SquarePants', probability=0.5000000000000001), PredictedOption(option_name='The Loud House', probability=0.10000000000000002), PredictedOption(option_name='The Simpsons', probability=0.10000000000000002), PredictedOption(option_name='Teen Titans Go!', probability=0.0999999999999998)]
[2025-06-04 04:05:27] INFO: Reasoning: (a) **The time left until the outcome to the question is known:**  
The winner of the 2025 Nickelodeon Kids' Choice Award for Favorite Cartoon will be announced on June 21, 2025. Today is June 4, 2025, so there are 17 days left until the outcome is known.

(b) **The status quo outcome if nothing changed:**  
The status quo outcome would likely favor "SpongeBob SquarePants" as the winner. Historically, "SpongeBob SquarePants" has been a dominant force in this category, frequently winning the award due to its enduring popularity among Nickelodeon's core audience.

(c) **A description of a scenario that results in an unexpected outcome:**  
An unexpected outcome could occur if there is a significant surge in popularity or a viral moment for one of the other shows, such as "Dragon Ball DAIMA" or "Monster High." For instance, if "Dragon Ball DAIMA" releases a highly anticipated episode or special event that captures widespread attention and goes viral on social media platforms, it could mobilize a large number of fans to vote for it, leading to an unexpected victory. Similarly, if "Monster High" launches a successful marketing campaign or collaboration that resonates with its target audience, it could sway the voting in its favor.

**Rationale:**  
Given the historical dominance of "SpongeBob SquarePants" in the Favorite Cartoon category, it is reasonable to assign it the highest probability of winning. However, considering the fan-voted nature of the awards, there is room for other nominees to potentially capture the title, especially if they experience a surge in popularity or have strong fan engagement leading up to the voting deadline. Therefore, while "SpongeBob SquarePants" remains the favorite, moderate probabilities should be assigned to the other nominees to account for unexpected developments.

**Final Probabilities:**

- Dragon Ball Daima: 10%
- Monster High: 10%
- SpongeBob SquarePants: 50%
- The Loud House: 10%
- The Simpsons: 10%
- Teen Titans Go!: 10%
[2025-06-04 04:05:28] INFO: === Forecast Result ===
[2025-06-04 04:05:28] INFO: URL: https://www.metaculus.com/questions/38318
[2025-06-04 04:05:28] INFO: Prediction: predicted_options=[PredictedOption(option_name='Dragon Ball Daima', probability=0.1), PredictedOption(option_name='Monster High', probability=0.15), PredictedOption(option_name='SpongeBob SquarePants', probability=0.4), PredictedOption(option_name='The Loud House', probability=0.15), PredictedOption(option_name='The Simpsons', probability=0.05), PredictedOption(option_name='Teen Titans Go!', probability=0.15)]
[2025-06-04 04:05:28] INFO: Reasoning: (a) **The time left until the outcome to the question is known:**

There are 17 days left until the outcome is revealed during the live broadcast on June 21, 2025.

(b) **The status quo outcome if nothing changed:**

The status quo outcome would likely be "SpongeBob SquarePants" winning the 2025 Nickelodeon Kids' Choice Award for Favorite Cartoon. This show has a strong track record of winning this category in the past, indicating a high level of popularity and a loyal fan base among Nickelodeon's core audience.

(c) **A description of a scenario that results in an unexpected outcome:**

An unexpected outcome could occur if a newer or recently relaunched franchise like "Monster High" or "Dragon Ball DAIMA" manages to capture the attention of the voting audience, possibly due to a successful marketing campaign or a surge in popularity driven by recent episodes or merchandise. Additionally, a viral trend or social media campaign could significantly boost the votes for a show like "Teen Titans Go!" or "The Loud House," leading to an unexpected victory.

**Rationale:**

1. **SpongeBob SquarePants:** Given its history of winning in this category, it remains the most likely winner. Its established fan base and consistent popularity make it the status quo choice.

2. **The Loud House:** As a consistent hit on Nickelodeon, it has a strong chance of securing votes, especially if its fan base is mobilized effectively.

3. **Teen Titans Go!:** This show is popular with younger audiences and could benefit from a strong fan-driven campaign.

4. **Monster High:** The recent reboot and strong merchandise tie-in could attract both nostalgic fans and new viewers, giving it a decent chance.

5. **Dragon Ball DAIMA:** As a new entry in the Dragon Ball franchise, it could draw in fans of the franchise, but it might not have the same level of mainstream appeal as other nominees.

6. **The Simpsons:** While it has a broad fan base, it may not resonate as strongly with Nickelodeon's core youth audience compared to other nominees.

**Final Probabilities:**

- Dragon Ball Daima: 10%
- Monster High: 15%
- SpongeBob SquarePants: 40%
- The Loud House: 15%
- The Simpsons: 5%
- Teen Titans Go!: 15%
[2025-06-04 04:05:30] INFO: === Forecast Result ===
[2025-06-04 04:05:30] INFO: URL: https://www.metaculus.com/questions/38318
[2025-06-04 04:05:30] INFO: Prediction: predicted_options=[PredictedOption(option_name='Dragon Ball Daima', probability=0.1), PredictedOption(option_name='Monster High', probability=0.1), PredictedOption(option_name='SpongeBob SquarePants', probability=0.5), PredictedOption(option_name='The Loud House', probability=0.15), PredictedOption(option_name='The Simpsons', probability=0.05), PredictedOption(option_name='Teen Titans Go!', probability=0.1)]
[2025-06-04 04:05:30] INFO: Reasoning: (a) **The time left until the outcome to the question is known:**

There are 17 days left until the winner of the 2025 Nickelodeon Kids' Choice Award for Favorite Cartoon is announced during the live broadcast on June 21, 2025.

(b) **The status quo outcome if nothing changed:**

The status quo outcome would likely be that "SpongeBob SquarePants" wins the award. This show has a strong track record of winning the Favorite Cartoon category in previous years and remains highly popular among Nickelodeon's core audience.

(c) **A description of a scenario that results in an unexpected outcome:**

An unexpected outcome could occur if a newer or recently relaunched franchise, such as "Dragon Ball DAIMA" or "Monster High," manages to mobilize a large fan base through a successful social media campaign or a surge in popularity due to recent episodes or events. This could lead to a significant number of votes being cast in their favor, potentially leading to an upset victory over the more established "SpongeBob SquarePants."

**Rationale:**

1. **SpongeBob SquarePants:** Given its history and popularity, "SpongeBob SquarePants" is the most likely winner. It has consistently won in the past and remains a staple of Nickelodeon's programming.

2. **The Loud House:** As a consistent hit on Nickelodeon, "The Loud House" has a solid fan base and could be a strong contender, though it hasn't shown the same dominance as "SpongeBob SquarePants."

3. **Teen Titans Go!:** This show is popular among younger audiences and has a broad appeal, making it a potential contender, though it may not have the same level of support as "SpongeBob SquarePants."

4. **Dragon Ball DAIMA:** As a new entry in the Dragon Ball franchise, it could attract both nostalgic fans and new viewers, but it may not yet have the same entrenched fan base as the other nominees.

5. **Monster High:** The recent reboot and strong merchandise tie-in could boost its popularity, but it remains to be seen if it can compete with more established shows.

6. **The Simpsons:** Despite being a long-running and iconic series, "The Simpsons" is less likely to win in a kids-focused award show compared to the other nominees.

**Final Probabilities:**

- Dragon Ball Daima: 10%
- Monster High: 10%
- SpongeBob SquarePants: 50%
- The Loud House: 15%
- The Simpsons: 5%
- Teen Titans Go!: 10%
[2025-06-04 04:05:30] INFO: === Run Summary ===
[2025-06-04 04:05:30] INFO: Total questions: 1
[2025-06-04 04:05:30] INFO: Successful research: 1
[2025-06-04 04:05:30] INFO: Failed research: 0
[2025-06-04 04:05:30] INFO: Success rate: 100.00%
