[2025-05-30 06:01:34] INFO: === Starting new forecast run (Run #2280) ===
[2025-05-30 06:01:34] INFO: Environment: GitHub Actions
[2025-05-30 06:01:34] INFO: Repository: agsheves/decis-metaculus-bot1
[2025-05-30 06:01:34] INFO: Workflow: Forecast on new AI tournament questions
[2025-05-30 06:01:34] INFO: Commit: 949d6f6c162eb1262015a1f7f5d89b965a205e77
[2025-05-30 06:01:35] INFO: === Question 1 ===
[2025-05-30 06:01:35] INFO: URL: https://www.metaculus.com/questions/38099
[2025-05-30 06:01:35] INFO: Text: Who will be in second place in the Formula One constructor standings on July 1, 2025?
[2025-05-30 06:01:44] INFO: Research: Perplexity succeeded for https://www.metaculus.com/questions/38099
[2025-05-30 06:01:54] INFO: === Forecast Result ===
[2025-05-30 06:01:54] INFO: URL: https://www.metaculus.com/questions/38099
[2025-05-30 06:01:54] INFO: Prediction: predicted_options=[PredictedOption(option_name='Mercedes', probability=0.35), PredictedOption(option_name='Red Bull Racing', probability=0.3), PredictedOption(option_name='Ferrari', probability=0.3), PredictedOption(option_name='Someone else', probability=0.05)]
[2025-05-30 06:01:54] INFO: Reasoning: (a) The time left until the outcome to the question is known is just over one month, as today is May 30, 2025, and the question resolves on July 1, 2025.

(b) The status quo outcome, if nothing changed, would be Mercedes in second place, as they currently hold second place in the constructor standings with 147 points.

(c) A scenario that results in an unexpected outcome could involve a significant performance improvement or strategic advantage gained by either Red Bull Racing or Ferrari in the upcoming races. For example, if Red Bull Racing's Max Verstappen wins a race and Liam Lawson finishes in the top five, they could easily surpass Mercedes. Similarly, if Ferrari's Lewis Hamilton and Charles Leclerc both secure podium finishes, Ferrari could leapfrog both Mercedes and Red Bull Racing. Additionally, unforeseen circumstances such as mechanical failures, accidents, or strategic errors by Mercedes could also lead to an unexpected shift in the standings.

Rationale:
- The status quo outcome has a slightly higher probability because Mercedes is currently in second place, and the world tends to change slowly. However, the gap between Mercedes, Red Bull Racing, and Ferrari is very narrow, which means there is a high likelihood of changes in the standings.
- Red Bull Racing and Ferrari both have strong drivers capable of securing high points in upcoming races, making them strong contenders for second place.
- The "Someone else" option is less likely, given the current standings and the significant point gap between the top four teams and the rest of the field.

Final probabilities:
Mercedes: 35%
Red Bull Racing: 30%
Ferrari: 30%
Someone else: 5%
[2025-05-30 06:01:54] INFO: === Forecast Result ===
[2025-05-30 06:01:54] INFO: URL: https://www.metaculus.com/questions/38099
[2025-05-30 06:01:54] INFO: Prediction: predicted_options=[PredictedOption(option_name='Mercedes', probability=0.35000000000000003), PredictedOption(option_name='Red Bull Racing', probability=0.30000000000000004), PredictedOption(option_name='Ferrari', probability=0.25000000000000006), PredictedOption(option_name='Someone else', probability=0.0999999999999998)]
[2025-05-30 06:01:54] INFO: Reasoning: (a) The time left until the outcome to the question is known is just over one month, as today is May 30, 2025, and the standings will be assessed on July 1, 2025.

(b) The status quo outcome, if nothing changed, would be Mercedes in second place in the constructor standings, as they currently hold that position with 147 points.

(c) A scenario that results in an unexpected outcome could involve significant performance improvements or setbacks for any of the teams. For example, if Ferrari's drivers, Lewis Hamilton and Charles Leclerc, perform exceptionally well in the upcoming races, they could overtake both Mercedes and Red Bull Racing to secure second place. Alternatively, if Red Bull Racing's Max Verstappen and Liam Lawson have a series of strong finishes, they could surpass Mercedes. Unexpected technical issues, strategic errors, or weather conditions could also impact race results and standings.

Rationale:
- Mercedes is currently in second place, so they have a slight edge. Given the close points gap, they need consistent performance to maintain their position.
- Red Bull Racing is only 4 points behind Mercedes, making them a strong contender for second place. Their driver lineup, including Max Verstappen, is capable of closing this gap quickly.
- Ferrari is just 1 point behind Red Bull Racing and 5 points behind Mercedes, so they are also in contention. With experienced drivers like Lewis Hamilton and Charles Leclerc, they could potentially move up.
- The "Someone else" category seems less likely given the current standings and the significant gap between the top four teams and the rest. However, unforeseen circumstances could still lead to unexpected outcomes.

Final probabilities:
Mercedes: 35%
Red Bull Racing: 30%
Ferrari: 25%
Someone else: 10%
[2025-05-30 06:01:54] INFO: === Forecast Result ===
[2025-05-30 06:01:54] INFO: URL: https://www.metaculus.com/questions/38099
[2025-05-30 06:01:54] INFO: Prediction: predicted_options=[PredictedOption(option_name='Mercedes', probability=0.4), PredictedOption(option_name='Red Bull Racing', probability=0.3), PredictedOption(option_name='Ferrari', probability=0.25), PredictedOption(option_name='Someone else', probability=0.05)]
[2025-05-30 06:01:54] INFO: Reasoning: (a) The time left until the outcome to the question is known is just over a month, as today is May 30, 2025, and the standings will be checked on July 1, 2025.

(b) The status quo outcome, if nothing changed, would be Mercedes in second place in the constructor standings, as they currently hold that position with 147 points.

(c) A scenario that results in an unexpected outcome could involve Ferrari making a significant leap in performance in the upcoming races. For example, if Ferrari's drivers, Lewis Hamilton and Charles Leclerc, both achieve podium finishes or even win races, they could easily surpass both Mercedes and Red Bull Racing in the standings. Additionally, unforeseen circumstances such as mechanical failures or accidents affecting Mercedes or Red Bull Racing could also shift the standings in Ferrari's favor.

Rationale:
1. **Status Quo Bias**: Given that Mercedes is currently in second place, it is reasonable to assign them the highest probability of maintaining this position. The world often changes slowly, and teams with a slight lead can maintain their position with consistent performance.

2. **Close Competition**: The points difference between Mercedes, Red Bull Racing, and Ferrari is minimal (5 points separating the three teams). This suggests that any of these teams could realistically end up in second place, depending on their performance in the upcoming races. Therefore, Red Bull Racing and Ferrari should also be assigned significant probabilities.

3. **Unexpected Outcomes**: While the probability is low, there is always a chance for unexpected outcomes. This could include a team outside the top three making a surprising surge in performance or the top teams experiencing significant setbacks. Thus, a small probability should be assigned to "Someone else."

Final probabilities:
- Mercedes: 40%
- Red Bull Racing: 30%
- Ferrari: 25%
- Someone else: 5%
[2025-05-30 06:01:55] INFO: === Forecast Result ===
[2025-05-30 06:01:55] INFO: URL: https://www.metaculus.com/questions/38099
[2025-05-30 06:01:55] INFO: Prediction: predicted_options=[PredictedOption(option_name='Mercedes', probability=0.4), PredictedOption(option_name='Red Bull Racing', probability=0.3), PredictedOption(option_name='Ferrari', probability=0.25), PredictedOption(option_name='Someone else', probability=0.05)]
[2025-05-30 06:01:55] INFO: Reasoning: (a) The time left until the outcome to the question is known is just over one month, as today is May 30, 2025, and the standings will be assessed on July 1, 2025.

(b) The status quo outcome, if nothing changed, would have Mercedes in second place in the constructor standings, as they currently hold that position with 147 points.

(c) An unexpected outcome could occur if Ferrari or Red Bull Racing outperforms Mercedes in the upcoming races. For example, if Ferrari's drivers, Lewis Hamilton and Charles Leclerc, secure strong finishes or even podiums in the next few races, they could surpass both Mercedes and Red Bull Racing. Similarly, Red Bull Racing's Max Verstappen and Liam Lawson could also have strong performances, given Verstappen's current standing in the drivers' championship. Additionally, unforeseen circumstances such as mechanical failures, accidents, or strategic errors could impact the standings significantly.

Rationale:
1. **Status Quo Bias**: Given that Mercedes is currently in second place, they have a slight edge. The world changes slowly, and teams in higher positions often have the resources and momentum to maintain their standings.
   
2. **Competitive Context**: The points difference between Mercedes, Red Bull Racing, and Ferrari is minimal, suggesting that any of these teams could realistically end up in second place. This necessitates assigning a significant probability to Red Bull Racing and Ferrari.

3. **Unexpected Outcomes**: While unlikely, other teams could theoretically make a surprise leap to second place due to extraordinary circumstances, though this is less probable given the current points gap.

Final probabilities:
- Mercedes: 40%
- Red Bull Racing: 30%
- Ferrari: 25%
- Someone else: 5%
[2025-05-30 06:01:58] INFO: === Forecast Result ===
[2025-05-30 06:01:58] INFO: URL: https://www.metaculus.com/questions/38099
[2025-05-30 06:01:58] INFO: Prediction: predicted_options=[PredictedOption(option_name='Mercedes', probability=0.4), PredictedOption(option_name='Red Bull Racing', probability=0.3), PredictedOption(option_name='Ferrari', probability=0.25), PredictedOption(option_name='Someone else', probability=0.05)]
[2025-05-30 06:01:58] INFO: Reasoning: (a) The time left until the outcome to the question is known is just over one month, as today is May 30, 2025, and the standings will be checked on July 1, 2025.

(b) The status quo outcome, if nothing changed, would have Mercedes in second place in the constructor standings, as they currently hold that position with 147 points.

(c) A scenario that results in an unexpected outcome could involve Ferrari or Red Bull Racing having a particularly strong performance in the upcoming races, allowing them to overtake Mercedes. For example, if Ferrari's drivers, Lewis Hamilton and Charles Leclerc, secure podium finishes in the next few races while Mercedes struggles with reliability issues or strategic errors, Ferrari could leapfrog both Mercedes and Red Bull Racing to take second place. Similarly, Red Bull Racing could capitalize on a strong performance from Max Verstappen and Liam Lawson to overtake Mercedes. Additionally, unforeseen circumstances such as weather conditions, accidents, or technical failures could impact the race results, leading to a reshuffling of the standings.

Rationale:
1. **Status Quo Bias**: Mercedes is currently in second place, and given the short time frame until July 1, 2025, there is a reasonable chance they will maintain this position. The world changes slowly, and teams often maintain their relative positions over short periods unless significant events occur.

2. **Close Competition**: The points difference between Mercedes, Red Bull Racing, and Ferrari is minimal, with only 5 points separating these three teams. This tight competition suggests that any of these teams could realistically end up in second place by July 1, 2025.

3. **Unexpected Outcomes**: While McLaren is leading by a substantial margin, the battle for second place is highly competitive. Unexpected events, such as a dominant performance by Red Bull Racing or Ferrari, could easily alter the standings. Therefore, it is prudent to allocate some probability to these outcomes.

4. **Someone Else**: Given the current standings and the significant lead McLaren has, it is highly unlikely that any team other than Mercedes, Red Bull Racing, or Ferrari will be in second place by July 1, 2025. However, a small probability is still assigned to account for highly unexpected scenarios.

Final Probabilities:
- Mercedes: 40%
- Red Bull Racing: 30%
- Ferrari: 25%
- Someone else: 5%
[2025-05-30 06:01:58] INFO: === Run Summary ===
[2025-05-30 06:01:58] INFO: Total questions: 1
[2025-05-30 06:01:58] INFO: Successful research: 1
[2025-05-30 06:01:58] INFO: Failed research: 0
[2025-05-30 06:01:58] INFO: Success rate: 100.00%
