[2025-05-20 10:01:12] INFO: === Starting new forecast run (Run #1819) ===
[2025-05-20 10:01:12] INFO: Environment: GitHub Actions
[2025-05-20 10:01:12] INFO: Repository: agsheves/decis-metaculus-bot1
[2025-05-20 10:01:12] INFO: Workflow: Forecast on new AI tournament questions
[2025-05-20 10:01:12] INFO: Commit: ec690cc28a24f60889e190841d086b24718c39d4
[2025-05-20 10:01:12] INFO: === Question 1 ===
[2025-05-20 10:01:12] INFO: URL: https://www.metaculus.com/questions/37805
[2025-05-20 10:01:12] INFO: Text: Will there be greater than 4 direct flight destinations from Saipan, Northern Mariana Islands on July 1, 2025?
[2025-05-20 10:01:18] INFO: Research: Perplexity succeeded for https://www.metaculus.com/questions/37805
[2025-05-20 10:01:27] INFO: === Forecast Result ===
[2025-05-20 10:01:27] INFO: URL: https://www.metaculus.com/questions/37805
[2025-05-20 10:01:27] INFO: Prediction: 0.85
[2025-05-20 10:01:27] INFO: Reasoning: (a) The time left until the outcome to the question is known is approximately 1 month and 11 days, as today is May 20, 2025, and the outcome will be determined on or after July 1, 2025.

(b) The status quo outcome if nothing changed is Yes, as there are currently 6 direct flight destinations from Saipan, which is greater than 4.

(c) A brief description of a scenario that results in a No outcome: A No outcome would occur if there were significant disruptions in the aviation industry affecting Saipan, such as new travel restrictions, economic downturns leading to airline route cancellations, or geopolitical issues affecting regional travel. These disruptions would need to lead to the cancellation of at least 3 direct flight routes, reducing the number of direct destinations to 4 or fewer.

(d) A brief description of a scenario that results in a Yes outcome: A Yes outcome would occur if the current situation remains stable, with no cancellations of existing routes. Additionally, the introduction of new direct routes or an increase in tourism demand could further solidify or even increase the number of direct flight destinations from Saipan.

Given the current information and the lack of indications of imminent route cancellations, the status quo outcome is likely to persist. The aviation industry tends to change slowly unless influenced by significant external factors, and no such factors are currently evident.

Probability: 85%
[2025-05-20 10:01:28] INFO: === Forecast Result ===
[2025-05-20 10:01:28] INFO: URL: https://www.metaculus.com/questions/37805
[2025-05-20 10:01:28] INFO: Prediction: 0.9
[2025-05-20 10:01:28] INFO: Reasoning: (a) **Time Left Until Outcome**: There are approximately 1 month and 11 days left until the outcome of the question is known on July 1, 2025.

(b) **Status Quo Outcome**: If nothing changes, the outcome would be Yes, as there are currently 6 direct flight destinations from Saipan, which is greater than 4.

(c) **Scenario for No Outcome**: A scenario that results in a No outcome could involve unexpected geopolitical events, economic downturns, or airline operational issues leading to the cancellation of at least 3 direct flight routes from Saipan, reducing the number of direct destinations to 4 or fewer. This could include a major airline pulling out of the market or a significant drop in demand leading to route suspensions.

(d) **Scenario for Yes Outcome**: The current situation continues with no significant changes, maintaining the 6 direct flight destinations. Alternatively, new routes could be added, further solidifying the Yes outcome. This could be driven by increased tourism demand, successful marketing campaigns by the Northern Mariana Islands, or airlines expanding their services.

**Rationale**: Given the current status of 6 direct flight destinations and no evidence of imminent route cancellations, the status quo heavily favors a Yes outcome. The world tends to change slowly, and with only a short time remaining until the question's resolution, the likelihood of significant changes occurring is low. Therefore, the probability of the outcome being Yes is high.

**Final Answer**: Probability: 90%
[2025-05-20 10:01:28] INFO: === Forecast Result ===
[2025-05-20 10:01:28] INFO: URL: https://www.metaculus.com/questions/37805
[2025-05-20 10:01:28] INFO: Prediction: 0.85
[2025-05-20 10:01:28] INFO: Reasoning: (a) **Time Left Until Outcome is Known**: There are approximately 1 month and 11 days remaining until July 1, 2025, when the outcome of the question will be determined.

(b) **Status Quo Outcome if Nothing Changed**: If the current situation remains unchanged, the outcome will be Yes, as there are currently 6 direct flight destinations from Saipan, which is greater than 4.

(c) **Scenario Resulting in a No Outcome**: A scenario that could lead to a No outcome would involve the cancellation of at least 3 direct flight routes from Saipan before July 1, 2025. This could happen due to unexpected factors such as a sudden economic downturn affecting airlines, geopolitical tensions leading to travel restrictions, or a resurgence of travel restrictions due to a health crisis.

(d) **Scenario Resulting in a Yes Outcome**: The current situation already supports a Yes outcome. A scenario reinforcing this would be the maintenance of the existing 6 direct flight routes or even the addition of new routes, driven by a recovery in tourism demand or strategic decisions by airlines to expand their service offerings from Saipan.

**Rationale**: Given the current information, the status quo strongly supports a Yes outcome. There is no evidence of imminent flight cancellations, and the existing number of direct destinations is already above the threshold. The world tends to change slowly, and with no indications of significant disruptions, the probability of maintaining or increasing the current number of direct flights is high.

**Final Answer**: Probability: 85%
[2025-05-20 10:01:28] INFO: === Forecast Result ===
[2025-05-20 10:01:28] INFO: URL: https://www.metaculus.com/questions/37805
[2025-05-20 10:01:28] INFO: Prediction: 0.85
[2025-05-20 10:01:28] INFO: Reasoning: (a) **The time left until the outcome to the question is known**: There are approximately 1 month and 11 days remaining until July 1, 2025, when the outcome of the question will be determined.

(b) **The status quo outcome if nothing changed**: As of May 7, 2025, there are 6 direct flight destinations from Saipan. If nothing changes, the status quo outcome would be Yes, since there are currently more than 4 direct flight destinations.

(c) **A brief description of a scenario that results in a No outcome**: A scenario that could lead to a No outcome would involve the cancellation of at least 3 direct flight routes from Saipan before July 1, 2025. This could occur due to unforeseen circumstances such as a significant geopolitical event, a natural disaster affecting Saipan or its partner destinations, or major financial or operational issues faced by the airlines serving these routes.

(d) **A brief description of a scenario that results in a Yes outcome**: The current situation already supports a Yes outcome, with 6 direct flight destinations. A scenario that maintains or increases this number would involve continued stability in airline operations, no significant disruptions, and possibly even the addition of new routes, though the latter is not necessary for a Yes outcome.

**Rationale**: Given the current status of 6 direct flight destinations and no indications of imminent reductions, the status quo strongly supports a Yes outcome. The world typically changes slowly, and significant disruptions to established flight routes are not common without specific triggers. Therefore, the probability of the number of direct flight destinations dropping below 5 in the next month and a half is relatively low.

**Final Answer**: Probability: 85%
[2025-05-20 10:01:28] INFO: === Forecast Result ===
[2025-05-20 10:01:28] INFO: URL: https://www.metaculus.com/questions/37805
[2025-05-20 10:01:28] INFO: Prediction: 0.85
[2025-05-20 10:01:28] INFO: Reasoning: (a) **The time left until the outcome to the question is known**: There are approximately 1 month and 11 days remaining until July 1, 2025, when the outcome of the question will be determined.

(b) **The status quo outcome if nothing changed**: As of May 7, 2025, there are 6 direct flight destinations from Saipan. If nothing changes, the status quo outcome would be Yes, as there are currently more than 4 direct flight destinations.

(c) **A brief description of a scenario that results in a No outcome**: A No outcome could occur if there are significant disruptions in the aviation industry affecting Saipan, such as economic downturns, geopolitical tensions, or natural disasters that lead to the cancellation of at least 3 of the current direct flight routes. Additionally, if airlines decide to reduce their operations due to low demand or operational challenges, this could also lead to a reduction in the number of direct flight destinations.

(d) **A brief description of a scenario that results in a Yes outcome**: A Yes outcome would occur if the current situation remains stable, with no cancellations of existing direct flight routes. Furthermore, if there is an increase in tourism demand or strategic airline decisions to expand routes, the number of direct destinations could even increase, further solidifying the Yes outcome.

**Rationale**: Given the current status with 6 direct flight destinations and no indications of imminent route cancellations, the status quo strongly favors a Yes outcome. The aviation industry tends to experience gradual changes rather than abrupt ones, especially in the absence of major disruptive events. Therefore, the probability of the situation remaining stable or improving slightly is high.

**Final Answer**: "Probability: 85%"
[2025-05-20 10:01:29] INFO: === Run Summary ===
[2025-05-20 10:01:29] INFO: Total questions: 1
[2025-05-20 10:01:29] INFO: Successful research: 1
[2025-05-20 10:01:29] INFO: Failed research: 0
[2025-05-20 10:01:29] INFO: Success rate: 100.00%
