[2025-05-29 12:01:25] INFO: === Starting new forecast run (Run #2245) ===
[2025-05-29 12:01:25] INFO: Environment: GitHub Actions
[2025-05-29 12:01:25] INFO: Repository: agsheves/decis-metaculus-bot1
[2025-05-29 12:01:25] INFO: Workflow: Forecast on new AI tournament questions
[2025-05-29 12:01:25] INFO: Commit: 727e5b8f75254c78ba77ddedcfcfb2bdebb022e5
[2025-05-29 12:01:25] INFO: === Question 1 ===
[2025-05-29 12:01:25] INFO: URL: https://www.metaculus.com/questions/38090
[2025-05-29 12:01:25] INFO: Text: What will be the state of the water level at River Great Ouse at Welney Causeway in East Anglia, England, on July 1, 2025?
[2025-05-29 12:01:37] INFO: Research: Perplexity succeeded for https://www.metaculus.com/questions/38090
[2025-05-29 12:01:50] INFO: === Forecast Result ===
[2025-05-29 12:01:50] INFO: URL: https://www.metaculus.com/questions/38090
[2025-05-29 12:01:50] INFO: Prediction: predicted_options=[PredictedOption(option_name='Low', probability=0.1), PredictedOption(option_name='Normal', probability=0.8), PredictedOption(option_name='High', probability=0.1)]
[2025-05-29 12:01:50] INFO: Reasoning: (a) The time left until the outcome to the question is known is approximately 1 month and 2 days, as today is May 29, 2025, and the question resolves on July 1, 2025.

(b) The status quo outcome if nothing changed would be "Normal." Historically, the River Great Ouse at Welney Causeway remains within its normal range (0.46m-2.40m) approximately 90% of the time. The latest recorded water level was 1.96m, which is within the normal range, and the trend was described as "Steady."

(c) A scenario that results in an unexpected outcome, such as "Low" or "High," could involve significant deviations from typical weather patterns. For instance, an extended period of drought could lower the water level below the normal range, resulting in a "Low" outcome. Conversely, unusually heavy rainfall or upstream flooding could raise the water level above the normal range, resulting in a "High" outcome. Additionally, changes in water management practices or infrastructure failures could also impact water levels unexpectedly.

Rationale:
Given the historical data and the current status, the most likely outcome is that the water level will remain "Normal." The river has historically stayed within the normal range 90% of the time, and the current level is within this range. However, it is important to consider potential unexpected scenarios such as extreme weather events or changes in water management that could lead to "Low" or "High" outcomes. Thus, while the status quo outcome is heavily weighted, some probability is assigned to the other options to account for these possibilities.

Final probabilities:
Low: 10%
Normal: 80%
High: 10%
[2025-05-29 12:01:50] INFO: === Forecast Result ===
[2025-05-29 12:01:50] INFO: URL: https://www.metaculus.com/questions/38090
[2025-05-29 12:01:50] INFO: Prediction: predicted_options=[PredictedOption(option_name='Low', probability=0.1), PredictedOption(option_name='Normal', probability=0.8), PredictedOption(option_name='High', probability=0.1)]
[2025-05-29 12:01:50] INFO: Reasoning: (a) The time left until the outcome to the question is known is approximately one month, as today is May 29, 2025, and the outcome will be known on July 1, 2025.

(b) The status quo outcome, if nothing changed, would be "Normal." Historically, the River Great Ouse at Welney Causeway has remained within its normal range (0.46m-2.40m) approximately 90% of the time since monitoring began. The latest recorded level was 1.96m, which is within the normal range and described as "Steady."

(c) An unexpected outcome could occur if there are significant changes in weather patterns leading up to July 1, 2025. For example, an unusually dry period with little rainfall could cause the water level to drop below the normal range, resulting in a "Low" outcome. Conversely, a period of heavy rainfall or upstream flooding could cause the water level to rise above the normal range, resulting in a "High" outcome. Additionally, any changes in water management practices or infrastructure failures could also impact the water levels unexpectedly.

Rationale:
Given the historical data and the current status, the most likely outcome is that the water level will remain within the normal range. The river has historically stayed within this range 90% of the time, and the latest data indicates a steady level within this range. However, it is important to account for potential unexpected events, such as unusual weather patterns or other external factors, which could lead to deviations from the norm.

Final probabilities:
Low: 10%
Normal: 80%
High: 10%
[2025-05-29 12:01:50] INFO: === Forecast Result ===
[2025-05-29 12:01:50] INFO: URL: https://www.metaculus.com/questions/38090
[2025-05-29 12:01:50] INFO: Prediction: predicted_options=[PredictedOption(option_name='Low', probability=0.1), PredictedOption(option_name='Normal', probability=0.8), PredictedOption(option_name='High', probability=0.1)]
[2025-05-29 12:01:50] INFO: Reasoning: (a) The time left until the outcome to the question is known is approximately 1 month and 2 days.

(b) The status quo outcome, if nothing changed, would be "Normal." This is based on the historical data indicating that the River Great Ouse at Welney Causeway remains within its normal range (0.46m-2.40m) approximately 90% of the time.

(c) An unexpected outcome could occur if there is an unusual weather pattern, such as a prolonged drought or excessive rainfall, leading to either significantly lower or higher water levels. For instance, an extended period of heavy rainfall in June 2025 could cause the river to exceed the high normal range, resulting in a "High" water level. Conversely, a severe drought could lead to a "Low" water level if the river falls below the low normal range.

Rationale:
1. **Status Quo Analysis**: The river has historically remained within its normal range 90% of the time, suggesting that "Normal" is the most likely outcome. Given the current water level is within this range and the trend is steady, there is no immediate indication of significant deviation.

2. **Consideration of Unexpected Outcomes**: While the status quo is the most likely scenario, it is important to account for potential unexpected events. Weather patterns can change rapidly, and factors like climate change could introduce variability. Therefore, some probability should be allocated to both "Low" and "High" outcomes.

3. **Timeframe Consideration**: With just over a month until the forecast date, significant changes in water level are possible but would likely require notable weather events. The short timeframe makes drastic changes less likely, but not impossible.

Final Probabilities:
- Low: 10%
- Normal: 80%
- High: 10%
[2025-05-29 12:01:52] INFO: === Forecast Result ===
[2025-05-29 12:01:52] INFO: URL: https://www.metaculus.com/questions/38090
[2025-05-29 12:01:52] INFO: Prediction: predicted_options=[PredictedOption(option_name='Low', probability=0.05), PredictedOption(option_name='Normal', probability=0.85), PredictedOption(option_name='High', probability=0.1)]
[2025-05-29 12:01:52] INFO: Reasoning: (a) The time left until the outcome to the question is known is approximately 1 month and 2 days, as today is May 29, 2025, and the outcome will be known on July 1, 2025.

(b) The status quo outcome, if nothing changed, would be "Normal." Historically, the River Great Ouse at Welney Causeway remains within its normal range (0.46m-2.40m) about 90% of the time. The latest recorded water level was 1.96m, which is within the normal range and described as "Steady."

(c) An unexpected outcome could occur if there is an unusual weather event, such as prolonged heavy rainfall or a drought, leading to significant deviations from the normal water levels. For example, if there is an unusually wet period in June, it could cause the water level to rise above the normal range, resulting in a "High" outcome. Conversely, if there is an extended dry spell, the water level might drop to the "Low" range.

Rationale:
1. **Status Quo Bias**: Given that the river has historically remained within the normal range 90% of the time, and the current level is within this range, the most likely outcome is "Normal." This aligns with the principle that the world changes slowly most of the time.

2. **Consideration of Unexpected Outcomes**: While the status quo is the most likely scenario, it is important to account for potential unexpected events. Weather patterns can be unpredictable, and changes in precipitation could lead to deviations from the norm.

3. **Probabilistic Forecasting**: Assigning probabilities allows for a nuanced forecast that acknowledges the inherent uncertainty in predicting natural phenomena. By leaving moderate probabilities for "Low" and "High," we account for the possibility of unexpected weather events or other influencing factors.

Final probabilities:
- Low: 5%
- Normal: 85%
- High: 10%
[2025-05-29 12:01:52] INFO: === Forecast Result ===
[2025-05-29 12:01:52] INFO: URL: https://www.metaculus.com/questions/38090
[2025-05-29 12:01:52] INFO: Prediction: predicted_options=[PredictedOption(option_name='Low', probability=0.1), PredictedOption(option_name='Normal', probability=0.8), PredictedOption(option_name='High', probability=0.1)]
[2025-05-29 12:01:52] INFO: Reasoning: (a) The time left until the outcome to the question is known is approximately 1 month and 2 days.

(b) The status quo outcome if nothing changed would be "Normal," as the river level is currently within the normal range and has historically remained within this range approximately 90% of the time.

(c) An unexpected outcome could occur if there is an unusual weather event, such as a prolonged period of heavy rainfall leading to higher water levels or an extended drought causing significantly lower levels. Additionally, upstream conditions or changes in water management practices could also impact the river levels at Welney Causeway.

Rationale:
1. **Status Quo Bias**: Given that the river has historically remained within the normal range 90% of the time, the most likely outcome is that the water level will remain "Normal" on July 1, 2025. This is supported by the current steady state of the river level at 1.96m, which is comfortably within the normal range.

2. **Consideration of Uncertainty**: While the status quo suggests a "Normal" outcome, it is important to account for potential unexpected events. The river has experienced significant fluctuations in the past, with recorded levels reaching as high as 4.13m and as low as 0.30m. Therefore, it is prudent to allocate some probability to both "Low" and "High" outcomes.

3. **Environmental Factors**: The forecast from the BBC indicates below normal or low river levels in most of the UK, which could influence the likelihood of a "Low" outcome. However, this is a general forecast and may not specifically apply to the River Great Ouse at Welney Causeway.

4. **Timeframe**: With just over a month left until the outcome is known, there is limited time for significant changes to occur unless driven by extreme weather or other unusual events.

Final Probabilities:
- Low: 10%
- Normal: 80%
- High: 10%
[2025-05-29 12:01:52] INFO: === Run Summary ===
[2025-05-29 12:01:52] INFO: Total questions: 1
[2025-05-29 12:01:52] INFO: Successful research: 1
[2025-05-29 12:01:52] INFO: Failed research: 0
[2025-05-29 12:01:52] INFO: Success rate: 100.00%
