[2025-05-16 00:02:45] INFO: === Starting new forecast run (Run #1612) ===
[2025-05-16 00:02:45] INFO: Environment: GitHub Actions
[2025-05-16 00:02:45] INFO: Repository: agsheves/decis-metaculus-bot1
[2025-05-16 00:02:45] INFO: Workflow: Forecast on new AI tournament questions
[2025-05-16 00:02:45] INFO: Commit: eb89617588a2028876632ab1d895fd59e20afbe3
[2025-05-16 00:02:45] INFO: === Question 1 ===
[2025-05-16 00:02:45] INFO: URL: https://www.metaculus.com/questions/37655
[2025-05-16 00:02:45] INFO: Text: Will Ukraine announce a presidential election before July 1, 2025?
[2025-05-16 00:02:53] INFO: Research: Perplexity succeeded for https://www.metaculus.com/questions/37655
[2025-05-16 00:03:01] INFO: === Forecast Result ===
[2025-05-16 00:03:01] INFO: URL: https://www.metaculus.com/questions/37655
[2025-05-16 00:03:01] INFO: Prediction: 0.2
[2025-05-16 00:03:01] INFO: Reasoning: (a) The time left until the outcome to the question is known is approximately 1.5 months, as the deadline for the announcement is July 1, 2025.

(b) The status quo outcome if nothing changed is No, as there has been no official announcement of a presidential election, and martial law is still in effect, preventing elections from being held or announced.

(c) A scenario that results in a No outcome is one where martial law is extended beyond May 8, 2025, or where a ceasefire is not achieved, maintaining the legal and political barriers to announcing an election. This would prevent any official announcement from being made before the July 1, 2025, deadline.

(d) A scenario that results in a Yes outcome is one where a ceasefire is achieved, martial law is not extended past May 8, 2025, and the Ukrainian government quickly moves to announce a presidential election date, possibly due to internal or external pressures to restore democratic processes.

Rationale: Given the current legal and political constraints, the status quo heavily favors a No outcome. The continuation of martial law and the requirement for a ceasefire before elections can be announced are significant barriers. Although there is some possibility that conditions could change rapidly, the likelihood of such a shift occurring within the short remaining timeframe is low. Therefore, the probability of a Yes outcome is relatively low, and the status quo outcome should be given extra weight.

Final Answer: "Probability: 20%"
[2025-05-16 00:03:01] INFO: === Forecast Result ===
[2025-05-16 00:03:01] INFO: URL: https://www.metaculus.com/questions/37655
[2025-05-16 00:03:01] INFO: Prediction: 0.2
[2025-05-16 00:03:01] INFO: Reasoning: (a) The time left until the outcome to the question is known is approximately 1.5 months, as the deadline is July 1, 2025.

(b) The status quo outcome if nothing changed is No, as there has been no official announcement of a presidential election, and the current legal and political conditions do not favor an imminent announcement.

(c) A scenario that results in a No outcome would involve the continuation of martial law beyond May 8, 2025, either through an extension by parliament or due to ongoing conflict, preventing any election announcement before July 1, 2025.

(d) A scenario that results in a Yes outcome would involve a significant and rapid change in the political and military situation, such as a ceasefire being achieved and martial law being lifted by early May, followed by a swift government announcement of an election date before July 1, 2025.

Rationale:
The current situation in Ukraine is heavily influenced by martial law and the ongoing conflict. The legal framework prohibits elections during martial law, and there is a consensus among political leaders not to hold elections until at least six months after martial law ends. Given the current date of May 16, 2025, and the lack of any official announcement or significant change in conditions, the status quo outcome is No. While it is possible for circumstances to change rapidly, the historical tendency for slow change and the existing legal and political barriers make a Yes outcome less likely.

Final Answer: "Probability: 20%"
[2025-05-16 00:03:02] INFO: === Forecast Result ===
[2025-05-16 00:03:02] INFO: URL: https://www.metaculus.com/questions/37655
[2025-05-16 00:03:02] INFO: Prediction: 0.2
[2025-05-16 00:03:02] INFO: Reasoning: (a) The time left until the outcome to the question is known is approximately 1.5 months, as the deadline is July 1, 2025.

(b) The status quo outcome if nothing changed is No, as there has been no official announcement of a presidential election, and the current legal and political conditions do not support an imminent announcement.

(c) A brief description of a scenario that results in a No outcome: Martial law is extended beyond May 8, 2025, due to ongoing conflict or security concerns, preventing any official announcement of a presidential election. The government maintains its stance that elections cannot occur during martial law, and no ceasefire is achieved in time to lift martial law before the July 1, 2025, deadline.

(d) A brief description of a scenario that results in a Yes outcome: A ceasefire is unexpectedly achieved, leading to the lifting of martial law by May 8, 2025. The government, in response to international pressure or internal political dynamics, quickly announces a presidential election date, possibly for later in 2025, before the July 1, 2025, deadline.

Rationale: Given the current legal and political constraints, the status quo heavily favors a No outcome. Martial law is still in effect, and there is no indication that a ceasefire or the lifting of martial law is imminent. The government's official position is to delay elections until these conditions are met. While unexpected developments could change the situation, the likelihood of such changes occurring within the next 1.5 months is relatively low. Therefore, the probability of a Yes outcome remains limited.

Final Answer: "Probability: 20%"
[2025-05-16 00:03:02] INFO: === Forecast Result ===
[2025-05-16 00:03:02] INFO: URL: https://www.metaculus.com/questions/37655
[2025-05-16 00:03:02] INFO: Prediction: 0.2
[2025-05-16 00:03:02] INFO: Reasoning: (a) The time left until the outcome to the question is known is approximately 1.5 months, as the deadline is July 1, 2025.

(b) The status quo outcome if nothing changed is No. Currently, no official announcement has been made, and the conditions for making such an announcement—namely, the end of martial law and a full ceasefire—have not been met.

(c) A scenario that results in a No outcome: Martial law is extended beyond May 8, 2025, due to ongoing hostilities or political considerations. As a result, no official announcement of a presidential election is made before July 1, 2025, because the legal and constitutional barriers remain in place.

(d) A scenario that results in a Yes outcome: Martial law is not extended on May 8, 2025, due to a significant de-escalation of conflict or a political decision to proceed with elections. The government quickly moves to announce a presidential election date, possibly for October 26, 2025, as suggested by some sources, before the July 1, 2025, deadline.

Rationale: Given the current situation, the status quo heavily leans towards a No outcome. The legal and political barriers, such as the requirement to end martial law and achieve a ceasefire, are significant hurdles. Additionally, the timeline for organizing and announcing an election is tight, with only about 1.5 months left. Historically, political and legal processes, especially in conflict situations, tend to move slowly. Therefore, the probability of a Yes outcome is lower unless there is a rapid and unexpected change in the situation.

Final Answer: Probability: 20%
[2025-05-16 00:03:04] INFO: === Forecast Result ===
[2025-05-16 00:03:04] INFO: URL: https://www.metaculus.com/questions/37655
[2025-05-16 00:03:04] INFO: Prediction: 0.2
[2025-05-16 00:03:04] INFO: Reasoning: (a) The time left until the outcome to the question is known is approximately 1.5 months, as the deadline is July 1, 2025.

(b) The status quo outcome if nothing changed is No, as there has been no official announcement of a presidential election, and the current legal and political conditions do not favor an imminent announcement.

(c) A scenario that results in a No outcome: Martial law is extended beyond May 8, 2025, due to ongoing conflict or lack of a ceasefire. As a result, the constitutional prohibition on holding elections during martial law remains in effect, and no official announcement of a presidential election is made before July 1, 2025.

(d) A scenario that results in a Yes outcome: A ceasefire is achieved, and martial law is not extended beyond May 8, 2025. The government, in response to improved security conditions and political pressure, announces a specific date for a presidential election before July 1, 2025, even if the election is scheduled for later in the year.

Rationale: Given the current legal constraints and the government's stated position that elections will only be organized after a ceasefire and the end of martial law, the status quo heavily favors a No outcome. The situation in Ukraine is complex, and while rapid changes can occur, the likelihood of all necessary conditions aligning for an election announcement before the deadline is relatively low. The world tends to change slowly, and the barriers to an announcement are significant.

Final Answer: "Probability: 20%"
[2025-05-16 00:03:05] INFO: === Run Summary ===
[2025-05-16 00:03:05] INFO: Total questions: 1
[2025-05-16 00:03:05] INFO: Successful research: 1
[2025-05-16 00:03:05] INFO: Failed research: 0
[2025-05-16 00:03:05] INFO: Success rate: 100.00%
