[2025-05-16 04:03:08] INFO: === Starting new forecast run (Run #1619) ===
[2025-05-16 04:03:08] INFO: Environment: GitHub Actions
[2025-05-16 04:03:08] INFO: Repository: agsheves/decis-metaculus-bot1
[2025-05-16 04:03:08] INFO: Workflow: Forecast on new AI tournament questions
[2025-05-16 04:03:08] INFO: Commit: 37881a7df9ceb38c56d0f8734f60b9b55390cb9d
[2025-05-16 04:03:08] INFO: === Question 1 ===
[2025-05-16 04:03:08] INFO: URL: https://www.metaculus.com/questions/37657
[2025-05-16 04:03:08] INFO: Text: Will there be any human cases of the novel coronavirus, HKU5-CoV-2, before July 1, 2025?
[2025-05-16 04:03:16] INFO: Research: Perplexity succeeded for https://www.metaculus.com/questions/37657
[2025-05-16 04:03:22] INFO: === Forecast Result ===
[2025-05-16 04:03:22] INFO: URL: https://www.metaculus.com/questions/37657
[2025-05-16 04:03:22] INFO: Prediction: 0.1
[2025-05-16 04:03:22] INFO: Reasoning: (a) The time left until the outcome to the question is known is approximately 1.5 months, as the deadline is July 1, 2025, and today is May 16, 2025.

(b) The status quo outcome, if nothing changed, would be **No**, as there are currently no reported or confirmed human cases of HKU5-CoV-2.

(c) A scenario that results in a No outcome would involve the continued absence of any human cases of HKU5-CoV-2. This would mean that the virus remains confined to bat populations, with no spillover into humans, and no evidence of human-to-human transmission is observed.

(d) A scenario that results in a Yes outcome would involve the detection and confirmation of at least one human case of HKU5-CoV-2. This could occur if the virus mutates to bind more effectively to human ACE2 receptors, leading to a spillover event from bats to humans, and is subsequently confirmed by credible sources such as the World Health Organization or the US Centers for Disease Control.

Rationale: Given the current information, the virus has been identified to bind less efficiently to human ACE2 receptors compared to SARS-CoV-2, and there is no evidence of human-to-human transmission or circulation in human populations. The time frame until July 1, 2025, is relatively short, and significant changes in the virus's behavior or transmission capabilities would need to occur rapidly to result in human cases. The status quo, which is the absence of human cases, is likely to persist given the current assessments by experts and the lack of any reported cases.

Final Answer: "Probability: 10%"
[2025-05-16 04:03:22] INFO: === Forecast Result ===
[2025-05-16 04:03:22] INFO: URL: https://www.metaculus.com/questions/37657
[2025-05-16 04:03:22] INFO: Prediction: 0.1
[2025-05-16 04:03:22] INFO: Reasoning: (a) The time left until the outcome to the question is known is approximately 1.5 months, as the deadline is July 1, 2025, and today is May 16, 2025.

(b) The status quo outcome if nothing changed would be **No**, as there are currently no reported or confirmed human cases of HKU5-CoV-2.

(c) A scenario that results in a No outcome: HKU5-CoV-2 remains confined to bat populations without any spillover into humans. The virus's weak binding to human ACE2 receptors and lack of human-to-human transmission prevent it from causing any human infections before the deadline.

(d) A scenario that results in a Yes outcome: A spillover event occurs where HKU5-CoV-2 infects a human, possibly through close contact with bats or another intermediary species. Despite its weak binding to human ACE2 receptors, the virus manages to cause an isolated human case, which is detected and reported by health authorities before July 1, 2025.

Rationale: Given the current information, the likelihood of HKU5-CoV-2 causing human infections appears low. The virus's weak ability to bind to human ACE2 receptors and the absence of human-to-human transmission significantly reduce the probability of human cases occurring within the short remaining timeframe. Additionally, the status quo is a powerful predictor, and with only 1.5 months left, significant changes are less likely. However, the possibility of a spillover event, while low, cannot be entirely ruled out.

Final Answer: "Probability: 10%"
[2025-05-16 04:03:22] INFO: === Forecast Result ===
[2025-05-16 04:03:22] INFO: URL: https://www.metaculus.com/questions/37657
[2025-05-16 04:03:22] INFO: Prediction: 0.1
[2025-05-16 04:03:22] INFO: Reasoning: (a) The time left until the outcome to the question is known is approximately 1.5 months, as the deadline is July 1, 2025.

(b) The status quo outcome, if nothing changed, would be **No**, as there are currently no reported or confirmed human cases of HKU5-CoV-2.

(c) A scenario that results in a No outcome would involve the continued absence of any human cases of HKU5-CoV-2. This could be due to the virus's weak ability to bind to human ACE2 receptors, limited transmission capability, and effective monitoring and containment measures preventing any spillover from bats to humans.

(d) A scenario that results in a Yes outcome would involve the detection of human cases of HKU5-CoV-2. This could occur if there is a mutation in the virus that enhances its ability to infect humans, leading to a spillover event from bats or another animal reservoir to humans, followed by detection and confirmation by health authorities.

Given the current information and the short time frame remaining, the probability of human cases being reported seems low. The virus's limited ability to infect humans and the lack of current cases suggest that the status quo is likely to persist. However, the possibility of unforeseen developments, such as mutations or increased interaction between humans and potential animal hosts, cannot be entirely ruled out.

Final answer: "Probability: 10%"
[2025-05-16 04:03:22] INFO: === Forecast Result ===
[2025-05-16 04:03:22] INFO: URL: https://www.metaculus.com/questions/37657
[2025-05-16 04:03:22] INFO: Prediction: 0.1
[2025-05-16 04:03:22] INFO: Reasoning: (a) The time left until the outcome to the question is known is approximately 1.5 months, as the deadline is July 1, 2025, and today is May 16, 2025.

(b) The status quo outcome, if nothing changed, would be **No**, since there are currently no reported or confirmed human cases of HKU5-CoV-2.

(c) A scenario that results in a No outcome would involve HKU5-CoV-2 continuing to circulate primarily in bats without any spillover into human populations. Despite its ability to bind to human ACE2 receptors, the virus does not efficiently infect humans or spread between them, and no human cases are reported by July 1, 2025.

(d) A scenario that results in a Yes outcome would involve a spillover event where HKU5-CoV-2 infects a human, possibly through direct contact with bats or an intermediary species. This could lead to a confirmed human case reported by credible sources before July 1, 2025. Such an event would likely require a mutation or other change that enhances the virus's ability to infect humans or spread between them.

Rationale: Given the current information, the virus has not been observed in human populations, and its ability to spread among humans is significantly weaker than SARS-CoV-2. The risk of human cases occurring within the short timeframe remaining is low. The status quo, where no human cases are reported, is the most likely outcome. However, the possibility of a spillover event, while low, cannot be entirely ruled out.

Final answer: "Probability: 10%"
[2025-05-16 04:03:22] INFO: === Forecast Result ===
[2025-05-16 04:03:22] INFO: URL: https://www.metaculus.com/questions/37657
[2025-05-16 04:03:22] INFO: Prediction: 0.1
[2025-05-16 04:03:22] INFO: Reasoning: (a) The time left until the outcome to the question is known is approximately 1.5 months, as the question resolves on July 1, 2025.

(b) The status quo outcome, if nothing changed, would be **No**, since there are currently no reported or confirmed human cases of HKU5-CoV-2.

(c) A scenario that results in a No outcome is one where HKU5-CoV-2 remains confined to bats or other non-human hosts, with no spillover events occurring that lead to human infection. This could be due to the virus's weak binding to human ACE2 receptors and the lack of evidence for human-to-human transmission, which prevents it from establishing a presence in human populations.

(d) A scenario that results in a Yes outcome would involve a spillover event where HKU5-CoV-2 infects a human, possibly through direct contact with an infected animal or through an intermediary host. This could be followed by detection and confirmation of the case by health authorities, such as the World Health Organization or the US Centers for Disease Control, before July 1, 2025.

Rationale: Given the current information, the status quo strongly suggests a No outcome. The virus's weak ability to bind to human ACE2 receptors and the lack of human-to-human transmission significantly reduce the likelihood of human cases emerging in the short time remaining. Additionally, the absence of any confirmed human cases thus far supports the status quo outcome. While unforeseen events can occur, the probability of such a rapid change within the next 1.5 months is relatively low.

Final Answer: "Probability: 10%"
[2025-05-16 04:03:22] INFO: === Run Summary ===
[2025-05-16 04:03:22] INFO: Total questions: 1
[2025-05-16 04:03:22] INFO: Successful research: 1
[2025-05-16 04:03:22] INFO: Failed research: 0
[2025-05-16 04:03:22] INFO: Success rate: 100.00%
