[2025-05-22 20:01:17] INFO: === Starting new forecast run (Run #1933) ===
[2025-05-22 20:01:17] INFO: Environment: GitHub Actions
[2025-05-22 20:01:17] INFO: Repository: agsheves/decis-metaculus-bot1
[2025-05-22 20:01:17] INFO: Workflow: Forecast on new AI tournament questions
[2025-05-22 20:01:17] INFO: Commit: 5dd728d79b85e689fab947b59853a8f42e84e7e2
[2025-05-22 20:01:17] INFO: === Question 1 ===
[2025-05-22 20:01:17] INFO: URL: https://www.metaculus.com/questions/37832
[2025-05-22 20:01:17] INFO: Text: Before July 1, 2025, will Databricks announce that it is planning an IPO?
[2025-05-22 20:01:27] INFO: Research: Perplexity succeeded for https://www.metaculus.com/questions/37832
[2025-05-22 20:01:31] INFO: === Forecast Result ===
[2025-05-22 20:01:31] INFO: URL: https://www.metaculus.com/questions/37832
[2025-05-22 20:01:31] INFO: Prediction: 0.4
[2025-05-22 20:01:31] INFO: Reasoning: (a) The time left until the outcome to the question is known is approximately 1 month and 9 days, as the deadline for the announcement is July 1, 2025.

(b) The status quo outcome if nothing changed is "No," since there has been no official announcement of an IPO by Databricks as of today, May 22, 2025.

(c) A scenario that results in a No outcome: Databricks continues to evaluate market conditions and decides that the timing is not optimal for an IPO before July 1, 2025. The company might choose to remain private for a longer period to strengthen its financials or wait for more favorable market conditions, thus not making any official announcement before the deadline.

(d) A scenario that results in a Yes outcome: Databricks assesses the market conditions and decides that they are favorable for an IPO. The company then files an SEC Form S-1 or makes an announcement on its website before July 1, 2025, indicating its intention to go public.

Given the information provided, the company has expressed interest in potentially going public in 2025, and there are strong financial indicators supporting this possibility. However, the lack of an official announcement as of late May 2025 suggests that the status quo outcome of "No" is more likely unless a decision is made soon.

Final Answer: "Probability: 40%"
[2025-05-22 20:01:31] INFO: === Forecast Result ===
[2025-05-22 20:01:31] INFO: URL: https://www.metaculus.com/questions/37832
[2025-05-22 20:01:31] INFO: Prediction: 0.35
[2025-05-22 20:01:31] INFO: Reasoning: (a) The time left until the outcome to the question is known is approximately 1 month and 9 days, as the deadline is July 1, 2025, and today is May 22, 2025.

(b) The status quo outcome if nothing changed is "No," because as of now, there has been no official announcement from Databricks regarding an IPO, either through an SEC Form S-1 filing or an announcement on their website.

(c) A scenario that results in a No outcome is that Databricks continues to evaluate market conditions and decides that the timing is not optimal for an IPO before July 1, 2025. They may choose to delay the announcement until later in 2025 or even into 2026, focusing instead on further strengthening their financial position and market valuation.

(d) A scenario that results in a Yes outcome is that Databricks assesses the market conditions and determines that they are favorable for an IPO. They could then proceed with filing an SEC Form S-1 or make an official announcement on their website before the July 1, 2025 deadline, indicating their intention to go public.

Given the current information, while there are strong indications and speculation about a potential IPO, no official announcement has been made yet. The status quo outcome is "No," and given the short time frame remaining, the probability of a "Yes" outcome is somewhat limited. However, the company's strong financial performance and previous statements about a potential 2025 IPO suggest that an announcement is still possible.

Final answer: "Probability: 35%"
[2025-05-22 20:01:32] INFO: === Forecast Result ===
[2025-05-22 20:01:32] INFO: URL: https://www.metaculus.com/questions/37832
[2025-05-22 20:01:32] INFO: Prediction: 0.4
[2025-05-22 20:01:32] INFO: Reasoning: (a) The time left until the outcome to the question is known is approximately 1 month and 9 days, as the deadline is July 1, 2025, and today is May 22, 2025.

(b) The status quo outcome if nothing changed would be "No," as there has been no official announcement of an IPO from Databricks as of today.

(c) A scenario that results in a No outcome could involve Databricks deciding to delay their IPO plans further due to market conditions, internal strategic decisions, or regulatory hurdles. This could mean they continue to operate privately beyond the July 1, 2025 deadline without making any formal announcement about an IPO.

(d) A scenario that results in a Yes outcome could involve Databricks deciding that market conditions are favorable and announcing their intention to go public before the deadline. This could be triggered by achieving certain financial milestones, strategic partnerships, or a shift in investor sentiment that encourages them to proceed with the IPO.

Given the information available, the status quo outcome is "No," as there has been no official announcement yet. However, there are strong indications and public statements suggesting that an IPO announcement could occur before the deadline. The company's financial performance and previous statements by leadership indicate a possibility of moving forward with an IPO. Nonetheless, the world changes slowly most of the time, and the lack of an announcement thus far suggests caution in assuming a change in the status quo.

Final Answer: "Probability: 40%"
[2025-05-22 20:01:32] INFO: === Forecast Result ===
[2025-05-22 20:01:32] INFO: URL: https://www.metaculus.com/questions/37832
[2025-05-22 20:01:32] INFO: Prediction: 0.4
[2025-05-22 20:01:32] INFO: Reasoning: (a) The time left until the outcome to the question is known is approximately 1 month and 9 days, as today is May 22, 2025, and the deadline is July 1, 2025.

(b) The status quo outcome if nothing changed would be "No," as there has been no official announcement or SEC Form S-1 filing indicating that Databricks is planning an IPO.

(c) A scenario that results in a No outcome is that Databricks continues to evaluate market conditions and decides that the timing is not optimal for an IPO announcement before July 1, 2025. They might choose to wait for more favorable market conditions or further strengthen their financial position before making any public announcements.

(d) A scenario that results in a Yes outcome is that Databricks assesses the market conditions as favorable and decides to proceed with an IPO announcement. They could file an SEC Form S-1 or make an official announcement on their website before the deadline, indicating their intention to go public.

Rationale: Given the information provided, Databricks has shown interest in potentially going public in 2025, but there is no definitive announcement yet. The company's strong financial performance and previous indications of a possible 2025 IPO suggest that an announcement could occur. However, the status quo outcome remains "No" until an official announcement is made. Considering the short time frame left and the lack of a current announcement, the probability of a "Yes" outcome is not overwhelmingly high, but it is still plausible given the company's previous statements and financial position.

Final Answer: "Probability: 40%"
[2025-05-22 20:01:32] INFO: === Forecast Result ===
[2025-05-22 20:01:32] INFO: URL: https://www.metaculus.com/questions/37832
[2025-05-22 20:01:32] INFO: Prediction: 0.4
[2025-05-22 20:01:32] INFO: Reasoning: (a) The time left until the outcome to the question is known is approximately 1 month and 9 days, as the deadline is July 1, 2025, and today is May 22, 2025.

(b) The status quo outcome if nothing changed would be "No," as there has been no official announcement or SEC Form S-1 filing indicating that Databricks is planning an IPO.

(c) A scenario that results in a No outcome: Databricks continues to evaluate market conditions and decides that the timing is not right for an IPO due to economic uncertainty or unfavorable market conditions. The company opts to remain private for the time being, focusing on strengthening its financials and operations without making any public announcements regarding an IPO before the deadline.

(d) A scenario that results in a Yes outcome: Databricks experiences favorable market conditions and strong financial performance, prompting the leadership to decide that it is an opportune time to go public. The company files an SEC Form S-1 or makes an official announcement on its website before July 1, 2025, indicating its plans to pursue an IPO.

Given the information available, the current status quo leans towards a "No" outcome, as no official announcement has been made yet. However, the company's leadership has indicated that a 2025 IPO is a possibility, and there are signs of strong financial performance and market interest. Despite these factors, the short time frame remaining until the deadline suggests that the probability of a "Yes" outcome is moderate but not high.

Final Answer: "Probability: 40%"
[2025-05-22 20:01:32] INFO: === Run Summary ===
[2025-05-22 20:01:32] INFO: Total questions: 1
[2025-05-22 20:01:32] INFO: Successful research: 1
[2025-05-22 20:01:32] INFO: Failed research: 0
[2025-05-22 20:01:32] INFO: Success rate: 100.00%
