[2025-06-11 10:01:18] INFO: === Starting new forecast run (Run #2847) ===
[2025-06-11 10:01:18] INFO: Environment: GitHub Actions
[2025-06-11 10:01:18] INFO: Repository: agsheves/decis-metaculus-bot1
[2025-06-11 10:01:18] INFO: Workflow: Forecast on new AI tournament questions
[2025-06-11 10:01:18] INFO: Commit: 253cde6bed793836177327f92962838c1d715077
[2025-06-11 10:01:18] INFO: === Question 1 ===
[2025-06-11 10:01:18] INFO: URL: https://www.metaculus.com/questions/38532
[2025-06-11 10:01:18] INFO: Text: How many people will be in space on June 27, 2025, according to whoisinspace.com?
[2025-06-11 10:01:23] INFO: Research: Perplexity succeeded for https://www.metaculus.com/questions/38532
[2025-06-11 10:01:29] INFO: === Forecast Result ===
[2025-06-11 10:01:29] INFO: URL: https://www.metaculus.com/questions/38532
[2025-06-11 10:01:29] INFO: Prediction: predicted_options=[PredictedOption(option_name='Less than Ten', probability=0.05), PredictedOption(option_name='Exactly Ten', probability=0.1), PredictedOption(option_name='Greater than Ten', probability=0.85)]
[2025-06-11 10:01:29] INFO: Reasoning: (a) The time left until the outcome to the question is known is 16 days, as today is June 11, 2025, and the question resolves on June 27, 2025.

(b) The status quo outcome if nothing changed is that there would be 13 people in space on June 27, 2025. This is based on the current information from whoisinspace.com, which reports 13 people in space, and no scheduled returns or departures before the resolution date.

(c) A scenario that results in an unexpected outcome could involve an emergency situation or an unscheduled return to Earth. For example, if a technical issue or health emergency required a crew to return to Earth earlier than planned, this could reduce the number of people in space. Alternatively, a new launch could occur unexpectedly, adding more people to the space stations. However, given the typical planning and scheduling involved in space missions, such scenarios are less likely without prior indications.

Considering the information and typical patterns in space missions, the status quo outcome is the most probable. However, I will account for the possibility of unexpected events, albeit with lower probabilities.

Final probabilities for the options are as follows:

- Less than Ten: 5%
- Exactly Ten: 10%
- Greater than Ten: 85%
[2025-06-11 10:01:30] INFO: === Forecast Result ===
[2025-06-11 10:01:30] INFO: URL: https://www.metaculus.com/questions/38532
[2025-06-11 10:01:30] INFO: Prediction: predicted_options=[PredictedOption(option_name='Less than Ten', probability=0.05), PredictedOption(option_name='Exactly Ten', probability=0.1), PredictedOption(option_name='Greater than Ten', probability=0.85)]
[2025-06-11 10:01:30] INFO: Reasoning: (a) The time left until the outcome to the question is known is 16 days, as today is June 11, 2025, and the question resolves on June 27, 2025.

(b) The status quo outcome, if nothing changed, would be "Greater than Ten" people in space. As of June 11, 2025, there are 13 people in space, and there are no indications of any scheduled returns or departures before June 27, 2025.

(c) An unexpected outcome could occur if there were an emergency evacuation from one of the space stations, such as the ISS or the Tiangong Space Station, due to unforeseen technical issues, health emergencies, or geopolitical tensions. Such an event could lead to a rapid decrease in the number of people in space, potentially bringing the count to "Exactly Ten" or even "Less than Ten." Another scenario could involve a sudden, unplanned launch of a new crewed mission, although this is less likely given the typical planning and preparation required for such missions.

Considering the information available and the likelihood of the status quo being maintained, I will assign probabilities to each option while accounting for the possibility of unexpected events:

- Less than Ten: 5% (low probability due to the lack of scheduled returns and the current number of people in space)
- Exactly Ten: 10% (moderate probability due to the possibility of an unexpected event leading to a reduction in the number of people in space)
- Greater than Ten: 85% (high probability given the current status quo and typical crew rotation schedules)

Final probabilities:
- Less than Ten: 5%
- Exactly Ten: 10%
- Greater than Ten: 85%
[2025-06-11 10:01:30] INFO: === Forecast Result ===
[2025-06-11 10:01:30] INFO: URL: https://www.metaculus.com/questions/38532
[2025-06-11 10:01:30] INFO: Prediction: predicted_options=[PredictedOption(option_name='Less than Ten', probability=0.05), PredictedOption(option_name='Exactly Ten', probability=0.1), PredictedOption(option_name='Greater than Ten', probability=0.85)]
[2025-06-11 10:01:30] INFO: Reasoning: (a) **Time Left Until the Outcome is Known:**
There are 16 days remaining until June 27, 2025, when the number of people in space will be determined according to whoisinspace.com.

(b) **Status Quo Outcome if Nothing Changed:**
As of June 11, 2025, there are 13 people in space. Given that there are no indications of any scheduled returns or departures before June 27, 2025, the status quo outcome would be that the number of people in space remains at 13. Therefore, the status quo outcome is "Greater than Ten."

(c) **Scenario Resulting in an Unexpected Outcome:**
An unexpected outcome could occur if there is an unforeseen event such as an emergency evacuation from one of the space stations, which could reduce the number of people in space. For example, if a technical issue or health emergency necessitates the immediate return of a crew, the number of people in space could drop to "Exactly Ten" or even "Less than Ten." Another possibility is a delay in planned launches that were not publicly announced, which could affect the number of people in space.

**Rationale:**
Given the current information, the status quo strongly suggests that the number of people in space will remain "Greater than Ten" on June 27, 2025. However, space missions are subject to uncertainties, and while unlikely, unexpected events could alter the situation. Therefore, while the probability of the status quo outcome is high, it is prudent to allocate some probability to the other options to account for potential unexpected scenarios.

**Final Probabilities:**
- Less than Ten: 5%
- Exactly Ten: 10%
- Greater than Ten: 85%
[2025-06-11 10:01:32] INFO: === Forecast Result ===
[2025-06-11 10:01:32] INFO: URL: https://www.metaculus.com/questions/38532
[2025-06-11 10:01:32] INFO: Prediction: predicted_options=[PredictedOption(option_name='Less than Ten', probability=0.05), PredictedOption(option_name='Exactly Ten', probability=0.1), PredictedOption(option_name='Greater than Ten', probability=0.85)]
[2025-06-11 10:01:32] INFO: Reasoning: (a) **Time left until the outcome is known:**  
There are 16 days remaining until June 27, 2025.

(b) **Status quo outcome if nothing changed:**  
As of June 11, 2025, there are 13 people in space according to whoisinspace.com. Given that there are no scheduled returns or landings reported before June 27, 2025, the status quo outcome would be that there will still be 13 people in space on that date. Therefore, the status quo outcome is 'Greater than Ten'.

(c) **Description of a scenario that results in an unexpected outcome:**  
An unexpected outcome could occur if there is an emergency situation or an unscheduled return of a crew due to technical issues or health concerns. For instance, if a spacecraft experiences technical difficulties, it might necessitate an early return of some astronauts, potentially reducing the number of people in space to ten or fewer. Alternatively, a sudden geopolitical or international incident could lead to a rapid recall of astronauts from one or more countries. However, such scenarios are relatively rare and would require significant developments in the next 16 days.

**Rationale:**  
Given the current information and the typical duration of space missions, the most likely scenario is that the number of people in space will remain unchanged at 13. Space missions are usually planned months in advance, and any changes to crew rotations or emergencies are typically well-publicized. Therefore, the probability of the status quo outcome ('Greater than Ten') is high. However, to account for unforeseen events, some probability should be allocated to the other options.

**Final Probabilities:**  
- Less than Ten: 5%  
- Exactly Ten: 10%  
- Greater than Ten: 85%  
[2025-06-11 10:01:35] INFO: === Run Summary ===
[2025-06-11 10:01:35] INFO: Total questions: 1
[2025-06-11 10:01:35] INFO: Successful research: 1
[2025-06-11 10:01:35] INFO: Failed research: 0
[2025-06-11 10:01:35] INFO: Success rate: 100.00%
