[2025-05-27 20:01:21] INFO: === Starting new forecast run (Run #2167) ===
[2025-05-27 20:01:21] INFO: Environment: GitHub Actions
[2025-05-27 20:01:21] INFO: Repository: agsheves/decis-metaculus-bot1
[2025-05-27 20:01:21] INFO: Workflow: Forecast on new AI tournament questions
[2025-05-27 20:01:21] INFO: Commit: 297aa7457b9e97c434fe4954c66fc96cfb70ebf9
[2025-05-27 20:01:21] INFO: === Question 1 ===
[2025-05-27 20:01:21] INFO: URL: https://www.metaculus.com/questions/38071
[2025-05-27 20:01:21] INFO: Text: Will Aaron Rouse win the Democratic primary for lieutenant governor of Virginia in June 2025?
[2025-05-27 20:01:31] INFO: Research: Perplexity succeeded for https://www.metaculus.com/questions/38071
[2025-05-27 20:01:36] INFO: === Forecast Result ===
[2025-05-27 20:01:36] INFO: URL: https://www.metaculus.com/questions/38071
[2025-05-27 20:01:36] INFO: Prediction: 0.6
[2025-05-27 20:01:36] INFO: Reasoning: (a) The time left until the outcome to the question is known is approximately three weeks, as the Democratic primary for lieutenant governor of Virginia is scheduled for June 17, 2025.

(b) The status quo outcome, if nothing changed, would be uncertain. While Aaron Rouse is actively running and has political experience, there is no available information on other Democratic candidates or polling data to suggest he is leading or favored to win.

(c) A scenario that results in a No outcome could involve a strong Democratic challenger entering the race who gains significant support and endorsements, thereby surpassing Rouse in popularity and ultimately winning the primary. Additionally, any negative developments or controversies involving Rouse could diminish his chances.

(d) A scenario that results in a Yes outcome would involve Rouse maintaining or increasing his current level of support, possibly through effective campaigning, endorsements from key Democratic figures or organizations, and a lack of strong competition from other Democratic candidates. If no other significant candidates enter the race, Rouse's chances of winning would increase.

Considering the lack of information about other Democratic candidates and the absence of polling data, the status quo leans towards uncertainty. However, given Rouse's active campaign and political experience, he may have a reasonable chance if no strong challengers emerge.

Final Answer: "Probability: 60%"
[2025-05-27 20:01:37] INFO: === Forecast Result ===
[2025-05-27 20:01:37] INFO: URL: https://www.metaculus.com/questions/38071
[2025-05-27 20:01:37] INFO: Prediction: 0.55
[2025-05-27 20:01:37] INFO: Reasoning: (a) The time left until the outcome of the question is known is approximately three weeks, as the Democratic primary for lieutenant governor of Virginia is scheduled for June 17, 2025.

(b) The status quo outcome, if nothing changed, is uncertain. Aaron Rouse is actively running and has political experience, but there is no information about other Democratic candidates or polling data. Without this information, it's difficult to determine his chances of winning.

(c) A scenario that results in a No outcome could involve a strong Democratic challenger entering the race, gaining significant support and endorsements, and ultimately defeating Rouse in the primary. Additionally, any negative developments or controversies surrounding Rouse could also impact his chances.

(d) A scenario that results in a Yes outcome would involve Rouse maintaining or increasing his support base, possibly through effective campaigning, endorsements from key Democratic figures or organizations, and a lack of strong competition from other Democratic candidates. His political experience and current roles could also contribute positively to his campaign.

Rationale: Given the lack of information about other Democratic candidates and polling data, it's challenging to accurately forecast the outcome. However, Rouse's active campaign, political experience, and current roles suggest he is a serious contender. Since the world changes slowly most of the time, the status quo outcome leans slightly towards Rouse having a reasonable chance, but without more information, it's hard to be definitive.

Probability: 55%
[2025-05-27 20:01:37] INFO: === Forecast Result ===
[2025-05-27 20:01:37] INFO: URL: https://www.metaculus.com/questions/38071
[2025-05-27 20:01:37] INFO: Prediction: 0.6
[2025-05-27 20:01:37] INFO: Reasoning: (a) The time left until the outcome to the question is known is approximately three weeks, as the Democratic primary is scheduled for June 17, 2025.

(b) The status quo outcome if nothing changed would likely be uncertain, as there is currently insufficient information about other Democratic candidates or polling data to determine Aaron Rouse's chances of winning the primary. However, given that Rouse is actively campaigning and has significant political experience, he may be considered a strong contender.

(c) A scenario that results in a No outcome could involve a strong Democratic challenger entering the race who gains significant support and endorsements, thereby outpacing Rouse in the primary. Additionally, any negative developments or controversies surrounding Rouse's campaign could diminish his chances of winning.

(d) A scenario that results in a Yes outcome would involve Rouse maintaining or increasing his current level of support, potentially through successful campaign strategies, endorsements from influential figures or organizations, and a lack of significant competition from other Democratic candidates. His political experience and current roles could also bolster his appeal to voters.

Rationale: Given the lack of information about other Democratic candidates and polling data, the status quo outcome remains uncertain. However, Aaron Rouse's active campaign, political experience, and current roles suggest he is a strong contender. The world changes slowly most of the time, so it's reasonable to give some weight to the possibility of Rouse winning, especially if no significant challengers emerge.

Probability: 60%
[2025-05-27 20:01:37] INFO: === Forecast Result ===
[2025-05-27 20:01:37] INFO: URL: https://www.metaculus.com/questions/38071
[2025-05-27 20:01:37] INFO: Prediction: 0.55
[2025-05-27 20:01:37] INFO: Reasoning: (a) The time left until the outcome of the question is known is approximately three weeks, as the Democratic primary for lieutenant governor of Virginia is scheduled for June 17, 2025.

(b) The status quo outcome, if nothing changed, is uncertain. Aaron Rouse is actively running and has political experience, but there is no information about other Democratic candidates or polling data to suggest he is the frontrunner or has a significant advantage.

(c) A scenario that results in a No outcome could involve a strong Democratic challenger entering the race and gaining significant support, either through endorsements, a strong campaign platform, or better name recognition. Additionally, if any negative information or scandal were to emerge about Rouse, it could sway voters against him.

(d) A scenario that results in a Yes outcome would involve Aaron Rouse maintaining or increasing his visibility and support among Democratic voters. This could be achieved through successful campaigning, endorsements from influential figures or organizations, and effectively communicating his platform and vision for the role of lieutenant governor. If no strong challengers emerge, his chances of winning would also increase.

Given the lack of information about other candidates and polling data, and considering Rouse's active campaign and political experience, the status quo slightly favors him. However, the uncertainty about other potential candidates makes it difficult to assign a high probability.

Probability: 55%
[2025-05-27 20:01:37] INFO: === Forecast Result ===
[2025-05-27 20:01:37] INFO: URL: https://www.metaculus.com/questions/38071
[2025-05-27 20:01:37] INFO: Prediction: 0.6
[2025-05-27 20:01:37] INFO: Reasoning: (a) The time left until the outcome to the question is known is approximately three weeks, as the Democratic primary for lieutenant governor of Virginia is scheduled for June 17, 2025.

(b) The status quo outcome if nothing changed is that Aaron Rouse is actively campaigning and is a prominent candidate, given his current role as a State Senator and his political experience. However, without information on other Democratic candidates or polling data, it's difficult to definitively say he would win. The status quo suggests he is a strong contender, but not necessarily the guaranteed winner.

(c) A scenario that results in a No outcome could involve a strong Democratic challenger entering the race who gains significant support and endorsements, thereby surpassing Rouse in popularity and ultimately winning the primary. Additionally, any major scandal or controversy involving Rouse could negatively impact his campaign and lead to a loss.

(d) A scenario that results in a Yes outcome would involve Rouse maintaining or increasing his current level of support, possibly through effective campaigning, securing key endorsements, and leveraging his political experience and current roles. If no significant challengers emerge or if he is able to effectively out-campaign any existing ones, he could win the primary.

Given the lack of information about other candidates and polling data, and considering Rouse's current political standing and experience, the status quo leans slightly towards a favorable outcome for him. However, without concrete data, there remains uncertainty.

Probability: 60%
[2025-05-27 20:01:38] INFO: === Run Summary ===
[2025-05-27 20:01:38] INFO: Total questions: 1
[2025-05-27 20:01:38] INFO: Successful research: 1
[2025-05-27 20:01:38] INFO: Failed research: 0
[2025-05-27 20:01:38] INFO: Success rate: 100.00%
