[2025-05-30 14:01:14] INFO: === Starting new forecast run (Run #2296) ===
[2025-05-30 14:01:14] INFO: Environment: GitHub Actions
[2025-05-30 14:01:14] INFO: Repository: agsheves/decis-metaculus-bot1
[2025-05-30 14:01:14] INFO: Workflow: Forecast on new AI tournament questions
[2025-05-30 14:01:14] INFO: Commit: b8260fb252fc6ddd7f884c91e4d4fc2ebb9d54a2
[2025-05-30 14:01:15] INFO: === Question 1 ===
[2025-05-30 14:01:15] INFO: URL: https://www.metaculus.com/questions/38103
[2025-05-30 14:01:15] INFO: Text: Will BC Hydro still exclude Tesla from its EV charger rebate program for single-family homes in July 2025?
[2025-05-30 14:01:23] INFO: Research: Perplexity succeeded for https://www.metaculus.com/questions/38103
[2025-05-30 14:01:29] INFO: === Forecast Result ===
[2025-05-30 14:01:29] INFO: URL: https://www.metaculus.com/questions/38103
[2025-05-30 14:01:29] INFO: Prediction: 0.85
[2025-05-30 14:01:29] INFO: Reasoning: (a) The time left until the outcome to the question is known is approximately one month, as the outcome will be determined on or after July 1, 2025.

(b) The status quo outcome, if nothing changes, is that BC Hydro will still exclude Tesla from its EV charger rebate program for single-family homes. This is based on the current policy that excludes Tesla products as of March 12, 2025, and there is no indication of a planned end date or review period for this exclusion.

(c) A scenario that results in a No outcome could involve a significant improvement in trade relations between the U.S. and Canada, leading to a policy shift that removes the exclusion of U.S.-produced goods, including Tesla products, from the rebate program. Alternatively, a change in leadership or policy priorities within BC Hydro or the Government of B.C. could result in the inclusion of Tesla products in the rebate program.

(d) A scenario that results in a Yes outcome involves the continuation of the current policy, where Tesla products remain excluded from the rebate program due to ongoing trade tensions and specific concerns about Tesla or Elon Musk. This scenario is supported by the current status quo and the lack of information suggesting any imminent policy changes.

Given the information available, the policy appears to be well-established and tied to broader trade and political considerations. Since the world changes slowly most of the time, and there is no indication of an upcoming policy review or change, the status quo is likely to persist.

Probability: 85%
[2025-05-30 14:01:29] INFO: === Forecast Result ===
[2025-05-30 14:01:29] INFO: URL: https://www.metaculus.com/questions/38103
[2025-05-30 14:01:29] INFO: Prediction: 0.85
[2025-05-30 14:01:29] INFO: Reasoning: (a) The time left until the outcome to the question is known is approximately one month, as the outcome will be determined on or after July 1, 2025.

(b) The status quo outcome, if nothing changes, is that BC Hydro will continue to exclude Tesla from its EV charger rebate program for single-family homes. This is based on the current policy, which explicitly excludes Tesla products as of March 12, 2025, and there is no indication of a planned end date or review period for this exclusion.

(c) A scenario that results in a No outcome could involve a significant improvement in trade relations between the U.S. and Canada, leading to a policy shift that removes the exclusion of U.S.-produced goods, including Tesla products. Another possibility is a change in leadership or policy direction within the B.C. government or BC Hydro that prioritizes inclusivity of all EV products, regardless of origin.

(d) A scenario that results in a Yes outcome would involve the continuation of the current trade tensions and the "Buy B.C." movement, with no changes in policy direction. The exclusion of Tesla products remains in place due to ongoing concerns about Tesla or Elon Musk, as stated by Premier Eby.

Given the current information and the fact that policy changes of this nature often take time to implement, the status quo outcome is more likely. The exclusion of Tesla products appears to be a deliberate and established policy, and there is no indication of imminent changes that would alter this situation within the next month.

Probability: 85%
[2025-05-30 14:01:29] INFO: === Forecast Result ===
[2025-05-30 14:01:29] INFO: URL: https://www.metaculus.com/questions/38103
[2025-05-30 14:01:29] INFO: Prediction: 0.85
[2025-05-30 14:01:29] INFO: Reasoning: (a) The time left until the outcome to the question is known is approximately one month, as the outcome will be determined on or after July 1, 2025.

(b) The status quo outcome, if nothing changed, is that BC Hydro will continue to exclude Tesla from its EV charger rebate program for single-family homes. This is based on the current policy that was implemented on March 12, 2025, and is still in effect as of May 30, 2025.

(c) A scenario that results in a No outcome could involve a significant improvement in trade relations between the U.S. and Canada, leading to a policy reversal. This could happen if diplomatic negotiations result in a mutual agreement to remove trade barriers and preferences, prompting BC Hydro to reinstate eligibility for Tesla products in its rebate program.

(d) A scenario that results in a Yes outcome would involve the continuation of the current policy, driven by ongoing trade tensions and the specific targeting of Tesla due to concerns about Elon Musk. If there are no major changes in the political or economic landscape, BC Hydro is likely to maintain its exclusion of Tesla products from the rebate program.

Given the information available, the status quo suggests that the exclusion of Tesla products will remain in place. There is no indication of an impending policy change or shift in trade relations that would affect this decision. Therefore, the probability of BC Hydro still excluding Tesla from its EV charger rebate program for single-family homes in July 2025 is high.

Probability: 85%
[2025-05-30 14:01:29] INFO: === Forecast Result ===
[2025-05-30 14:01:29] INFO: URL: https://www.metaculus.com/questions/38103
[2025-05-30 14:01:29] INFO: Prediction: 0.85
[2025-05-30 14:01:29] INFO: Reasoning: (a) The time left until the outcome to the question is known is approximately one month, as the outcome will be determined on or after July 1, 2025.

(b) The status quo outcome, if nothing changed, is that BC Hydro will still exclude Tesla from its EV charger rebate program for single-family homes. This is based on the current policy, which explicitly excludes Tesla products from the rebate program as of March 12, 2025.

(c) A scenario that results in a No outcome could involve a significant improvement in trade relations between the U.S. and Canada, leading to a policy shift that removes the exclusion of U.S.-produced goods, including Tesla products. Alternatively, a change in leadership or policy direction within the B.C. government or BC Hydro could lead to a reevaluation and reversal of the exclusion policy.

(d) A scenario that results in a Yes outcome would involve the continuation of the current trade tensions and policy direction, with no significant changes in the relationship between the U.S. and Canada or in the leadership of the B.C. government or BC Hydro. The exclusion policy would remain in place as part of the broader "Buy B.C." movement.

Given the relatively short time frame until the outcome is determined and the lack of any indication of an upcoming policy change, it is reasonable to put extra weight on the status quo outcome. The policy appears to be well-established and tied to broader geopolitical and economic factors, which are unlikely to change dramatically in the next month.

Probability: 85%
[2025-05-30 14:01:29] INFO: === Forecast Result ===
[2025-05-30 14:01:29] INFO: URL: https://www.metaculus.com/questions/38103
[2025-05-30 14:01:29] INFO: Prediction: 0.85
[2025-05-30 14:01:29] INFO: Reasoning: (a) The time left until the outcome to the question is known is approximately one month, as the question will be resolved on or after July 1, 2025.

(b) The status quo outcome, if nothing changes, is that BC Hydro will continue to exclude Tesla from its EV charger rebate program for single-family homes. This is based on the current policy that was implemented on March 12, 2025, and is still in effect as of May 30, 2025.

(c) A scenario that results in a No outcome could involve a significant improvement in trade relations between the U.S. and Canada, leading to a policy shift that removes the exclusion of U.S.-produced goods, including Tesla products, from the rebate program. Another possibility could be a change in leadership or policy direction within the B.C. government or BC Hydro that prioritizes inclusivity of all EV products regardless of origin.

(d) A scenario that results in a Yes outcome would be the continuation of the current policy, driven by ongoing trade tensions and the specific targeting of Tesla due to concerns about Elon Musk. This scenario assumes no significant changes in the political or economic landscape that would prompt a reversal of the exclusion policy.

Rationale: Given that the policy was recently implemented and is part of a broader "Buy B.C." movement amid trade tensions, it is reasonable to assume that the status quo will persist in the short term. Policy changes, especially those tied to international trade and political considerations, often take time to develop and implement. Therefore, the likelihood of a significant policy shift occurring within the next month is relatively low.

Final Answer: Probability: 85%
[2025-05-30 14:01:30] INFO: === Run Summary ===
[2025-05-30 14:01:30] INFO: Total questions: 1
[2025-05-30 14:01:30] INFO: Successful research: 1
[2025-05-30 14:01:30] INFO: Failed research: 0
[2025-05-30 14:01:30] INFO: Success rate: 100.00%
