[2025-06-15 20:01:24] INFO: === Starting new forecast run (Run #3054) ===
[2025-06-15 20:01:24] INFO: Environment: GitHub Actions
[2025-06-15 20:01:24] INFO: Repository: agsheves/decis-metaculus-bot1
[2025-06-15 20:01:24] INFO: Workflow: Forecast on new AI tournament questions
[2025-06-15 20:01:24] INFO: Commit: 84cdc223875a050f829b2d00025c8069c973897f
[2025-06-15 20:01:25] INFO: === Question 1 ===
[2025-06-15 20:01:25] INFO: URL: https://www.metaculus.com/questions/38543
[2025-06-15 20:01:25] INFO: Text: Will Donald Trump visit China before July 1, 2025?
[2025-06-15 20:01:31] INFO: Research: Perplexity succeeded for https://www.metaculus.com/questions/38543
[2025-06-15 20:01:36] INFO: === Forecast Result ===
[2025-06-15 20:01:36] INFO: URL: https://www.metaculus.com/questions/38543
[2025-06-15 20:01:36] INFO: Prediction: 0.1
[2025-06-15 20:01:36] INFO: Reasoning: (a) The time left until the outcome to the question is known is approximately 15 days, as the deadline is July 1, 2025, and today is June 15, 2025.

(b) The status quo outcome if nothing changed is No, as there is currently no record or announcement of Donald Trump visiting China in 2025, and no visit is scheduled before the deadline.

(c) A scenario that results in a No outcome is that the current diplomatic engagements and negotiations between the US and China continue without any immediate plans for Trump to visit China. The ongoing tensions, particularly regarding trade and Taiwan, may prevent a visit from being organized and executed within the remaining 15 days.

(d) A scenario that results in a Yes outcome is that a breakthrough in negotiations or diplomatic relations occurs, prompting a sudden and unplanned visit by Donald Trump to China. This could be facilitated by a rapid de-escalation of tensions or a significant diplomatic event that necessitates Trump's presence in China.

Given the current information and the short time frame remaining, the likelihood of a visit occurring seems low. The status quo outcome is heavily weighted, as the world tends to change slowly, and there are no strong indications of an impending visit.

Probability: 10%
[2025-06-15 20:01:36] INFO: === Forecast Result ===
[2025-06-15 20:01:36] INFO: URL: https://www.metaculus.com/questions/38543
[2025-06-15 20:01:36] INFO: Prediction: 0.1
[2025-06-15 20:01:36] INFO: Reasoning: (a) The time left until the outcome to the question is known is approximately 16 days, as the deadline is July 1, 2025, and today is June 15, 2025.

(b) The status quo outcome if nothing changed is that Donald Trump will not visit China before July 1, 2025, thus resolving the question as No.

(c) A brief description of a scenario that results in a No outcome: Despite ongoing diplomatic communications and invitations between Trump and Xi, no visit is scheduled or takes place before the deadline. The focus remains on negotiations held outside of China, and Trump's travel schedule does not include a trip to China.

(d) A brief description of a scenario that results in a Yes outcome: A sudden breakthrough in US-China relations occurs, leading to an urgent and unplanned visit by Trump to China to finalize or celebrate a significant agreement, such as a major trade deal. This visit is organized and executed within the remaining 16 days before the deadline.

Given the current situation, the lack of any scheduled visit, and the historical tendency for international diplomatic visits to be planned well in advance, the probability of a visit occurring within the next 16 days is low. The status quo heavily favors a No outcome, as significant changes in international relations and travel plans typically require more time to develop.

Final answer: "Probability: 10%"
[2025-06-15 20:01:36] INFO: === Forecast Result ===
[2025-06-15 20:01:36] INFO: URL: https://www.metaculus.com/questions/38543
[2025-06-15 20:01:36] INFO: Prediction: 0.1
[2025-06-15 20:01:36] INFO: Reasoning: (a) The time left until the outcome to the question is known is approximately 15 days, as the deadline is July 1, 2025, and today is June 15, 2025.

(b) The status quo outcome, if nothing changed, would be No, as there is currently no public record or official announcement indicating that Donald Trump has visited China in 2025.

(c) A scenario that results in a No outcome is that the ongoing diplomatic engagements and negotiations between the US and China continue to occur outside of China, with no confirmed plans or scheduled visit for Donald Trump to travel to China before July 1, 2025. The current tensions, particularly regarding trade and Taiwan, may also hinder the possibility of a visit.

(d) A scenario that results in a Yes outcome is that, in the remaining 15 days, a breakthrough in negotiations or diplomatic relations occurs, prompting a last-minute visit by Donald Trump to China. This could be facilitated by a significant development in trade agreements or a strategic diplomatic move by either side, leading to an official announcement and visit before the deadline.

Considering the current status quo and the short time frame remaining, the probability of a visit occurring seems low. The world tends to change slowly, and without any current indications of a scheduled visit, the likelihood of a sudden change is minimal.

Probability: 10%
[2025-06-15 20:01:37] INFO: === Forecast Result ===
[2025-06-15 20:01:37] INFO: URL: https://www.metaculus.com/questions/38543
[2025-06-15 20:01:37] INFO: Prediction: 0.1
[2025-06-15 20:01:37] INFO: Reasoning: (a) The time left until the outcome to the question is known is approximately 15 days, as the deadline is July 1, 2025, and today is June 15, 2025.

(b) The status quo outcome, if nothing changed, would be No, as there is currently no record or announcement of Donald Trump visiting China before the deadline.

(c) A scenario that results in a No outcome would involve the continuation of the current situation, where despite ongoing diplomatic engagement and invitations, no visit is scheduled or takes place before July 1, 2025. This could be due to logistical challenges, unresolved diplomatic tensions, or other priorities taking precedence.

(d) A scenario that results in a Yes outcome would involve a sudden and unexpected announcement or arrangement for Donald Trump to visit China within the next 15 days. This could be triggered by a breakthrough in negotiations, a strategic diplomatic move, or a high-profile event that necessitates or facilitates such a visit.

Given the current status quo, the short time frame remaining, and the absence of any confirmed plans for a visit, the probability of a visit occurring before the deadline is relatively low. However, diplomatic situations can sometimes change rapidly, so a small probability remains.

Probability: 10%
[2025-06-15 20:01:37] INFO: === Forecast Result ===
[2025-06-15 20:01:37] INFO: URL: https://www.metaculus.com/questions/38543
[2025-06-15 20:01:37] INFO: Prediction: 0.1
[2025-06-15 20:01:37] INFO: Reasoning: (a) The time left until the outcome to the question is known is approximately 15 days, as today is June 15, 2025, and the deadline is July 1, 2025.

(b) The status quo outcome if nothing changed is No, as Donald Trump has not visited China in 2025 according to all available public records and news reports.

(c) A brief description of a scenario that results in a No outcome: Despite ongoing diplomatic communications and invitations, logistical or political challenges prevent Donald Trump from scheduling and executing a visit to China before the deadline. The current tensions over trade and Taiwan, combined with the short time frame, make it difficult to arrange a visit that satisfies both parties.

(d) A brief description of a scenario that results in a Yes outcome: A sudden breakthrough in negotiations or a strategic decision by both the US and China leads to an expedited visit by Donald Trump to China. This could be driven by a desire to solidify a new trade agreement or to demonstrate a commitment to improving bilateral relations. The visit is quickly organized and executed before July 1, 2025.

Given the current information and the short time frame remaining, the probability of a visit occurring seems low. While diplomatic engagement is ongoing, the lack of any scheduled visit or public announcement suggests that the status quo is likely to persist. Good forecasters often emphasize the status quo, as significant changes typically require more time and planning.

Probability: 10%
[2025-06-15 20:01:38] INFO: === Run Summary ===
[2025-06-15 20:01:38] INFO: Total questions: 1
[2025-06-15 20:01:38] INFO: Successful research: 1
[2025-06-15 20:01:38] INFO: Failed research: 0
[2025-06-15 20:01:38] INFO: Success rate: 100.00%
