[2025-06-02 12:01:53] INFO: === Starting new forecast run (Run #2431) ===
[2025-06-02 12:01:53] INFO: Environment: GitHub Actions
[2025-06-02 12:01:53] INFO: Repository: agsheves/decis-metaculus-bot1
[2025-06-02 12:01:53] INFO: Workflow: Forecast on new AI tournament questions
[2025-06-02 12:01:53] INFO: Commit: 42ba90ee36ef61211469e6ce14bb02a356b6ce5b
[2025-06-02 12:01:53] INFO: === Question 1 ===
[2025-06-02 12:01:53] INFO: URL: https://www.metaculus.com/questions/38302
[2025-06-02 12:01:53] INFO: Text: Will China experience a 4th month in a row of deflation in its May CPI report?
[2025-06-02 12:02:08] INFO: Research: Perplexity succeeded for https://www.metaculus.com/questions/38302
[2025-06-02 12:02:15] INFO: === Forecast Result ===
[2025-06-02 12:02:15] INFO: URL: https://www.metaculus.com/questions/38302
[2025-06-02 12:02:15] INFO: Prediction: 0.65
[2025-06-02 12:02:15] INFO: Reasoning: (a) The time left until the outcome to the question is known: The May 2025 CPI data is expected to be released soon, likely within the next few weeks, as it is already June 2, 2025.

(b) The status quo outcome if nothing changed: Based on the current trend of deflation observed in the last three months (February, March, and April 2025), the status quo suggests a continuation of deflationary pressures. However, without the May data, the status quo outcome remains unresolved.

(c) A brief description of a scenario that results in a No outcome: If the May 2025 CPI data shows a positive year-on-year change, indicating that consumer prices have increased compared to May 2024, this would result in a No outcome. This could occur if there is a sudden increase in demand, a rise in global commodity prices, or government interventions that stimulate price growth.

(d) A brief description of a scenario that results in a Yes outcome: If the May 2025 CPI data shows another negative year-on-year change, this would confirm a fourth consecutive month of deflation. This scenario could arise if the current economic conditions persist, with weak domestic demand, low consumer confidence, and continued global economic uncertainties impacting prices.

Given the recent trend of deflation and the lack of new data, the status quo outcome leans towards continued deflation. However, economic conditions can change, and the May data is not yet available. Therefore, while the trend suggests a higher probability of continued deflation, the uncertainty of future data necessitates caution.

Probability: 65%
[2025-06-02 12:02:15] INFO: === Forecast Result ===
[2025-06-02 12:02:15] INFO: URL: https://www.metaculus.com/questions/38302
[2025-06-02 12:02:15] INFO: Prediction: 0.65
[2025-06-02 12:02:15] INFO: Reasoning: (a) The time left until the outcome to the question is known: The official May 2025 CPI data for China is expected to be released within the next few weeks, typically around mid-June. Therefore, the outcome should be known by then.

(b) The status quo outcome if nothing changed: Currently, China has experienced three consecutive months of deflation (February, March, and April 2025). If the trend continues, May 2025 would also show deflation, resulting in a fourth consecutive month. However, without the May data, the status quo outcome is that the question remains unresolved.

(c) A brief description of a scenario that results in a No outcome: If the May 2025 CPI data shows a positive year-on-year change, indicating inflation rather than deflation, the outcome would be No. This could occur if there is a sudden increase in consumer demand, government stimulus measures take effect, or external factors such as rising global commodity prices lead to higher domestic prices.

(d) A brief description of a scenario that results in a Yes outcome: If the May 2025 CPI data shows another negative year-on-year change, indicating continued deflation, the outcome would be Yes. This scenario could occur if the current economic conditions persist, with weak consumer demand, low global commodity prices, or continued economic slowdown impacting prices.

Rationale: Given the current trend of three consecutive months of deflation and the lack of significant changes in the economic environment, the status quo suggests a higher likelihood of continued deflation. However, economic conditions can change, and external factors could influence the May CPI data. Nevertheless, forecasters often give extra weight to the status quo due to the slow pace of change in economic indicators.

Final Answer: "Probability: 65%"
[2025-06-02 12:02:15] INFO: === Forecast Result ===
[2025-06-02 12:02:15] INFO: URL: https://www.metaculus.com/questions/38302
[2025-06-02 12:02:15] INFO: Prediction: 0.7
[2025-06-02 12:02:15] INFO: Reasoning: (a) The time left until the outcome to the question is known: The official May 2025 CPI data for China is expected to be released in the coming weeks, likely within the first half of June 2025. Therefore, the outcome to the question should be known within approximately 1-2 weeks.

(b) The status quo outcome if nothing changed: The status quo outcome, based on the current trend of deflation observed over the past three months, suggests a continuation of deflation. However, without the May 2025 data, the status quo outcome is technically "Unknown" until the data is released.

(c) A brief description of a scenario that results in a No outcome: A scenario that results in a No outcome would involve the May 2025 CPI data showing a positive year-on-year change, indicating inflation rather than deflation. This could occur if there were significant increases in consumer demand, government stimulus measures, or supply chain improvements that led to higher prices in key sectors such as food and housing.

(d) A brief description of a scenario that results in a Yes outcome: A Yes outcome would occur if the May 2025 CPI data shows a negative year-on-year change, continuing the trend of deflation. This could be due to ongoing weak consumer demand, continued global economic challenges, or further declines in prices for major components of the CPI basket, such as food or housing.

Given the recent trend of deflation and the economic context, the probability of a fourth consecutive month of deflation in May 2025 is relatively high. However, without the official data, there remains uncertainty.

Probability: 70%
[2025-06-02 12:02:15] INFO: === Forecast Result ===
[2025-06-02 12:02:15] INFO: URL: https://www.metaculus.com/questions/38302
[2025-06-02 12:02:15] INFO: Prediction: 0.7
[2025-06-02 12:02:15] INFO: Reasoning: (a) The time left until the outcome to the question is known: The official May 2025 CPI data for China is expected to be released within the next few weeks, likely by mid to late June 2025. Therefore, we are likely just a few weeks away from knowing the outcome.

(b) The status quo outcome if nothing changed: Based on the current trend of deflation observed in the past three months (February, March, and April 2025), the status quo outcome would suggest a continuation of deflation into May 2025. However, without the May data, the status quo outcome remains uncertain.

(c) A brief description of a scenario that results in a No outcome: A scenario resulting in a No outcome would involve China's CPI for May 2025 showing a positive year-on-year change. This could occur if there were a sudden increase in consumer demand, a rise in global commodity prices, or government interventions that stimulated price levels.

(d) A brief description of a scenario that results in a Yes outcome: A scenario resulting in a Yes outcome would involve China's CPI for May 2025 continuing the deflationary trend observed in the previous months, with a negative year-on-year change. This could be driven by ongoing weak domestic demand, continued global economic challenges, or persistent low prices in key sectors like food and housing.

Given the recent trend of deflation and the lack of significant changes in economic conditions reported so far, the likelihood of a fourth consecutive month of deflation is relatively high. However, forecasters should consider the possibility of unexpected economic shifts or policy interventions that could alter this trend.

Probability: 70%
[2025-06-02 12:02:15] INFO: === Forecast Result ===
[2025-06-02 12:02:15] INFO: URL: https://www.metaculus.com/questions/38302
[2025-06-02 12:02:15] INFO: Prediction: 0.65
[2025-06-02 12:02:15] INFO: Reasoning: (a) The time left until the outcome to the question is known: The official May 2025 CPI data for China is expected to be released soon, likely within the next few weeks. Typically, such economic data is released around the middle of the following month, so we can expect the data by mid-June 2025.

(b) The status quo outcome if nothing changed: Based on the current trend of deflation observed over the past three months (February, March, and April 2025), the status quo outcome would suggest a continuation of deflation into May 2025. However, without the official data, we cannot confirm this.

(c) A brief description of a scenario that results in a No outcome: A No outcome would occur if the May 2025 CPI data shows a positive year-on-year change, indicating inflation rather than deflation. This could happen if there is a sudden increase in consumer demand, a rise in global commodity prices, or government intervention that stimulates economic activity and price levels.

(d) A brief description of a scenario that results in a Yes outcome: A Yes outcome would occur if the May 2025 CPI data continues the trend of deflation, showing a negative year-on-year change. This scenario is plausible if the factors contributing to deflation, such as weak domestic demand, low commodity prices, or other economic pressures, persist or worsen.

Rationale: Given the recent trend of deflation and the economic context, it is reasonable to expect that the deflationary trend might continue into May 2025. However, economic data can be unpredictable, and external factors could influence the outcome. Nonetheless, the status quo of continued deflation carries significant weight in forecasting, as economic conditions often change gradually.

Final answer: "Probability: 65%"
[2025-06-02 12:02:16] INFO: === Run Summary ===
[2025-06-02 12:02:16] INFO: Total questions: 1
[2025-06-02 12:02:16] INFO: Successful research: 1
[2025-06-02 12:02:16] INFO: Failed research: 0
[2025-06-02 12:02:16] INFO: Success rate: 100.00%
