[2025-06-03 04:05:01] INFO: === Starting new forecast run (Run #2462) ===
[2025-06-03 04:05:01] INFO: Environment: GitHub Actions
[2025-06-03 04:05:01] INFO: Repository: agsheves/decis-metaculus-bot1
[2025-06-03 04:05:01] INFO: Workflow: Forecast on new AI tournament questions
[2025-06-03 04:05:01] INFO: Commit: 8c909bfb87064d7bec8c29bc649a76e40de037fd
[2025-06-03 04:05:01] INFO: === Question 1 ===
[2025-06-03 04:05:01] INFO: URL: https://www.metaculus.com/questions/38309
[2025-06-03 04:05:01] INFO: Text: Will Jerrauld "Jay" Jones win the Democratic primary for attorney general of Virginia in the 2025 election?
[2025-06-03 04:05:12] INFO: Research: Perplexity succeeded for https://www.metaculus.com/questions/38309
[2025-06-03 04:05:20] INFO: === Forecast Result ===
[2025-06-03 04:05:20] INFO: URL: https://www.metaculus.com/questions/38309
[2025-06-03 04:05:20] INFO: Prediction: 0.5
[2025-06-03 04:05:20] INFO: Reasoning: (a) The time left until the outcome of the question is known is approximately two weeks, as the Democratic primary for Virginia Attorney General is scheduled for June 17, 2025.

(b) The status quo outcome if nothing changed would be "No," as there is currently no evidence or credible source indicating that Jay Jones has won the primary.

(c) A scenario that results in a No outcome could involve Shannon Taylor successfully leveraging her campaign strategies and policy positions to gain more support among Democratic voters, ultimately winning the primary. Additionally, any unforeseen negative developments in Jay Jones's campaign, such as controversies or missteps, could contribute to a loss.

(d) A scenario that results in a Yes outcome would involve Jay Jones effectively mobilizing his campaign resources and voter base, perhaps capitalizing on his previous political experience and connections. If he can successfully communicate his policy positions and differentiate himself from Shannon Taylor, he could secure enough votes to win the primary.

Given the current status and the fact that the primary has not yet occurred, the probability of Jay Jones winning is uncertain. However, since the world changes slowly most of the time, and considering the lack of decisive information favoring either candidate, the probability should be weighted towards the status quo outcome. 

Final Answer: "Probability: 50%"
[2025-06-03 04:05:20] INFO: === Forecast Result ===
[2025-06-03 04:05:20] INFO: URL: https://www.metaculus.com/questions/38309
[2025-06-03 04:05:20] INFO: Prediction: 0.4
[2025-06-03 04:05:20] INFO: Reasoning: (a) The time left until the outcome of the question is known is approximately two weeks, as the Democratic primary election is scheduled for June 17, 2025.

(b) The status quo outcome, if nothing changes, is that the question would resolve as No because there is no evidence or official result indicating that Jay Jones has won the primary as of now.

(c) A scenario that results in a No outcome is if Shannon Taylor wins the Democratic primary for Attorney General of Virginia. This could happen if she successfully mobilizes her voter base, effectively communicates her policy positions, and capitalizes on any strategic advantages over Jay Jones.

(d) A scenario that results in a Yes outcome is if Jay Jones wins the Democratic primary. This could occur if he effectively leverages his previous political experience, gains significant endorsements, and resonates more with the Democratic electorate compared to Shannon Taylor.

Given the current information and the tendency for the status quo to persist, I would weigh the likelihood of a No outcome more heavily. However, with the primary still upcoming and the race being actively contested, there remains a reasonable chance for either candidate to win.

Final Answer: Probability: 40%
[2025-06-03 04:05:21] INFO: === Forecast Result ===
[2025-06-03 04:05:21] INFO: URL: https://www.metaculus.com/questions/38309
[2025-06-03 04:05:21] INFO: Prediction: 0.5
[2025-06-03 04:05:21] INFO: Reasoning: (a) The time left until the outcome of the question is known is approximately two weeks, as the Democratic primary is scheduled for June 17, 2025.

(b) The status quo outcome, if nothing changed, would be "No," as there is currently no evidence or official result indicating that Jay Jones has won the primary.

(c) A scenario that results in a No outcome could involve Shannon Taylor gaining a significant advantage in the final weeks of the campaign, perhaps through a strong debate performance, endorsements from influential figures, or effective outreach that resonates with voters. Additionally, if voter turnout is low and Taylor's supporters are more mobilized, this could also lead to her winning the primary.

(d) A scenario that results in a Yes outcome would involve Jay Jones successfully leveraging his campaign efforts and any remaining goodwill from his previous political experience to secure a majority of votes. This could be aided by effective messaging on key issues like the opioid crisis and federal challenges, as well as potential sympathy and support following his father's passing, which might galvanize his base and attract undecided voters.

Given the status quo and the typical slow pace of change in political races, the current lack of decisive information suggests a cautious approach. However, the race appears competitive, and both candidates are actively campaigning, which means the outcome is still uncertain.

Probability: 50%
[2025-06-03 04:05:22] INFO: === Forecast Result ===
[2025-06-03 04:05:22] INFO: URL: https://www.metaculus.com/questions/38309
[2025-06-03 04:05:22] INFO: Prediction: 0.4
[2025-06-03 04:05:22] INFO: Reasoning: (a) The time left until the outcome of the question is known is approximately two weeks, as the Democratic primary is scheduled for June 17, 2025.

(b) The status quo outcome, if nothing changed, would be "No" because there is currently no evidence or credible source confirming that Jay Jones has won the Democratic primary.

(c) A scenario that results in a No outcome: Shannon Taylor secures more support and votes than Jay Jones in the Democratic primary, leading to her winning the nomination for Attorney General of Virginia. Factors contributing to this could include more effective campaigning, stronger voter outreach, or a more compelling policy platform that resonates with the Democratic electorate.

(d) A scenario that results in a Yes outcome: Jay Jones successfully mobilizes his base, leveraging his previous political experience and connections, and addresses key issues that resonate with voters, such as challenging federal overreach and protecting Virginians' rights. His campaign gains momentum, leading to a decisive victory in the primary.

Rationale: Given the current status, with no definitive evidence of a win for Jay Jones, the status quo outcome leans towards "No." However, with two weeks remaining until the primary, there is still time for campaign dynamics to shift. Historically, incumbents or candidates with strong political backgrounds, like Jay Jones, can leverage their experience and networks to gain an edge. Nonetheless, without current evidence of a lead or significant advantage, the probability of a "Yes" outcome remains uncertain.

Final Answer: Probability: 40%
[2025-06-03 04:05:22] INFO: === Forecast Result ===
[2025-06-03 04:05:22] INFO: URL: https://www.metaculus.com/questions/38309
[2025-06-03 04:05:22] INFO: Prediction: 0.45
[2025-06-03 04:05:22] INFO: Reasoning: (a) The time left until the outcome to the question is known is approximately two weeks, as the Democratic primary is scheduled for June 17, 2025.

(b) The status quo outcome if nothing changed is that the question would resolve as No, since there is no evidence yet that Jay Jones has won the primary.

(c) A scenario that results in a No outcome is if Shannon Taylor wins the Democratic primary for Attorney General of Virginia. This could happen if she successfully mobilizes her base, gains endorsements, or if her campaign resonates more with Democratic voters in Virginia.

(d) A scenario that results in a Yes outcome is if Jay Jones wins the Democratic primary. This could occur if he leverages his previous political experience, effectively communicates his policy positions, and garners significant support from key Democratic constituencies in Virginia.

Rationale:
Given the current information, the outcome of the primary is still undecided. However, the status quo outcome is that Jay Jones has not yet won, and the race appears competitive. Since the world changes slowly most of the time, the status quo carries significant weight. Both candidates are actively campaigning, and external factors such as endorsements, voter turnout, and campaign strategies could influence the final result. Based on the available information, the probability of Jay Jones winning the primary is uncertain, but considering the status quo and the competitive nature of the race, I would estimate a moderate probability.

Final Answer: "Probability: 45%"
[2025-06-03 04:05:23] INFO: === Run Summary ===
[2025-06-03 04:05:23] INFO: Total questions: 1
[2025-06-03 04:05:23] INFO: Successful research: 1
[2025-06-03 04:05:23] INFO: Failed research: 0
[2025-06-03 04:05:23] INFO: Success rate: 100.00%
