[2025-05-20 20:01:21] INFO: === Starting new forecast run (Run #1839) ===
[2025-05-20 20:01:21] INFO: Environment: GitHub Actions
[2025-05-20 20:01:21] INFO: Repository: agsheves/decis-metaculus-bot1
[2025-05-20 20:01:21] INFO: Workflow: Forecast on new AI tournament questions
[2025-05-20 20:01:21] INFO: Commit: af0cb6c0ef00a98df622cb4ba052c3c8c4975801
[2025-05-20 20:01:21] INFO: === Question 1 ===
[2025-05-20 20:01:21] INFO: URL: https://www.metaculus.com/questions/37810
[2025-05-20 20:01:21] INFO: Text: On the DesignSafe-CI portal, how many publications will there be in June 2025?
[2025-05-20 20:01:29] INFO: Research: Perplexity succeeded for https://www.metaculus.com/questions/37810
[2025-05-20 20:01:37] INFO: === Forecast Result ===
[2025-05-20 20:01:37] INFO: URL: https://www.metaculus.com/questions/37810
[2025-05-20 20:01:37] INFO: Prediction: predicted_options=[PredictedOption(option_name='0-20', probability=0.2), PredictedOption(option_name='21-30', probability=0.4), PredictedOption(option_name='31-40', probability=0.25), PredictedOption(option_name='41+', probability=0.15)]
[2025-05-20 20:01:37] INFO: Reasoning: (a) The time left until the outcome to the question is known is approximately 1 month and 11 days, as today is May 20, 2025, and the outcome will be checked on or after July 1, 2025.

(b) The status quo outcome, if nothing changed, would likely be based on historical publication trends on the DesignSafe-CI portal. However, without specific historical data on monthly publication volumes, it's challenging to determine the exact status quo. Given the nature of academic and research publication cycles, a reasonable assumption might be a moderate number of publications, possibly in the '21-30' range, assuming a steady flow of research activity.

(c) An unexpected outcome could occur if there is a significant increase in research activity or a special initiative leading to a higher number of publications in June 2025. For example, if a major research project or collaboration concludes around this time, resulting in a surge of publications, the number could exceed 41. Alternatively, if there are unforeseen disruptions or delays in research activities, the number could be lower than expected.

Considering the information available, I will assign probabilities to each option, taking into account the typical slow change in publication trends and allowing for some possibility of unexpected outcomes:

Option_0-20: 20%
Option_21-30: 40%
Option_31-40: 25%
Option_41+: 15%
[2025-05-20 20:01:37] INFO: === Forecast Result ===
[2025-05-20 20:01:37] INFO: URL: https://www.metaculus.com/questions/37810
[2025-05-20 20:01:37] INFO: Prediction: predicted_options=[PredictedOption(option_name='0-20', probability=0.5), PredictedOption(option_name='21-30', probability=0.25), PredictedOption(option_name='31-40', probability=0.15), PredictedOption(option_name='41+', probability=0.1)]
[2025-05-20 20:01:37] INFO: Reasoning: (a) The time left until the outcome is known is approximately 1.5 months, as today is May 20, 2025, and the outcome will be checked on or after July 1, 2025.

(b) The status quo outcome, assuming no significant changes or unexpected events, would likely be within the range of typical publication activity on the DesignSafe-CI portal. Without specific historical data, we can assume a moderate level of publications based on the platform's active use by the natural hazards research community. Given the lack of specific data, the most conservative assumption might be the lower end of the publication spectrum, such as '0-20'.

(c) An unexpected scenario could involve a significant increase in research activity or a major event in the natural hazards community that prompts a surge in publications. For example, if there were a major natural disaster or a significant breakthrough in research methodology, it could lead to a higher number of publications as researchers rush to share their findings and data. Additionally, if there were a special issue or a themed publication event organized by DesignSafe-CI for June 2025, it could also result in a higher number of publications than usual.

Rationale:
Given the lack of specific historical data and the typical slow change in academic publication rates, it is reasonable to put more weight on the lower end of the publication spectrum. However, acknowledging the possibility of unexpected events or special initiatives, it is prudent to leave some probability for higher publication numbers.

Final probabilities:
'0-20': 50%
'21-30': 25%
'31-40': 15%
'41+': 10%
[2025-05-20 20:01:37] INFO: === Forecast Result ===
[2025-05-20 20:01:37] INFO: URL: https://www.metaculus.com/questions/37810
[2025-05-20 20:01:37] INFO: Prediction: predicted_options=[PredictedOption(option_name='0-20', probability=0.6), PredictedOption(option_name='21-30', probability=0.2), PredictedOption(option_name='31-40', probability=0.1), PredictedOption(option_name='41+', probability=0.1)]
[2025-05-20 20:01:37] INFO: Reasoning: (a) The time left until the outcome to the question is known is approximately 1 month and 10 days, as today is May 20, 2025, and the outcome will be checked on or after July 1, 2025.

(b) The status quo outcome, if nothing changed, would likely be in the '0-20' range. This is based on the assumption that the publication rate has been relatively stable and low, given the lack of specific information about high publication volumes in the search results and the general nature of the platform as a specialized repository for natural hazards research.

(c) An unexpected outcome scenario could involve a significant event or initiative that leads to a surge in publications. For example, if there were a major natural disaster or a new research initiative that prompted a large number of researchers to publish their findings or data sets in June 2025, this could result in a higher number of publications. Additionally, if the NHERI SimCenter Programming Bootcamp or the NHERI Lehigh Hybrid Simulation Workshop led to a collaborative publication effort, this could also increase the number of publications.

Given the information available and the tendency for the status quo to prevail, I will assign probabilities as follows:

Option_0-20: 60%
Option_21-30: 20%
Option_31-40: 10%
Option_41+: 10%
[2025-05-20 20:01:37] INFO: === Forecast Result ===
[2025-05-20 20:01:37] INFO: URL: https://www.metaculus.com/questions/37810
[2025-05-20 20:01:37] INFO: Prediction: predicted_options=[PredictedOption(option_name='0-20', probability=0.6), PredictedOption(option_name='21-30', probability=0.2), PredictedOption(option_name='31-40', probability=0.1), PredictedOption(option_name='41+', probability=0.1)]
[2025-05-20 20:01:37] INFO: Reasoning: (a) The time left until the outcome to the question is known is approximately 1 month and 11 days, as today is May 20, 2025, and the question will be resolved on or after July 1, 2025.

(b) The status quo outcome, if nothing changed, would likely be in the range of '0-20' publications. This assumption is based on the lack of specific information about a high volume of publications in June 2025 and the general tendency for academic and research publications to be spread out over time rather than concentrated in a single month.

(c) An unexpected outcome could occur if there is a significant event or initiative that leads to a spike in publications. For example, if there is a major conference or workshop in June 2025 that encourages participants to publish their findings on the DesignSafe-CI portal, this could result in a higher number of publications. Additionally, if there is a coordinated effort by a large research group or consortium to release a series of publications simultaneously, this could also lead to an unexpected increase in the number of publications.

Given the information available and the tendency for the status quo to prevail, I will assign probabilities as follows:

Option_0-20: 60%  
Option_21-30: 20%  
Option_31-40: 10%  
Option_41+: 10%  

These probabilities reflect the expectation that the number of publications will likely fall within the lower range, while still allowing for the possibility of unexpected events leading to a higher number of publications.
[2025-05-20 20:01:37] INFO: === Run Summary ===
[2025-05-20 20:01:37] INFO: Total questions: 1
[2025-05-20 20:01:37] INFO: Successful research: 1
[2025-05-20 20:01:37] INFO: Failed research: 0
[2025-05-20 20:01:37] INFO: Success rate: 100.00%
