[2025-05-22 14:01:13] INFO: === Starting new forecast run (Run #1921) ===
[2025-05-22 14:01:13] INFO: Environment: GitHub Actions
[2025-05-22 14:01:13] INFO: Repository: agsheves/decis-metaculus-bot1
[2025-05-22 14:01:13] INFO: Workflow: Forecast on new AI tournament questions
[2025-05-22 14:01:13] INFO: Commit: 9ef4b17243fc5a7c289f0dcfda3aa2246775e48c
[2025-05-22 14:01:13] INFO: === Question 1 ===
[2025-05-22 14:01:13] INFO: URL: https://www.metaculus.com/questions/37829
[2025-05-22 14:01:13] INFO: Text: Which agency will Doge's Agency Efficiency Leaderboard have ranked the lowest in Most Total Savings on July 1, 2025?
[2025-05-22 14:01:23] INFO: Research: Perplexity succeeded for https://www.metaculus.com/questions/37829
[2025-05-22 14:01:30] INFO: === Forecast Result ===
[2025-05-22 14:01:30] INFO: URL: https://www.metaculus.com/questions/37829
[2025-05-22 14:01:30] INFO: Prediction: predicted_options=[PredictedOption(option_name='Department of Veterans Affairs', probability=0.01), PredictedOption(option_name='National Aeronautics and Space Administration', probability=0.01), PredictedOption(option_name='Department of Transportation', probability=0.05), PredictedOption(option_name='Someone else', probability=0.93)]
[2025-05-22 14:01:30] INFO: Reasoning: (a) The time left until the outcome to the question is known is approximately 1 month and 9 days, as today is May 22, 2025, and the outcome will be known on July 1, 2025.

(b) The status quo outcome if nothing changed would be "Someone else," specifically the Department of State, as it currently holds the lowest position on the leaderboard for "Most Total Savings."

(c) A scenario that results in an unexpected outcome could involve a sudden and significant policy change or budgetary adjustment within one of the specified agencies, such as the Department of Transportation, which could drastically reduce its savings and cause it to fall to the bottom of the leaderboard. Another possibility is a major error or revision in the data or methodology used by DOGE, leading to a reshuffling of the rankings.

Rationale:
1. **Status Quo Bias**: The Department of State is currently ranked lowest, and given the short time frame until July 1, 2025, it is reasonable to assume that significant changes in the rankings are unlikely. Government processes and budgetary changes typically take time to implement and reflect in such rankings.

2. **Unexpected Outcomes**: While the status quo is a strong indicator, there is always the possibility of unexpected events or changes. For instance, an agency could suddenly uncover significant inefficiencies and implement rapid cost-cutting measures, or DOGE could adjust its ranking criteria, affecting the leaderboard.

3. **Probabilities**: Given the current information, the probability that "Someone else" (specifically the Department of State) remains at the bottom is high. However, I will allocate some probability to other options to account for the possibility of unforeseen changes.

Final Probabilities:
- Department of Veterans Affairs: 1%
- National Aeronautics and Space Administration: 1%
- Department of Transportation: 5%
- Someone else: 93%
[2025-05-22 14:01:30] INFO: === Forecast Result ===
[2025-05-22 14:01:30] INFO: URL: https://www.metaculus.com/questions/37829
[2025-05-22 14:01:30] INFO: Prediction: predicted_options=[PredictedOption(option_name='Department of Veterans Affairs', probability=0.05), PredictedOption(option_name='National Aeronautics and Space Administration', probability=0.05), PredictedOption(option_name='Department of Transportation', probability=0.1), PredictedOption(option_name='Someone else', probability=0.8)]
[2025-05-22 14:01:30] INFO: Reasoning: (a) The time left until the outcome to the question is known is approximately 1 month and 9 days, as today is May 22, 2025, and the outcome will be known on July 1, 2025.

(b) The status quo outcome, if nothing changed, would be that the Department of State remains ranked the lowest in "Most Total Savings" on the Agency Efficiency Leaderboard. However, since the Department of State is not one of the options provided, the question would resolve as "Someone else."

(c) A scenario that results in an unexpected outcome could involve a significant policy change or a major cost-cutting initiative by the Department of State or another agency currently near the bottom of the leaderboard. For example, if the Department of Transportation (DOT) were to implement a large-scale cost-saving measure or cancel a major contract, it could potentially fall to the bottom of the leaderboard. Alternatively, if the Department of Veterans Affairs or NASA were to face unforeseen budgetary constraints or inefficiencies, they could also drop to the bottom.

Given the current rankings and the short time frame remaining, it is reasonable to assign a higher probability to the status quo outcome. However, it is also important to consider the possibility of changes in agency rankings due to unforeseen events or policy shifts.

Final probabilities:
- Department of Veterans Affairs: 5%
- National Aeronautics and Space Administration: 5%
- Department of Transportation: 10%
- Someone else: 80%
[2025-05-22 14:01:31] INFO: === Forecast Result ===
[2025-05-22 14:01:31] INFO: URL: https://www.metaculus.com/questions/37829
[2025-05-22 14:01:31] INFO: Prediction: predicted_options=[PredictedOption(option_name='Department of Veterans Affairs', probability=0.05), PredictedOption(option_name='National Aeronautics and Space Administration', probability=0.05), PredictedOption(option_name='Department of Transportation', probability=0.15), PredictedOption(option_name='Someone else', probability=0.75)]
[2025-05-22 14:01:31] INFO: Reasoning: (a) The time left until the outcome to the question is known is approximately 40 days, as today is May 22, 2025, and the outcome will be known on July 1, 2025.

(b) The status quo outcome if nothing changed would be that the Department of State remains ranked the lowest in terms of "Most Total Savings" on the Agency Efficiency Leaderboard. This would result in the resolution of the question as "Someone else" since the Department of State is not one of the listed options.

(c) A scenario that results in an unexpected outcome could involve a significant policy change or an unexpected event that leads to a dramatic increase in savings for the Department of State, moving it up the leaderboard. Simultaneously, another agency, such as the Department of Transportation, could face unforeseen challenges or delays in implementing cost-cutting measures, causing it to fall to the bottom of the rankings. This could be due to budget overruns, unexpected expenditures, or a change in leadership that prioritizes other initiatives over cost savings.

Given the current information and the tendency for slow changes in government rankings, the status quo is likely to persist. However, there is always some uncertainty, and unexpected developments could alter the rankings.

Final probabilities:
- Department of Veterans Affairs: 5%
- National Aeronautics and Space Administration: 5%
- Department of Transportation: 15%
- Someone else: 75%
[2025-05-22 14:01:32] INFO: === Forecast Result ===
[2025-05-22 14:01:32] INFO: URL: https://www.metaculus.com/questions/37829
[2025-05-22 14:01:32] INFO: Prediction: predicted_options=[PredictedOption(option_name='Department of Veterans Affairs', probability=0.05), PredictedOption(option_name='National Aeronautics and Space Administration', probability=0.05), PredictedOption(option_name='Department of Transportation', probability=0.2), PredictedOption(option_name='Someone else', probability=0.7)]
[2025-05-22 14:01:32] INFO: Reasoning: (a) The time left until the outcome to the question is known is approximately 40 days, as today is May 22, 2025, and the outcome will be determined on July 1, 2025.

(b) The status quo outcome, if nothing changed, would be that the Department of State remains ranked the lowest on the Agency Efficiency Leaderboard for "Most Total Savings." This would mean the answer would resolve as "Someone else," since the Department of State is not one of the listed options.

(c) A scenario that results in an unexpected outcome could involve a significant policy change or budgetary adjustment within the Department of State or another agency currently ranked low. For instance, if the Department of State were to implement a major cost-cutting initiative or cancel a large contract, it could improve its ranking. Simultaneously, if the Department of Transportation or another listed agency were to face unexpected financial challenges or fail to implement planned savings measures, it could drop to the lowest position.

Rationale:
1. The status quo heavily favors the Department of State remaining in the lowest position, as it is currently ranked lowest and there is limited time for significant changes to occur.
2. The Department of Transportation is currently ranked third from the bottom, so it is plausible, though less likely, that it could drop to the lowest position if it fails to achieve expected savings.
3. The Department of Veterans Affairs and NASA are not mentioned in the current bottom five, making it unlikely for them to suddenly fall to the lowest position without significant unforeseen events.
4. Given the short time frame and typical inertia in government operations, the status quo is a strong indicator, but some probability must be allocated to unexpected changes.

Final probabilities:
- Department of Veterans Affairs: 5%
- National Aeronautics and Space Administration: 5%
- Department of Transportation: 20%
- Someone else: 70%
[2025-05-22 14:01:33] INFO: === Forecast Result ===
[2025-05-22 14:01:33] INFO: URL: https://www.metaculus.com/questions/37829
[2025-05-22 14:01:33] INFO: Prediction: predicted_options=[PredictedOption(option_name='Department of Veterans Affairs', probability=0.05), PredictedOption(option_name='National Aeronautics and Space Administration', probability=0.05), PredictedOption(option_name='Department of Transportation', probability=0.1), PredictedOption(option_name='Someone else', probability=0.8)]
[2025-05-22 14:01:33] INFO: Reasoning: (a) The time left until the outcome to the question is known is approximately 40 days, as today is May 22, 2025, and the outcome will be known on July 1, 2025.

(b) The status quo outcome if nothing changed would be that the Department of State remains ranked the lowest in Most Total Savings on the Agency Efficiency Leaderboard.

(c) A scenario that results in an unexpected outcome could involve a significant policy change or budgetary adjustment within the Department of State that leads to a sudden increase in cost-cutting measures and savings. Alternatively, another agency, such as the Department of Veterans Affairs or the National Aeronautics and Space Administration, could experience unforeseen challenges or inefficiencies that cause them to drop to the bottom of the leaderboard. Changes in DOGE's methodology or calculations could also impact the rankings.

Rationale:
1. The status quo heavily favors the Department of State remaining at the bottom of the leaderboard, as they are currently ranked the lowest and there is limited time for significant changes to occur.
2. The Department of Transportation is currently ranked third from the bottom, which suggests some possibility of them dropping further, but they would need to fall below both the National Institutes of Health and the Department of State.
3. The options 'Department of Veterans Affairs' and 'National Aeronautics and Space Administration' are not currently in the bottom five, making it less likely for them to be ranked the lowest without significant changes.
4. The "Someone else" option is plausible given the presence of other agencies like the National Institutes of Health and the Department of Energy in the bottom five, but the Department of State's current position makes it the most likely candidate.

Final probabilities:
Department of Veterans Affairs: 5%
National Aeronautics and Space Administration: 5%
Department of Transportation: 10%
Someone else: 80%
[2025-05-22 14:01:33] INFO: === Run Summary ===
[2025-05-22 14:01:33] INFO: Total questions: 1
[2025-05-22 14:01:33] INFO: Successful research: 1
[2025-05-22 14:01:33] INFO: Failed research: 0
[2025-05-22 14:01:33] INFO: Success rate: 100.00%
