[2025-05-22 06:01:30] INFO: === Starting new forecast run (Run #1905) ===
[2025-05-22 06:01:30] INFO: Environment: GitHub Actions
[2025-05-22 06:01:30] INFO: Repository: agsheves/decis-metaculus-bot1
[2025-05-22 06:01:30] INFO: Workflow: Forecast on new AI tournament questions
[2025-05-22 06:01:30] INFO: Commit: 6f89947997c0f72a44b1bda4c7b46babf62c206d
[2025-05-22 06:01:30] INFO: === Question 1 ===
[2025-05-22 06:01:30] INFO: URL: https://www.metaculus.com/questions/37825
[2025-05-22 06:01:30] INFO: Text: How much in Savings Per Taxpayer will the DOGE Live Tracker report on July 1, 2025?
[2025-05-22 06:01:39] INFO: Research: Perplexity succeeded for https://www.metaculus.com/questions/37825
[2025-05-22 06:01:43] INFO: === Forecast Result ===
[2025-05-22 06:01:43] INFO: URL: https://www.metaculus.com/questions/37825
[2025-05-22 06:01:43] INFO: Prediction: [Percentile(value=50.0, percentile=0.1), Percentile(value=100.0, percentile=0.2), Percentile(value=200.0, percentile=0.4), Percentile(value=300.0, percentile=0.6), Percentile(value=400.0, percentile=0.8), Percentile(value=500.0, percentile=0.9)]
[2025-05-22 06:01:43] INFO: Reasoning: (a) The time left until the outcome to the question is known is approximately 1 month and 9 days, as today is May 22, 2025, and the outcome will be known on July 1, 2025.

(b) The outcome if nothing changed would be the current savings per taxpayer reported by the DOGE Live Tracker. However, since we do not have access to this current figure, we cannot specify an exact number.

(c) The outcome if the current trend continued would depend on the trend of savings per taxpayer as reported by the DOGE Live Tracker. Without specific historical data or trends, it is difficult to predict this outcome accurately.

(d) The expectations of experts and markets are not clearly defined in the provided information. However, given the recent news of Elon Musk drastically lowering DOGE's savings goal, it is possible that expectations might be adjusted downward.

(e) A brief description of an unexpected scenario that results in a low outcome: A major economic downturn or government financial crisis could lead to reduced savings per taxpayer, as government spending might increase to stimulate the economy or address urgent needs.

(f) A brief description of an unexpected scenario that results in a high outcome: A significant reduction in government waste or successful implementation of efficiency measures could lead to higher savings per taxpayer, exceeding current expectations.

Considering the lack of specific data and the potential for unexpected scenarios, I will provide a wide range for the savings per taxpayer:

"
Percentile 10: 50
Percentile 20: 100
Percentile 40: 200
Percentile 60: 300
Percentile 80: 400
Percentile 90: 500
"
[2025-05-22 06:01:44] INFO: === Forecast Result ===
[2025-05-22 06:01:44] INFO: URL: https://www.metaculus.com/questions/37825
[2025-05-22 06:01:44] INFO: Prediction: [Percentile(value=50.0, percentile=0.1), Percentile(value=100.0, percentile=0.2), Percentile(value=200.0, percentile=0.4), Percentile(value=300.0, percentile=0.6), Percentile(value=400.0, percentile=0.8), Percentile(value=500.0, percentile=0.9)]
[2025-05-22 06:01:44] INFO: Reasoning: (a) The time left until the outcome to the question is known is approximately 1 month and 9 days, as today is May 22, 2025, and the question resolves on July 1, 2025.

(b) The outcome if nothing changed would likely be the current savings per taxpayer figure reported by the DOGE Live Tracker, assuming it is accessible and has a stable value. However, without specific data on the current savings per taxpayer, this is speculative.

(c) The outcome if the current trend continued would depend on the trend of government efficiency and savings initiatives. If the trend is positive and savings are increasing, the savings per taxpayer might be higher than current levels. Conversely, if the trend is negative, the savings could be lower.

(d) The expectations of experts and markets are not clearly defined in the provided information. However, given the NY Times article mentioning a drastic lowering of DOGE’s savings goal, it might indicate that expectations are for lower savings per taxpayer than previously anticipated.

(e) A brief description of an unexpected scenario that results in a low outcome could be a significant government decision to increase spending or a major economic downturn that reduces government efficiency and savings.

(f) A brief description of an unexpected scenario that results in a high outcome could be a breakthrough in government efficiency measures, leading to substantial cost savings and a higher savings per taxpayer figure.

Considering the lack of specific data and the potential for unexpected developments, I will provide a wide range for the savings per taxpayer:

"
Percentile 10: 50
Percentile 20: 100
Percentile 40: 200
Percentile 60: 300
Percentile 80: 400
Percentile 90: 500
"
[2025-05-22 06:01:44] INFO: === Forecast Result ===
[2025-05-22 06:01:44] INFO: URL: https://www.metaculus.com/questions/37825
[2025-05-22 06:01:44] INFO: Prediction: [Percentile(value=50.0, percentile=0.1), Percentile(value=100.0, percentile=0.2), Percentile(value=200.0, percentile=0.4), Percentile(value=300.0, percentile=0.6), Percentile(value=400.0, percentile=0.8), Percentile(value=500.0, percentile=0.9)]
[2025-05-22 06:01:44] INFO: Reasoning: (a) The time left until the outcome to the question is known is approximately 1 month and 9 days, given that today is May 22, 2025, and the question resolves on July 1, 2025.

(b) The outcome if nothing changed would likely be the last reported savings per taxpayer figure on the DOGE Live Tracker. However, without access to the current figure, this is indeterminate.

(c) The outcome if the current trend continued would depend on the historical trend of savings per taxpayer reported by the DOGE Live Tracker. If the trend has been increasing, we might expect a higher figure; if decreasing, a lower figure.

(d) The expectations of experts and markets are not explicitly available from the provided information. However, given the NY Times article mentioning a drastic lowering of DOGE's savings goal, experts might expect a lower savings per taxpayer figure than previously anticipated.

(e) A brief description of an unexpected scenario that results in a low outcome: If there were a significant increase in government spending or a major economic downturn, the savings per taxpayer could decrease sharply, resulting in a lower outcome.

(f) A brief description of an unexpected scenario that results in a high outcome: If there were substantial cuts in government waste or a major efficiency initiative that significantly reduced spending, the savings per taxpayer could increase sharply, resulting in a higher outcome.

Given the lack of specific data, I will provide a wide range for the percentiles to account for uncertainty:

"
Percentile 10: 50
Percentile 20: 100
Percentile 40: 200
Percentile 60: 300
Percentile 80: 400
Percentile 90: 500
"
[2025-05-22 06:01:44] INFO: === Forecast Result ===
[2025-05-22 06:01:44] INFO: URL: https://www.metaculus.com/questions/37825
[2025-05-22 06:01:44] INFO: Prediction: [Percentile(value=100.0, percentile=0.1), Percentile(value=200.0, percentile=0.2), Percentile(value=400.0, percentile=0.4), Percentile(value=600.0, percentile=0.6), Percentile(value=800.0, percentile=0.8), Percentile(value=1000.0, percentile=0.9)]
[2025-05-22 06:01:44] INFO: Reasoning: (a) The time left until the outcome to the question is known is approximately 1 year and 1 month, as today is May 22, 2025, and the outcome will be known on July 1, 2025.

(b) The outcome if nothing changed would likely be similar to the current reported savings per taxpayer, assuming the DOGE Live Tracker is already operational and reporting savings. However, without specific data on current savings, this is speculative.

(c) The outcome if the current trend continued would depend on the trend in government efficiency and spending cuts. If the trend is towards increased savings due to reduced government waste and contract cancellations, the savings per taxpayer could increase. Conversely, if there are inefficiencies or increased spending, savings per taxpayer could decrease.

(d) The expectations of experts and markets are not clearly defined in the available information. However, given that there is a mention of Elon Musk lowering DOGE's savings goal, it might suggest a tempered expectation for savings growth.

(e) A brief description of an unexpected scenario that results in a low outcome: A significant economic downturn or unexpected government expenditure (e.g., disaster relief, military engagement) could drastically reduce savings per taxpayer.

(f) A brief description of an unexpected scenario that results in a high outcome: A major policy shift leading to substantial cuts in government spending or a significant increase in efficiency could result in a much higher savings per taxpayer than currently anticipated.

Given the lack of specific data and the potential for various influencing factors, I will set a wide range for the savings per taxpayer:

"
Percentile 10: 100
Percentile 20: 200
Percentile 40: 400
Percentile 60: 600
Percentile 80: 800
Percentile 90: 1,000
"
[2025-05-22 06:01:44] INFO: === Forecast Result ===
[2025-05-22 06:01:44] INFO: URL: https://www.metaculus.com/questions/37825
[2025-05-22 06:01:44] INFO: Prediction: [Percentile(value=50.0, percentile=0.1), Percentile(value=100.0, percentile=0.2), Percentile(value=200.0, percentile=0.4), Percentile(value=300.0, percentile=0.6), Percentile(value=400.0, percentile=0.8), Percentile(value=500.0, percentile=0.9)]
[2025-05-22 06:01:44] INFO: Reasoning: (a) The time left until the outcome to the question is known is approximately 1 month and 9 days, or 39 days, from today, May 22, 2025, to July 1, 2025.

(b) The outcome if nothing changed would likely be based on the most recent available data from the DOGE Live Tracker. However, since we do not have access to this data, we cannot specify a precise figure. The outcome would remain static at the last reported savings per taxpayer figure.

(c) The outcome if the current trend continued would depend on the trend of government savings as reported by the DOGE Live Tracker. If the trend has been increasing, we might expect a modest increase in savings per taxpayer. Conversely, if the trend has been decreasing, we might expect a decrease. Without specific trend data, we cannot quantify this.

(d) The expectations of experts and markets are not clearly defined due to the lack of specific information about the DOGE Live Tracker's savings goals and projections. However, the NY Times article suggests that Elon Musk has drastically lowered the savings goal, which might indicate a lower-than-expected savings per taxpayer figure.

(e) A brief description of an unexpected scenario that results in a low outcome: A significant economic downturn or unexpected government spending surge occurs, drastically reducing the savings per taxpayer reported by the DOGE Live Tracker.

(f) A brief description of an unexpected scenario that results in a high outcome: A major government efficiency initiative or unexpected windfall (e.g., successful cost-saving measures or revenue increases) leads to a substantial increase in savings per taxpayer.

Given the lack of specific data and the potential for unexpected scenarios, I will provide a wide range for my forecast:

"
Percentile 10: 50
Percentile 20: 100
Percentile 40: 200
Percentile 60: 300
Percentile 80: 400
Percentile 90: 500
"
[2025-05-22 06:01:45] INFO: === Run Summary ===
[2025-05-22 06:01:45] INFO: Total questions: 1
[2025-05-22 06:01:45] INFO: Successful research: 1
[2025-05-22 06:01:45] INFO: Failed research: 0
[2025-05-22 06:01:45] INFO: Success rate: 100.00%
