[2025-05-28 22:01:11] INFO: === Starting new forecast run (Run #2218) ===
[2025-05-28 22:01:11] INFO: Environment: GitHub Actions
[2025-05-28 22:01:11] INFO: Repository: agsheves/decis-metaculus-bot1
[2025-05-28 22:01:11] INFO: Workflow: Forecast on new AI tournament questions
[2025-05-28 22:01:11] INFO: Commit: 4ed1742ff4d389cde7f23bb7275cb380b8baf6de
[2025-05-28 22:01:11] INFO: === Question 1 ===
[2025-05-28 22:01:11] INFO: URL: https://www.metaculus.com/questions/38083
[2025-05-28 22:01:11] INFO: Text: How many people will be in space on June 27, 2025, according to whoisinspace.com?
[2025-05-28 22:01:18] INFO: Research: Perplexity succeeded for https://www.metaculus.com/questions/38083
[2025-05-28 22:01:24] INFO: === Forecast Result ===
[2025-05-28 22:01:24] INFO: URL: https://www.metaculus.com/questions/38083
[2025-05-28 22:01:24] INFO: Prediction: predicted_options=[PredictedOption(option_name='Less than Ten', probability=0.02857142857142857), PredictedOption(option_name='Ten', probability=0.4857142857142857), PredictedOption(option_name='Greater than Ten', probability=0.4857142857142857)]
[2025-05-28 22:01:24] INFO: Reasoning: (a) The time left until the outcome to the question is known is 30 days, as today is May 28, 2025, and the question resolves on June 27, 2025.

(b) The status quo outcome if nothing changed is that there would be 13 people in space, which falls under the "Greater than Ten" category.

(c) A scenario that results in an unexpected outcome could involve an unplanned event such as an emergency evacuation from one of the space stations due to technical issues or a health emergency, which could reduce the number of people in space to "Ten" or even "Less than Ten." Alternatively, a surprise crewed mission launch or an early return of a crew could alter the number of people in space.

Given the current information, the status quo outcome of "Greater than Ten" is the most likely, as there are no reports of imminent changes to the crew composition. However, unexpected events in space missions, while rare, are not impossible. Therefore, it is prudent to assign some probability to the other options to account for unforeseen circumstances.

Final probabilities:
- Less than Ten: 5%
- Ten: 10%
- Greater than Ten: 85%
[2025-05-28 22:01:26] INFO: === Forecast Result ===
[2025-05-28 22:01:26] INFO: URL: https://www.metaculus.com/questions/38083
[2025-05-28 22:01:26] INFO: Prediction: predicted_options=[PredictedOption(option_name='Less than Ten', probability=0.02857142857142857), PredictedOption(option_name='Ten', probability=0.4857142857142857), PredictedOption(option_name='Greater than Ten', probability=0.4857142857142857)]
[2025-05-28 22:01:26] INFO: Reasoning: (a) The time left until the outcome to the question is known is approximately 30 days, as today is May 28, 2025, and the question resolves on June 27, 2025.

(b) The status quo outcome, if nothing changes, is that there will be 13 humans in space on June 27, 2025. This is based on the current data from whoisinspace.com, which reports 13 people in space as of May 28, 2025, with no reported imminent crew departures or arrivals.

(c) A scenario that results in an unexpected outcome could involve an unforeseen event such as an emergency evacuation of a space station, which might reduce the number of people in space to less than ten. Alternatively, a surprise crewed mission launch could increase the number of people in space beyond the current 13. Such events are typically rare and would likely be announced in advance, but they remain possibilities.

Rationale:
Given the current information, the most likely outcome is that the number of people in space will remain greater than ten, as there are no scheduled changes to the current crew compositions. The world tends to change slowly, and space missions are typically planned well in advance, with changes being publicly announced. However, to account for the possibility of unexpected events, I will assign a small probability to the other outcomes.

Final probabilities:
Less than Ten: 5%
Ten: 10%
Greater than Ten: 85%
[2025-05-28 22:01:26] INFO: === Forecast Result ===
[2025-05-28 22:01:26] INFO: URL: https://www.metaculus.com/questions/38083
[2025-05-28 22:01:26] INFO: Prediction: predicted_options=[PredictedOption(option_name='Less than Ten', probability=0.02857142857142857), PredictedOption(option_name='Ten', probability=0.4857142857142857), PredictedOption(option_name='Greater than Ten', probability=0.4857142857142857)]
[2025-05-28 22:01:26] INFO: Reasoning: (a) The time left until the outcome to the question is known is approximately one month, specifically 30 days from May 28, 2025, to June 27, 2025.

(b) The status quo outcome if nothing changed would be 'Greater than Ten', as there are currently 13 humans in space according to the latest data from whoisinspace.com.

(c) A scenario that results in an unexpected outcome could involve an unforeseen event such as an emergency evacuation from one of the space stations, a delay or cancellation of a planned crewed mission, or an unexpected early return of a crew. For instance, if a technical issue or health emergency required the immediate return of a crew from either the ISS or the Tiangong Space Station, the number of people in space could drop below 10. Alternatively, if a new crewed mission were to be announced and launched unexpectedly within the next month, it could increase the number of people in space beyond the current 13.

Given the current information and the lack of any scheduled changes, the most likely outcome is that the number of people in space will remain greater than ten. However, acknowledging the possibility of unexpected events, I will assign a small probability to the other options.

Final probabilities:
- Less than Ten: 5%
- Ten: 10%
- Greater than Ten: 85%
[2025-05-28 22:01:28] INFO: === Forecast Result ===
[2025-05-28 22:01:28] INFO: URL: https://www.metaculus.com/questions/38083
[2025-05-28 22:01:28] INFO: Prediction: predicted_options=[PredictedOption(option_name='Less than Ten', probability=0.02857142857142857), PredictedOption(option_name='Ten', probability=0.4857142857142857), PredictedOption(option_name='Greater than Ten', probability=0.4857142857142857)]
[2025-05-28 22:01:28] INFO: Reasoning: (a) The time left until the outcome to the question is known is approximately 30 days, as today is May 28, 2025, and the question resolves on June 27, 2025.

(b) The status quo outcome, if nothing changes, is that there will be 13 people in space on June 27, 2025. This is based on the current report from whoisinspace.com, which lists 13 individuals currently in space with no scheduled departures or arrivals before that date.

(c) A scenario that results in an unexpected outcome could involve an unplanned event such as an emergency evacuation of a space station, which could reduce the number of people in space to less than ten. Alternatively, a surprise or unannounced crewed mission could increase the number of people in space beyond the current 13. However, given the typical lead time and public announcement associated with space missions, such scenarios are less likely.

Rationale:
1. The status quo outcome is given significant weight because the current data indicates 13 people are in space, and there are no known plans for changes before June 27, 2025. Space missions are typically planned and announced well in advance, so sudden changes are rare.
2. However, unexpected outcomes are possible, such as emergency situations or unannounced missions. While these are less likely, they cannot be entirely ruled out.
3. Given the current information, the most probable outcome is that the number of people in space will remain greater than ten.

Final probabilities:
Less than Ten: 5%
Ten: 10%
Greater than Ten: 85%
[2025-05-28 22:01:28] INFO: === Forecast Result ===
[2025-05-28 22:01:28] INFO: URL: https://www.metaculus.com/questions/38083
[2025-05-28 22:01:28] INFO: Prediction: predicted_options=[PredictedOption(option_name='Less than Ten', probability=0.02857142857142857), PredictedOption(option_name='Ten', probability=0.4857142857142857), PredictedOption(option_name='Greater than Ten', probability=0.4857142857142857)]
[2025-05-28 22:01:28] INFO: Reasoning: (a) The time left until the outcome to the question is known is approximately 30 days, as today is May 28, 2025, and the question resolves on June 27, 2025.

(b) The status quo outcome, if nothing changed, would be "Greater than Ten," as there are currently 13 humans in space according to the latest data from whoisinspace.com.

(c) A scenario that results in an unexpected outcome could involve an unplanned or emergency crew departure from either the ISS or the Tiangong Space Station, which could reduce the number of people in space. Alternatively, a sudden and unanticipated crewed launch could increase the number of people in space. However, given the current information, there are no reports of such events occurring before June 27, 2025.

Rationale:
1. **Status Quo Bias**: The current number of people in space is 13, and there are no planned changes reported. Therefore, the status quo outcome is "Greater than Ten." This is the most likely scenario, as space missions and crew rotations are typically planned well in advance, and no new information suggests changes.

2. **Unexpected Outcomes**: While the probability of unexpected changes is low, space missions can be subject to delays, emergencies, or unplanned events. These could either decrease the number of people in space (e.g., emergency evacuation) or increase it (e.g., an unplanned launch). However, such events are rare and typically have some lead time for public announcements.

3. **Probability Assignment**: Given the information, the probability of the status quo outcome ("Greater than Ten") is high. However, to account for the possibility of unexpected events, I will assign a small probability to the other outcomes.

Final Probabilities:
Less than Ten: 5%
Ten: 10%
Greater than Ten: 85%
[2025-05-28 22:01:29] INFO: === Run Summary ===
[2025-05-28 22:01:29] INFO: Total questions: 1
[2025-05-28 22:01:29] INFO: Successful research: 1
[2025-05-28 22:01:29] INFO: Failed research: 0
[2025-05-28 22:01:29] INFO: Success rate: 100.00%
