[2025-05-22 00:02:50] INFO: === Starting new forecast run (Run #1894) ===
[2025-05-22 00:02:50] INFO: Environment: GitHub Actions
[2025-05-22 00:02:50] INFO: Repository: agsheves/decis-metaculus-bot1
[2025-05-22 00:02:50] INFO: Workflow: Forecast on new AI tournament questions
[2025-05-22 00:02:50] INFO: Commit: 9ece16efe9ce1c0f0e439374eb33c2f854c38f3c
[2025-05-22 00:02:50] INFO: === Question 1 ===
[2025-05-22 00:02:50] INFO: URL: https://www.metaculus.com/questions/37822
[2025-05-22 00:02:50] INFO: Text: Will Beto O'Rourke announce his candidacy for US Senator from Texas before July 1, 2025?
[2025-05-22 00:03:04] INFO: Research: Perplexity succeeded for https://www.metaculus.com/questions/37822
[2025-05-22 00:03:09] INFO: === Forecast Result ===
[2025-05-22 00:03:09] INFO: URL: https://www.metaculus.com/questions/37822
[2025-05-22 00:03:09] INFO: Prediction: 0.3
[2025-05-22 00:03:09] INFO: Reasoning: (a) The time left until the outcome to the question is known is approximately 1 month and 8 days, as the deadline is July 1, 2025.

(b) The status quo outcome if nothing changed would be "No," since Beto O'Rourke has not announced his candidacy as of May 22, 2025.

(c) A scenario that results in a No outcome could involve Beto O'Rourke continuing to engage with voters and focus on voter mobilization without making a formal announcement before the deadline. He might decide that running is not the "highest and best use" of his efforts or that the political landscape is not favorable for a successful campaign.

(d) A scenario that results in a Yes outcome could involve O'Rourke receiving strong encouragement from key Democratic figures or a surge in grassroots support, prompting him to announce his candidacy before July 1, 2025. Additionally, if no other prominent Democrats enter the race, he might feel compelled to step forward as the leading candidate.

Considering the current information and the tendency for the status quo to persist, the probability that Beto O'Rourke will announce his candidacy before July 1, 2025, seems relatively low. However, given his active engagement and open-ended statements, there remains a non-negligible chance that he could decide to run.

Probability: 30%
[2025-05-22 00:03:09] INFO: === Forecast Result ===
[2025-05-22 00:03:09] INFO: URL: https://www.metaculus.com/questions/37822
[2025-05-22 00:03:09] INFO: Prediction: 0.3
[2025-05-22 00:03:09] INFO: Reasoning: (a) The time left until the outcome to the question is known is approximately 1 month and 8 days, as the deadline is July 1, 2025.

(b) The status quo outcome if nothing changed is No, as Beto O'Rourke has not yet announced his candidacy for U.S. Senator from Texas.

(c) A scenario that results in a No outcome could involve Beto O'Rourke deciding to focus on other political or civic activities, such as continuing his voter mobilization efforts through Powered by People, rather than running for Senate. Additionally, he might choose to support another candidate or wait for a more opportune time to run for office.

(d) A scenario that results in a Yes outcome could involve O'Rourke receiving strong encouragement from key Democratic figures and grassroots supporters, convincing him that he has a viable path to victory and that his candidacy would be the best way to serve Texas. This could lead to a formal announcement of his candidacy before the July 1, 2025 deadline.

Rationale: Given the current information, Beto O'Rourke is actively engaging with voters and considering a run, but he has not yet made a formal announcement. The status quo outcome is No, as he has not announced his candidacy, and the deadline is approaching. While there is potential for a Yes outcome, the world tends to change slowly, and without a clear indication of an imminent announcement, the probability remains tilted towards No.

Final Answer: "Probability: 30%"
[2025-05-22 00:03:10] INFO: === Forecast Result ===
[2025-05-22 00:03:10] INFO: URL: https://www.metaculus.com/questions/37822
[2025-05-22 00:03:10] INFO: Prediction: 0.3
[2025-05-22 00:03:10] INFO: Reasoning: (a) The time left until the outcome of the question is known is approximately 1 month and 8 days, as the deadline is July 1, 2025.

(b) The status quo outcome, if nothing changed, would be "No," since Beto O'Rourke has not yet announced his candidacy for U.S. Senator from Texas.

(c) A scenario that results in a No outcome: Beto O'Rourke continues his public engagements and advocacy work but ultimately decides not to run for the U.S. Senate. He may choose to focus on other political or civic activities, or he may decide that running is not the best use of his efforts at this time. As a result, he does not make any formal announcement before the July 1, 2025 deadline.

(d) A scenario that results in a Yes outcome: In the coming weeks, Beto O'Rourke gauges sufficient support and encouragement from the public and key stakeholders. He determines that running for the U.S. Senate is the best way to serve Texas and formally announces his candidacy before the July 1, 2025 deadline.

Rationale: Given the information available, Beto O'Rourke is actively engaging with the public and has not ruled out a Senate run. However, he has not yet made a formal announcement, and the deadline is approaching quickly. The status quo, where he has not announced his candidacy, is a strong indicator, especially considering the limited time remaining. While there is a possibility he could announce soon, the likelihood of maintaining the status quo is higher.

Final answer: "Probability: 30%"
[2025-05-22 00:03:10] INFO: === Forecast Result ===
[2025-05-22 00:03:10] INFO: URL: https://www.metaculus.com/questions/37822
[2025-05-22 00:03:10] INFO: Prediction: 0.3
[2025-05-22 00:03:10] INFO: Reasoning: (a) The time left until the outcome to the question is known is approximately 1 month and 8 days, as the deadline is July 1, 2025.

(b) The status quo outcome if nothing changed is No, as Beto O'Rourke has not yet announced his candidacy for U.S. Senator from Texas.

(c) A scenario that results in a No outcome: Beto O'Rourke continues to engage in public events and advocacy through his organization, Powered by People, but ultimately decides not to run for the U.S. Senate. He may choose to focus on other political or civic activities, or he may determine that another candidate is better positioned to challenge the incumbent. As a result, he does not make an announcement before the July 1, 2025 deadline.

(d) A scenario that results in a Yes outcome: Within the next month, Beto O'Rourke gauges sufficient support and encouragement from Texas voters and Democratic leaders. He concludes that running for the U.S. Senate is the best way to serve the state and formally announces his candidacy before July 1, 2025. This could be prompted by strategic considerations, such as a lack of other strong Democratic contenders or a favorable political climate.

Given the current information and the tendency for the status quo to persist, the probability of Beto O'Rourke announcing his candidacy before the deadline appears to be relatively low. However, the possibility remains, especially considering his active engagement and openness to the idea.

Probability: 30%
[2025-05-22 00:03:11] INFO: === Forecast Result ===
[2025-05-22 00:03:11] INFO: URL: https://www.metaculus.com/questions/37822
[2025-05-22 00:03:11] INFO: Prediction: 0.3
[2025-05-22 00:03:11] INFO: Reasoning: (a) The time left until the outcome to the question is known is approximately 1 month and 8 days, as the deadline is July 1, 2025.

(b) The status quo outcome if nothing changed is No, as Beto O'Rourke has not yet announced his candidacy for U.S. Senator from Texas.

(c) A scenario that results in a No outcome is that Beto O'Rourke continues his current activities of engaging with voters and mobilizing support through his organization, but ultimately decides not to run for the Senate, or delays his decision past the July 1, 2025 deadline. This could be due to strategic reasons, personal considerations, or a lack of sufficient support or resources to mount a successful campaign.

(d) A scenario that results in a Yes outcome is that Beto O'Rourke, after assessing the political landscape and gauging sufficient support from voters and key stakeholders, decides to formally announce his candidacy for U.S. Senator from Texas before the July 1, 2025 deadline. This decision could be influenced by increased encouragement from his supporters, a clear path to the nomination, or a strategic opportunity to challenge the incumbent.

Rationale: Given the information available, Beto O'Rourke has not yet announced his candidacy, and while he is actively engaging with the public and considering a run, the status quo remains that he has not made a formal declaration. The world tends to change slowly, and without a clear indication of an imminent announcement, the probability leans towards the status quo outcome. However, the possibility of a last-minute decision to run cannot be entirely ruled out, given his active engagement and openness to the idea.

Final Answer: "Probability: 30%"
[2025-05-22 00:03:11] INFO: === Run Summary ===
[2025-05-22 00:03:11] INFO: Total questions: 1
[2025-05-22 00:03:11] INFO: Successful research: 1
[2025-05-22 00:03:11] INFO: Failed research: 0
[2025-05-22 00:03:11] INFO: Success rate: 100.00%
