[2025-05-20 08:01:27] INFO: === Starting new forecast run (Run #1815) ===
[2025-05-20 08:01:27] INFO: Environment: GitHub Actions
[2025-05-20 08:01:27] INFO: Repository: agsheves/decis-metaculus-bot1
[2025-05-20 08:01:27] INFO: Workflow: Forecast on new AI tournament questions
[2025-05-20 08:01:27] INFO: Commit: 1de4ce83d46a472414efd0c7bd288363ad33b9cc
[2025-05-20 08:01:28] INFO: === Question 1 ===
[2025-05-20 08:01:28] INFO: URL: https://www.metaculus.com/questions/37804
[2025-05-20 08:01:28] INFO: Text: Will the CDC still recommend 0.7 mg/L fluoride as the optimal level in community water supplies on July 1, 2025?
[2025-05-20 08:01:37] INFO: Research: Perplexity succeeded for https://www.metaculus.com/questions/37804
[2025-05-20 08:01:43] INFO: === Forecast Result ===
[2025-05-20 08:01:43] INFO: URL: https://www.metaculus.com/questions/37804
[2025-05-20 08:01:43] INFO: Prediction: 0.7
[2025-05-20 08:01:43] INFO: Reasoning: (a) The time left until the outcome to the question is known is approximately 1 month and 11 days, as today is May 20, 2025, and the resolution date is July 1, 2025.

(b) The status quo outcome if nothing changed would be "Yes," since the CDC currently recommends 0.7 mg/L as the optimal level for community water fluoridation.

(c) A scenario that results in a No outcome could involve the CDC completing its re-examination of the scientific evidence and deciding to lower the recommended fluoride concentration below 0.7 mg/L, or deciding to remove the recommendation altogether due to new findings about potential health risks.

(d) A scenario that results in a Yes outcome could involve the CDC conducting its review and concluding that the current recommendation of 0.7 mg/L remains the optimal level for balancing oral health benefits and potential harms, thus maintaining the status quo.

Rationale: Given the short time frame until the resolution date, it is challenging for the CDC to complete a thorough review and implement a change in recommendation. The status quo is often maintained unless there is compelling evidence to prompt a change. Additionally, the support from organizations like the ADA for the current recommendation may influence the CDC to uphold the 0.7 mg/L level. However, the directive from the US Health Secretary and the ongoing review process introduce some uncertainty.

Final Answer: "Probability: 70%"
[2025-05-20 08:01:43] INFO: === Forecast Result ===
[2025-05-20 08:01:43] INFO: URL: https://www.metaculus.com/questions/37804
[2025-05-20 08:01:43] INFO: Prediction: 0.7
[2025-05-20 08:01:43] INFO: Reasoning: (a) The time left until the outcome to the question is known is approximately 1 month and 11 days, as today is May 20, 2025, and the resolution date is July 1, 2025.

(b) The status quo outcome if nothing changed would be "Yes," since the CDC currently recommends 0.7 mg/L as the optimal fluoride concentration in community water supplies.

(c) A scenario that results in a No outcome could involve the CDC completing its re-examination of the scientific evidence and deciding to lower the recommended fluoride concentration below 0.7 mg/L due to new findings about potential health risks. Alternatively, the CDC might decide to remove the recommendation altogether if they determine that the benefits do not outweigh the risks.

(d) A scenario that results in a Yes outcome would involve the CDC maintaining its current recommendation of 0.7 mg/L after completing its review, either because they find the existing evidence still supports this level as optimal or because the review process is not completed by the resolution date, thus keeping the status quo.

Rationale: Given the short time frame until the resolution date and the fact that the CDC has not yet changed its recommendation, the status quo is a strong indicator. While there is pressure and a directive to review the recommendation, bureaucratic processes can be slow, and significant changes in public health recommendations often take time to implement. Additionally, the support from organizations like the ADA for the current recommendation may contribute to maintaining the status quo.

Final Answer: "Probability: 70%"
[2025-05-20 08:01:43] INFO: === Forecast Result ===
[2025-05-20 08:01:43] INFO: URL: https://www.metaculus.com/questions/37804
[2025-05-20 08:01:43] INFO: Prediction: 0.7
[2025-05-20 08:01:43] INFO: Reasoning: (a) The time left until the outcome to the question is known is approximately 1 month and 10 days, as the resolution date is July 1, 2025.

(b) The status quo outcome if nothing changed would be "Yes," since the CDC currently recommends 0.7 mg/L as the optimal fluoride concentration in community water supplies.

(c) A scenario that results in a "No" outcome could involve the CDC completing its re-examination of the scientific evidence and deciding to lower the recommended fluoride concentration to below 0.7 mg/L due to new findings on potential health risks. Alternatively, the CDC might decide to remove any specific recommendation altogether, possibly due to political pressure or a shift in public health priorities.

(d) A scenario that results in a "Yes" outcome would involve the CDC maintaining its current recommendation of 0.7 mg/L after completing its review. This could occur if the re-examination of the scientific evidence reaffirms the benefits of the current level, outweighing any identified risks, or if the review process is not completed by the resolution date, leaving the current recommendation unchanged.

Rationale: Given the short time frame until July 1, 2025, and the fact that the CDC has not yet changed its recommendation, the status quo outcome is more likely. While the directive from Secretary Kennedy and the CDC's commitment to re-examine the evidence introduce uncertainty, significant policy changes often take time to implement, especially when they involve scientific review and public health guidelines. Therefore, the likelihood of a change occurring within the next month is lower, and the status quo outcome should be given extra weight.

Final Answer: "Probability: 70%"
[2025-05-20 08:01:43] INFO: === Forecast Result ===
[2025-05-20 08:01:43] INFO: URL: https://www.metaculus.com/questions/37804
[2025-05-20 08:01:43] INFO: Prediction: 0.7
[2025-05-20 08:01:43] INFO: Reasoning: (a) The time left until the outcome to the question is known is approximately 1 month and 11 days, as the resolution date is July 1, 2025, and today is May 20, 2025.

(b) The status quo outcome if nothing changed would be "Yes," since the CDC currently recommends 0.7 mg/L as the optimal level for community water fluoridation.

(c) A scenario that results in a No outcome could involve the CDC completing its re-examination of the scientific evidence and deciding to lower the recommended fluoride concentration to below 0.7 mg/L. Alternatively, the CDC could decide to remove the recommendation entirely, possibly due to new evidence suggesting potential harms outweigh the benefits.

(d) A scenario that results in a Yes outcome would involve the CDC completing its review and deciding to maintain the current recommendation of 0.7 mg/L, either because the existing evidence continues to support this level as optimal or because the review process is not completed by the resolution date, thus maintaining the status quo.

Rationale:
- The status quo is a strong indicator in forecasting because changes in public health recommendations, especially those that have been in place for a long time, often require substantial evidence and consensus to alter.
- The directive from Secretary Kennedy and the CDC's acknowledgment of re-examining the evidence introduces uncertainty, but the timeline is tight, and significant changes in such recommendations typically take time to implement.
- Given the short time frame and the historical stability of the recommendation, the probability of a change occurring before July 1, 2025, is lower than the probability of maintaining the status quo.

Final Answer: "Probability: 70%"
[2025-05-20 08:01:44] INFO: === Forecast Result ===
[2025-05-20 08:01:44] INFO: URL: https://www.metaculus.com/questions/37804
[2025-05-20 08:01:44] INFO: Prediction: 0.7
[2025-05-20 08:01:44] INFO: Reasoning: (a) The time left until the outcome to the question is known is approximately 1 month and 10 days, as today is May 20, 2025, and the resolution date is July 1, 2025.

(b) The status quo outcome if nothing changed would be "Yes," as the CDC currently recommends 0.7 mg/L as the optimal fluoride concentration in community water supplies.

(c) A scenario that results in a "No" outcome could involve the CDC completing its re-examination of the scientific evidence and deciding to lower the recommended fluoride concentration below 0.7 mg/L, or to remove the recommendation entirely, before July 1, 2025. This could be influenced by new research findings or political pressure following the directive from Health Secretary Robert F. Kennedy Jr.

(d) A scenario that results in a "Yes" outcome would involve the CDC maintaining its current recommendation of 0.7 mg/L after completing its review, or not completing the review and making any changes before July 1, 2025. This could occur if the CDC finds that the existing evidence continues to support the current recommendation or if the review process takes longer than the time available before the deadline.

Rationale: Given the short time frame until July 1, 2025, and the fact that the CDC has not yet changed its recommendation as of May 20, 2025, the status quo outcome of "Yes" is more likely. Bureaucratic processes, such as reviewing scientific evidence and updating official recommendations, often take time. Additionally, the current recommendation has longstanding support from organizations like the ADA, which may influence the CDC's decision-making process. Therefore, while there is a possibility of change due to the directive from Secretary Kennedy, the likelihood of maintaining the status quo is higher.

Final answer: "Probability: 70%"
[2025-05-20 08:01:45] INFO: === Run Summary ===
[2025-05-20 08:01:45] INFO: Total questions: 1
[2025-05-20 08:01:45] INFO: Successful research: 1
[2025-05-20 08:01:45] INFO: Failed research: 0
[2025-05-20 08:01:45] INFO: Success rate: 100.00%
