[2025-05-27 16:01:23] INFO: === Starting new forecast run (Run #2159) ===
[2025-05-27 16:01:23] INFO: Environment: GitHub Actions
[2025-05-27 16:01:23] INFO: Repository: agsheves/decis-metaculus-bot1
[2025-05-27 16:01:23] INFO: Workflow: Forecast on new AI tournament questions
[2025-05-27 16:01:23] INFO: Commit: 19f827292cf58f3a6622fb7209ff368a9635070a
[2025-05-27 16:01:24] INFO: === Question 1 ===
[2025-05-27 16:01:24] INFO: URL: https://www.metaculus.com/questions/38069
[2025-05-27 16:01:24] INFO: Text: Will Jason Miyares win the Republican primary for attorney general of Virginia in the 2025 election?
[2025-05-27 16:01:27] INFO: Research: Perplexity succeeded for https://www.metaculus.com/questions/38069
[2025-05-27 16:01:31] INFO: === Forecast Result ===
[2025-05-27 16:01:31] INFO: URL: https://www.metaculus.com/questions/38069
[2025-05-27 16:01:31] INFO: Prediction: 0.95
[2025-05-27 16:01:31] INFO: Reasoning: (a) The time left until the outcome to the question is known is approximately 21 days, as the Republican primary election is scheduled for June 17, 2025.

(b) The status quo outcome if nothing changed is that Jason Miyares will win the Republican primary for Attorney General of Virginia, as he is currently the only candidate mentioned and is the incumbent.

(c) A scenario that results in a No outcome could involve a credible and well-supported challenger entering the race at the last minute, gaining significant support, and winning the primary against Miyares. Alternatively, unforeseen events such as a scandal or health issue could cause Miyares to withdraw or lose support.

(d) A scenario that results in a Yes outcome is the current situation where Jason Miyares remains the only candidate in the Republican primary, leading to his unopposed nomination and subsequent win.

Given the current information and the fact that Miyares is the incumbent with no reported challengers, the status quo strongly suggests a Yes outcome. The world tends to change slowly, and with only a few weeks left until the primary, the likelihood of a significant change is low.

Final Answer: "Probability: 95%"
[2025-05-27 16:01:34] INFO: === Forecast Result ===
[2025-05-27 16:01:34] INFO: URL: https://www.metaculus.com/questions/38069
[2025-05-27 16:01:34] INFO: Prediction: 0.95
[2025-05-27 16:01:34] INFO: Reasoning: (a) The time left until the outcome of the question is known is approximately 21 days, as the Republican primary election is scheduled for June 17, 2025.

(b) The status quo outcome, if nothing changes, is that Jason Miyares will win the Republican primary for attorney general of Virginia. He is currently the incumbent and the only candidate mentioned for the Republican primary, making him the likely nominee without any opposition.

(c) A scenario that results in a No outcome would involve a credible challenger entering the race against Jason Miyares before the primary election. This challenger would need to gain significant support and momentum quickly to defeat Miyares. Additionally, unforeseen events such as a scandal or major controversy involving Miyares could impact his chances negatively.

(d) A scenario that results in a Yes outcome is the continuation of the current situation where Jason Miyares remains the only candidate in the Republican primary. Without any opposition, he would automatically win the primary. Even if a challenger enters the race, Miyares could still win if he maintains strong support from the Republican base and leverages his incumbency effectively.

Given the current status and the fact that the primary is only a few weeks away, the likelihood of a significant change in the race dynamics is relatively low. The status quo heavily favors Miyares, and the world tends to change slowly, especially in political races where incumbents often have an advantage.

Probability: 95%
[2025-05-27 16:01:36] INFO: === Forecast Result ===
[2025-05-27 16:01:36] INFO: URL: https://www.metaculus.com/questions/38069
[2025-05-27 16:01:36] INFO: Prediction: 0.9
[2025-05-27 16:01:36] INFO: Reasoning: (a) **The time left until the outcome to the question is known:**  
The Republican primary for the Attorney General of Virginia is scheduled for June 17, 2025. Today is May 27, 2025, so there are 21 days left until the outcome is known.

(b) **The status quo outcome if nothing changed:**  
Currently, Jason Miyares is the incumbent and the only candidate mentioned for the Republican primary. If nothing changes, he will likely win the primary by default, as there are no other contenders.

(c) **A brief description of a scenario that results in a No outcome:**  
A scenario that could result in a No outcome would involve a credible Republican challenger entering the race within the next three weeks and gaining significant support. This could happen if a well-known Republican figure decides to run and quickly mobilizes resources and endorsements to challenge Miyares. Additionally, a significant scandal or controversy involving Miyares could erode his support and lead to his defeat in the primary.

(d) **A brief description of a scenario that results in a Yes outcome:**  
The most straightforward scenario for a Yes outcome is that no other candidates enter the race, and Jason Miyares remains the sole nominee for the Republican primary. Even if another candidate enters, Miyares could still win if he maintains strong support from the Republican base, leveraging his incumbency and any accomplishments during his tenure to secure victory.

**Rationale:**  
Given the current status, Jason Miyares is the only candidate mentioned for the Republican primary, making him the presumptive nominee. The status quo heavily favors him, as incumbents typically have advantages in name recognition, fundraising, and party support. The short time frame until the primary further reduces the likelihood of significant changes. Therefore, the probability of Miyares winning the primary is high, barring any unexpected developments.

**Final Answer:** Probability: 90%
[2025-05-27 16:01:36] INFO: === Forecast Result ===
[2025-05-27 16:01:36] INFO: URL: https://www.metaculus.com/questions/38069
[2025-05-27 16:01:36] INFO: Prediction: 0.9
[2025-05-27 16:01:36] INFO: Reasoning: (a) **The time left until the outcome to the question is known:**

The Republican primary election for the Attorney General of Virginia is scheduled for June 17, 2025. Today is May 27, 2025, so there are 21 days left until the outcome is known.

(b) **The status quo outcome if nothing changed:**

The status quo outcome is that Jason Miyares wins the Republican primary. He is currently the incumbent Attorney General and the only candidate mentioned for the Republican primary. If no other candidates enter the race and no significant events occur, he will likely be the nominee by default.

(c) **A brief description of a scenario that results in a No outcome:**

A scenario that could result in a No outcome would involve a credible challenger entering the Republican primary race against Jason Miyares. This challenger would need to gain significant support and momentum quickly, possibly due to a scandal or controversy involving Miyares, or by presenting a compelling alternative vision that resonates with the Republican base. Additionally, unforeseen events such as Miyares withdrawing from the race for personal or political reasons could also lead to a No outcome.

(d) **A brief description of a scenario that results in a Yes outcome:**

A Yes outcome would occur if the current situation remains unchanged, with Jason Miyares being the only candidate in the Republican primary. Given his incumbency and lack of opposition, he would automatically win the primary. Even if another candidate enters the race, Miyares could still win if he maintains strong support from the Republican base and effectively counters any challenges.

**Rationale:**

The status quo heavily favors Jason Miyares winning the Republican primary, as he is currently the only candidate and the incumbent Attorney General. The world tends to change slowly, and with only 21 days left until the primary, the likelihood of a significant shift in the race is low. While it is possible for a challenger to emerge or for unforeseen events to occur, these scenarios are less probable given the current circumstances.

**Final Answer:**

Probability: 90%
[2025-05-27 16:01:37] INFO: === Forecast Result ===
[2025-05-27 16:01:37] INFO: URL: https://www.metaculus.com/questions/38069
[2025-05-27 16:01:37] INFO: Prediction: 0.95
[2025-05-27 16:01:37] INFO: Reasoning: (a) **The time left until the outcome to the question is known:**  
The Republican primary for the Attorney General of Virginia is scheduled for June 17, 2025. Today is May 27, 2025, so there are 21 days left until the outcome is known.

(b) **The status quo outcome if nothing changed:**  
Currently, Jason Miyares is the incumbent Attorney General and the only candidate mentioned for the Republican primary. If no other candidates enter the race and no significant events occur, the status quo outcome is that Jason Miyares will win the Republican primary.

(c) **A brief description of a scenario that results in a No outcome:**  
A scenario that could result in a No outcome would involve a credible and strong challenger entering the race against Jason Miyares within the next few days. This challenger would need to rapidly gain significant support and momentum, possibly due to a major scandal or controversy involving Miyares, which could sway Republican voters to support the new candidate.

(d) **A brief description of a scenario that results in a Yes outcome:**  
The most straightforward scenario for a Yes outcome is that no other candidates enter the Republican primary race, or any new entrants fail to gain traction or support. Jason Miyares, as the incumbent and sole candidate, would then win the primary by default or with a significant majority of the vote.

**Rationale:**  
Given the current information, Jason Miyares is the only candidate for the Republican primary for Attorney General of Virginia. As the incumbent, he has the advantage of name recognition, established political connections, and likely access to campaign resources. The status quo heavily favors his victory, and with only 21 days left until the primary, the likelihood of a significant challenger emerging and gaining enough support to defeat him is low. Historical trends and the slow pace of political change further support the likelihood of a status quo outcome.

**Final Answer:**  
Probability: 95%
[2025-05-27 16:01:37] INFO: === Run Summary ===
[2025-05-27 16:01:37] INFO: Total questions: 1
[2025-05-27 16:01:37] INFO: Successful research: 1
[2025-05-27 16:01:37] INFO: Failed research: 0
[2025-05-27 16:01:37] INFO: Success rate: 100.00%
