[2025-05-30 04:03:04] INFO: === Starting new forecast run (Run #2276) ===
[2025-05-30 04:03:04] INFO: Environment: GitHub Actions
[2025-05-30 04:03:04] INFO: Repository: agsheves/decis-metaculus-bot1
[2025-05-30 04:03:04] INFO: Workflow: Forecast on new AI tournament questions
[2025-05-30 04:03:04] INFO: Commit: 37664c2fc403852c9e465d97049c138b44a28eec
[2025-05-30 04:03:04] INFO: === Question 1 ===
[2025-05-30 04:03:04] INFO: URL: https://www.metaculus.com/questions/38098
[2025-05-30 04:03:04] INFO: Text: Will Ralph Norman declare his candidacy for the US Senate race in South Carolina before July 1, 2025?
[2025-05-30 04:03:12] INFO: Research: Perplexity succeeded for https://www.metaculus.com/questions/38098
[2025-05-30 04:03:17] INFO: === Forecast Result ===
[2025-05-30 04:03:17] INFO: URL: https://www.metaculus.com/questions/38098
[2025-05-30 04:03:17] INFO: Prediction: 0.1
[2025-05-30 04:03:17] INFO: Reasoning: (a) The time left until the outcome to the question is known is approximately one month, as today is May 30, 2025, and the deadline is July 1, 2025.

(b) The status quo outcome if nothing changed is that Ralph Norman will not declare his candidacy for the U.S. Senate race in South Carolina before July 1, 2025, resulting in a "No" outcome.

(c) A scenario that results in a No outcome is that Ralph Norman continues to focus on his congressional duties and potential gubernatorial ambitions. He does not make any public moves or announcements regarding a Senate run, and the deadline passes without any declaration.

(d) A scenario that results in a Yes outcome is that Ralph Norman suddenly decides to shift his political focus and announces his candidacy for the U.S. Senate race in South Carolina before the July 1, 2025 deadline. This could be prompted by a strategic political calculation or a change in the political landscape that makes a Senate run more appealing.

Given the current information, the lack of any indication or preparation for a Senate run, and the focus on a potential gubernatorial race, the likelihood of a sudden declaration for the Senate appears low. The status quo heavily favors a "No" outcome, as the world tends to change slowly and there is little time left for a significant shift in Norman's political plans.

Probability: 10%
[2025-05-30 04:03:17] INFO: === Forecast Result ===
[2025-05-30 04:03:17] INFO: URL: https://www.metaculus.com/questions/38098
[2025-05-30 04:03:17] INFO: Prediction: 0.1
[2025-05-30 04:03:17] INFO: Reasoning: (a) The time left until the outcome of the question is known is approximately one month, as the deadline is July 1, 2025, and today is May 30, 2025.

(b) The status quo outcome, if nothing changes, is that Ralph Norman will not declare his candidacy for the U.S. Senate race in South Carolina before July 1, 2025. The current information suggests he is more focused on a potential gubernatorial run and his congressional duties.

(c) A scenario that results in a No outcome is that Ralph Norman continues to focus on his congressional responsibilities and his potential gubernatorial campaign. He does not make any public announcements or take any steps toward entering the U.S. Senate race before the deadline.

(d) A scenario that results in a Yes outcome is that Ralph Norman unexpectedly shifts his political focus and decides to enter the U.S. Senate race. This could be triggered by new political dynamics, such as changes in the political landscape or encouragement from influential political allies, leading him to announce his candidacy before July 1, 2025.

Given the current information and the tendency for the status quo to prevail, it seems unlikely that Ralph Norman will declare his candidacy for the U.S. Senate race in the next month. Therefore, the probability of him declaring his candidacy before the deadline is low.

Probability: 10%
[2025-05-30 04:03:17] INFO: === Forecast Result ===
[2025-05-30 04:03:17] INFO: URL: https://www.metaculus.com/questions/38098
[2025-05-30 04:03:17] INFO: Prediction: 0.1
[2025-05-30 04:03:17] INFO: Reasoning: (a) The time left until the outcome to the question is known is approximately one month, as the deadline is July 1, 2025, and today is May 30, 2025.

(b) The status quo outcome if nothing changed would be **No**, as Ralph Norman has not declared his candidacy for the U.S. Senate race in South Carolina, and there is no indication or credible reporting suggesting he intends to do so before the deadline.

(c) A scenario that results in a No outcome: Ralph Norman continues to focus on his congressional duties and potential gubernatorial ambitions without making any moves toward a Senate campaign. He does not announce his candidacy for the U.S. Senate race before July 1, 2025.

(d) A scenario that results in a Yes outcome: Ralph Norman unexpectedly shifts his political focus and decides to enter the U.S. Senate race. He makes a public announcement declaring his candidacy before the July 1, 2025 deadline, possibly due to a change in political strategy or new developments in the political landscape.

Given the current information and the tendency for the status quo to prevail, it seems unlikely that Ralph Norman will declare his candidacy for the U.S. Senate race in the remaining time. There is no current indication of such a move, and his political focus appears to be elsewhere.

Probability: 10%
[2025-05-30 04:03:17] INFO: === Forecast Result ===
[2025-05-30 04:03:17] INFO: URL: https://www.metaculus.com/questions/38098
[2025-05-30 04:03:17] INFO: Prediction: 0.1
[2025-05-30 04:03:17] INFO: Reasoning: (a) The time left until the outcome to the question is known is approximately one month, as the deadline is July 1, 2025.

(b) The status quo outcome if nothing changed is that Ralph Norman will not declare his candidacy for the U.S. Senate race in South Carolina before July 1, 2025. Therefore, the outcome would be **No**.

(c) A scenario that results in a No outcome: Ralph Norman continues to focus on his current role as a U.S. Representative and his potential candidacy for the 2026 South Carolina governor’s race. He makes no public moves or announcements related to a Senate campaign before the July 1, 2025 deadline.

(d) A scenario that results in a Yes outcome: Ralph Norman experiences a significant change in political strategy or external pressure that prompts him to declare his candidacy for the U.S. Senate race in South Carolina before July 1, 2025. This could involve new political endorsements, shifts in the political landscape, or a strategic decision to pursue a Senate seat over the governorship.

Given the current information and the lack of any indication that Ralph Norman is preparing to run for the Senate, the status quo heavily favors a No outcome. The world tends to change slowly, and with only a month left, it is unlikely that a major shift will occur. Therefore, the probability of Ralph Norman declaring his candidacy for the U.S. Senate race before July 1, 2025, is low.

Probability: 10%
[2025-05-30 04:03:17] INFO: === Forecast Result ===
[2025-05-30 04:03:17] INFO: URL: https://www.metaculus.com/questions/38098
[2025-05-30 04:03:17] INFO: Prediction: 0.1
[2025-05-30 04:03:17] INFO: Reasoning: (a) The time left until the outcome to the question is known is approximately one month, as the deadline is July 1, 2025.

(b) The status quo outcome, if nothing changed, would be **No**, as Ralph Norman has not declared his candidacy for the U.S. Senate race in South Carolina, and there is no credible indication that he plans to do so imminently.

(c) A scenario that results in a No outcome is one where Ralph Norman continues to focus on his congressional duties and potential gubernatorial ambitions, without making any moves toward a Senate candidacy. Given the current lack of any announcements or preparations for a Senate run, this scenario aligns with the status quo.

(d) A scenario that results in a Yes outcome would involve Ralph Norman making a surprise announcement of his candidacy for the U.S. Senate race in South Carolina within the next month. This could occur if there is a sudden shift in political strategy or external pressures that prompt him to enter the race before the deadline.

Rationale: Given the current information, the status quo strongly suggests a No outcome. There is no evidence or credible reporting indicating that Ralph Norman is preparing to declare a Senate candidacy before the deadline. Additionally, his political focus appears to be on a potential gubernatorial run, further diminishing the likelihood of a Senate bid in the immediate future. The world tends to change slowly, and without any new developments, the probability of a Yes outcome remains low.

Probability: 10%
[2025-05-30 04:03:18] INFO: === Run Summary ===
[2025-05-30 04:03:18] INFO: Total questions: 1
[2025-05-30 04:03:18] INFO: Successful research: 1
[2025-05-30 04:03:18] INFO: Failed research: 0
[2025-05-30 04:03:18] INFO: Success rate: 100.00%
