[2025-06-12 20:01:23] INFO: === Starting new forecast run (Run #2914) ===
[2025-06-12 20:01:23] INFO: Environment: GitHub Actions
[2025-06-12 20:01:23] INFO: Repository: agsheves/decis-metaculus-bot1
[2025-06-12 20:01:23] INFO: Workflow: Forecast on new AI tournament questions
[2025-06-12 20:01:23] INFO: Commit: 7a9a90269d5a6b81fd428d95daf07e72710e40c0
[2025-06-12 20:01:23] INFO: === Question 1 ===
[2025-06-12 20:01:23] INFO: URL: https://www.metaculus.com/questions/38534
[2025-06-12 20:01:23] INFO: Text: What will be the personal savings amount reported by the US BEA for May 2025?
[2025-06-12 20:01:35] INFO: Research: Perplexity succeeded for https://www.metaculus.com/questions/38534
[2025-06-12 20:01:42] INFO: === Forecast Result ===
[2025-06-12 20:01:42] INFO: URL: https://www.metaculus.com/questions/38534
[2025-06-12 20:01:42] INFO: Prediction: [Percentile(value=800.0, percentile=0.1), Percentile(value=850.0, percentile=0.2), Percentile(value=900.0, percentile=0.4), Percentile(value=950.0, percentile=0.6), Percentile(value=1000.0, percentile=0.8), Percentile(value=1050.0, percentile=0.9)]
[2025-06-12 20:01:42] INFO: Reasoning: (a) The time left until the outcome to the question is known is 15 days, as the BEA will release the official May 2025 personal savings data on June 27, 2025.

(b) The outcome if nothing changed would be the same as April 2025, with personal savings at $1.12 trillion.

(c) The outcome if the current trend continued would suggest a decrease in personal savings, given the forecasted drop in the personal saving rate from 4.9% in April to 3.6% by the end of the current quarter. This could imply a decrease in the dollar amount of personal savings.

(d) The expectations of experts and markets, as indicated by Trading Economics, suggest a decrease in the personal saving rate to 3.6%, which would likely result in a lower personal savings amount compared to April 2025.

(e) A brief description of an unexpected scenario that results in a low outcome could be a sudden economic downturn or financial crisis that leads to a significant reduction in disposable income, causing personal savings to drop sharply.

(f) A brief description of an unexpected scenario that results in a high outcome could be a sudden surge in disposable income due to unexpected government stimulus or tax refunds, leading to a higher-than-expected personal savings amount.

Given these considerations, my final answer with wide confidence intervals is:

"
Percentile 10: 800
Percentile 20: 850
Percentile 40: 900
Percentile 60: 950
Percentile 80: 1,000
Percentile 90: 1,050
"
[2025-06-12 20:01:42] INFO: === Forecast Result ===
[2025-06-12 20:01:42] INFO: URL: https://www.metaculus.com/questions/38534
[2025-06-12 20:01:42] INFO: Prediction: [Percentile(value=850.0, percentile=0.1), Percentile(value=900.0, percentile=0.2), Percentile(value=950.0, percentile=0.4), Percentile(value=1000.0, percentile=0.6), Percentile(value=1050.0, percentile=0.8), Percentile(value=1100.0, percentile=0.9)]
[2025-06-12 20:01:42] INFO: Reasoning: (a) The time left until the outcome to the question is known:  
15 days, as the BEA will release the official May 2025 personal savings data on June 27, 2025.

(b) The outcome if nothing changed:  
If nothing changed from April 2025, the personal savings amount would remain at $1.12 trillion.

(c) The outcome if the current trend continued:  
The trend from March to April 2025 showed a sharp increase in personal savings. However, forecasts suggest a decrease in the savings rate to 3.6% by the end of the current quarter. If this decrease in the savings rate is realized, the personal savings amount could potentially decrease from April's $1.12 trillion.

(d) The expectations of experts and markets:  
Trading Economics forecasts a decrease in the personal saving rate to 3.6% by the end of the current quarter. This suggests that experts expect a reduction in the personal savings amount for May 2025 compared to April 2025.

(e) A brief description of an unexpected scenario that results in a low outcome:  
A significant economic downturn or crisis could lead to a sharp decrease in disposable personal income, resulting in a much lower personal savings amount than anticipated.

(f) A brief description of an unexpected scenario that results in a high outcome:  
A sudden increase in disposable income due to unexpected government stimulus or a rapid economic recovery could lead to a higher personal savings amount than expected.

Final Answer:
```
Percentile 10: 850
Percentile 20: 900
Percentile 40: 950
Percentile 60: 1,000
Percentile 80: 1,050
Percentile 90: 1,100
```
[2025-06-12 20:01:43] INFO: === Forecast Result ===
[2025-06-12 20:01:43] INFO: URL: https://www.metaculus.com/questions/38534
[2025-06-12 20:01:43] INFO: Prediction: [Percentile(value=850.0, percentile=0.1), Percentile(value=900.0, percentile=0.2), Percentile(value=1000.0, percentile=0.4), Percentile(value=1050.0, percentile=0.6), Percentile(value=1100.0, percentile=0.8), Percentile(value=1150.0, percentile=0.9)]
[2025-06-12 20:01:43] INFO: Reasoning: (a) The time left until the outcome to the question is known: Approximately 15 days, as the BEA will release the official May 2025 personal savings data on June 27, 2025.

(b) The outcome if nothing changed: If the personal saving amount remained the same as April 2025, it would be $1.12 trillion (or $1,120 billion).

(c) The outcome if the current trend continued: The personal saving amount increased significantly from March to April 2025. However, forecasts suggest a potential decrease in the saving rate to 3.6% by the end of the current quarter. If the saving rate decreases as forecasted, the personal saving amount could potentially decrease from April's figure.

(d) The expectations of experts and markets: Trading Economics forecasts a decrease in the personal saving rate to 3.6% by the end of the current quarter, indicating a possible decrease in the personal saving amount from April's $1.12 trillion.

(e) A brief description of an unexpected scenario that results in a low outcome: A sudden economic downturn or financial crisis could lead to a sharp decrease in disposable income, causing personal savings to drop significantly.

(f) A brief description of an unexpected scenario that results in a high outcome: A sudden surge in disposable income due to unexpected fiscal stimulus or a rapid economic recovery could lead to a significant increase in personal savings.

Considering the above factors and the inherent uncertainties, here is my final answer with wide confidence intervals:

```
Percentile 10: 850
Percentile 20: 900
Percentile 40: 1,000
Percentile 60: 1,050
Percentile 80: 1,100
Percentile 90: 1,150
```
[2025-06-12 20:01:43] INFO: === Forecast Result ===
[2025-06-12 20:01:43] INFO: URL: https://www.metaculus.com/questions/38534
[2025-06-12 20:01:43] INFO: Prediction: [Percentile(value=850.0, percentile=0.1), Percentile(value=900.0, percentile=0.2), Percentile(value=1000.0, percentile=0.4), Percentile(value=1050.0, percentile=0.6), Percentile(value=1100.0, percentile=0.8), Percentile(value=1150.0, percentile=0.9)]
[2025-06-12 20:01:43] INFO: Reasoning: (a) The time left until the outcome to the question is known is approximately 15 days, as the BEA will release the official May 2025 personal savings data on June 27, 2025.

(b) The outcome if nothing changed would be the same as April 2025, which is $1.12 trillion (or $1,120 billion).

(c) The outcome if the current trend continued, considering the increase from March to April, would suggest a higher personal savings amount. However, forecasts indicate a potential decrease in the saving rate, which could result in a lower savings amount than April. Assuming a decrease in the saving rate to around 3.6%, the personal savings could potentially decrease from the April figure.

(d) The expectations of experts and markets, as indicated by Trading Economics, suggest a decrease in the personal saving rate to 3.6% by the end of the current quarter. This implies a potential decrease in the personal savings amount from April's $1.12 trillion.

(e) A brief description of an unexpected scenario that results in a low outcome could involve a sudden economic downturn or financial market instability, leading to reduced disposable income and a sharp decline in personal savings.

(f) A brief description of an unexpected scenario that results in a high outcome could involve a significant economic stimulus or unexpected surge in disposable income, leading to an increase in personal savings beyond current forecasts.

Given these considerations and the inherent uncertainty, my final answer with wide confidence intervals is:

```
Percentile 10: 850
Percentile 20: 900
Percentile 40: 1,000
Percentile 60: 1,050
Percentile 80: 1,100
Percentile 90: 1,150
```
[2025-06-12 20:01:44] INFO: === Forecast Result ===
[2025-06-12 20:01:44] INFO: URL: https://www.metaculus.com/questions/38534
[2025-06-12 20:01:44] INFO: Prediction: [Percentile(value=800.0, percentile=0.1), Percentile(value=850.0, percentile=0.2), Percentile(value=900.0, percentile=0.4), Percentile(value=950.0, percentile=0.6), Percentile(value=1000.0, percentile=0.8), Percentile(value=1050.0, percentile=0.9)]
[2025-06-12 20:01:44] INFO: Reasoning: (a) **The time left until the outcome to the question is known:**  
15 days remain until the BEA releases the official personal savings amount for May 2025 on June 27, 2025.

(b) **The outcome if nothing changed:**  
If the personal saving amount remained the same as April 2025, it would be $1.12 trillion (or $1,120 billion).

(c) **The outcome if the current trend continued:**  
The trend from March to April showed a significant increase in personal savings. However, forecasts suggest a decrease in the personal saving rate to 3.6% by the end of the current quarter. If this decrease in the saving rate is realized, the personal saving amount could drop. Assuming disposable personal income remains stable, a decrease in the saving rate from 4.9% to 3.6% could result in a lower personal saving amount, potentially around $900 billion.

(d) **The expectations of experts and markets:**  
Experts and market forecasts suggest a decrease in the personal saving rate, indicating a potential decline in the personal saving amount for May 2025 compared to April 2025.

(e) **A brief description of an unexpected scenario that results in a low outcome:**  
An unexpected economic shock, such as a sudden increase in unemployment or a financial market downturn, could lead to a significant decrease in disposable income and a corresponding drop in personal savings, potentially reducing the amount to below $800 billion.

(f) **A brief description of an unexpected scenario that results in a high outcome:**  
Conversely, an unexpected surge in disposable income due to a government stimulus package or a rapid improvement in economic conditions could lead to an increase in personal savings, potentially pushing the amount above $1.2 trillion.

**Final Answer:**

```
Percentile 10: 800
Percentile 20: 850
Percentile 40: 900
Percentile 60: 950
Percentile 80: 1,000
Percentile 90: 1,050
```
[2025-06-12 20:01:44] INFO: === Run Summary ===
[2025-06-12 20:01:44] INFO: Total questions: 1
[2025-06-12 20:01:44] INFO: Successful research: 1
[2025-06-12 20:01:44] INFO: Failed research: 0
[2025-06-12 20:01:44] INFO: Success rate: 100.00%
