[2025-06-05 12:01:30] INFO: === Starting new forecast run (Run #2572) ===
[2025-06-05 12:01:30] INFO: Environment: GitHub Actions
[2025-06-05 12:01:30] INFO: Repository: agsheves/decis-metaculus-bot1
[2025-06-05 12:01:30] INFO: Workflow: Forecast on new AI tournament questions
[2025-06-05 12:01:30] INFO: Commit: 21c4de3b6f87e71d3df0b15611bd028708797441
[2025-06-05 12:01:31] INFO: === Question 1 ===
[2025-06-05 12:01:31] INFO: URL: https://www.metaculus.com/questions/38330
[2025-06-05 12:01:31] INFO: Text: Will the New York Times mention "reverse purchasing" before July 1, 2025?
[2025-06-05 12:01:41] INFO: Research: Perplexity succeeded for https://www.metaculus.com/questions/38330
[2025-06-05 12:01:48] INFO: === Forecast Result ===
[2025-06-05 12:01:48] INFO: URL: https://www.metaculus.com/questions/38330
[2025-06-05 12:01:48] INFO: Prediction: 0.1
[2025-06-05 12:01:48] INFO: Reasoning: (a) The time left until the outcome to the question is known is approximately 25 days, from June 5, 2025, to June 30, 2025.

(b) The status quo outcome if nothing changed is No, as there is currently no evidence or indication that The New York Times has mentioned or plans to mention "reverse purchasing" or "reverse purchase" in its content.

(c) A scenario that results in a No outcome is that The New York Times continues its current content strategy without specifically addressing or mentioning the term "reverse purchasing" or "reverse purchase" in any of its articles or content items by June 30, 2025.

(d) A scenario that results in a Yes outcome is that a news event or trend related to "reverse purchasing" gains significant attention, prompting The New York Times to cover the topic in an article or content item, thereby mentioning the term before July 1, 2025.

Given the current status quo and the lack of evidence suggesting that The New York Times plans to cover this specific term, the probability of a Yes outcome is relatively low. The publication's focus on commerce-related content could potentially lead to coverage of related topics, but without a clear indication of interest in "reverse purchasing," the status quo outcome is more likely.

Probability: 10%
[2025-06-05 12:01:50] INFO: === Forecast Result ===
[2025-06-05 12:01:50] INFO: URL: https://www.metaculus.com/questions/38330
[2025-06-05 12:01:50] INFO: Prediction: 0.15
[2025-06-05 12:01:50] INFO: Reasoning: (a) The time left until the outcome to the question is known is approximately 25 days, from June 5, 2025, to June 30, 2025.

(b) The status quo outcome if nothing changed is that The New York Times does not mention "reverse purchasing" before July 1, 2025, resulting in a No outcome.

(c) A scenario that results in a No outcome is that The New York Times continues its current content strategy without specifically addressing the concept of "reverse purchasing." This could be due to the term not being relevant or significant enough to their audience or editorial focus, especially given the lack of prior mentions and the absence of indications that it will be covered.

(d) A scenario that results in a Yes outcome is that a significant event or trend related to "reverse purchasing" emerges, capturing public interest or relevance in a way that aligns with The New York Times' editorial priorities. This could prompt the publication to cover the topic within the remaining timeframe, possibly in the context of commerce, consumer behavior, or international market trends.

Rationale: Given the lack of prior mentions of "reverse purchasing" by The New York Times and the absence of any specific indications that the term will be covered soon, the status quo suggests a No outcome. The New York Times' current focus on expanding its audience and content areas, while relevant, does not directly imply coverage of this specific term. The world changes slowly most of the time, and without a compelling reason or event to prompt coverage, it is more likely that the status quo will persist.

Probability: 15%
[2025-06-05 12:01:50] INFO: === Forecast Result ===
[2025-06-05 12:01:50] INFO: URL: https://www.metaculus.com/questions/38330
[2025-06-05 12:01:50] INFO: Prediction: 0.1
[2025-06-05 12:01:50] INFO: Reasoning: (a) The time left until the outcome to the question is known is approximately 26 days, from June 5, 2025, to June 30, 2025.

(b) The status quo outcome if nothing changed is that The New York Times will not mention "reverse purchasing" or "reverse purchase" before July 1, 2025, resulting in a No outcome.

(c) A scenario that results in a No outcome is that The New York Times continues its current content strategy without incorporating the term "reverse purchasing" into any of its articles, blogs, or other content forms. This could be due to the term not being relevant to their audience or editorial focus, or simply not gaining enough traction in the broader media landscape to warrant coverage.

(d) A scenario that results in a Yes outcome is that "reverse purchasing" gains significant attention or relevance in the international media, possibly due to a major economic event or trend in China that impacts global markets. This could prompt The New York Times to cover the concept as part of its business or international news sections, leading to the term being mentioned in their content.

Rationale: Given the current lack of evidence that The New York Times has mentioned or plans to mention "reverse purchasing," and considering the relatively short time frame remaining, the status quo outcome is more likely. The term would need to become significantly relevant or newsworthy in the next few weeks to prompt coverage by The New York Times. The publication's focus on expanding its audience and content areas does not specifically indicate an imminent mention of this term.

Probability: 10%
[2025-06-05 12:01:50] INFO: === Forecast Result ===
[2025-06-05 12:01:50] INFO: URL: https://www.metaculus.com/questions/38330
[2025-06-05 12:01:50] INFO: Prediction: 0.1
[2025-06-05 12:01:50] INFO: Reasoning: (a) The time left until the outcome to the question is known is approximately 25 days, from June 5, 2025, to June 30, 2025.

(b) The status quo outcome if nothing changed is that The New York Times does not mention "reverse purchasing" or "reverse purchase" in its content before July 1, 2025.

(c) A scenario that results in a No outcome is that The New York Times continues its current content strategy without introducing or covering the term "reverse purchasing" or "reverse purchase." The focus remains on broader topics related to commerce and audience engagement without delving into this specific concept.

(d) A scenario that results in a Yes outcome is that The New York Times decides to cover a story or publish an article related to the Chinese market or consumer behavior trends, where the term "reverse purchasing" or "reverse purchase" is relevant and mentioned. This could be triggered by a significant event or trend related to "reverse purchasing" that gains international attention and relevance.

Rationale:
Given the current status and the information provided, there is no indication that The New York Times has plans to mention "reverse purchasing" or "reverse purchase" in the near future. The focus on expanding content and reaching new demographics, particularly Gen Z, suggests a broader approach rather than focusing on niche terms unless they become widely relevant or newsworthy. The status quo outcome is more likely, as changes in content strategy or the emergence of new topics typically take time to develop and gain traction.

Probability: 10%
[2025-06-05 12:01:52] INFO: === Forecast Result ===
[2025-06-05 12:01:52] INFO: URL: https://www.metaculus.com/questions/38330
[2025-06-05 12:01:52] INFO: Prediction: 0.1
[2025-06-05 12:01:52] INFO: Reasoning: (a) The time left until the outcome to the question is known is 26 days, from June 5, 2025, to July 1, 2025.

(b) The status quo outcome if nothing changed is that The New York Times will not mention "reverse purchasing" or "reverse purchase" before July 1, 2025, resulting in a No outcome.

(c) A scenario that results in a No outcome is that The New York Times continues its current content strategy without any specific focus on the term "reverse purchasing." The publication may continue to expand its commerce-related content without mentioning this specific term, leading to no mention of "reverse purchasing" in its articles or other content.

(d) A scenario that results in a Yes outcome is that The New York Times decides to cover a story related to the Chinese market or consumer behavior trends, which includes the concept of "reverse purchasing." This could be triggered by a significant event or trend in the global market that makes "reverse purchasing" a relevant topic for their audience, prompting the Times to mention it in an article or report.

Rationale: Given the current information, there is no direct indication that The New York Times plans to mention "reverse purchasing" before July 1, 2025. The publication's focus on commerce-related content and its efforts to attract a younger audience could potentially lead to a mention of the term, but there is no evidence to suggest this is likely within the next 26 days. The status quo suggests a No outcome, as the world changes slowly and there are no current indications of a shift towards mentioning this specific term.

Probability: 10%
[2025-06-05 12:01:52] INFO: === Run Summary ===
[2025-06-05 12:01:52] INFO: Total questions: 1
[2025-06-05 12:01:52] INFO: Successful research: 1
[2025-06-05 12:01:52] INFO: Failed research: 0
[2025-06-05 12:01:52] INFO: Success rate: 100.00%
