[2025-06-04 08:01:26] INFO: === Starting new forecast run (Run #2517) ===
[2025-06-04 08:01:26] INFO: Environment: GitHub Actions
[2025-06-04 08:01:26] INFO: Repository: agsheves/decis-metaculus-bot1
[2025-06-04 08:01:26] INFO: Workflow: Forecast on new AI tournament questions
[2025-06-04 08:01:26] INFO: Commit: ecb18e871421621e17b648cd44ef38b9b9d6051c
[2025-06-04 08:01:26] INFO: === Question 1 ===
[2025-06-04 08:01:26] INFO: URL: https://www.metaculus.com/questions/38319
[2025-06-04 08:01:26] INFO: Text: Will the Northeast Japan region (Tohoku) show a month-over-month increase in April 2025?
[2025-06-04 08:01:36] INFO: Research: Perplexity succeeded for https://www.metaculus.com/questions/38319
[2025-06-04 08:01:45] INFO: === Forecast Result ===
[2025-06-04 08:01:45] INFO: URL: https://www.metaculus.com/questions/38319
[2025-06-04 08:01:45] INFO: Prediction: 0.55
[2025-06-04 08:01:45] INFO: Reasoning: (a) The time left until the outcome to the question is known is approximately 17 days, as the industrial production announcement for April 2025 is expected around June 21, 2025.

(b) The status quo outcome, based on the current information, suggests a neutral to slightly positive outlook. The Tohoku region's economy is described as "picking up," which indicates some level of positive momentum, though not definitively a month-over-month increase.

(c) A scenario that results in a No outcome could involve a broader economic slowdown impacting Tohoku more severely than anticipated. This could be due to external factors such as a significant downturn in global demand affecting exports, or internal issues like a sharp decline in consumer spending or industrial activity within the region, possibly exacerbated by the contraction in the service sector.

(d) A scenario that results in a Yes outcome would involve continued or accelerated industrial activity in Tohoku, driven by factors such as increased domestic or international demand for goods produced in the region, successful government or private sector initiatives to boost production, or a rebound in sectors that had previously been underperforming.

Given the current information, the "picking up" trend in the Tohoku region suggests a slight positive bias. However, the broader economic context of moderating growth and service sector contraction tempers this optimism. Therefore, while the status quo leans towards a slight increase, the uncertainty remains significant.

Final answer: "Probability: 55%"
[2025-06-04 08:01:45] INFO: === Forecast Result ===
[2025-06-04 08:01:45] INFO: URL: https://www.metaculus.com/questions/38319
[2025-06-04 08:01:45] INFO: Prediction: 0.6
[2025-06-04 08:01:45] INFO: Reasoning: (a) The time left until the outcome to the question is known is approximately 17 days, as the industrial production announcement for April 2025 is expected around June 21, 2025.

(b) The status quo outcome, if nothing changed, would be uncertain. The latest data indicates that Tohoku's industrial production index rose by 7.6% in March 2025, marking the first increase in three months. However, the broader economic indicators suggest a mixed outlook, with stability in the Tohoku region and a moderating Japanese economy overall.

(c) A scenario that results in a No outcome would involve a decline in industrial production in Tohoku for April 2025. This could be driven by external factors such as a further slowdown in global demand, negatively impacting exports from the region. Additionally, domestic factors such as declining corporate profits and a contracting service sector could reduce industrial activity.

(d) A scenario that results in a Yes outcome would involve continued or increased industrial activity in Tohoku for April 2025. This could be supported by ongoing recovery efforts, increased domestic demand, or specific regional initiatives aimed at boosting production. The "picking up" trend noted in the Bank of Japan's regional report suggests some underlying momentum that could contribute to a positive outcome.

Given the information, the status quo outcome is uncertain, but the recent increase in industrial production in March provides a slightly positive signal. However, the broader economic context and mixed indicators suggest caution. Considering these factors and the tendency for the world to change slowly, I would assign a moderate probability to a month-over-month increase in April 2025.

Probability: 60%
[2025-06-04 08:01:45] INFO: === Forecast Result ===
[2025-06-04 08:01:45] INFO: URL: https://www.metaculus.com/questions/38319
[2025-06-04 08:01:45] INFO: Prediction: 0.55
[2025-06-04 08:01:45] INFO: Reasoning: (a) The time left until the outcome to the question is known is approximately 17 days, as the industrial production announcement for April 2025 is expected around June 21, 2025.

(b) The status quo outcome, if nothing changed, is uncertain but leans towards stability. The Tohoku region's economy is described as "picking up," suggesting some positive momentum, but the broader Japanese economy is moderating, and the service sector is contracting.

(c) A scenario that results in a No outcome could involve a continuation or worsening of the contraction in the service sector, which might negatively impact industrial production in the Tohoku region. Additionally, if the broader Japanese economic moderation leads to reduced demand for industrial goods, this could result in a decrease in production.

(d) A scenario that results in a Yes outcome could involve a sustained or increased demand for industrial goods specific to the Tohoku region, possibly driven by regional factors or specific industries that are performing well. Additionally, if the "picking up" trend in the Tohoku economy translates into tangible industrial growth, this could lead to a month-over-month increase in production.

Given the information, the Tohoku region's economy is described as "picking up," which suggests some positive momentum. However, the broader economic context in Japan is one of moderation, with specific weaknesses in the service sector. The status quo leans slightly towards a positive outcome for Tohoku, but the overall uncertainty and mixed signals from the broader economy temper this expectation. Good forecasters put extra weight on the status quo outcome, which in this case suggests a slight positive bias.

Probability: 55%
[2025-06-04 08:01:46] INFO: === Forecast Result ===
[2025-06-04 08:01:46] INFO: URL: https://www.metaculus.com/questions/38319
[2025-06-04 08:01:46] INFO: Prediction: 0.6
[2025-06-04 08:01:46] INFO: Reasoning: (a) The time left until the outcome to the question is known is approximately 17 days, as the industrial production announcement for April 2025 is expected around June 21, 2025.

(b) The status quo outcome, if nothing changed, is uncertain. The Tohoku region's industrial production index rose by 7.6% in March 2025, indicating a positive trend. However, the broader economic indicators suggest a mixed picture, with stability in the Tohoku region but moderation in the overall Japanese economy.

(c) A scenario that results in a No outcome could involve a continuation of the negative trends in the service sector and broader Japanese economy, which might outweigh the positive momentum from March. If external economic conditions worsen or domestic corporate profits decline further, this could lead to a decrease in industrial production in the Tohoku region for April 2025.

(d) A scenario that results in a Yes outcome would involve continued or increased industrial activity in the Tohoku region, possibly driven by specific regional factors such as increased demand for local products, successful government or private sector initiatives, or a rebound in sectors that are significant to the region's economy. Additionally, if the positive momentum from March carries over into April, it could result in another month of increased production.

Given the information, the status quo suggests a cautious optimism due to the recent increase in March, but the broader economic context introduces uncertainty. The mixed signals from the broader Japanese economy and service sector contraction add complexity to the forecast. However, the recent positive trend in Tohoku's industrial production provides a basis for expecting a potential increase.

Final answer: "Probability: 60%"
[2025-06-04 08:01:46] INFO: === Forecast Result ===
[2025-06-04 08:01:46] INFO: URL: https://www.metaculus.com/questions/38319
[2025-06-04 08:01:46] INFO: Prediction: 0.6
[2025-06-04 08:01:46] INFO: Reasoning: (a) The time left until the outcome of the question is known is approximately 17 days, as the industrial production announcement for April 2025 is expected around June 21, 2025.

(b) The status quo outcome, based on the current information, suggests stability in the Tohoku region's economy. The recent 7.6% increase in March 2025 industrial production indicates a positive trend, but the broader economic context in Japan shows signs of moderation. If this stability continues without significant positive or negative changes, the status quo outcome would lean towards a slight increase or no change in April 2025.

(c) A scenario that results in a No outcome could involve a decline in industrial production due to external economic pressures, such as a further slowdown in overseas economies affecting exports, or a continuation of declining corporate profits impacting production levels. Additionally, a contraction in the service sector, as indicated by the Economy Watchers Survey, could spill over into the industrial sector, leading to a decrease in production.

(d) A scenario that results in a Yes outcome could involve continued positive momentum from the March 2025 increase in industrial production. If local industries in Tohoku manage to capitalize on accommodative financial conditions and any potential recovery in global demand, this could lead to an increase in production for April 2025. Furthermore, if inflationary pressures stabilize or decrease, it could improve consumer and business sentiment, supporting production growth.

Given the available information, the recent positive trend in March, and the overall stable assessment of the Tohoku economy, the likelihood of a month-over-month increase in April 2025 appears slightly more probable than a decrease. However, the broader economic moderation in Japan and potential negative spillovers from the service sector pose risks.

Probability: 60%
[2025-06-04 08:01:47] INFO: === Run Summary ===
[2025-06-04 08:01:47] INFO: Total questions: 1
[2025-06-04 08:01:47] INFO: Successful research: 1
[2025-06-04 08:01:47] INFO: Failed research: 0
[2025-06-04 08:01:47] INFO: Success rate: 100.00%
