[2025-06-02 22:01:14] INFO: === Starting new forecast run (Run #2451) ===
[2025-06-02 22:01:14] INFO: Environment: GitHub Actions
[2025-06-02 22:01:14] INFO: Repository: agsheves/decis-metaculus-bot1
[2025-06-02 22:01:14] INFO: Workflow: Forecast on new AI tournament questions
[2025-06-02 22:01:14] INFO: Commit: bc22783b383a17c58e0568d3612ea9312b6e9a87
[2025-06-02 22:01:14] INFO: === Question 1 ===
[2025-06-02 22:01:14] INFO: URL: https://www.metaculus.com/questions/38306
[2025-06-02 22:01:14] INFO: Text: What will the year-over-year increase in rent be in Birmingham, AL in May 2025, according to Zillow?
[2025-06-02 22:01:22] INFO: Research: Perplexity succeeded for https://www.metaculus.com/questions/38306
[2025-06-02 22:01:29] INFO: === Forecast Result ===
[2025-06-02 22:01:29] INFO: URL: https://www.metaculus.com/questions/38306
[2025-06-02 22:01:29] INFO: Prediction: [Percentile(value=6.0, percentile=0.1), Percentile(value=7.0, percentile=0.2), Percentile(value=7.5, percentile=0.4), Percentile(value=8.1, percentile=0.6), Percentile(value=9.0, percentile=0.8), Percentile(value=10.0, percentile=0.9)]
[2025-06-02 22:01:29] INFO: Reasoning: (a) The time left until the outcome to the question is known:  
The outcome is already known as of June 2, 2025, based on the information provided.

(b) The outcome if nothing changed:  
The year-over-year increase in rent for Birmingham, AL, as reported by Zillow, is $89. If nothing changed, this would translate to approximately an 8.1% increase.

(c) The outcome if the current trend continued:  
If the current trend of an $89 increase continued, the percentage increase would remain approximately 8.1%, assuming the base rent from May 2024 remains constant.

(d) The expectations of experts and markets:  
Experts and markets might expect a moderate increase in rent prices due to factors such as economic growth, housing demand, and inflation. However, specific expectations for Birmingham, AL, would depend on local economic conditions and housing market dynamics.

(e) A brief description of an unexpected scenario that results in a low outcome:  
An unexpected scenario leading to a low outcome could involve a sudden economic downturn in Birmingham, AL, resulting in decreased demand for rentals and a potential decrease in rent prices.

(f) A brief description of an unexpected scenario that results in a high outcome:  
An unexpected scenario leading to a high outcome could involve a significant influx of new residents or a major economic development project in Birmingham, AL, driving up demand for rentals and causing a sharp increase in rent prices.

Final Answer:
"
Percentile 10: 6.0
Percentile 20: 7.0
Percentile 40: 7.5
Percentile 60: 8.1
Percentile 80: 9.0
Percentile 90: 10.0
"
[2025-06-02 22:01:29] INFO: === Forecast Result ===
[2025-06-02 22:01:29] INFO: URL: https://www.metaculus.com/questions/38306
[2025-06-02 22:01:29] INFO: Prediction: [Percentile(value=6.0, percentile=0.1), Percentile(value=7.0, percentile=0.2), Percentile(value=7.8, percentile=0.4), Percentile(value=8.1, percentile=0.6), Percentile(value=8.4, percentile=0.8), Percentile(value=9.0, percentile=0.9)]
[2025-06-02 22:01:29] INFO: Reasoning: (a) **The time left until the outcome to the question is known:**  
The outcome is already known as of June 2, 2025, since the data for May 2025 has been reported by Zillow.

(b) **The outcome if nothing changed:**  
If nothing changed from the current data provided by Zillow, the year-over-year increase in rent for Birmingham, AL in May 2025 would be approximately 8.1%.

(c) **The outcome if the current trend continued:**  
Assuming the trend of a steady increase in rent continues, the year-over-year increase would likely remain around 8.1%. However, this could vary slightly depending on market conditions and other economic factors.

(d) **The expectations of experts and markets:**  
Experts and market analysts might expect the rent increase to stabilize or slightly fluctuate around the current figure of 8.1%, given the economic conditions and housing market trends in Birmingham, AL.

(e) **A brief description of an unexpected scenario that results in a low outcome:**  
An unexpected scenario resulting in a low outcome could be a sudden economic downturn or a significant increase in housing supply, leading to reduced demand and lower rent increases or even a decrease in rent prices.

(f) **A brief description of an unexpected scenario that results in a high outcome:**  
A scenario that could result in a high outcome might include a rapid economic boom in Birmingham, AL, attracting more residents and increasing demand for housing, thereby driving up rent prices significantly beyond the current trend.

**Final Answer:**

```
Percentile 10: 6.0
Percentile 20: 7.0
Percentile 40: 7.8
Percentile 60: 8.1
Percentile 80: 8.4
Percentile 90: 9.0
```
[2025-06-02 22:01:30] INFO: === Forecast Result ===
[2025-06-02 22:01:30] INFO: URL: https://www.metaculus.com/questions/38306
[2025-06-02 22:01:30] INFO: Prediction: [Percentile(value=6.5, percentile=0.1), Percentile(value=7.0, percentile=0.2), Percentile(value=7.5, percentile=0.4), Percentile(value=8.1, percentile=0.6), Percentile(value=8.5, percentile=0.8), Percentile(value=9.0, percentile=0.9)]
[2025-06-02 22:01:30] INFO: Reasoning: (a) **The time left until the outcome to the question is known:**  
The outcome is already known as of June 2, 2025, since the data for May 2025 has been reported by Zillow.

(b) **The outcome if nothing changed:**  
If nothing changed from the reported data, the year-over-year increase in rent in Birmingham, AL for May 2025 would be $89, which translates to approximately 8.1%.

(c) **The outcome if the current trend continued:**  
If the current trend of an $89 increase continued, the percentage increase would remain approximately 8.1%.

(d) **The expectations of experts and markets:**  
Experts and markets might expect rent increases to align with broader economic indicators such as inflation, local economic conditions, and housing demand. Given the reported data, the expectation would likely be around an 8.1% increase.

(e) **A brief description of an unexpected scenario that results in a low outcome:**  
An unexpected scenario leading to a low outcome could involve a sudden economic downturn in Birmingham, leading to decreased demand for rentals and a subsequent drop in rent prices. This could result in a lower year-over-year increase, potentially even a decrease.

(f) **A brief description of an unexpected scenario that results in a high outcome:**  
An unexpected scenario leading to a high outcome could involve a significant influx of new residents or a major economic boom in Birmingham, driving up demand for housing and causing rent prices to increase more than anticipated.

**Final Answer:**

```
Percentile 10: 6.5
Percentile 20: 7.0
Percentile 40: 7.5
Percentile 60: 8.1
Percentile 80: 8.5
Percentile 90: 9.0
```
[2025-06-02 22:01:30] INFO: === Forecast Result ===
[2025-06-02 22:01:30] INFO: URL: https://www.metaculus.com/questions/38306
[2025-06-02 22:01:30] INFO: Prediction: [Percentile(value=6.0, percentile=0.1), Percentile(value=7.0, percentile=0.2), Percentile(value=7.8, percentile=0.4), Percentile(value=8.1, percentile=0.6), Percentile(value=8.5, percentile=0.8), Percentile(value=9.5, percentile=0.9)]
[2025-06-02 22:01:30] INFO: Reasoning: (a) **The time left until the outcome to the question is known:**  
The outcome for the year-over-year increase in rent for Birmingham, AL in May 2025 is already known as of June 2, 2025, since the data is reported by Zillow.

(b) **The outcome if nothing changed:**  
If nothing changed from the reported data, the year-over-year increase in rent for Birmingham, AL in May 2025 would be $89, which translates to approximately 8.1%.

(c) **The outcome if the current trend continued:**  
If the current trend of an $89 increase continued, the percentage increase would remain around 8.1% year-over-year, assuming similar economic conditions and rental market dynamics.

(d) **The expectations of experts and markets:**  
Experts and market analysts might expect rental prices to continue increasing moderately due to factors like inflation, housing demand, and economic growth. However, the exact percentage could vary based on local economic conditions and housing policies.

(e) **A brief description of an unexpected scenario that results in a low outcome:**  
An unexpected scenario leading to a low outcome could be a sudden economic downturn in Birmingham, leading to decreased demand for rentals and a subsequent drop in rental prices. This could be triggered by a major employer leaving the area or a significant increase in housing supply.

(f) **A brief description of an unexpected scenario that results in a high outcome:**  
A high outcome could result from a surge in demand for rental properties due to an influx of new residents, perhaps driven by a major company relocating to Birmingham or a significant increase in local job opportunities. Additionally, restrictive housing policies or a decrease in housing supply could drive rents up further.

**Final Answer:**

```
Percentile 10: 6.0
Percentile 20: 7.0
Percentile 40: 7.8
Percentile 60: 8.1
Percentile 80: 8.5
Percentile 90: 9.5
```
[2025-06-02 22:01:31] INFO: === Forecast Result ===
[2025-06-02 22:01:31] INFO: URL: https://www.metaculus.com/questions/38306
[2025-06-02 22:01:31] INFO: Prediction: [Percentile(value=5.0, percentile=0.1), Percentile(value=6.0, percentile=0.2), Percentile(value=7.0, percentile=0.4), Percentile(value=8.1, percentile=0.6), Percentile(value=9.5, percentile=0.8), Percentile(value=11.0, percentile=0.9)]
[2025-06-02 22:01:31] INFO: Reasoning: (a) **The time left until the outcome to the question is known:**  
The outcome for the year-over-year increase in rent for May 2025 is already known as of June 2, 2025, based on the data provided.

(b) **The outcome if nothing changed:**  
If nothing changed from the current data provided, the outcome would be an 8.1% year-over-year increase in rent for Birmingham, AL, as reported by Zillow.

(c) **The outcome if the current trend continued:**  
If the current trend of an $89 increase in rent continued, the percentage increase would remain approximately 8.1%, assuming the base rent from May 2024 remains constant.

(d) **The expectations of experts and markets:**  
Experts and markets may have varied expectations based on broader economic conditions, such as inflation, housing demand, and local economic factors. However, the specific expectation for Birmingham, AL, would likely align with the reported 8.1% increase unless significant economic changes occur.

(e) **A brief description of an unexpected scenario that results in a low outcome:**  
An unexpected scenario leading to a low outcome could involve a sudden economic downturn in Birmingham, AL, causing a decrease in demand for rental properties. This could be due to job losses or a significant increase in housing supply, leading to a lower-than-expected rent increase or even a decrease.

(f) **A brief description of an unexpected scenario that results in a high outcome:**  
A high outcome scenario could involve a surge in demand for rental properties in Birmingham, AL, possibly due to an influx of new residents or a booming local economy. This could drive rents up significantly more than expected, resulting in a higher year-over-year percentage increase.

**Final Answer:**
```
Percentile 10: 5.0
Percentile 20: 6.0
Percentile 40: 7.0
Percentile 60: 8.1
Percentile 80: 9.5
Percentile 90: 11.0
```
[2025-06-02 22:01:31] INFO: === Run Summary ===
[2025-06-02 22:01:31] INFO: Total questions: 1
[2025-06-02 22:01:31] INFO: Successful research: 1
[2025-06-02 22:01:31] INFO: Failed research: 0
[2025-06-02 22:01:31] INFO: Success rate: 100.00%
