[2025-05-31 00:02:56] INFO: === Starting new forecast run (Run #2316) ===
[2025-05-31 00:02:56] INFO: Environment: GitHub Actions
[2025-05-31 00:02:56] INFO: Repository: agsheves/decis-metaculus-bot1
[2025-05-31 00:02:56] INFO: Workflow: Forecast on new AI tournament questions
[2025-05-31 00:02:56] INFO: Commit: 6e87c77dcd87f6a81b417bf0fc5addb3a6b9eeb9
[2025-05-31 00:02:57] INFO: === Question 1 ===
[2025-05-31 00:02:57] INFO: URL: https://www.metaculus.com/questions/38108
[2025-05-31 00:02:57] INFO: Text: Will Doge claim a total savings of $200 billion or more on July 1, 2025?
[2025-05-31 00:03:12] INFO: Research: Perplexity succeeded for https://www.metaculus.com/questions/38108
[2025-05-31 00:03:25] INFO: === Forecast Result ===
[2025-05-31 00:03:25] INFO: URL: https://www.metaculus.com/questions/38108
[2025-05-31 00:03:25] INFO: Prediction: 0.1
[2025-05-31 00:03:25] INFO: Reasoning: (a) The time left until the outcome to the question is known is approximately one month, as the outcome will be determined on or after July 1, 2025.

(b) The status quo outcome if nothing changed would likely be "No." Based on the information provided, there is no indication that the Department of Government Efficiency (DOGE) has claimed a total estimated savings of $200 billion or more.

(c) A scenario that results in a No outcome could involve the Department of Government Efficiency continuing its current trajectory without any significant changes or breakthroughs in efficiency or cost-saving measures. This would mean that their total estimated savings remain below the $200 billion threshold by the resolution date.

(d) A scenario that results in a Yes outcome could involve the Department of Government Efficiency implementing a major new initiative or discovering a significant source of waste that allows them to claim substantial savings. This could be due to technological advancements, policy changes, or successful collaborations with other government agencies or private sector partners.

Given the information and the status quo, the probability of the Department of Government Efficiency claiming total estimated savings of $200 billion or more by July 1, 2025, seems low. The current trajectory and lack of significant developments suggest that reaching this threshold is unlikely within the remaining time frame.

Probability: 10%
[2025-05-31 00:03:25] INFO: === Forecast Result ===
[2025-05-31 00:03:25] INFO: URL: https://www.metaculus.com/questions/38108
[2025-05-31 00:03:25] INFO: Prediction: 0.1
[2025-05-31 00:03:25] INFO: Reasoning: (a) The time left until the outcome to the question is known is approximately one month, as the outcome will be determined on or after July 1, 2025.

(b) The status quo outcome if nothing changed is "No," as there is currently no indication that the Department of Government Efficiency (DOGE) will claim a total estimated savings of $200 billion or more by the specified date.

(c) A scenario that results in a No outcome could involve the Department of Government Efficiency continuing its current trajectory without significant changes or breakthroughs in cost-saving measures. If their efforts remain consistent with past performance and do not achieve the necessary scale of savings, the claim will not reach the $200 billion threshold.

(d) A scenario that results in a Yes outcome could involve a major breakthrough in government efficiency measures, such as the implementation of a highly effective new technology or policy that drastically reduces waste and fraud. Additionally, if there were significant political or economic incentives to report higher savings, the department might claim a larger amount.

Given the information available and the status quo, the probability of the Department of Government Efficiency claiming a total estimated savings of $200 billion or more by July 1, 2025, seems low. The current trajectory and predictions do not suggest such a significant change in savings claims within the next month.

Probability: 10%
[2025-05-31 00:03:26] INFO: === Forecast Result ===
[2025-05-31 00:03:26] INFO: URL: https://www.metaculus.com/questions/38108
[2025-05-31 00:03:26] INFO: Prediction: 0.1
[2025-05-31 00:03:26] INFO: Reasoning: (a) The time left until the outcome to the question is known is approximately one month, as the outcome will be determined on or after July 1, 2025.

(b) The status quo outcome if nothing changed is "No," as there is no current indication or claim from the Department of Government Efficiency that they have achieved or will achieve a total estimated savings of $200 billion by the specified date.

(c) A scenario that results in a No outcome could involve the Department of Government Efficiency not reaching the necessary savings target due to bureaucratic inefficiencies, lack of political will, or unforeseen economic challenges that prevent significant cost-cutting measures from being implemented effectively.

(d) A scenario that results in a Yes outcome could involve the Department of Government Efficiency implementing successful reforms or discovering significant areas of waste that lead to substantial savings. Additionally, a major policy shift or technological advancement could enable the department to achieve or claim the necessary savings.

Given the current information and the status quo, the likelihood of the Department of Government Efficiency claiming a total estimated savings of $200 billion by July 1, 2025, appears low. The world tends to change slowly, and without any current indication of such a claim, the probability of a "Yes" outcome is minimal.

Probability: 10%
[2025-05-31 00:03:26] INFO: === Forecast Result ===
[2025-05-31 00:03:26] INFO: URL: https://www.metaculus.com/questions/38108
[2025-05-31 00:03:26] INFO: Prediction: 0.1
[2025-05-31 00:03:26] INFO: Reasoning: (a) The time left until the outcome to the question is known is approximately one month, as the outcome will be determined on or after July 1, 2025.

(b) The status quo outcome if nothing changed is "No." Based on the current information, there is no indication that the Department of Government Efficiency (DOGE) will claim a total estimated savings of $200 billion or more by the specified date.

(c) A brief description of a scenario that results in a No outcome: The Department of Government Efficiency continues its operations as usual, without any significant breakthroughs or initiatives that lead to substantial savings. The savings claimed remain below the $200 billion threshold, consistent with past performance and projections.

(d) A brief description of a scenario that results in a Yes outcome: The Department of Government Efficiency implements a series of highly successful initiatives or discovers significant inefficiencies that lead to substantial cost savings. These efforts result in a rapid accumulation of savings, allowing the department to claim a total estimated savings of $200 billion or more by the specified date.

Given the current status quo and the lack of any significant indications of a major change in the Department of Government Efficiency's performance, the probability of the outcome being "Yes" is low. The world tends to change slowly, and without any major developments, the status quo is likely to persist.

Probability: 10%
[2025-05-31 00:03:26] INFO: === Forecast Result ===
[2025-05-31 00:03:26] INFO: URL: https://www.metaculus.com/questions/38108
[2025-05-31 00:03:26] INFO: Prediction: 0.1
[2025-05-31 00:03:26] INFO: Reasoning: (a) The time left until the outcome to the question is known is approximately one month, as the outcome will be determined on or after July 1, 2025.

(b) The status quo outcome, if nothing changed, is that the question will resolve as "No." This is based on the current information that there is no indication that the Department of Government Efficiency (DOGE) will claim a total estimated savings of $200 billion or more by the specified date.

(c) A scenario that results in a No outcome: The Department of Government Efficiency continues its operations as usual, without implementing any significant new policies or initiatives that lead to substantial savings. As a result, the total estimated savings remain below $200 billion by July 1, 2025.

(d) A scenario that results in a Yes outcome: The Department of Government Efficiency implements a series of highly effective cost-saving measures or uncovers significant areas of waste or fraud, leading to a rapid increase in estimated savings. These measures could include major reforms in government procurement, technology upgrades that reduce operational costs, or successful anti-fraud initiatives. As a result, the department claims total estimated savings of $200 billion or more by the specified date.

Given the current status quo and the lack of information suggesting any major changes or initiatives that would lead to such significant savings, the probability of the question resolving as "Yes" is low. However, it is important to consider any potential developments in the coming month that could impact the outcome.

Probability: 10%
[2025-05-31 00:03:26] INFO: === Run Summary ===
[2025-05-31 00:03:26] INFO: Total questions: 1
[2025-05-31 00:03:26] INFO: Successful research: 1
[2025-05-31 00:03:26] INFO: Failed research: 0
[2025-05-31 00:03:26] INFO: Success rate: 100.00%
