[2025-05-15 16:01:22] INFO: === Starting new forecast run (Run #1596) ===
[2025-05-15 16:01:22] INFO: Environment: GitHub Actions
[2025-05-15 16:01:22] INFO: Repository: agsheves/decis-metaculus-bot1
[2025-05-15 16:01:22] INFO: Workflow: Forecast on new AI tournament questions
[2025-05-15 16:01:22] INFO: Commit: 3c577265a3926e60cb44e4f0f37deb01400ff15d
[2025-05-15 16:01:22] INFO: === Question 1 ===
[2025-05-15 16:01:22] INFO: URL: https://www.metaculus.com/questions/37652
[2025-05-15 16:01:22] INFO: Text: Will Canadian Prime Minister Mark Carney have a higher approval rating than US President Donald Trump on July 1, 2025?
[2025-05-15 16:01:37] INFO: Research: Perplexity succeeded for https://www.metaculus.com/questions/37652
[2025-05-15 16:01:49] INFO: === Forecast Result ===
[2025-05-15 16:01:49] INFO: URL: https://www.metaculus.com/questions/37652
[2025-05-15 16:01:49] INFO: Prediction: 0.65
[2025-05-15 16:01:49] INFO: Reasoning: (a) The time left until the outcome to the question is known is approximately 1.5 months, as the outcome will be determined on or after July 1, 2025.

(b) The status quo outcome if nothing changed is likely to be "Yes," as Mark Carney appears to have positive momentum and approval in Canada, while Donald Trump seems to be facing negative perceptions, at least in Canada. However, without specific numerical approval ratings, this is an educated guess.

(c) A scenario that results in a No outcome could involve a significant political or economic event in Canada that negatively impacts Mark Carney's approval ratings. For example, if Carney's new policies or cabinet appointments are poorly received, or if there is a major scandal or crisis, his approval ratings could drop below those of Donald Trump.

(d) A scenario that results in a Yes outcome could involve continued positive reception of Mark Carney's leadership and policies in Canada, coupled with potential controversies or unpopular decisions by Donald Trump in the U.S. If Carney successfully implements popular reforms or effectively manages any challenges, his approval ratings could remain high. Meanwhile, if Trump faces criticism or backlash for his policies or actions, his approval ratings could decline.

Rationale: Given the current information, Mark Carney appears to be starting his term with positive momentum, while Donald Trump faces negative perceptions, at least in Canada. However, the lack of specific numerical approval ratings for both leaders makes it challenging to definitively predict the outcome. Nonetheless, the status quo suggests a higher probability of Carney maintaining a higher approval rating than Trump, barring any significant changes.

Probability: 65%
[2025-05-15 16:01:49] INFO: === Forecast Result ===
[2025-05-15 16:01:49] INFO: URL: https://www.metaculus.com/questions/37652
[2025-05-15 16:01:49] INFO: Prediction: 0.7
[2025-05-15 16:01:49] INFO: Reasoning: (a) The time left until the outcome to the question is known is approximately 1.5 months, as the resolution will be checked on or after July 1, 2025.

(b) The status quo outcome if nothing changed would likely be a "Yes" outcome. This is based on the current positive indicators for Mark Carney's approval ratings in Canada and the negative sentiment towards Donald Trump, at least from the perspective of Canadian views. However, without specific numerical data, this remains speculative.

(c) A scenario that results in a "No" outcome could involve a significant decline in Mark Carney's approval ratings due to unforeseen political or economic challenges in Canada. This could include a scandal, policy failure, or economic downturn that erodes public confidence in his leadership. Simultaneously, Donald Trump could experience a surge in approval ratings in the U.S. due to successful policy initiatives, a strong economy, or rallying support from his base.

(d) A scenario that results in a "Yes" outcome would involve Mark Carney maintaining or increasing his current positive approval ratings, possibly through successful policy implementations or maintaining public confidence. Concurrently, Donald Trump could face declining approval ratings due to political controversies, economic challenges, or a loss of support among key voter demographics in the U.S.

Given the current information and the tendency for the status quo to persist, the probability of Mark Carney having a higher approval rating than Donald Trump on July 1, 2025, is relatively high. However, the lack of specific numerical data introduces some uncertainty.

Probability: 70%
[2025-05-15 16:01:50] INFO: === Forecast Result ===
[2025-05-15 16:01:50] INFO: URL: https://www.metaculus.com/questions/37652
[2025-05-15 16:01:50] INFO: Prediction: 0.65
[2025-05-15 16:01:50] INFO: Reasoning: (a) The time left until the outcome to the question is known is approximately 1.5 months, as the outcome will be determined on or after July 1, 2025.

(b) The status quo outcome, based on the current information, suggests that Mark Carney is likely to have a higher approval rating than Donald Trump. Carney appears to be enjoying positive public support following his election victory, while Trump's presidency is generating negative reactions, at least in Canada. However, without specific numerical approval ratings, this remains speculative.

(c) A scenario that results in a No outcome could involve a significant decline in Mark Carney's approval rating due to unforeseen political challenges or controversies in Canada. Simultaneously, Donald Trump could experience a surge in approval in the United States, perhaps due to successful policy implementations or improved economic conditions that resonate positively with the American public.

(d) A scenario that results in a Yes outcome could involve Mark Carney maintaining or increasing his positive approval rating through effective governance and successful policy initiatives. Concurrently, Donald Trump's approval rating could decline due to political controversies, policy failures, or economic downturns in the United States.

Given the current status quo and the information available, it seems more likely that Mark Carney will have a higher approval rating than Donald Trump on July 1, 2025. However, without specific numerical data, there is still some uncertainty.

Probability: 65%
[2025-05-15 16:01:50] INFO: === Forecast Result ===
[2025-05-15 16:01:50] INFO: URL: https://www.metaculus.com/questions/37652
[2025-05-15 16:01:50] INFO: Prediction: 0.65
[2025-05-15 16:01:50] INFO: Reasoning: (a) The time left until the outcome of the question is known is approximately 1.5 months, as the resolution will be checked on or after July 1, 2025.

(b) The status quo outcome, based on the current information, suggests that Mark Carney is likely to have a higher approval rating than Donald Trump. Carney is starting his term with positive momentum and enjoys cross-partisan support in Canada, while Trump appears to be unpopular, at least in the Canadian context. However, without specific numerical approval ratings for both leaders, this is an assumption rather than a certainty.

(c) A scenario that results in a No outcome could involve a significant decline in Mark Carney's approval rating due to unforeseen political challenges or scandals in Canada, combined with an increase in Donald Trump's approval rating in the United States. For example, if Carney's new policies face strong public backlash or if there are economic downturns, his approval could drop. Simultaneously, if Trump successfully implements popular policies or navigates international crises effectively, his approval rating could rise.

(d) A scenario that results in a Yes outcome would involve Mark Carney maintaining or increasing his current positive approval rating, while Donald Trump's approval rating remains low or decreases further. Carney could continue to enjoy public support by effectively managing domestic issues and maintaining a strong, positive relationship with the Canadian public. Meanwhile, if Trump faces significant political challenges, controversies, or economic issues that negatively impact his approval rating, this would further solidify a Yes outcome.

Given the current status quo and the information available, it seems more likely that Mark Carney will have a higher approval rating than Donald Trump on July 1, 2025. However, the lack of specific numerical data introduces uncertainty.

Probability: 65%
[2025-05-15 16:01:51] INFO: === Forecast Result ===
[2025-05-15 16:01:51] INFO: URL: https://www.metaculus.com/questions/37652
[2025-05-15 16:01:51] INFO: Prediction: 0.65
[2025-05-15 16:01:51] INFO: Reasoning: (a) The time left until the outcome to the question is known is approximately 1.5 months, as the outcome will be determined on or after July 1, 2025.

(b) The status quo outcome if nothing changed would likely be "Yes," as Mark Carney appears to have positive public support in Canada, while Donald Trump seems to be generating negative reactions, at least in Canada. However, without specific numerical approval ratings for both leaders, this is speculative.

(c) A scenario that results in a No outcome could involve a significant political or economic event that negatively impacts Mark Carney's approval ratings in Canada. For example, if Carney's new policies or cabinet appointments lead to public dissatisfaction or if an unforeseen scandal emerges, his approval ratings could drop below those of Donald Trump. Conversely, if Trump manages to implement popular policies or successfully navigates a crisis, his approval ratings in the US could improve, surpassing Carney's.

(d) A scenario that results in a Yes outcome would involve Mark Carney maintaining or increasing his current positive momentum in Canada. This could be achieved through successful policy implementations, effective leadership, and maintaining public trust. Meanwhile, if Donald Trump continues to face negative perceptions, either due to controversial policies or public dissatisfaction, his approval ratings could remain low or decrease further.

Given the current information, the status quo suggests that Mark Carney is more likely to have a higher approval rating than Donald Trump. However, without specific numerical data, there is still uncertainty. Considering the slow pace of change in political approval ratings and the positive indicators for Carney, the probability leans towards a Yes outcome.

Probability: 65%
[2025-05-15 16:01:51] INFO: === Run Summary ===
[2025-05-15 16:01:51] INFO: Total questions: 1
[2025-05-15 16:01:51] INFO: Successful research: 1
[2025-05-15 16:01:51] INFO: Failed research: 0
[2025-05-15 16:01:51] INFO: Success rate: 100.00%
