[2025-05-29 06:01:25] INFO: === Starting new forecast run (Run #2233) ===
[2025-05-29 06:01:25] INFO: Environment: GitHub Actions
[2025-05-29 06:01:25] INFO: Repository: agsheves/decis-metaculus-bot1
[2025-05-29 06:01:25] INFO: Workflow: Forecast on new AI tournament questions
[2025-05-29 06:01:25] INFO: Commit: 58966592df31ab8fea78c78f8cdddb7ff05f63e4
[2025-05-29 06:01:25] INFO: === Question 1 ===
[2025-05-29 06:01:25] INFO: URL: https://www.metaculus.com/questions/38087
[2025-05-29 06:01:25] INFO: Text: Will Amani Golugwa be released from custody before July 1, 2025?
[2025-05-29 06:01:37] INFO: Research: Perplexity succeeded for https://www.metaculus.com/questions/38087
[2025-05-29 06:01:42] INFO: === Forecast Result ===
[2025-05-29 06:01:42] INFO: URL: https://www.metaculus.com/questions/38087
[2025-05-29 06:01:42] INFO: Prediction: 0.2
[2025-05-29 06:01:42] INFO: Reasoning: (a) The time left until the outcome to the question is known is approximately one month, as the deadline is July 1, 2025.

(b) The status quo outcome if nothing changed is No, as Amani Golugwa has not been released from custody as of May 29, 2025, and there are no indications of an impending release.

(c) A scenario that results in a No outcome would involve the Tanzanian government maintaining its current stance and continuing to detain Amani Golugwa. The government might ignore international pressure and criticism, focusing instead on suppressing opposition figures to secure a favorable outcome in the upcoming October 2025 elections. Legal challenges or diplomatic efforts to secure his release could fail or be delayed beyond the July 1, 2025 deadline.

(d) A scenario that results in a Yes outcome would involve a significant shift in the political landscape or international pressure leading to Amani Golugwa's release. This could occur if international organizations or foreign governments apply substantial diplomatic pressure or impose sanctions, compelling the Tanzanian government to release him to avoid further international isolation. Alternatively, a successful legal challenge or negotiation could result in his release before the deadline.

Given the current situation, the status quo outcome is more likely, as political situations often change slowly, and there is no immediate indication of a shift that would lead to his release. However, the possibility of international intervention or a legal breakthrough cannot be entirely discounted.

Probability: 20%
[2025-05-29 06:01:43] INFO: === Forecast Result ===
[2025-05-29 06:01:43] INFO: URL: https://www.metaculus.com/questions/38087
[2025-05-29 06:01:43] INFO: Prediction: 0.2
[2025-05-29 06:01:43] INFO: Reasoning: (a) The time left until the outcome to the question is known is approximately one month, as the deadline is July 1, 2025, and today is May 29, 2025.

(b) The status quo outcome if nothing changed would be No, as Amani Golugwa has not been released from custody as of the current date, and there is no indication of an imminent release.

(c) A scenario that results in a No outcome would involve the Tanzanian government maintaining its current stance of detaining opposition figures, including Amani Golugwa, as part of its strategy to suppress political dissent ahead of the October 2025 elections. Despite international condemnation, the government may continue to prioritize political control over responding to external pressure, resulting in Golugwa remaining in custody past July 1, 2025.

(d) A scenario that results in a Yes outcome would involve successful diplomatic interventions or legal challenges that lead to Amani Golugwa's release. This could occur if international pressure intensifies, leading to negotiations that result in his release as a gesture to improve Tanzania's international standing or to de-escalate domestic tensions. Alternatively, a court ruling in favor of Golugwa's release could occur if legal proceedings advance quickly and favorably for him.

Given the current political climate and the lack of indications that Golugwa's release is forthcoming, the status quo outcome of No is more likely. However, considering the potential for rapid changes due to international pressure or legal developments, there remains a possibility for a Yes outcome.

Probability: 20%
[2025-05-29 06:01:43] INFO: === Forecast Result ===
[2025-05-29 06:01:43] INFO: URL: https://www.metaculus.com/questions/38087
[2025-05-29 06:01:43] INFO: Prediction: 0.8
[2025-05-29 06:01:43] INFO: Reasoning: (a) The time left until the outcome to the question is known is approximately one month, as the deadline is July 1, 2025, and today is May 29, 2025.

(b) The status quo outcome, if nothing changed, would be No—Amani Golugwa has not been released from custody before July 1, 2025.

(c) A scenario that results in a No outcome: The Tanzanian government maintains its current stance and continues to detain Amani Golugwa as part of its broader strategy to suppress opposition activities ahead of the October 2025 elections. Despite international condemnation and pressure, there are no significant legal or diplomatic breakthroughs, and Golugwa remains in custody past July 1, 2025.

(d) A scenario that results in a Yes outcome: International pressure and diplomatic efforts intensify, leading to negotiations between the Tanzanian government and international bodies. As a result, the government decides to release Amani Golugwa as a gesture to ease political tensions and improve its international standing. This release occurs before the July 1, 2025, deadline.

Rationale: Given the current political climate in Tanzania, with the government appearing to crack down on opposition figures ahead of the elections, the status quo suggests a low likelihood of Golugwa's release before the deadline. The government's actions seem to be part of a broader strategy, and there is no indication of a change in policy or approach. While international pressure could potentially lead to his release, such outcomes typically take time and are uncertain. Therefore, the probability of a No outcome is higher.

Probability: 80%
[2025-05-29 06:01:43] INFO: === Forecast Result ===
[2025-05-29 06:01:43] INFO: URL: https://www.metaculus.com/questions/38087
[2025-05-29 06:01:43] INFO: Prediction: 0.2
[2025-05-29 06:01:43] INFO: Reasoning: (a) The time left until the outcome to the question is known is approximately one month, as the deadline is July 1, 2025, and today is May 29, 2025.

(b) The status quo outcome if nothing changed would be No, as Amani Golugwa has not been released from custody as of May 29, 2025.

(c) A scenario that results in a No outcome could involve the Tanzanian government maintaining its current stance on suppressing opposition figures, particularly in the lead-up to the October 2025 elections. The government might continue to detain Golugwa as a means of weakening CHADEMA's influence and preventing any potential political mobilization or international advocacy that could arise from his release. Additionally, any legal or diplomatic efforts to secure his release might fail to gain traction or be effectively countered by the government.

(d) A scenario that results in a Yes outcome could involve increased international pressure and diplomatic efforts that lead to a breakthrough in negotiations for Golugwa's release. This could happen if key international actors or organizations, such as the International Democracy Union or influential foreign governments, apply significant pressure on the Tanzanian government, possibly threatening sanctions or other diplomatic consequences. Additionally, a change in the domestic political climate, such as a shift in public opinion or internal political maneuvering, could lead to a decision to release Golugwa as a gesture of goodwill or to alleviate international criticism.

Given the current status quo and the historical tendency for political situations to change slowly, the likelihood of Golugwa being released before July 1, 2025, seems low. However, the possibility of international intervention or unexpected political developments cannot be entirely ruled out.

Probability: 20%
[2025-05-29 06:01:45] INFO: === Forecast Result ===
[2025-05-29 06:01:45] INFO: URL: https://www.metaculus.com/questions/38087
[2025-05-29 06:01:45] INFO: Prediction: 0.2
[2025-05-29 06:01:45] INFO: Reasoning: (a) The time left until the outcome to the question is known is approximately one month, as the deadline is July 1, 2025, and today is May 29, 2025.

(b) The status quo outcome if nothing changed is No, as Amani Golugwa has not been released from custody, and there are no indications of imminent release.

(c) A scenario that results in a No outcome could involve the Tanzanian government maintaining its current stance of detaining opposition figures to suppress political dissent ahead of the October 2025 elections. The government might continue to ignore international pressure and condemnation, and legal or diplomatic efforts to secure Golugwa's release could remain unsuccessful.

(d) A scenario that results in a Yes outcome could involve significant international diplomatic pressure or intervention, leading to a change in the Tanzanian government's approach. This could be due to increased international media coverage, sanctions, or negotiations that result in Golugwa's release as a gesture to ease tensions or improve Tanzania's international standing.

Rationale: Given the current political climate in Tanzania and the government's apparent strategy of suppressing opposition figures ahead of the elections, the status quo outcome is likely to persist. The lack of any current indications of a shift in the government's stance or successful diplomatic efforts suggests that the probability of Golugwa's release before July 1, 2025, is low. However, the possibility of international intervention or unforeseen political changes cannot be entirely ruled out, although such scenarios are less likely within the short time frame remaining.

Probability: 20%
[2025-05-29 06:01:45] INFO: === Run Summary ===
[2025-05-29 06:01:45] INFO: Total questions: 1
[2025-05-29 06:01:45] INFO: Successful research: 1
[2025-05-29 06:01:45] INFO: Failed research: 0
[2025-05-29 06:01:45] INFO: Success rate: 100.00%
