[2025-05-27 02:13:36] INFO: === Starting new forecast run (Run #2131) ===
[2025-05-27 02:13:36] INFO: Environment: GitHub Actions
[2025-05-27 02:13:36] INFO: Repository: agsheves/decis-metaculus-bot1
[2025-05-27 02:13:36] INFO: Workflow: Forecast on new AI tournament questions
[2025-05-27 02:13:36] INFO: Commit: da7405e0a5ed1ce259fea09fde136133a48ad2c9
[2025-05-27 02:13:36] INFO: === Question 1 ===
[2025-05-27 02:13:36] INFO: URL: https://www.metaculus.com/questions/38063
[2025-05-27 02:13:36] INFO: Text: What will be the 30-year fixed-rate mortgage average in the US for June 12, 2025?
[2025-05-27 02:13:51] INFO: Research: Perplexity succeeded for https://www.metaculus.com/questions/38063
[2025-05-27 02:13:57] INFO: === Forecast Result ===
[2025-05-27 02:13:57] INFO: URL: https://www.metaculus.com/questions/38063
[2025-05-27 02:13:57] INFO: Prediction: [Percentile(value=6.7, percentile=0.1), Percentile(value=6.8, percentile=0.2), Percentile(value=6.95, percentile=0.4), Percentile(value=7.05, percentile=0.6), Percentile(value=7.15, percentile=0.8), Percentile(value=7.3, percentile=0.9)]
[2025-05-27 02:13:57] INFO: Reasoning: (a) The time left until the outcome to the question is known is approximately 16 days, from May 27, 2025, to June 12, 2025.

(b) The outcome if nothing changed would be the current average rate of 6.96%.

(c) The outcome if the current trend continued, with an increase of 7–8 basis points per week, could result in a rate of approximately 7.10% by June 12, 2025.

(d) The expectations of experts and markets are mixed. While Trading Economics projects a possible decline to 6.65% by the end of Q2 2025, the general trend has been upward, and no immediate rate cuts by the Federal Reserve have been announced.

(e) An unexpected scenario that results in a low outcome could involve a significant and rapid decrease in inflation, prompting the Federal Reserve to announce an unexpected rate cut, leading to a decrease in mortgage rates.

(f) An unexpected scenario that results in a high outcome could involve a sudden economic shock, such as geopolitical tensions or a financial crisis, leading to increased risk premiums and a sharp rise in mortgage rates.

Given the current information and uncertainties, my final answer is:

```
Percentile 10: 6.70
Percentile 20: 6.80
Percentile 40: 6.95
Percentile 60: 7.05
Percentile 80: 7.15
Percentile 90: 7.30
```
[2025-05-27 02:13:57] INFO: === Forecast Result ===
[2025-05-27 02:13:57] INFO: URL: https://www.metaculus.com/questions/38063
[2025-05-27 02:13:57] INFO: Prediction: [Percentile(value=6.65, percentile=0.1), Percentile(value=6.75, percentile=0.2), Percentile(value=6.9, percentile=0.4), Percentile(value=7.05, percentile=0.6), Percentile(value=7.15, percentile=0.8), Percentile(value=7.25, percentile=0.9)]
[2025-05-27 02:13:57] INFO: Reasoning: (a) The time left until the outcome to the question is known is approximately 16 days, as today is May 27, 2025, and the question pertains to June 12, 2025.

(b) The outcome if nothing changed would be the current average rate of 6.96%.

(c) The outcome if the current trend continued, with an increase of 7–8 basis points per week, would suggest a rate of approximately 7.10% to 7.12% by June 12, 2025.

(d) The expectations of experts and markets vary. While some forecasts, like Trading Economics, project a possible decline to 6.65% by the end of Q2 2025, the current trend and market commentary suggest a slight upward pressure due to inflation concerns and the recent U.S. debt downgrade.

(e) An unexpected scenario that results in a low outcome could involve a sudden and significant decrease in inflation, prompting the Federal Reserve to cut rates sooner than anticipated, leading to a rapid decline in mortgage rates.

(f) An unexpected scenario that results in a high outcome could involve a geopolitical event or financial crisis that causes a surge in inflation expectations or risk premiums, leading to a sharp increase in mortgage rates.

Given these considerations, I will set a wide 90/10 confidence interval to account for unknown unknowns.

"
Percentile 10: 6.65
Percentile 20: 6.75
Percentile 40: 6.90
Percentile 60: 7.05
Percentile 80: 7.15
Percentile 90: 7.25
"
[2025-05-27 02:13:57] INFO: === Forecast Result ===
[2025-05-27 02:13:57] INFO: URL: https://www.metaculus.com/questions/38063
[2025-05-27 02:13:57] INFO: Prediction: [Percentile(value=6.7, percentile=0.1), Percentile(value=6.8, percentile=0.2), Percentile(value=6.9, percentile=0.4), Percentile(value=7.0, percentile=0.6), Percentile(value=7.1, percentile=0.8), Percentile(value=7.2, percentile=0.9)]
[2025-05-27 02:13:57] INFO: Reasoning: (a) The time left until the outcome to the question is known is approximately 16 days, as today is May 27, 2025, and the question asks for the rate on June 12, 2025.

(b) The outcome if nothing changed would be the current average rate of 6.96%.

(c) The outcome if the current trend continued, assuming a steady increase of 7–8 basis points per week, could result in a rate of approximately 7.03% to 7.04% by June 12, 2025.

(d) The expectations of experts and markets are mixed. While some forecasts, like that from Trading Economics, suggest a possible decline to 6.65% by the end of Q2 2025, the current trend and recent news suggest upward pressure. The Federal Reserve's decision to hold rates steady and the recent U.S. debt downgrade contribute to this upward pressure.

(e) A brief description of an unexpected scenario that results in a low outcome could involve a significant and unexpected drop in inflation, prompting the Federal Reserve to cut rates sooner than anticipated, leading to a decrease in mortgage rates.

(f) A brief description of an unexpected scenario that results in a high outcome could involve a sudden geopolitical event or economic shock that increases uncertainty and risk, causing a flight to safety and pushing mortgage rates higher due to increased demand for safer assets.

Final Answer:
"
Percentile 10: 6.70
Percentile 20: 6.80
Percentile 40: 6.90
Percentile 60: 7.00
Percentile 80: 7.10
Percentile 90: 7.20
"
[2025-05-27 02:13:57] INFO: === Forecast Result ===
[2025-05-27 02:13:57] INFO: URL: https://www.metaculus.com/questions/38063
[2025-05-27 02:13:57] INFO: Prediction: [Percentile(value=6.65, percentile=0.1), Percentile(value=6.75, percentile=0.2), Percentile(value=6.9, percentile=0.4), Percentile(value=7.0, percentile=0.6), Percentile(value=7.1, percentile=0.8), Percentile(value=7.2, percentile=0.9)]
[2025-05-27 02:13:57] INFO: Reasoning: (a) The time left until the outcome to the question is known is approximately 16 days, as today is May 27, 2025, and the question resolves on June 12, 2025.

(b) The outcome if nothing changed would be 6.96%, which is the current average 30-year fixed-rate mortgage as of May 23, 2025.

(c) The outcome if the current trend continued, considering the recent upward trend of 7–8 basis points over the past week, could result in a rate of approximately 7.03% to 7.04% by June 12, 2025.

(d) The expectations of experts and markets are mixed. While some forecasts, like Trading Economics, suggest a potential decline to 6.65% by the end of Q2 2025, the current trend and market conditions indicate a slight upward pressure on rates. The Federal Reserve's stance on interest rates and inflation will be key factors influencing these expectations.

(e) A brief description of an unexpected scenario that results in a low outcome could be a sudden and significant decrease in inflation, prompting the Federal Reserve to announce an unexpected rate cut, leading to a rapid decrease in mortgage rates.

(f) A brief description of an unexpected scenario that results in a high outcome could be a geopolitical event or financial crisis that leads to increased market volatility and risk aversion, causing a spike in mortgage rates due to heightened uncertainty and demand for safer investments.

Final Answer:
```
Percentile 10: 6.65
Percentile 20: 6.75
Percentile 40: 6.90
Percentile 60: 7.00
Percentile 80: 7.10
Percentile 90: 7.20
```
[2025-05-27 02:14:00] INFO: === Forecast Result ===
[2025-05-27 02:14:00] INFO: URL: https://www.metaculus.com/questions/38063
[2025-05-27 02:14:00] INFO: Prediction: [Percentile(value=6.7, percentile=0.1), Percentile(value=6.8, percentile=0.2), Percentile(value=6.9, percentile=0.4), Percentile(value=7.0, percentile=0.6), Percentile(value=7.1, percentile=0.8), Percentile(value=7.2, percentile=0.9)]
[2025-05-27 02:14:00] INFO: Reasoning: (a) The time left until the outcome to the question is known: Approximately 16 days, as today is May 27, 2025, and the question resolves on June 12, 2025.

(b) The outcome if nothing changed: If the current average rate of 6.96% remains unchanged, the rate for June 12, 2025, would be 6.96%.

(c) The outcome if the current trend continued: The rate has been increasing by 7–8 basis points per week. If this trend continues for the next two weeks, the rate could increase by approximately 14–16 basis points, resulting in a rate of around 7.10% to 7.12%.

(d) The expectations of experts and markets: Trading Economics projects a possible decline to 6.65% by the end of Q2 2025, although this is a forecast and not a current rate. The Federal Reserve has held rates steady, and there is potential for rate cuts if inflation continues to cool, which could lead to a decrease in mortgage rates.

(e) A brief description of an unexpected scenario that results in a low outcome: If inflation data released in early June shows a significant decrease, the Federal Reserve might signal or implement a rate cut sooner than expected, leading to a rapid decline in mortgage rates to around 6.70% or lower.

(f) A brief description of an unexpected scenario that results in a high outcome: If geopolitical tensions or a major economic event causes market instability, investors might demand higher yields on mortgage-backed securities, pushing the mortgage rate up to around 7.30% or higher.

Final Answer:
"
Percentile 10: 6.70
Percentile 20: 6.80
Percentile 40: 6.90
Percentile 60: 7.00
Percentile 80: 7.10
Percentile 90: 7.20
"
[2025-05-27 02:14:00] INFO: === Run Summary ===
[2025-05-27 02:14:00] INFO: Total questions: 1
[2025-05-27 02:14:00] INFO: Successful research: 1
[2025-05-27 02:14:00] INFO: Failed research: 0
[2025-05-27 02:14:00] INFO: Success rate: 100.00%
