[2025-06-04 22:01:08] INFO: === Starting new forecast run (Run #2545) ===
[2025-06-04 22:01:08] INFO: Environment: GitHub Actions
[2025-06-04 22:01:08] INFO: Repository: agsheves/decis-metaculus-bot1
[2025-06-04 22:01:08] INFO: Workflow: Forecast on new AI tournament questions
[2025-06-04 22:01:08] INFO: Commit: ebcbdf2cfd417cf9bcafe17877edfae80d696a4f
[2025-06-04 22:01:08] INFO: === Question 1 ===
[2025-06-04 22:01:08] INFO: URL: https://www.metaculus.com/questions/38324
[2025-06-04 22:01:08] INFO: Text: Will the US national debt be greater than $37 trillion on June 27, 2025?
[2025-06-04 22:01:23] INFO: Research: Perplexity succeeded for https://www.metaculus.com/questions/38324
[2025-06-04 22:01:31] INFO: === Forecast Result ===
[2025-06-04 22:01:31] INFO: URL: https://www.metaculus.com/questions/38324
[2025-06-04 22:01:31] INFO: Prediction: 0.2
[2025-06-04 22:01:31] INFO: Reasoning: (a) The time left until the outcome to the question is known is 23 days, as today is June 4, 2025, and the question's outcome will be determined on June 27, 2025.

(b) The status quo outcome if nothing changed is "No," meaning the US national debt will not be greater than $37 trillion on June 27, 2025. This is based on the current debt level of $36.21 trillion and the constraints imposed by the debt ceiling, which is set at $36.1 trillion.

(c) A scenario that results in a No outcome is one where Congress does not raise the debt ceiling before June 27, 2025. The US Treasury continues to use extraordinary measures to manage government obligations, but these measures are insufficient to allow the debt to exceed $37 trillion by the specified date.

(d) A scenario that results in a Yes outcome involves Congress raising the debt ceiling before June 27, 2025. This legislative action would allow the Treasury to increase borrowing significantly, potentially leading to a rapid rise in the national debt that surpasses $37 trillion by the specified date.

Given the current constraints and the typical slow pace of legislative action, the status quo outcome is more likely. The debt ceiling is a significant barrier, and while it is possible for Congress to act swiftly, historical patterns suggest that such actions often occur closer to critical deadlines. Therefore, the probability of the debt exceeding $37 trillion by June 27, 2025, remains low unless there is an unexpected and immediate change in the debt limit.

Probability: 20%
[2025-06-04 22:01:31] INFO: === Forecast Result ===
[2025-06-04 22:01:31] INFO: URL: https://www.metaculus.com/questions/38324
[2025-06-04 22:01:31] INFO: Prediction: 0.2
[2025-06-04 22:01:31] INFO: Reasoning: (a) The time left until the outcome to the question is known is 23 days, as today is June 4, 2025, and the outcome will be determined on June 27, 2025.

(b) The status quo outcome if nothing changed is "No," meaning the US national debt will not be greater than $37 trillion on June 27, 2025. This is based on the current debt level of $36.21 trillion and the constraints imposed by the debt ceiling, which is set at $36.1 trillion.

(c) A scenario that results in a No outcome is one where Congress does not raise the debt ceiling before June 27, 2025. In this case, the US Treasury would continue to operate under extraordinary measures, preventing the national debt from increasing significantly beyond its current level.

(d) A scenario that results in a Yes outcome is one where Congress acts swiftly to raise the debt ceiling in early June 2025, allowing the Treasury to resume normal borrowing activities. This would enable a rapid increase in the national debt, potentially surpassing $37 trillion by June 27, 2025, if the borrowing pace accelerates significantly.

Rationale: Given the current information, the status quo suggests a "No" outcome, as the debt ceiling is a significant constraint on further debt accumulation. While it is possible for Congress to raise the debt ceiling, historical patterns indicate that such actions often occur close to the deadline, and the time frame is quite tight. Therefore, the likelihood of the debt surpassing $37 trillion by June 27, 2025, remains low unless there is an unexpected and rapid legislative action.

Probability: 20%
[2025-06-04 22:01:32] INFO: === Forecast Result ===
[2025-06-04 22:01:32] INFO: URL: https://www.metaculus.com/questions/38324
[2025-06-04 22:01:32] INFO: Prediction: 0.2
[2025-06-04 22:01:32] INFO: Reasoning: (a) The time left until the outcome to the question is known is 23 days, as the date today is June 4, 2025, and the question's outcome is determined on June 27, 2025.

(b) The status quo outcome if nothing changed would be "No," as the current debt level is $36.21 trillion, and the debt ceiling is in place, preventing significant increases in the national debt until Congress acts to raise the limit.

(c) A brief description of a scenario that results in a No outcome: Congress does not raise the debt ceiling before June 27, 2025, and the US Treasury continues to operate under extraordinary measures. As a result, the national debt remains below $37 trillion due to the constraints imposed by the debt ceiling.

(d) A brief description of a scenario that results in a Yes outcome: Congress acts swiftly to raise the debt ceiling in early June 2025, allowing the Treasury to resume normal borrowing. This leads to a rapid increase in the national debt, surpassing $37 trillion by June 27, 2025, due to increased government spending and borrowing.

Rationale: Given the current status of the national debt and the constraints imposed by the debt ceiling, the status quo suggests that the debt will not exceed $37 trillion by June 27, 2025. The likelihood of Congress raising the debt ceiling and the Treasury increasing borrowing significantly within the next 23 days is uncertain. Historically, debt ceiling negotiations can be protracted, and even if an agreement is reached, the increase in debt might not be immediate enough to surpass the $37 trillion mark by the specified date. Therefore, the probability of the debt exceeding $37 trillion by June 27, 2025, is relatively low, but not impossible if legislative action occurs swiftly.

Final Answer: "Probability: 20%"
[2025-06-04 22:01:32] INFO: === Forecast Result ===
[2025-06-04 22:01:32] INFO: URL: https://www.metaculus.com/questions/38324
[2025-06-04 22:01:32] INFO: Prediction: 0.2
[2025-06-04 22:01:32] INFO: Reasoning: (a) The time left until the outcome to the question is known is 23 days, as the date today is June 4, 2025, and the question's outcome will be determined on June 27, 2025.

(b) The status quo outcome if nothing changed is that the US national debt will not be greater than $37 trillion by June 27, 2025. This is because the debt ceiling currently limits the debt to $36.1 trillion, and extraordinary measures are being used to manage obligations without breaching this limit.

(c) A brief description of a scenario that results in a No outcome: Congress does not raise the debt ceiling before June 27, 2025, and the US Treasury continues to use extraordinary measures to manage the national debt. As a result, the debt remains below $37 trillion on the specified date.

(d) A brief description of a scenario that results in a Yes outcome: Congress acts swiftly to raise the debt ceiling in early June 2025, allowing the US Treasury to resume borrowing at a rapid pace. This legislative action, combined with an immediate increase in borrowing, results in the national debt surpassing $37 trillion by June 27, 2025.

Rationale: The status quo scenario suggests a "No" outcome, as the debt ceiling currently restricts further increases in the national debt. Historically, legislative action to raise the debt ceiling often occurs close to the "X-Date," but given the short time frame, it is less likely that both the ceiling will be raised and borrowing will increase sufficiently to surpass $37 trillion by June 27, 2025. While unexpected political developments could change this, the world tends to change slowly, and the status quo is a strong indicator.

Final Answer: "Probability: 20%"
[2025-06-04 22:01:34] INFO: === Forecast Result ===
[2025-06-04 22:01:34] INFO: URL: https://www.metaculus.com/questions/38324
[2025-06-04 22:01:34] INFO: Prediction: 0.2
[2025-06-04 22:01:34] INFO: Reasoning: (a) The time left until the outcome to the question is known is 23 days, as the question's outcome will be determined on June 27, 2025.

(b) The status quo outcome if nothing changed is that the US national debt will not be greater than $37 trillion by June 27, 2025. This conclusion is based on the current debt ceiling of $36.1 trillion and the use of extraordinary measures, which are projected to be exhausted between June and August 2025. Without an increase in the debt ceiling, the debt cannot legally rise above this limit.

(c) A brief description of a scenario that results in a No outcome: Congress does not raise the debt ceiling before June 27, 2025, and the US Treasury continues to rely on extraordinary measures to meet its obligations. These measures are sufficient to prevent a default but do not allow the debt to increase beyond the current ceiling. As a result, the national debt remains below $37 trillion on the specified date.

(d) A brief description of a scenario that results in a Yes outcome: Congress acts swiftly to raise the debt ceiling before June 27, 2025. Following the increase, the US Treasury rapidly increases borrowing to cover existing obligations and new expenditures, resulting in a significant and immediate rise in the national debt. This rapid increase pushes the total debt above $37 trillion by the specified date.

Rationale: Given the current status of the debt ceiling and the reliance on extraordinary measures, the status quo strongly suggests a "No" outcome. The debt ceiling is a significant legal barrier that prevents the debt from increasing beyond the current limit. While it is possible for Congress to raise the ceiling, legislative action often takes time, and the debt would need to increase rapidly to surpass $37 trillion by June 27, 2025. Therefore, the probability of a "Yes" outcome is lower unless there is unexpected and swift legislative action.

Probability: 20%
[2025-06-04 22:01:34] INFO: === Run Summary ===
[2025-06-04 22:01:34] INFO: Total questions: 1
[2025-06-04 22:01:34] INFO: Successful research: 1
[2025-06-04 22:01:34] INFO: Failed research: 0
[2025-06-04 22:01:34] INFO: Success rate: 100.00%
