[2025-05-23 10:01:14] INFO: === Starting new forecast run (Run #1960) ===
[2025-05-23 10:01:14] INFO: Environment: GitHub Actions
[2025-05-23 10:01:14] INFO: Repository: agsheves/decis-metaculus-bot1
[2025-05-23 10:01:14] INFO: Workflow: Forecast on new AI tournament questions
[2025-05-23 10:01:14] INFO: Commit: d5221aa4d181b8deca9651635deb7fe7da71b748
[2025-05-23 10:01:14] INFO: === Question 1 ===
[2025-05-23 10:01:14] INFO: URL: https://www.metaculus.com/questions/37839
[2025-05-23 10:01:14] INFO: Text: How many of the 822 "critical" leadership roles in the executive branch will have been confirmed at the beginning of July 2025?
[2025-05-23 10:01:27] INFO: Research: Perplexity succeeded for https://www.metaculus.com/questions/37839
[2025-05-23 10:01:38] INFO: === Forecast Result ===
[2025-05-23 10:01:38] INFO: URL: https://www.metaculus.com/questions/37839
[2025-05-23 10:01:38] INFO: Prediction: predicted_options=[PredictedOption(option_name='68-79', probability=0.4), PredictedOption(option_name='80-89', probability=0.3), PredictedOption(option_name='90-99', probability=0.15), PredictedOption(option_name='100-109', probability=0.1), PredictedOption(option_name='≥110', probability=0.05)]
[2025-05-23 10:01:38] INFO: Reasoning: (a) **The time left until the outcome to the question is known:**  
There are approximately 1 month and 7 days left until the beginning of July 2025.

(b) **The status quo outcome if nothing changed:**  
As of May 23, 2025, only 13 of the 822 critical leadership roles have been confirmed. If the current pace of confirmations continues without significant acceleration, the number of confirmed positions would remain low, likely below 68, which is not an option provided. However, given the historical context and the typical pace of confirmations, it's reasonable to expect some increase in confirmations over the next month. Therefore, the status quo outcome, assuming a modest increase in confirmations, might fall in the '68-79' range.

(c) **A description of a scenario that results in an unexpected outcome:**  
An unexpected outcome could occur if there is a significant acceleration in the confirmation process. This could happen if the Senate prioritizes confirmations due to political pressure, a strategic decision by the administration, or a change in Senate rules that expedites the process. Additionally, if there is a resolution to any procedural hurdles or political gridlock, this could lead to a rapid increase in the number of confirmed positions. Such a scenario could push the number of confirmations into the '≥110' range.

**Rationale:**  
Given the historical context and current pace, it's reasonable to expect some increase in the number of confirmed positions by July 2025. However, the pace of confirmations has been slow, and significant acceleration is unlikely without major changes in the political or procedural landscape. Therefore, while the status quo suggests a low number of confirmations, it's important to account for the possibility of unexpected changes that could increase the pace.

**Final Probabilities:**
- Option_68-79: 40%
- Option_80-89: 30%
- Option_90-99: 15%
- Option_100-109: 10%
- Option_≥110: 5%
[2025-05-23 10:01:38] INFO: === Forecast Result ===
[2025-05-23 10:01:38] INFO: URL: https://www.metaculus.com/questions/37839
[2025-05-23 10:01:38] INFO: Prediction: predicted_options=[PredictedOption(option_name='68-79', probability=0.4), PredictedOption(option_name='80-89', probability=0.3), PredictedOption(option_name='90-99', probability=0.15), PredictedOption(option_name='100-109', probability=0.1), PredictedOption(option_name='≥110', probability=0.05)]
[2025-05-23 10:01:38] INFO: Reasoning: (a) The time left until the outcome to the question is known is approximately 1 month and 1 week, as today is May 23, 2025, and the outcome will be assessed at the beginning of July 2025.

(b) The status quo outcome if nothing changed would be that only the 13 confirmed positions remain confirmed, as this is the current number of confirmed positions as of May 23, 2025.

(c) A scenario that results in an unexpected outcome could involve a sudden acceleration in the confirmation process. This could happen if the Senate decides to prioritize confirmations due to political pressure or strategic considerations, leading to a significant increase in the number of confirmed positions. For example, if the Senate leadership decides to fast-track confirmations to ensure that key positions are filled before the summer recess, this could lead to a higher number of confirmations than currently anticipated.

Rationale:

1. **Status Quo Bias**: Given that only 13 positions have been confirmed by late May 2025, and considering the historical context of slow confirmations during the early months of administrations, it is reasonable to put significant weight on the lower ranges of confirmed positions. The world tends to change slowly, and without any indication of a major shift in Senate procedures or priorities, the pace of confirmations may remain relatively slow.

2. **Historical Context**: Previous administrations have faced procedural hurdles that slowed down the confirmation process. While the Trump administration has been efficient in nominating candidates, the actual confirmation process involves multiple steps and potential delays.

3. **Uncertainty and Unexpected Outcomes**: While the status quo suggests a lower number of confirmations, it is important to account for potential changes in the political landscape or Senate priorities that could accelerate the process. Unexpected events, such as a political deal or a change in Senate rules, could lead to a higher number of confirmations.

Final Probabilities:

Option_68-79: 40%  
Option_80-89: 30%  
Option_90-99: 15%  
Option_100-109: 10%  
Option_≥110: 5%  
[2025-05-23 10:01:38] INFO: === Forecast Result ===
[2025-05-23 10:01:38] INFO: URL: https://www.metaculus.com/questions/37839
[2025-05-23 10:01:38] INFO: Prediction: predicted_options=[PredictedOption(option_name='68-79', probability=0.05), PredictedOption(option_name='80-89', probability=0.15), PredictedOption(option_name='90-99', probability=0.3), PredictedOption(option_name='100-109', probability=0.35), PredictedOption(option_name='≥110', probability=0.15)]
[2025-05-23 10:01:38] INFO: Reasoning: (a) The time left until the outcome to the question is known is approximately 1 month and 1 week, as today is May 23, 2025, and the outcome will be known at the beginning of July 2025.

(b) The status quo outcome if nothing changed would be that only the 13 confirmed positions documented as of May 23, 2025, remain confirmed. However, it is highly unlikely that no additional confirmations will occur in the remaining time, given the historical pace of confirmations and the ongoing efforts of the administration.

(c) A scenario that results in an unexpected outcome could involve a significant acceleration in the confirmation process. This could happen if the Senate prioritizes confirmations due to political pressure, a strategic decision by the administration, or a reduction in procedural hurdles. Such a scenario could lead to a higher number of confirmations than currently anticipated.

Rationale:
1. **Status Quo Weight**: The status quo outcome is that only 13 positions are confirmed, but given the historical context and the ongoing efforts, it is reasonable to expect additional confirmations. The administration has shown efficiency in nominating candidates, and the Senate has been scheduling hearings at a pace comparable to previous administrations.

2. **Historical Context**: Historically, the pace of confirmations can vary significantly depending on political dynamics, procedural hurdles, and the administration's priorities. While the current pace is slower than some past administrations, it is not unprecedented. The Trump administration's efficiency in nominating candidates suggests that more confirmations are likely.

3. **Unexpected Outcomes**: While the pace of confirmations has been relatively slow, there is always a possibility of an unexpected acceleration. Political dynamics can change rapidly, and external factors such as public pressure or strategic decisions by the administration could lead to a higher number of confirmations.

Final Probabilities:
- Option_68-79: 5%
- Option_80-89: 15%
- Option_90-99: 30%
- Option_100-109: 35%
- Option_≥110: 15%
[2025-05-23 10:01:39] INFO: === Forecast Result ===
[2025-05-23 10:01:39] INFO: URL: https://www.metaculus.com/questions/37839
[2025-05-23 10:01:39] INFO: Prediction: predicted_options=[PredictedOption(option_name='68-79', probability=0.35000000000000003), PredictedOption(option_name='80-89', probability=0.30000000000000004), PredictedOption(option_name='90-99', probability=0.20000000000000004), PredictedOption(option_name='100-109', probability=0.10000000000000002), PredictedOption(option_name='≥110', probability=0.04999999999999979)]
[2025-05-23 10:01:39] INFO: Reasoning: (a) The time left until the outcome to the question is known is approximately 1 month and 1 week, as today is May 23, 2025, and the outcome will be known at the beginning of July 2025.

(b) The status quo outcome if nothing changed would be that only the 13 confirmed positions remain confirmed. This is based on the current information provided, which indicates that 13 critical leadership roles have been confirmed as of May 23, 2025.

(c) A scenario that results in an unexpected outcome could involve a sudden acceleration in the confirmation process. For example, if the Senate were to prioritize confirmations and expedite hearings and votes, a significant number of additional positions could be confirmed in the remaining time. This could be driven by political motivations, such as a desire to solidify the administration's leadership team before a congressional recess or to respond to external pressures or events that necessitate a fully staffed executive branch.

**Rationale:**

1. **Status Quo Weighting:** Given that only 13 positions have been confirmed as of late May 2025, and considering the historical context of slower confirmation processes in recent administrations, the status quo suggests a relatively low number of additional confirmations by early July.

2. **Historical Context:** Past trends indicate that confirmations can be slow due to procedural hurdles, even if the administration is efficient in nominating candidates. This suggests that a large number of confirmations in a short period is less likely.

3. **Time Constraint:** With only a little over a month remaining, the time constraint limits the number of additional confirmations that can realistically occur, especially given the procedural steps required for each nomination.

4. **Unexpected Outcomes:** While the status quo suggests a lower number of confirmations, there is always a possibility of unexpected changes, such as political shifts or strategic prioritization of confirmations, which could increase the number of confirmed positions.

**Final Probabilities:**

- '68-79': 35%
- '80-89': 30%
- '90-99': 20%
- '100-109': 10%
- '≥110': 5%
[2025-05-23 10:01:40] INFO: === Forecast Result ===
[2025-05-23 10:01:40] INFO: URL: https://www.metaculus.com/questions/37839
[2025-05-23 10:01:40] INFO: Prediction: predicted_options=[PredictedOption(option_name='68-79', probability=0.6), PredictedOption(option_name='80-89', probability=0.2), PredictedOption(option_name='90-99', probability=0.1), PredictedOption(option_name='100-109', probability=0.05), PredictedOption(option_name='≥110', probability=0.05)]
[2025-05-23 10:01:40] INFO: Reasoning: (a) **The time left until the outcome to the question is known:**  
There are approximately 1 month and 1 week left until the beginning of July 2025.

(b) **The status quo outcome if nothing changed:**  
As of mid-May 2025, only 13 of the 822 critical leadership roles have been confirmed. If the current pace of confirmations continues without acceleration, the number of confirmed positions by July 2025 would remain very low, likely below 68.

(c) **A description of a scenario that results in an unexpected outcome:**  
An unexpected outcome could occur if there is a significant acceleration in the confirmation process. This could happen if the Senate prioritizes confirmations due to political pressure, a strategic decision by the administration, or a change in Senate rules that streamlines the process. Additionally, if there is a bipartisan agreement to expedite confirmations, the number of confirmed positions could increase significantly, potentially reaching the higher ranges of the options provided.

**Rationale:**

1. **Status Quo and Historical Context:**  
   - The current number of confirmed positions is very low (13), and the historical context suggests that confirmations can be slow due to procedural hurdles. The status quo outcome, if the pace remains unchanged, would likely be below the lowest option provided (68-79).

2. **Potential for Change:**  
   - While the pace of confirmations has been slow, the Trump administration has shown efficiency in nominating candidates, which could lead to an increase in confirmations if the Senate process becomes more efficient.
   - The historical context indicates that while the initial pace of nominations was fast, confirmations have traditionally been slower, suggesting that a significant increase in confirmed positions is unlikely without a change in the current process.

3. **Uncertainty and Unexpected Outcomes:**  
   - Given the short time frame and current status, it is unlikely that the number of confirmed positions will reach the higher ranges without significant changes. However, unexpected political developments or strategic decisions could lead to an increase in confirmations.

**Final Probabilities:**

- **Option_A: 68-79:** 60%  
  (Most likely given the current pace and historical context)

- **Option_B: 80-89:** 20%  
  (Possible with a slight increase in the pace of confirmations)

- **Option_C: 90-99:** 10%  
  (Unlikely but possible with a moderate acceleration in the process)

- **Option_D: 100-109:** 5%  
  (Unlikely without significant changes in the confirmation process)

- **Option_E: ≥110:** 5%  
  (Highly unlikely but not impossible with a major shift in Senate priorities or procedures)
[2025-05-23 10:01:40] INFO: === Run Summary ===
[2025-05-23 10:01:40] INFO: Total questions: 1
[2025-05-23 10:01:40] INFO: Successful research: 1
[2025-05-23 10:01:40] INFO: Failed research: 0
[2025-05-23 10:01:40] INFO: Success rate: 100.00%
