[2025-06-12 02:15:43] INFO: === Starting new forecast run (Run #2878) ===
[2025-06-12 02:15:43] INFO: Environment: GitHub Actions
[2025-06-12 02:15:43] INFO: Repository: agsheves/decis-metaculus-bot1
[2025-06-12 02:15:43] INFO: Workflow: Forecast on new AI tournament questions
[2025-06-12 02:15:43] INFO: Commit: fd709725231ca8af1b5bca14ec2d096cffe9165b
[2025-06-12 02:15:43] INFO: === Question 1 ===
[2025-06-12 02:15:43] INFO: URL: https://www.metaculus.com/questions/38533
[2025-06-12 02:15:43] INFO: Text: What will be California's annualized GDP growth for Q1 2025?
[2025-06-12 02:15:59] INFO: Research: Perplexity succeeded for https://www.metaculus.com/questions/38533
[2025-06-12 02:16:16] INFO: === Forecast Result ===
[2025-06-12 02:16:16] INFO: URL: https://www.metaculus.com/questions/38533
[2025-06-12 02:16:16] INFO: Prediction: [Percentile(value=1.8, percentile=0.1), Percentile(value=2.0, percentile=0.2), Percentile(value=2.2, percentile=0.4), Percentile(value=2.3, percentile=0.6), Percentile(value=2.5, percentile=0.8), Percentile(value=2.7, percentile=0.9)]
[2025-06-12 02:16:16] INFO: Reasoning: (a) The time left until the outcome to the question is known: The official Q1 2025 annualized GDP growth figure for California is not yet available as of June 12, 2025. It is expected to be released in the coming months, likely by the end of 2025.

(b) The outcome if nothing changed: If nothing changed from the current forecasts and economic conditions, California’s GDP growth for Q1 2025 would likely be in the range of 2.1% to 2.4%, as indicated by multiple forecasts.

(c) The outcome if the current trend continued: If the current trend of moderating growth from the exceptional pace of 2024 continues, the GDP growth for Q1 2025 would likely be around 2.2% to 2.4%.

(d) The expectations of experts and markets: Experts and markets expect California’s GDP growth for Q1 2025 to be positive and above 2%, with forecasts generally in the range of 2.1% to 2.4%.

(e) A brief description of an unexpected scenario that results in a low outcome: An unexpected scenario that could result in a lower outcome might include a significant downturn in the tech sector due to regulatory changes or a sudden drop in consumer demand, leading to GDP growth below 2%.

(f) A brief description of an unexpected scenario that results in a high outcome: An unexpected scenario that could result in a higher outcome might include a surge in tech innovation or a rapid increase in housing construction, leading to GDP growth exceeding 3%.

Final answer:
"
Percentile 10: 1.8
Percentile 20: 2.0
Percentile 40: 2.2
Percentile 60: 2.3
Percentile 80: 2.5
Percentile 90: 2.7
"
[2025-06-12 02:16:17] INFO: === Forecast Result ===
[2025-06-12 02:16:17] INFO: URL: https://www.metaculus.com/questions/38533
[2025-06-12 02:16:17] INFO: Prediction: [Percentile(value=1.5, percentile=0.1), Percentile(value=1.8, percentile=0.2), Percentile(value=2.1, percentile=0.4), Percentile(value=2.3, percentile=0.6), Percentile(value=2.5, percentile=0.8), Percentile(value=2.8, percentile=0.9)]
[2025-06-12 02:16:17] INFO: Reasoning: (a) The time left until the outcome to the question is known: As of June 12, 2025, the official Q1 2025 GDP growth figure for California is not yet available. Typically, such data is released a few months after the end of the quarter, so the outcome should be known by mid to late 2025.

(b) The outcome if nothing changed: If nothing changed from the previous year, California's GDP growth rate would remain at the 6% level observed in 2024. However, this is unlikely given the expected moderation in growth.

(c) The outcome if the current trend continued: If the current trend of moderating growth continued, California's GDP growth for Q1 2025 would likely be in the range of 2.1% to 2.4%, as suggested by various forecasts.

(d) The expectations of experts and markets: Experts and market forecasts indicate that California's GDP growth for Q1 2025 is expected to be in the range of 2.1% to 2.4%, reflecting a slowdown from the previous year's exceptional growth but still above the long-term trend.

(e) A brief description of an unexpected scenario that results in a low outcome: An unexpected scenario leading to a lower outcome could involve a significant economic shock, such as a major natural disaster affecting key economic regions, a sudden downturn in the tech sector, or a severe disruption in trade relations impacting California's exports.

(f) A brief description of an unexpected scenario that results in a high outcome: An unexpected scenario leading to a higher outcome could involve an unforeseen surge in tech innovation, leading to a rapid increase in productivity and economic output, or a significant policy change that boosts consumer and business confidence, resulting in higher-than-expected economic activity.

Final answer:
"
Percentile 10: 1.5
Percentile 20: 1.8
Percentile 40: 2.1
Percentile 60: 2.3
Percentile 80: 2.5
Percentile 90: 2.8
"
[2025-06-12 02:16:17] INFO: === Forecast Result ===
[2025-06-12 02:16:17] INFO: URL: https://www.metaculus.com/questions/38533
[2025-06-12 02:16:17] INFO: Prediction: [Percentile(value=1.8, percentile=0.1), Percentile(value=2.0, percentile=0.2), Percentile(value=2.2, percentile=0.4), Percentile(value=2.3, percentile=0.6), Percentile(value=2.4, percentile=0.8), Percentile(value=2.6, percentile=0.9)]
[2025-06-12 02:16:17] INFO: Reasoning: (a) The time left until the outcome to the question is known: As of June 12, 2025, the official Q1 2025 GDP growth figure for California has not yet been released. Typically, such data is released a few months after the end of the quarter, so the figure should be available soon.

(b) The outcome if nothing changed: If nothing changed from the current economic conditions and forecasts, California's GDP growth for Q1 2025 would likely fall in the range of 2.1% to 2.4%, as suggested by various forecasts.

(c) The outcome if the current trend continued: Given the moderation from the exceptional growth in 2024, the trend suggests a continued positive but slower growth rate, likely aligning with the 2.1% to 2.4% range.

(d) The expectations of experts and markets: Experts and market forecasts generally expect California's GDP growth for Q1 2025 to be in the range of 2.1% to 2.4%, indicating a healthy but moderated growth compared to 2024.

(e) A brief description of an unexpected scenario that results in a low outcome: An unexpected scenario that could result in a lower GDP growth rate might include a significant downturn in the tech sector, perhaps due to a sudden regulatory change or a major cybersecurity incident, leading to reduced investment and consumer spending.

(f) A brief description of an unexpected scenario that results in a high outcome: Conversely, an unexpected scenario leading to a higher GDP growth rate could involve a rapid and unexpected surge in tech innovation or exports, coupled with a stronger-than-anticipated rebound in the housing market, driving up consumer spending and investment.

Final answer:
"
Percentile 10: 1.8
Percentile 20: 2.0
Percentile 40: 2.2
Percentile 60: 2.3
Percentile 80: 2.4
Percentile 90: 2.6
"
[2025-06-12 02:16:17] INFO: === Forecast Result ===
[2025-06-12 02:16:17] INFO: URL: https://www.metaculus.com/questions/38533
[2025-06-12 02:16:17] INFO: Prediction: [Percentile(value=1.5, percentile=0.1), Percentile(value=1.8, percentile=0.2), Percentile(value=2.1, percentile=0.4), Percentile(value=2.3, percentile=0.6), Percentile(value=2.5, percentile=0.8), Percentile(value=2.8, percentile=0.9)]
[2025-06-12 02:16:17] INFO: Reasoning: (a) The time left until the outcome to the question is known: Since today is June 12, 2025, and the question pertains to Q1 2025, the official data for Q1 2025 should be available soon, likely within the next few weeks.

(b) The outcome if nothing changed: If nothing changed from the previous year, the growth rate would remain at the robust 6% observed in 2024. However, this is unlikely given the forecasts of moderation.

(c) The outcome if the current trend continued: The current trend suggests a moderation in growth, with forecasts indicating a range of 2.1% to 2.4% for 2025. If this trend continues, the Q1 2025 growth rate would likely fall within this range.

(d) The expectations of experts and markets: Experts and markets expect California's GDP growth for Q1 2025 to be in the range of 2.1% to 2.4%, reflecting a slowdown from the previous year's exceptional growth but still maintaining positive momentum.

(e) A brief description of an unexpected scenario that results in a low outcome: An unexpected scenario leading to a low outcome could involve a significant economic shock, such as a major natural disaster impacting California, a sudden downturn in the tech sector, or a geopolitical event that disrupts trade and investment.

(f) A brief description of an unexpected scenario that results in a high outcome: A high outcome could result from an unexpected surge in economic activity, such as a breakthrough in technology that rapidly boosts productivity, a significant increase in consumer spending, or a major policy initiative that stimulates economic growth.

Given the information and considering the potential for unexpected scenarios, here is the final answer with a wide confidence interval:

"
Percentile 10: 1.5%
Percentile 20: 1.8%
Percentile 40: 2.1%
Percentile 60: 2.3%
Percentile 80: 2.5%
Percentile 90: 2.8%
"
[2025-06-12 02:16:18] INFO: === Forecast Result ===
[2025-06-12 02:16:18] INFO: URL: https://www.metaculus.com/questions/38533
[2025-06-12 02:16:18] INFO: Prediction: [Percentile(value=1.8, percentile=0.1), Percentile(value=2.0, percentile=0.2), Percentile(value=2.2, percentile=0.4), Percentile(value=2.3, percentile=0.6), Percentile(value=2.5, percentile=0.8), Percentile(value=2.7, percentile=0.9)]
[2025-06-12 02:16:18] INFO: Reasoning: (a) The time left until the outcome to the question is known: Since today is June 12, 2025, and the question pertains to Q1 2025 GDP growth, the data is likely to be released soon, typically within the next month or two, as GDP data is usually published with a delay.

(b) The outcome if nothing changed: If nothing changed from the current situation, the GDP growth rate would likely reflect the forecasts provided, which suggest a moderation from 2024's exceptional growth. This would place the growth rate in the range of 2.1% to 2.4%.

(c) The outcome if the current trend continued: If the current trend of slowing but positive growth continued, the GDP growth rate for Q1 2025 would likely be in the low to mid-2% range, consistent with the forecasts of 2.1% to 2.4%.

(d) The expectations of experts and markets: Experts and markets expect California's GDP growth for Q1 2025 to moderate from the high growth of 2024, with forecasts indicating a range of 2.1% to 2.4%. This reflects a healthy but slower pace of growth.

(e) A brief description of an unexpected scenario that results in a low outcome: An unexpected scenario that could result in a lower GDP growth rate might involve a sudden downturn in the tech sector, perhaps due to regulatory changes or a significant drop in consumer demand for tech products and services. Additionally, a major natural disaster or geopolitical event could negatively impact economic activity.

(f) A brief description of an unexpected scenario that results in a high outcome: Conversely, a scenario that could result in a higher GDP growth rate might involve a rapid acceleration in tech innovation or a significant increase in foreign investment, leading to a surge in economic activity. Additionally, a major policy change that significantly boosts consumer spending or business investment could also drive higher growth.

Final answer:
"
Percentile 10: 1.8
Percentile 20: 2.0
Percentile 40: 2.2
Percentile 60: 2.3
Percentile 80: 2.5
Percentile 90: 2.7
"
[2025-06-12 02:16:18] INFO: === Run Summary ===
[2025-06-12 02:16:18] INFO: Total questions: 1
[2025-06-12 02:16:18] INFO: Successful research: 1
[2025-06-12 02:16:18] INFO: Failed research: 0
[2025-06-12 02:16:18] INFO: Success rate: 100.00%
