[2025-05-29 10:01:20] INFO: === Starting new forecast run (Run #2241) ===
[2025-05-29 10:01:20] INFO: Environment: GitHub Actions
[2025-05-29 10:01:20] INFO: Repository: agsheves/decis-metaculus-bot1
[2025-05-29 10:01:20] INFO: Workflow: Forecast on new AI tournament questions
[2025-05-29 10:01:20] INFO: Commit: 0c2d3206d162fe5ffbe136da9167df1f3069854e
[2025-05-29 10:01:20] INFO: === Question 1 ===
[2025-05-29 10:01:20] INFO: URL: https://www.metaculus.com/questions/38089
[2025-05-29 10:01:20] INFO: Text: Will Spanish Prime Minister Pedro Sánchez have a higher approval rating than Turkey's President Recep Tayyip Erdoğan on July 1, 2025?
[2025-05-29 10:01:32] INFO: Research: Perplexity succeeded for https://www.metaculus.com/questions/38089
[2025-05-29 10:01:41] INFO: === Forecast Result ===
[2025-05-29 10:01:41] INFO: URL: https://www.metaculus.com/questions/38089
[2025-05-29 10:01:41] INFO: Prediction: 0.55
[2025-05-29 10:01:41] INFO: Reasoning: (a) The time left until the outcome to the question is known is approximately one month, as the outcome will be determined on or after July 1, 2025.

(b) The status quo outcome if nothing changed would likely be indeterminate, as we currently lack sufficient data on both leaders' approval ratings for 2025. However, based on the information provided, if Sánchez's approval rating remains around 42% and we assume Erdoğan's rating is lower (though this is speculative without current data), Sánchez might have a higher approval rating, leading to a "Yes" outcome. But this is highly uncertain due to the lack of data on Erdoğan.

(c) A scenario that results in a No outcome could involve a significant increase in Erdoğan's approval rating due to positive developments in Turkey, such as successful economic reforms or foreign policy achievements, while Sánchez's approval rating remains stagnant or decreases due to domestic challenges or political controversies in Spain.

(d) A scenario that results in a Yes outcome could involve Sánchez's approval rating increasing due to successful policy implementations or positive economic indicators in Spain, while Erdoğan's approval rating remains low or decreases due to economic difficulties or political unrest in Turkey.

Given the lack of current data on Erdoğan's approval rating and the assumption that Sánchez's approval rating is relatively stable, the status quo slightly favors Sánchez having a higher approval rating. However, the uncertainty is high due to missing data and potential changes in both countries' political landscapes.

Probability: 55%
[2025-05-29 10:01:41] INFO: === Forecast Result ===
[2025-05-29 10:01:41] INFO: URL: https://www.metaculus.com/questions/38089
[2025-05-29 10:01:41] INFO: Prediction: 0.55
[2025-05-29 10:01:41] INFO: Reasoning: (a) The time left until the outcome to the question is known is approximately one month, as the resolution will be determined on or after July 1, 2025.

(b) The status quo outcome, given the current information, is indeterminate because we lack recent approval ratings for both leaders in 2025. However, based on historical data, if Sánchez's approval rating has remained around 42% and Erdoğan's rating is unknown but potentially lower due to past political challenges, the status quo might lean slightly towards Sánchez having a higher rating, assuming no significant changes occur.

(c) A scenario that results in a No outcome could involve a significant increase in Erdoğan's approval rating due to successful domestic or international policies, economic improvements, or effective political maneuvering. Conversely, Sánchez could face political challenges, economic downturns, or scandals that decrease his approval rating below Erdoğan's.

(d) A scenario that results in a Yes outcome could involve Sánchez maintaining or increasing his approval rating due to continued political stability, economic improvements, or successful policy implementations. Meanwhile, Erdoğan could face political unrest, economic challenges, or international criticism that negatively impacts his approval rating.

Given the lack of recent data and the tendency for political approval ratings to change slowly unless significant events occur, the status quo outcome is uncertain but might slightly favor Sánchez due to the absence of information suggesting a strong positive trend for Erdoğan.

Probability: 55%
[2025-05-29 10:01:42] INFO: === Forecast Result ===
[2025-05-29 10:01:42] INFO: URL: https://www.metaculus.com/questions/38089
[2025-05-29 10:01:42] INFO: Prediction: 0.55
[2025-05-29 10:01:42] INFO: Reasoning: (a) The time left until the outcome to the question is known is approximately one month, as the outcome will be determined on or after July 1, 2025.

(b) The status quo outcome if nothing changed is indeterminate due to a lack of current data on both leaders' approval ratings for 2025. However, based on historical data, Pedro Sánchez's approval rating has not dipped below 42% since 2019, which could suggest a relatively stable approval. In contrast, there is no recent data available for Erdoğan, making it difficult to establish a status quo outcome.

(c) A scenario that results in a No outcome could involve Erdoğan experiencing a significant increase in his approval rating due to successful domestic policies or international achievements that resonate positively with the Turkish public. Meanwhile, Sánchez could face political challenges or scandals that lead to a decline in his approval rating, resulting in Erdoğan having a higher rating by July 1, 2025.

(d) A scenario that results in a Yes outcome could involve Sánchez maintaining or increasing his approval rating due to continued economic improvements or successful policy implementations in Spain. Conversely, Erdoğan could face political unrest, economic challenges, or international criticism that negatively impacts his approval rating, leading to Sánchez having a higher rating by July 1, 2025.

Given the lack of current data and trends, and considering the historical stability of Sánchez's approval rating, the status quo outcome leans slightly towards Sánchez potentially having a higher approval rating. However, without specific data on Erdoğan, there is significant uncertainty.

Probability: 55%
[2025-05-29 10:01:43] INFO: === Forecast Result ===
[2025-05-29 10:01:43] INFO: URL: https://www.metaculus.com/questions/38089
[2025-05-29 10:01:43] INFO: Prediction: 0.55
[2025-05-29 10:01:43] INFO: Reasoning: (a) The time left until the outcome to the question is known is approximately one month, as the outcome will be determined on or after July 1, 2025.

(b) The status quo outcome if nothing changed is indeterminate based on the information provided. We have some data on Pedro Sánchez's approval rating from 2023, but not from 2025, and no current data on Recep Tayyip Erdoğan's approval rating. Without this information, we cannot establish a baseline for comparison.

(c) A scenario that results in a No outcome could involve Pedro Sánchez's approval rating remaining stagnant or decreasing, while Recep Tayyip Erdoğan's approval rating increases or remains higher than Sánchez's. For example, if Erdoğan successfully implements popular domestic policies or manages international relations favorably, his approval rating might rise. Conversely, if Sánchez faces domestic challenges or political scandals, his approval rating could decline.

(d) A scenario that results in a Yes outcome could involve Pedro Sánchez's approval rating increasing due to successful policy implementations or improvements in the Spanish economy. If Sánchez's government continues to gain support, as indicated by the recent increase in his party's voting intention, his approval rating might rise. Meanwhile, if Erdoğan faces political or economic challenges in Turkey, his approval rating could decrease.

Considering the lack of specific and recent data on both leaders' approval ratings, the status quo outcome is uncertain. However, given that the world changes slowly most of the time, we should weigh the available information cautiously. Sánchez's party has shown an increase in support, which might suggest a positive trend for his approval rating. Without current data on Erdoğan, it's difficult to predict his approval rating trajectory.

Final Answer: "Probability: 55%"
[2025-05-29 10:01:43] INFO: === Forecast Result ===
[2025-05-29 10:01:43] INFO: URL: https://www.metaculus.com/questions/38089
[2025-05-29 10:01:43] INFO: Prediction: 0.55
[2025-05-29 10:01:43] INFO: Reasoning: (a) The time left until the outcome to the question is known is approximately one month, as the outcome will be determined on or after July 1, 2025.

(b) The status quo outcome if nothing changed would be indeterminate based on the current information, as we lack recent approval ratings for both leaders from 2025. However, based on historical data from 2023, Pedro Sánchez had an approval rating of approximately 42%, but we do not have comparable recent data for Erdoğan.

(c) A scenario that results in a No outcome could involve Erdoğan maintaining or increasing his approval rating to be higher than Sánchez's by July 1, 2025. This could happen if Erdoğan successfully implements popular domestic policies or navigates international relations favorably, boosting his public perception.

(d) A scenario that results in a Yes outcome could involve Sánchez's approval rating increasing due to successful economic policies, effective governance, or a favorable political climate in Spain, while Erdoğan's approval rating remains stagnant or declines due to political challenges, economic issues, or international tensions.

Given that the world changes slowly most of the time, and we lack recent data for Erdoğan's approval rating, the status quo leans towards indeterminacy. However, considering Sánchez's historical stability in approval ratings and recent positive trends for his party, there might be a slight edge for him. Without concrete data for Erdoğan, it's challenging to make a definitive prediction, but the lack of negative trends for Sánchez could suggest a slight probability in his favor.

Probability: 55%
[2025-05-29 10:01:44] INFO: === Run Summary ===
[2025-05-29 10:01:44] INFO: Total questions: 1
[2025-05-29 10:01:44] INFO: Successful research: 1
[2025-05-29 10:01:44] INFO: Failed research: 0
[2025-05-29 10:01:44] INFO: Success rate: 100.00%
