[2025-05-20 02:14:39] INFO: === Starting new forecast run (Run #1803) ===
[2025-05-20 02:14:39] INFO: Environment: GitHub Actions
[2025-05-20 02:14:39] INFO: Repository: agsheves/decis-metaculus-bot1
[2025-05-20 02:14:39] INFO: Workflow: Forecast on new AI tournament questions
[2025-05-20 02:14:39] INFO: Commit: 273b7f0df9c266754a421d9e142e0476b4e195ad
[2025-05-20 02:14:39] INFO: === Question 1 ===
[2025-05-20 02:14:39] INFO: URL: https://www.metaculus.com/questions/37801
[2025-05-20 02:14:39] INFO: Text: What will Elon Musk's net worth be on June 28, 2025, according to Forbes?
[2025-05-20 02:14:52] WARNING: Research: Perplexity failed for https://www.metaculus.com/questions/37801
[2025-05-20 02:14:52] WARNING: Error details: Empty or invalid response
[2025-05-20 02:14:56] INFO: === Forecast Result ===
[2025-05-20 02:14:56] INFO: URL: https://www.metaculus.com/questions/37801
[2025-05-20 02:14:56] INFO: Prediction: [Percentile(value=200.0, percentile=0.1), Percentile(value=230.0, percentile=0.2), Percentile(value=260.0, percentile=0.4), Percentile(value=290.0, percentile=0.6), Percentile(value=320.0, percentile=0.8), Percentile(value=350.0, percentile=0.9)]
[2025-05-20 02:14:56] INFO: Reasoning: (a) The time left until the outcome to the question is known is approximately 39 days.

(b) The outcome if nothing changed would be Elon Musk's net worth remaining below $300 billion, as reported on April 7, 2025.

(c) The outcome if the current trend continued would likely see a further decline in Elon Musk's net worth, assuming the trend of decreasing net worth persists.

(d) The expectations of experts and markets are mixed. Some analysts might expect a rebound if Tesla or SpaceX announces significant advancements or financial results, while others might anticipate further declines due to market volatility or economic downturns.

(e) A brief description of an unexpected scenario that results in a low outcome: A major downturn in the stock market, particularly affecting Tesla's stock, or regulatory challenges significantly impacting Musk's companies, could lead to a substantial decrease in his net worth.

(f) A brief description of an unexpected scenario that results in a high outcome: A breakthrough in technology or a major contract win for SpaceX or Tesla could lead to a significant increase in stock prices, thereby boosting Musk's net worth.

Given the uncertainty and potential for unexpected events, I will provide a wide range for the net worth:

"
Percentile 10: 200 billion
Percentile 20: 230 billion
Percentile 40: 260 billion
Percentile 60: 290 billion
Percentile 80: 320 billion
Percentile 90: 350 billion
"
[2025-05-20 02:14:56] INFO: === Forecast Result ===
[2025-05-20 02:14:56] INFO: URL: https://www.metaculus.com/questions/37801
[2025-05-20 02:14:56] INFO: Prediction: [Percentile(value=200.0, percentile=0.1), Percentile(value=220.0, percentile=0.2), Percentile(value=250.0, percentile=0.4), Percentile(value=280.0, percentile=0.6), Percentile(value=310.0, percentile=0.8), Percentile(value=340.0, percentile=0.9)]
[2025-05-20 02:14:56] INFO: Reasoning: (a) The time left until the outcome to the question is known is approximately 39 days.

(b) The outcome if nothing changed would be Elon Musk's net worth remaining below $300 billion, as reported by Bloomberg on April 7, 2025.

(c) The outcome if the current trend continued would likely see a further decline in Elon Musk's net worth, assuming the factors contributing to the drop below $300 billion persist, such as potential market fluctuations, changes in Tesla's stock price, or other business ventures impacting his wealth.

(d) The expectations of experts and markets are mixed. Some analysts might expect a recovery in Tesla's stock price or other business ventures that could boost Musk's net worth, while others might anticipate continued volatility and potential declines due to market conditions or regulatory challenges.

(e) A brief description of an unexpected scenario that results in a low outcome could be a significant market downturn affecting technology stocks, a major setback in one of Musk's companies, or regulatory issues that negatively impact his businesses.

(f) A brief description of an unexpected scenario that results in a high outcome could be a substantial increase in Tesla's stock price due to a breakthrough in technology, a successful launch or expansion of one of Musk's other ventures, or favorable market conditions that boost his overall wealth.

Final answer:
"
Percentile 10: 200
Percentile 20: 220
Percentile 40: 250
Percentile 60: 280
Percentile 80: 310
Percentile 90: 340
"
[2025-05-20 02:14:57] INFO: === Forecast Result ===
[2025-05-20 02:14:57] INFO: URL: https://www.metaculus.com/questions/37801
[2025-05-20 02:14:57] INFO: Prediction: [Percentile(value=250.0, percentile=0.1), Percentile(value=270.0, percentile=0.2), Percentile(value=290.0, percentile=0.4), Percentile(value=310.0, percentile=0.6), Percentile(value=330.0, percentile=0.8), Percentile(value=350.0, percentile=0.9)]
[2025-05-20 02:14:57] INFO: Reasoning: (a) The time left until the outcome to the question is known is approximately 1 month and 8 days.

(b) The outcome if nothing changed would be Elon Musk's net worth remaining below $300 billion, as reported by Bloomberg on April 7, 2025.

(c) The outcome if the current trend continued would depend on the specifics of the trend. If the trend is a decline, his net worth could continue to decrease. However, if there is volatility, it could fluctuate around the current level. Assuming a continued decline, it might fall below $290 billion.

(d) The expectations of experts and markets are likely mixed. Some may expect a rebound in his net worth due to potential recovery in Tesla or SpaceX stock prices, while others might anticipate further declines due to market volatility or economic conditions.

(e) A brief description of an unexpected scenario that results in a low outcome: A major market downturn or significant operational challenges at Tesla or SpaceX could lead to a sharp decline in stock prices, significantly reducing Musk's net worth.

(f) A brief description of an unexpected scenario that results in a high outcome: A breakthrough in technology or a major contract win for SpaceX or Tesla could lead to a surge in stock prices, significantly increasing Musk's net worth.

Final answer:
"
Percentile 10: 250
Percentile 20: 270
Percentile 40: 290
Percentile 60: 310
Percentile 80: 330
Percentile 90: 350
"
[2025-05-20 02:14:58] INFO: === Forecast Result ===
[2025-05-20 02:14:58] INFO: URL: https://www.metaculus.com/questions/37801
[2025-05-20 02:14:58] INFO: Prediction: [Percentile(value=240.0, percentile=0.1), Percentile(value=260.0, percentile=0.2), Percentile(value=280.0, percentile=0.4), Percentile(value=300.0, percentile=0.6), Percentile(value=320.0, percentile=0.8), Percentile(value=340.0, percentile=0.9)]
[2025-05-20 02:14:58] INFO: Reasoning: (a) The time left until the outcome to the question is known is approximately 1 month and 8 days.

(b) The outcome if nothing changed would be Elon Musk's net worth remaining below $300 billion, as reported by Bloomberg on April 7, 2025.

(c) The outcome if the current trend continued would likely see a gradual decline or stabilization of Elon Musk's net worth below $300 billion, assuming no major market fluctuations or significant changes in the valuation of his assets, such as Tesla or SpaceX.

(d) The expectations of experts and markets are mixed. Some analysts may expect a rebound in Tesla's stock price or other investments, which could increase Musk's net worth. Others might anticipate continued market volatility or regulatory challenges that could negatively impact his wealth.

(e) A brief description of an unexpected scenario that results in a low outcome: A significant market downturn or a major scandal involving one of Musk's companies could lead to a sharp decline in his net worth, potentially dropping it below $250 billion.

(f) A brief description of an unexpected scenario that results in a high outcome: A breakthrough in technology or a major contract win for SpaceX, Tesla, or another Musk-affiliated company could lead to a surge in stock prices, pushing his net worth back above $300 billion or even higher.

Final answer:
"
Percentile 10: 240
Percentile 20: 260
Percentile 40: 280
Percentile 60: 300
Percentile 80: 320
Percentile 90: 340
"
[2025-05-20 02:14:58] INFO: === Forecast Result ===
[2025-05-20 02:14:58] INFO: URL: https://www.metaculus.com/questions/37801
[2025-05-20 02:14:58] INFO: Prediction: [Percentile(value=250.0, percentile=0.1), Percentile(value=270.0, percentile=0.2), Percentile(value=280.0, percentile=0.4), Percentile(value=290.0, percentile=0.6), Percentile(value=300.0, percentile=0.8), Percentile(value=320.0, percentile=0.9)]
[2025-05-20 02:14:58] INFO: Reasoning: (a) The time left until the outcome to the question is known: Approximately 1 month and 8 days.

(b) The outcome if nothing changed: If Elon Musk's net worth remains below $300 billion as reported by Bloomberg on April 7, 2025, it would likely be just under $300 billion.

(c) The outcome if the current trend continued: If the trend of decreasing net worth continues, we might expect a further decline. Assuming a modest decline, his net worth could be around $280 billion by June 28, 2025.

(d) The expectations of experts and markets: Experts and markets are likely considering factors such as Tesla's stock performance, SpaceX's valuation, and any other significant business ventures or investments Musk is involved in. If these perform well, his net worth could stabilize or increase. Conversely, poor performance could lead to further declines.

(e) A brief description of an unexpected scenario that results in a low outcome: A major market downturn or significant drop in Tesla's stock price could drastically reduce Musk's net worth, potentially bringing it down to around $250 billion.

(f) A brief description of an unexpected scenario that results in a high outcome: A significant technological breakthrough or major positive development in one of Musk's companies, such as a successful launch of a new product or service, could boost his net worth significantly, potentially pushing it back up to $320 billion or more.

Final Answer:
"
Percentile 10: 250
Percentile 20: 270
Percentile 40: 280
Percentile 60: 290
Percentile 80: 300
Percentile 90: 320
"
[2025-05-20 02:14:59] INFO: === Run Summary ===
[2025-05-20 02:14:59] INFO: Total questions: 1
[2025-05-20 02:14:59] INFO: Successful research: 0
[2025-05-20 02:14:59] INFO: Failed research: 1
[2025-05-20 02:14:59] INFO: Success rate: 0.00%
