[2025-06-05 22:01:20] INFO: === Starting new forecast run (Run #2592) ===
[2025-06-05 22:01:20] INFO: Environment: GitHub Actions
[2025-06-05 22:01:20] INFO: Repository: agsheves/decis-metaculus-bot1
[2025-06-05 22:01:20] INFO: Workflow: Forecast on new AI tournament questions
[2025-06-05 22:01:20] INFO: Commit: a0648464b7c56ae1c250a7e5fd521f852c05d67f
[2025-06-05 22:01:20] INFO: === Question 1 ===
[2025-06-05 22:01:20] INFO: URL: https://www.metaculus.com/questions/38335
[2025-06-05 22:01:20] INFO: Text: Will Casey DeSantis announce her candidacy for Florida governor before July 1, 2025?
[2025-06-05 22:01:33] INFO: Research: Perplexity succeeded for https://www.metaculus.com/questions/38335
[2025-06-05 22:01:40] INFO: === Forecast Result ===
[2025-06-05 22:01:40] INFO: URL: https://www.metaculus.com/questions/38335
[2025-06-05 22:01:40] INFO: Prediction: 0.2
[2025-06-05 22:01:40] INFO: Reasoning: (a) The time left until the outcome to the question is known is approximately 25 days, as the deadline is July 1, 2025, and today is June 5, 2025.

(b) The status quo outcome if nothing changed is "No," as Casey DeSantis has not announced her candidacy for Florida governor yet.

(c) A scenario that results in a No outcome: Casey DeSantis decides not to run for governor at this time, possibly due to the controversy surrounding the "Hope Florida" program or other personal or strategic reasons. She may choose to support another candidate or focus on other initiatives instead.

(d) A scenario that results in a Yes outcome: Casey DeSantis decides to announce her candidacy within the next few weeks, possibly influenced by her husband's support, the political opening created by Ron DeSantis being term-limited, and the public interest indicated by polling. She may also choose to capitalize on her current high public profile and the ongoing political discussions.

Given the current status, the lack of an announcement so far, and the tendency for the status quo to persist, the probability of Casey DeSantis announcing her candidacy before July 1, 2025, appears to be relatively low. However, the political context and her public profile suggest that it is not impossible.

Probability: 20%
[2025-06-05 22:01:41] INFO: === Forecast Result ===
[2025-06-05 22:01:41] INFO: URL: https://www.metaculus.com/questions/38335
[2025-06-05 22:01:41] INFO: Prediction: 0.2
[2025-06-05 22:01:41] INFO: Reasoning: (a) The time left until the outcome to the question is known is approximately 26 days, as today is June 5, 2025, and the deadline is July 1, 2025.

(b) The status quo outcome, if nothing changed, would be "No," as Casey DeSantis has not announced her candidacy for Florida governor as of the current date.

(c) A scenario that results in a No outcome could involve Casey DeSantis deciding not to run for governor at this time, possibly due to the ongoing controversy surrounding the "Hope Florida" program or other personal or political considerations. Additionally, she may choose to wait for a more opportune moment beyond the current deadline.

(d) A scenario that results in a Yes outcome could involve Casey DeSantis making a strategic decision to announce her candidacy in response to the political dynamics in Florida, such as gaining momentum from public support or positioning herself as a strong contender against other potential candidates like Byron Donalds. This could be influenced by her husband's support and the existing speculation about her potential run.

Given the limited time remaining and the absence of an official announcement, the status quo outcome of "No" carries significant weight. However, the political context and her public profile suggest that a last-minute announcement is still possible, albeit increasingly unlikely as the deadline approaches.

Final Answer: "Probability: 20%"
[2025-06-05 22:01:42] INFO: === Forecast Result ===
[2025-06-05 22:01:42] INFO: URL: https://www.metaculus.com/questions/38335
[2025-06-05 22:01:42] INFO: Prediction: 0.2
[2025-06-05 22:01:42] INFO: Reasoning: (a) The time left until the outcome to the question is known is approximately 25 days, as today is June 5, 2025, and the deadline is July 1, 2025.

(b) The status quo outcome if nothing changed is "No," as Casey DeSantis has not yet announced her candidacy for Florida governor.

(c) A scenario that results in a No outcome is if Casey DeSantis continues to maintain her public profile and involvement in initiatives like "Hope Florida" without making any formal announcement of her candidacy. The ongoing controversy and political positioning might deter her from entering the race at this time, especially if she decides to wait for a more opportune moment beyond the July 1 deadline.

(d) A scenario that results in a Yes outcome is if Casey DeSantis decides to capitalize on the current political momentum and speculation surrounding her potential candidacy. With Governor Ron DeSantis's public support and the existing chatter about her running, she could make a strategic decision to announce her candidacy within the next few weeks to solidify her position as a leading contender for the governorship.

Given the current status and the short time frame remaining, the probability of Casey DeSantis announcing her candidacy before the deadline is relatively low. The status quo outcome is more likely, as significant political decisions often take time and careful consideration.

Probability: 20%
[2025-06-05 22:01:43] INFO: === Forecast Result ===
[2025-06-05 22:01:43] INFO: URL: https://www.metaculus.com/questions/38335
[2025-06-05 22:01:43] INFO: Prediction: 0.2
[2025-06-05 22:01:43] INFO: Reasoning: (a) The time left until the outcome to the question is known is approximately 25 days, as the deadline is July 1, 2025, and today is June 5, 2025.

(b) The status quo outcome if nothing changed would be "No," as Casey DeSantis has not announced her candidacy for Florida governor as of the current date.

(c) A scenario that results in a No outcome: Casey DeSantis decides not to run for governor, either due to personal reasons, political strategy, or external pressures. She continues to support her husband's initiatives and remains active in public life without formally entering the gubernatorial race. The deadline passes without any announcement of her candidacy.

(d) A scenario that results in a Yes outcome: Casey DeSantis makes a strategic decision to announce her candidacy within the next few weeks. This could be prompted by a desire to capitalize on her current public profile, the support from her husband, and the political momentum within the Republican Party. An announcement could be made through a press conference or a public event, officially declaring her intention to run for governor before the July 1, 2025 deadline.

Rationale: Given the current status and the limited time remaining, the probability of Casey DeSantis announcing her candidacy is relatively low. Although there are indications of support and speculation, no formal steps have been taken towards an announcement. The status quo outcome of "No" is more likely, as significant changes in political decisions typically require more time and preparation. Additionally, the presence of other potential candidates and political dynamics may influence her decision to delay or forgo an announcement.

Final answer: "Probability: 20%"
[2025-06-05 22:01:44] INFO: === Forecast Result ===
[2025-06-05 22:01:44] INFO: URL: https://www.metaculus.com/questions/38335
[2025-06-05 22:01:44] INFO: Prediction: 0.2
[2025-06-05 22:01:44] INFO: Reasoning: (a) The time left until the outcome to the question is known is 26 days, as the deadline is July 1, 2025, and today is June 5, 2025.

(b) The status quo outcome if nothing changed would be "No," as Casey DeSantis has not announced her candidacy for Florida governor as of the current date.

(c) A scenario that results in a No outcome: Casey DeSantis continues to maintain her public profile and involvement in political initiatives but chooses not to announce her candidacy for governor before the July 1, 2025 deadline. She may decide to focus on other political or personal endeavors, or she may be waiting for a more strategic time to enter the race, possibly after the deadline.

(d) A scenario that results in a Yes outcome: Casey DeSantis decides to announce her candidacy for Florida governor within the next 26 days. This could be prompted by increasing public support, strategic political calculations, or a desire to capitalize on the current political climate and her high profile. An announcement could be made at a public event, through a press release, or via social media.

Rationale: Given the status quo and the limited time remaining until the deadline, the probability of Casey DeSantis announcing her candidacy is relatively low. While there are indications of support and speculation, no concrete steps have been taken towards an official announcement. The world tends to change slowly, and without significant new developments, the status quo outcome is more likely.

Final answer: "Probability: 20%"
[2025-06-05 22:01:45] INFO: === Run Summary ===
[2025-06-05 22:01:45] INFO: Total questions: 1
[2025-06-05 22:01:45] INFO: Successful research: 1
[2025-06-05 22:01:45] INFO: Failed research: 0
[2025-06-05 22:01:45] INFO: Success rate: 100.00%
