[2025-05-27 06:01:10] INFO: === Starting new forecast run (Run #2139) ===
[2025-05-27 06:01:10] INFO: Environment: GitHub Actions
[2025-05-27 06:01:10] INFO: Repository: agsheves/decis-metaculus-bot1
[2025-05-27 06:01:10] INFO: Workflow: Forecast on new AI tournament questions
[2025-05-27 06:01:10] INFO: Commit: 0906a6bff758da6068e96039328241098ab5c3c2
[2025-05-27 06:01:10] INFO: === Question 1 ===
[2025-05-27 06:01:10] INFO: URL: https://www.metaculus.com/questions/38065
[2025-05-27 06:01:10] INFO: Text: Will Amani Golugwa be released from custody before June 15, 2025?
[2025-05-27 06:01:32] INFO: Research: Perplexity succeeded for https://www.metaculus.com/questions/38065
[2025-05-27 06:01:38] INFO: === Forecast Result ===
[2025-05-27 06:01:38] INFO: URL: https://www.metaculus.com/questions/38065
[2025-05-27 06:01:38] INFO: Prediction: 0.2
[2025-05-27 06:01:38] INFO: Reasoning: (a) The time left until the outcome to the question is known is approximately 19 days, as the deadline is June 15, 2025.

(b) The status quo outcome if nothing changed is that Amani Golugwa remains in custody, resulting in a "No" resolution to the question.

(c) A scenario that results in a No outcome is that the Tanzanian government continues its crackdown on opposition figures and maintains its hardline stance against CHADEMA. There are no legal proceedings or negotiations that lead to Golugwa's release, and he remains in custody past June 15, 2025.

(d) A scenario that results in a Yes outcome is that international pressure and diplomatic efforts lead to a breakthrough, resulting in Golugwa's release. This could involve negotiations, legal proceedings that grant bail, or a political decision by the Tanzanian government to ease tensions ahead of the elections.

Given the current political climate, the lack of any indication of imminent release, and the short time frame, the status quo outcome of Golugwa remaining in custody seems more likely. The Tanzanian government's recent actions suggest a continued crackdown on opposition, and without new developments, the probability of release appears low.

Probability: 20%
[2025-05-27 06:01:39] INFO: === Forecast Result ===
[2025-05-27 06:01:39] INFO: URL: https://www.metaculus.com/questions/38065
[2025-05-27 06:01:39] INFO: Prediction: 0.2
[2025-05-27 06:01:39] INFO: Reasoning: (a) The time left until the outcome to the question is known is approximately 19 days, as the deadline is June 15, 2025.

(b) The status quo outcome if nothing changed is that Amani Golugwa remains in custody, resulting in a "No" outcome.

(c) A scenario that results in a No outcome could involve the Tanzanian government maintaining its current stance on opposition figures, continuing to detain Golugwa without releasing him before the elections. The political climate remains tense, and international pressure does not lead to any immediate changes in his status.

(d) A scenario that results in a Yes outcome could involve increased international pressure and diplomatic negotiations leading to Golugwa's release. For example, a significant diplomatic intervention or a legal ruling in his favor could prompt the government to release him before June 15, 2025.

Given the current information, the political environment in Tanzania, and the short time frame until the deadline, the status quo outcome is more likely. The government appears to be taking a hardline stance against opposition figures, and there is no indication of imminent legal or diplomatic developments that would lead to Golugwa's release. Therefore, the probability of a "Yes" outcome is relatively low.

Probability: 20%
[2025-05-27 06:01:39] INFO: === Forecast Result ===
[2025-05-27 06:01:39] INFO: URL: https://www.metaculus.com/questions/38065
[2025-05-27 06:01:39] INFO: Prediction: 0.2
[2025-05-27 06:01:39] INFO: Reasoning: (a) The time left until the outcome to the question is known is approximately 19 days, as today is May 27, 2025, and the deadline is June 15, 2025.

(b) The status quo outcome if nothing changed is that Amani Golugwa remains in custody, leading to a "No" resolution.

(c) A scenario that results in a No outcome could involve the Tanzanian government maintaining its current stance on opposition figures, continuing to detain Golugwa without any legal proceedings or negotiations for his release. The political climate remains tense, with the government prioritizing control over the opposition ahead of the elections, and international pressure not being sufficient to prompt a change in policy.

(d) A scenario that results in a Yes outcome could involve increased international pressure and diplomatic efforts leading to a negotiated release of Amani Golugwa. This could be facilitated by a shift in the Tanzanian government's approach, perhaps due to concerns about international reputation or economic repercussions. Additionally, a legal development, such as a court ruling in favor of Golugwa's release on bail, could also lead to his release before the deadline.

Given the current information and the tendency for political situations to change slowly, the status quo outcome of "No" is more likely. However, the possibility of international intervention or legal developments cannot be entirely ruled out.

Probability: 20%
[2025-05-27 06:01:40] INFO: === Forecast Result ===
[2025-05-27 06:01:40] INFO: URL: https://www.metaculus.com/questions/38065
[2025-05-27 06:01:40] INFO: Prediction: 0.85
[2025-05-27 06:01:40] INFO: Reasoning: (a) The time left until the outcome to the question is known is approximately 19 days, as today is May 27, 2025, and the deadline is June 15, 2025.

(b) The status quo outcome if nothing changed is **No**, as Amani Golugwa remains in custody with no current indications of an imminent release.

(c) A scenario that results in a No outcome could involve the Tanzanian government maintaining its hardline stance against opposition figures, particularly as the 2025 elections approach. The government may continue to detain Golugwa without granting bail or initiating court proceedings that could lead to his release, especially given the broader crackdown on CHADEMA leaders.

(d) A scenario that results in a Yes outcome might involve increased international pressure leading to diplomatic negotiations. Human rights organizations and foreign governments could successfully advocate for Golugwa's release, possibly as part of a broader agreement to ease tensions and improve Tanzania's international standing. Alternatively, a legal development, such as a court ruling in favor of Golugwa's release on bail, could occur.

Rationale: Given the current political climate in Tanzania, the government's recent actions against opposition figures, and the lack of any indication of Golugwa's imminent release, the status quo heavily favors a No outcome. While international pressure could potentially lead to a change, such developments often take time and may not occur within the short window remaining before June 15, 2025.

Probability: 85%
[2025-05-27 06:01:40] INFO: === Forecast Result ===
[2025-05-27 06:01:40] INFO: URL: https://www.metaculus.com/questions/38065
[2025-05-27 06:01:40] INFO: Prediction: 0.2
[2025-05-27 06:01:40] INFO: Reasoning: (a) The time left until the outcome to the question is known is approximately 19 days, as the deadline is June 15, 2025.

(b) The status quo outcome if nothing changed is **No**, since there is no current evidence or indication that Amani Golugwa will be released from custody before the deadline.

(c) A scenario that results in a No outcome could involve continued political repression by the Tanzanian government, with no legal proceedings or negotiations leading to Golugwa's release. The government might maintain its stance against opposition figures, especially with the upcoming elections, and international pressure might not be sufficient to prompt a release.

(d) A scenario that results in a Yes outcome could involve increased international pressure leading to diplomatic negotiations that result in Golugwa's release. Alternatively, a legal breakthrough, such as a court ruling in his favor or a decision to grant bail, could lead to his release before the deadline.

Given the current political climate and the lack of any indication of imminent release, the status quo heavily favors a No outcome. However, the potential for international intervention or legal developments, while unlikely, still exists.

Probability: 20%
[2025-05-27 06:01:40] INFO: === Run Summary ===
[2025-05-27 06:01:40] INFO: Total questions: 1
[2025-05-27 06:01:40] INFO: Successful research: 1
[2025-05-27 06:01:40] INFO: Failed research: 0
[2025-05-27 06:01:40] INFO: Success rate: 100.00%
