[2025-05-22 08:01:22] INFO: === Starting new forecast run (Run #1909) ===
[2025-05-22 08:01:22] INFO: Environment: GitHub Actions
[2025-05-22 08:01:22] INFO: Repository: agsheves/decis-metaculus-bot1
[2025-05-22 08:01:22] INFO: Workflow: Forecast on new AI tournament questions
[2025-05-22 08:01:22] INFO: Commit: bb03e78620cd2521a570a8426abeaaf42a27d186
[2025-05-22 08:01:22] INFO: === Question 1 ===
[2025-05-22 08:01:22] INFO: URL: https://www.metaculus.com/questions/37826
[2025-05-22 08:01:22] INFO: Text: Will the Indian Armed Forces execute a kinetic attack in Pakistan proper in June 2025?
[2025-05-22 08:01:34] INFO: Research: Perplexity succeeded for https://www.metaculus.com/questions/37826
[2025-05-22 08:01:45] INFO: === Forecast Result ===
[2025-05-22 08:01:45] INFO: URL: https://www.metaculus.com/questions/37826
[2025-05-22 08:01:45] INFO: Prediction: 0.2
[2025-05-22 08:01:45] INFO: Reasoning: (a) The time left until the outcome to the question is known is approximately 39 days, as the question will be resolved by July 1, 2025.

(b) The status quo outcome, if nothing changed, would be "No," as there have been no reports or indications of further Indian kinetic attacks in Pakistan proper since the ceasefire on May 10, 2025.

(c) A scenario that results in a No outcome would involve the current ceasefire holding throughout June 2025, with both India and Pakistan refraining from further military escalation. Diplomatic efforts could continue to de-escalate tensions, and both sides might focus on internal political or economic issues rather than military confrontation.

(d) A scenario that results in a Yes outcome would involve a breakdown of the current ceasefire, possibly due to a significant provocation or incident along the Line of Control or elsewhere. This could lead to renewed hostilities, with India deciding to execute a kinetic attack on targets within Pakistan proper in response to perceived threats or actions by Pakistan.

Rationale: Given the current status quo, the ceasefire is in effect, and there have been no new reports of Indian kinetic attacks in Pakistan proper since May 10, 2025. Historically, while tensions between India and Pakistan can escalate quickly, sustained military engagements across the border are relatively rare due to international diplomatic pressures and the potential for significant escalation. The status quo is often maintained unless a significant trigger occurs. Therefore, the probability of a kinetic attack in June 2025 remains low unless new developments arise.

Final answer: "Probability: 20%"
[2025-05-22 08:01:45] INFO: === Forecast Result ===
[2025-05-22 08:01:45] INFO: URL: https://www.metaculus.com/questions/37826
[2025-05-22 08:01:45] INFO: Prediction: 0.2
[2025-05-22 08:01:45] INFO: Reasoning: (a) The time left until the outcome to the question is known is approximately 39 days, from May 22, 2025, to June 30, 2025.

(b) The status quo outcome if nothing changed is **No**, as there have been no reports or indications of Indian kinetic attacks in Pakistan proper since the ceasefire on May 10, 2025.

(c) A scenario that results in a No outcome: The ceasefire holds throughout June 2025, with both India and Pakistan refraining from any further kinetic military actions across the border. Diplomatic tensions persist, but no new military engagements occur, and the situation remains stable without escalation.

(d) A scenario that results in a Yes outcome: A significant provocation or incident occurs, such as a major terrorist attack in India linked to Pakistan-based groups, leading to a breakdown of the ceasefire. In response, the Indian Armed Forces launch a kinetic attack on targets within Pakistan proper during June 2025, resulting in military engagement.

Rationale: Given the current status quo, the ceasefire is holding, and there are no immediate indications of renewed military actions by India in Pakistan proper. The situation remains tense, but without further provocations or incidents, it is likely that the ceasefire will continue to hold. Historically, while tensions between India and Pakistan can escalate quickly, they often revert to a status quo of diplomatic and military standoff without kinetic action. Therefore, the probability of a kinetic attack in June 2025 is relatively low, but not negligible given the volatile nature of the region.

Final answer: "Probability: 20%"
[2025-05-22 08:01:45] INFO: === Forecast Result ===
[2025-05-22 08:01:45] INFO: URL: https://www.metaculus.com/questions/37826
[2025-05-22 08:01:45] INFO: Prediction: 0.3
[2025-05-22 08:01:45] INFO: Reasoning: (a) The time left until the outcome to the question is known is approximately 39 days, as the question will resolve on July 1, 2025.

(b) The status quo outcome, if nothing changed, would be **No**. This is based on the current ceasefire in effect since May 10, 2025, and the lack of reports or indications of further Indian kinetic attacks in Pakistan proper since then.

(c) A scenario that results in a No outcome: The ceasefire holds throughout June 2025, with both India and Pakistan engaging in diplomatic negotiations to de-escalate tensions. No further kinetic military actions are taken by the Indian Armed Forces in Pakistan proper, and the situation remains stable despite ongoing diplomatic tensions.

(d) A scenario that results in a Yes outcome: The ceasefire breaks down due to a significant provocation or incident, such as another terrorist attack attributed to groups allegedly supported by Pakistan. In response, the Indian Armed Forces execute a kinetic attack targeting militant groups or infrastructure in Pakistan proper during June 2025, leading to a resumption of hostilities.

Rationale: Given the current ceasefire and lack of indications of imminent military action, the status quo leans towards a No outcome. Historically, while tensions between India and Pakistan can escalate quickly, sustained military engagements across the border are relatively rare due to international diplomatic pressures and the potential for significant escalation. The current situation, with a ceasefire in place and no new attacks reported, suggests a continuation of the status quo unless a major incident disrupts the fragile peace.

Final Answer: "Probability: 30%"
[2025-05-22 08:01:45] INFO: === Forecast Result ===
[2025-05-22 08:01:45] INFO: URL: https://www.metaculus.com/questions/37826
[2025-05-22 08:01:45] INFO: Prediction: 0.3
[2025-05-22 08:01:45] INFO: Reasoning: (a) **The time left until the outcome to the question is known:** There are approximately 39 days remaining until the end of June 2025, during which the outcome of the question will be determined.

(b) **The status quo outcome if nothing changed:** If the current situation remains unchanged, the outcome would be **No**, as there are no indications or reports of planned or executed Indian kinetic attacks in Pakistan proper for June 2025.

(c) **A brief description of a scenario that results in a No outcome:** The ceasefire remains effective, and diplomatic efforts continue to de-escalate tensions between India and Pakistan. Both countries maintain their current military postures without engaging in further kinetic actions. International pressure and mediation efforts help stabilize the situation, preventing any new conflicts.

(d) **A brief description of a scenario that results in a Yes outcome:** A significant provocation or incident occurs, such as a terrorist attack attributed to Pakistan-based groups, leading India to respond with a kinetic attack in Pakistan proper. The breakdown of the ceasefire and escalation of hostilities could prompt India to take military action in June 2025.

**Rationale:** Given the current status quo, the ceasefire is holding, and there are no reports of imminent Indian military actions in Pakistan proper. The situation remains tense, but without new developments or provocations, the likelihood of a kinetic attack in June 2025 appears low. Historical patterns suggest that while conflicts between India and Pakistan can escalate quickly, they often return to a state of tense but stable relations. Therefore, the status quo outcome, which is a "No," should be given significant weight.

**Final Answer:** Probability: 30%
[2025-05-22 08:01:46] INFO: === Forecast Result ===
[2025-05-22 08:01:46] INFO: URL: https://www.metaculus.com/questions/37826
[2025-05-22 08:01:46] INFO: Prediction: 0.3
[2025-05-22 08:01:46] INFO: Reasoning: (a) The time left until the outcome to the question is known is approximately 39 days, as the question pertains to events occurring in June 2025, and today is May 22, 2025.

(b) The status quo outcome if nothing changed would be **No**, as there have been no reports or indications of Indian kinetic attacks in Pakistan proper since the ceasefire on May 10, 2025, and no preparations for such attacks have been reported.

(c) A brief description of a scenario that results in a No outcome:
The ceasefire agreed upon on May 10, 2025, holds throughout June 2025. Diplomatic efforts, possibly mediated by international actors, continue to de-escalate tensions between India and Pakistan. Both countries refrain from further military actions in Pakistan proper, focusing instead on diplomatic and non-kinetic measures to address their grievances.

(d) A brief description of a scenario that results in a Yes outcome:
Despite the ceasefire, tensions remain high, and a significant provocation occurs, such as another terrorist attack in India linked to Pakistan-based groups. In response, the Indian Armed Forces decide to execute a kinetic attack on targets in Pakistan proper, specifically in one of the provinces mentioned, to dismantle militant infrastructure or as a show of force.

Rationale:
The status quo suggests a No outcome, as the ceasefire is currently holding, and there are no reports of imminent military actions by India in Pakistan proper. Historically, while India and Pakistan have experienced periods of heightened tension, full-scale military engagements are relatively rare and often avoided due to the potential for escalation into a larger conflict. The presence of international diplomatic efforts and the mutual interest in avoiding a prolonged conflict further support the likelihood of maintaining the ceasefire. However, the volatile nature of India-Pakistan relations means that unexpected events could still lead to a Yes outcome, though this is less probable given the current situation.

Final Answer: "Probability: 30%"
[2025-05-22 08:01:46] INFO: === Run Summary ===
[2025-05-22 08:01:46] INFO: Total questions: 1
[2025-05-22 08:01:46] INFO: Successful research: 1
[2025-05-22 08:01:46] INFO: Failed research: 0
[2025-05-22 08:01:46] INFO: Success rate: 100.00%
