[2025-06-09 16:01:15] INFO: === Starting new forecast run (Run #2766) ===
[2025-06-09 16:01:15] INFO: Environment: GitHub Actions
[2025-06-09 16:01:15] INFO: Repository: agsheves/decis-metaculus-bot1
[2025-06-09 16:01:15] INFO: Workflow: Forecast on new AI tournament questions
[2025-06-09 16:01:15] INFO: Commit: d256b3c6dd574750de3ec183ceac47806c2955ef
[2025-06-09 16:01:15] INFO: === Question 1 ===
[2025-06-09 16:01:15] INFO: URL: https://www.metaculus.com/questions/38530
[2025-06-09 16:01:15] INFO: Text: What will be the St. Louis Fed Financial Stress Index amount for June 20, 2025?
[2025-06-09 16:01:19] INFO: Research: Perplexity succeeded for https://www.metaculus.com/questions/38530
[2025-06-09 16:01:24] INFO: === Forecast Result ===
[2025-06-09 16:01:24] INFO: URL: https://www.metaculus.com/questions/38530
[2025-06-09 16:01:24] INFO: Prediction: [Percentile(value=-0.7, percentile=0.1), Percentile(value=-0.6, percentile=0.2), Percentile(value=-0.5, percentile=0.4), Percentile(value=-0.4, percentile=0.6), Percentile(value=-0.3, percentile=0.8), Percentile(value=-0.2, percentile=0.9)]
[2025-06-09 16:01:24] INFO: Reasoning: (a) The time left until the outcome to the question is known: Approximately 11 days, as today is June 9, 2025, and the value for June 20, 2025, will be released shortly after that date.

(b) The outcome if nothing changed: If the STLFSI4 remained at its latest value of -0.5083, this would be the outcome.

(c) The outcome if the current trend continued: Recent values show fluctuations, but if we consider the general trend from May 2 to May 23, the index has decreased from -0.3449 to -0.5083. If this trend continued, the index might decrease further, potentially reaching around -0.6.

(d) The expectations of experts and markets: Given the current economic conditions, such as moderate inflation and stable credit ratings, experts might expect the index to remain slightly negative, reflecting below-average financial stress.

(e) A brief description of an unexpected scenario that results in a low outcome: A sudden improvement in economic indicators, such as a significant drop in inflation or an unexpected rise in consumer confidence, could lead to a further decrease in financial stress, resulting in a lower index value.

(f) A brief description of an unexpected scenario that results in a high outcome: An unexpected financial shock, such as a geopolitical event or a sudden downturn in major stock markets, could increase financial stress significantly, pushing the index into positive territory.

Final answer:
"
Percentile 10: -0.7
Percentile 20: -0.6
Percentile 40: -0.5
Percentile 60: -0.4
Percentile 80: -0.3
Percentile 90: -0.2
"
[2025-06-09 16:01:25] INFO: === Forecast Result ===
[2025-06-09 16:01:25] INFO: URL: https://www.metaculus.com/questions/38530
[2025-06-09 16:01:25] INFO: Prediction: [Percentile(value=-0.9, percentile=0.1), Percentile(value=-0.75, percentile=0.2), Percentile(value=-0.5, percentile=0.4), Percentile(value=-0.25, percentile=0.6), Percentile(value=0.0, percentile=0.8), Percentile(value=0.25, percentile=0.9)]
[2025-06-09 16:01:25] INFO: Reasoning: (a) The time left until the outcome to the question is known is approximately 11 days, as today is June 9, 2025, and the data for June 20, 2025, will likely be released shortly after that date.

(b) The outcome if nothing changed would be the most recent value of the STLFSI4, which is -0.5083 as of May 23, 2025.

(c) The outcome if the current trend continued would suggest a slight increase in the index value, as recent values have shown fluctuations but a general upward movement from -0.9028 on May 16 to -0.5083 on May 23.

(d) The expectations of experts and markets are not explicitly provided, but given the recent trend and the nature of the index, experts might expect the financial stress to remain below average, with values potentially hovering around or slightly below zero.

(e) A brief description of an unexpected scenario that results in a low outcome: A sudden resolution of major geopolitical tensions or a significant positive economic development, such as a breakthrough in trade negotiations, could lead to a sharp decrease in financial stress, resulting in a lower index value.

(f) A brief description of an unexpected scenario that results in a high outcome: An unexpected financial crisis, such as a major bank failure or a sharp increase in interest rates due to unforeseen inflationary pressures, could lead to a significant increase in financial stress, resulting in a higher index value.

Given these considerations and the inherent uncertainties, here is my final answer with wide confidence intervals:

```
Percentile 10: -0.9000
Percentile 20: -0.7500
Percentile 40: -0.5000
Percentile 60: -0.2500
Percentile 80: 0.0000
Percentile 90: 0.2500
```
[2025-06-09 16:01:25] INFO: === Forecast Result ===
[2025-06-09 16:01:25] INFO: URL: https://www.metaculus.com/questions/38530
[2025-06-09 16:01:25] INFO: Prediction: [Percentile(value=-0.8, percentile=0.1), Percentile(value=-0.65, percentile=0.2), Percentile(value=-0.5, percentile=0.4), Percentile(value=-0.35, percentile=0.6), Percentile(value=-0.2, percentile=0.8), Percentile(value=-0.05, percentile=0.9)]
[2025-06-09 16:01:25] INFO: Reasoning: (a) The time left until the outcome to the question is known is approximately 11 days, as today is June 9, 2025, and the index value for the week of June 20, 2025, will likely be released shortly after that date.

(b) The outcome if nothing changed would be -0.5083, which is the latest available value as of May 23, 2025.

(c) The outcome if the current trend continued would suggest a slight increase in the index value, given the recent fluctuations: -0.9028 on May 16, -0.4794 on May 9, and -0.3449 on May 2. This indicates a trend towards less negative values, suggesting a decrease in financial stress.

(d) The expectations of experts and markets might suggest a continuation of the current trend towards normalization, given the below-average stress levels and the absence of significant economic disruptions reported recently.

(e) An unexpected scenario that results in a low outcome could involve a sudden improvement in global economic conditions, such as a resolution to geopolitical tensions or a significant decrease in inflation expectations, leading to a rapid decrease in financial stress.

(f) An unexpected scenario that results in a high outcome could involve a sudden financial shock, such as a major bank failure or a sharp increase in interest rates, leading to a spike in financial stress.

Given the current information and the need to account for unknown unknowns, I will set wide confidence intervals:

"
Percentile 10: -0.8000
Percentile 20: -0.6500
Percentile 40: -0.5000
Percentile 60: -0.3500
Percentile 80: -0.2000
Percentile 90: -0.0500
"
[2025-06-09 16:01:25] INFO: === Forecast Result ===
[2025-06-09 16:01:25] INFO: URL: https://www.metaculus.com/questions/38530
[2025-06-09 16:01:25] INFO: Prediction: [Percentile(value=-0.8, percentile=0.1), Percentile(value=-0.65, percentile=0.2), Percentile(value=-0.55, percentile=0.4), Percentile(value=-0.45, percentile=0.6), Percentile(value=-0.35, percentile=0.8), Percentile(value=-0.2, percentile=0.9)]
[2025-06-09 16:01:25] INFO: Reasoning: (a) The time left until the outcome to the question is known is approximately 11 days, as today is June 9, 2025, and the value for June 20, 2025, will likely be released shortly after that date.

(b) The outcome if nothing changed would be the latest available value, which is -0.5083 as of May 23, 2025.

(c) The outcome if the current trend continued would be difficult to predict precisely, as recent values have shown fluctuations. However, if we consider the recent trend from May 2 to May 23, the index has generally been decreasing (from -0.3449 to -0.5083), suggesting a potential continuation of decreasing financial stress.

(d) The expectations of experts and markets are not explicitly provided, but generally, if economic conditions remain stable, the index could remain around its current level or decrease slightly. However, any significant economic events could alter this expectation.

(e) A brief description of an unexpected scenario that results in a low outcome could be a sudden improvement in global economic conditions, such as a resolution to a major geopolitical conflict or a significant decrease in inflation, leading to reduced financial stress.

(f) A brief description of an unexpected scenario that results in a high outcome could be a sudden financial crisis, such as a major bank failure or a sharp increase in interest rates, leading to increased financial stress.

Given these considerations, I will set a wide range for the forecast to account for uncertainty:

Percentile 10: -0.8000  
Percentile 20: -0.6500  
Percentile 40: -0.5500  
Percentile 60: -0.4500  
Percentile 80: -0.3500  
Percentile 90: -0.2000  
[2025-06-09 16:01:26] INFO: === Forecast Result ===
[2025-06-09 16:01:26] INFO: URL: https://www.metaculus.com/questions/38530
[2025-06-09 16:01:26] INFO: Prediction: [Percentile(value=-0.7, percentile=0.1), Percentile(value=-0.6, percentile=0.2), Percentile(value=-0.5, percentile=0.4), Percentile(value=-0.4, percentile=0.6), Percentile(value=-0.3, percentile=0.8), Percentile(value=-0.2, percentile=0.9)]
[2025-06-09 16:01:26] INFO: Reasoning: (a) The time left until the outcome to the question is known: Approximately 11 days, as today is June 9, 2025, and the index value for the week of June 20, 2025, will be available shortly after that date.

(b) The outcome if nothing changed: If the current value of -0.5083 as of May 23, 2025, remained unchanged, the STLFSI4 for June 20, 2025, would be -0.5083.

(c) The outcome if the current trend continued: Recent values have fluctuated, with a general trend of increasing from -0.9028 on May 16 to -0.5083 on May 23. If this trend continued, the index might rise slightly, potentially reaching around -0.4 to -0.3.

(d) The expectations of experts and markets: Experts might expect the index to remain below zero, indicating below-average financial stress, unless significant economic events occur. Market conditions, such as stable interest rates and yield spreads, could support this expectation.

(e) A brief description of an unexpected scenario that results in a low outcome: A sudden improvement in economic indicators, such as a significant drop in inflation expectations or a major positive shift in credit ratings, could lead to a decrease in financial stress, resulting in a lower STLFSI4 value, potentially below -0.6.

(f) A brief description of an unexpected scenario that results in a high outcome: An unexpected financial shock, such as a geopolitical crisis or a sudden spike in interest rates, could increase financial stress, resulting in a higher STLFSI4 value, potentially above zero.

Given the current information and potential scenarios, here is the final forecast:

```
Percentile 10: -0.7
Percentile 20: -0.6
Percentile 40: -0.5
Percentile 60: -0.4
Percentile 80: -0.3
Percentile 90: -0.2
```
[2025-06-09 16:01:26] INFO: === Run Summary ===
[2025-06-09 16:01:26] INFO: Total questions: 1
[2025-06-09 16:01:26] INFO: Successful research: 1
[2025-06-09 16:01:26] INFO: Failed research: 0
[2025-06-09 16:01:26] INFO: Success rate: 100.00%
