[2025-05-28 00:02:57] INFO: === Starting new forecast run (Run #2175) ===
[2025-05-28 00:02:57] INFO: Environment: GitHub Actions
[2025-05-28 00:02:57] INFO: Repository: agsheves/decis-metaculus-bot1
[2025-05-28 00:02:57] INFO: Workflow: Forecast on new AI tournament questions
[2025-05-28 00:02:57] INFO: Commit: 096c1ce1e1758433537a0918df17c99115ab37e8
[2025-05-28 00:02:57] INFO: === Question 1 ===
[2025-05-28 00:02:57] INFO: URL: https://www.metaculus.com/questions/38073
[2025-05-28 00:02:57] INFO: Text: The 2025 NBA Finals will be decided in how many games?
[2025-05-28 00:03:23] INFO: Research: Perplexity succeeded for https://www.metaculus.com/questions/38073
[2025-05-28 00:03:38] INFO: === Forecast Result ===
[2025-05-28 00:03:38] INFO: URL: https://www.metaculus.com/questions/38073
[2025-05-28 00:03:38] INFO: Prediction: predicted_options=[PredictedOption(option_name='Four', probability=0.15000000000000002), PredictedOption(option_name='Five', probability=0.20000000000000004), PredictedOption(option_name='Six', probability=0.30000000000000004), PredictedOption(option_name='Seven', probability=0.3499999999999998)]
[2025-05-28 00:03:38] INFO: Reasoning: Before answering, let's consider the following:

(a) **The time left until the outcome to the question is known:**  
The NBA Finals typically occur in early to mid-June, following the conclusion of the Conference Finals. Given that today is May 28, 2025, we can expect the Finals to start within the next couple of weeks. Therefore, the outcome of the question will likely be known by mid to late June 2025.

(b) **The status quo outcome if nothing changed:**  
The status quo in this scenario is that the NBA Finals will be competitive, as is often the case, and will likely be decided in 6 or 7 games. Historically, many NBA Finals series have gone to 6 or 7 games due to the high level of competition and the stakes involved.

(c) **A description of a scenario that results in an unexpected outcome:**  
An unexpected outcome could occur if one team is significantly stronger than the other, leading to a sweep (4 games) or a quick series (5 games). For instance, if the Thunder, led by MVP Shai Gilgeous-Alexander, continue their dominant playoff performance and face a team that struggles to match their level of play, the series could end in 4 or 5 games. Conversely, if the Pacers' depth and clutch performances prove overwhelming for their Finals opponent, they could also win in fewer games.

**Rationale:**  
- The NBA Finals are often competitive, with many series historically going to 6 or 7 games. This is the status quo, so these outcomes should have higher probabilities.
- However, given the dominance of the Thunder and the strong performances by the Pacers, there is a reasonable chance that the series could end in 4 or 5 games if one team outmatches the other significantly.
- Unexpected outcomes are always possible, so it's important to leave some probability for all options.

**Final Probabilities:**

Four: 15%  
Five: 20%  
Six: 30%  
Seven: 35%
[2025-05-28 00:03:38] INFO: === Forecast Result ===
[2025-05-28 00:03:38] INFO: URL: https://www.metaculus.com/questions/38073
[2025-05-28 00:03:38] INFO: Prediction: predicted_options=[PredictedOption(option_name='Four', probability=0.15), PredictedOption(option_name='Five', probability=0.2), PredictedOption(option_name='Six', probability=0.35), PredictedOption(option_name='Seven', probability=0.3)]
[2025-05-28 00:03:38] INFO: Reasoning: (a) **The time left until the outcome to the question is known:**  
The NBA Finals typically take place in early to mid-June, following the conclusion of the Conference Finals. Given that today is May 28, 2025, we can expect the Finals to begin within the next week or two. The series will then be decided over a period of up to two weeks, depending on how many games are played. Therefore, the outcome of the question will be known by mid to late June 2025.

(b) **The status quo outcome if nothing changed:**  
The status quo outcome is difficult to determine precisely because the Finals matchup has not yet been set. However, based on historical data, the most common outcomes for the NBA Finals are six or seven games. This is because teams that reach the Finals are typically well-matched, leading to competitive series. Additionally, the Thunder's dominance and the Pacers' resilience suggest a potentially competitive series, leaning towards a longer series.

(c) **A description of a scenario that results in an unexpected outcome:**  
An unexpected outcome could occur if one team, likely the Thunder given their dominant playoff performance and MVP leadership, significantly outmatches their opponent in the Finals. This could lead to a sweep (four games) if the opposing team struggles to compete at the same level. Alternatively, if injuries or unexpected events weaken one team, the series could end in five games.

**Rationale:**  
Given the current information, it's reasonable to expect a competitive series, especially if the Thunder face the Pacers, both of whom have shown strong performances. However, the possibility of a sweep or a five-game series cannot be entirely dismissed, particularly if the Thunder continue their dominant form or if unforeseen circumstances arise.

**Final probabilities for the number of games in the 2025 NBA Finals:**

Four: 15%  
Five: 20%  
Six: 35%  
Seven: 30%  
[2025-05-28 00:03:38] INFO: === Forecast Result ===
[2025-05-28 00:03:38] INFO: URL: https://www.metaculus.com/questions/38073
[2025-05-28 00:03:38] INFO: Prediction: predicted_options=[PredictedOption(option_name='Four', probability=0.15), PredictedOption(option_name='Five', probability=0.25), PredictedOption(option_name='Six', probability=0.35), PredictedOption(option_name='Seven', probability=0.25)]
[2025-05-28 00:03:38] INFO: Reasoning: (a) **The time left until the outcome to the question is known:**  
The NBA Finals typically occur in early to mid-June. Since today is May 28, 2025, the Finals are likely to start within the next week or two, and the outcome will be known by the end of June 2025 at the latest.

(b) **The status quo outcome if nothing changed:**  
The status quo outcome is difficult to determine precisely because the NBA Finals matchup is not yet set. However, given the current favorites, the Oklahoma City Thunder and Indiana Pacers, we can consider their recent performances and strengths. The Thunder have been dominant, suggesting they might win the Finals in fewer games if they maintain their form. Historically, NBA Finals often conclude in 6 or 7 games, as teams are usually well-matched at this stage. Therefore, the status quo outcome might lean towards a 6-game series, given the competitive nature of the Finals.

(c) **A description of a scenario that results in an unexpected outcome:**  
An unexpected outcome could occur if the underdog team in the Finals, potentially the Pacers, plays exceptionally well and manages to sweep the series in 4 games. This could happen if key players from the favored team, like the Thunder, suffer injuries or if the underdog team finds a strategic advantage that the favored team cannot counter.

**Rationale:**  
Considering the historical context of NBA Finals series lengths and the current performance of the likely finalists, the series is most likely to be competitive, leading to a 6 or 7-game series. However, the possibility of a dominant performance by one team, particularly the Thunder, could result in a shorter series. Unexpected factors, such as injuries or strategic surprises, could also influence the outcome, so it's important to leave some probability for all options.

**Final Probabilities:**

Four: 15%  
Five: 25%  
Six: 35%  
Seven: 25%  
[2025-05-28 00:03:40] INFO: === Forecast Result ===
[2025-05-28 00:03:40] INFO: URL: https://www.metaculus.com/questions/38073
[2025-05-28 00:03:40] INFO: Prediction: predicted_options=[PredictedOption(option_name='Four', probability=0.15), PredictedOption(option_name='Five', probability=0.25), PredictedOption(option_name='Six', probability=0.3), PredictedOption(option_name='Seven', probability=0.3)]
[2025-05-28 00:03:40] INFO: Reasoning: Before answering, let's consider the following:

(a) **The time left until the outcome to the question is known:**
   - The NBA Finals typically occur in June, so we have approximately one month until the outcome is known. The exact number of games will be determined once the Finals series concludes, which could be as early as mid-June if the series is short or late June if it goes to seven games.

(b) **The status quo outcome if nothing changed:**
   - Given the current status, the Oklahoma City Thunder are strong favorites to advance to the NBA Finals. Assuming they maintain their dominant form, they could potentially win the Finals in fewer games. However, the Pacers' resilience suggests a competitive series could occur. Historically, NBA Finals often extend beyond four games, with six or seven games being common in competitive matchups.

(c) **A description of a scenario that results in an unexpected outcome:**
   - An unexpected outcome could occur if the underdog team, such as the Timberwolves or Knicks, advances and performs exceptionally well, leading to a shorter series. Alternatively, unforeseen circumstances such as injuries to key players on the favored team could lead to an unexpected sweep or a shorter series.

**Rationale:**
- Historically, NBA Finals often extend to six or seven games, especially when the teams are evenly matched. Given the Thunder's dominance, a shorter series is possible, but the Pacers' depth suggests they could push the series longer.
- The status quo suggests a competitive series, likely extending to six or seven games, given the current form of the teams involved.
- Unexpected outcomes, such as injuries or an underdog team overperforming, could lead to a shorter series.

**Final Probabilities:**
- Four: 15% (accounting for the possibility of a dominant performance by the Thunder)
- Five: 25% (a moderately competitive series with the Thunder winning decisively)
- Six: 30% (a competitive series, with the Thunder or Pacers winning in a hard-fought battle)
- Seven: 30% (a very competitive series, going the distance due to the resilience of both teams)
[2025-05-28 00:03:40] INFO: === Forecast Result ===
[2025-05-28 00:03:40] INFO: URL: https://www.metaculus.com/questions/38073
[2025-05-28 00:03:40] INFO: Prediction: predicted_options=[PredictedOption(option_name='Four', probability=0.25), PredictedOption(option_name='Five', probability=0.3), PredictedOption(option_name='Six', probability=0.25), PredictedOption(option_name='Seven', probability=0.2)]
[2025-05-28 00:03:40] INFO: Reasoning: Before answering the interview question, I'll address the preliminary points:

(a) **The time left until the outcome to the question is known:**  
The NBA Finals typically begin in early June and can last up to two weeks, depending on the number of games played. Therefore, we are likely a few weeks away from knowing the outcome, as today is May 28, 2025.

(b) **The status quo outcome if nothing changed:**  
The status quo outcome is difficult to determine precisely because the Finals matchup is not yet set. However, based on the current information, the Oklahoma City Thunder appear to be strong favorites to reach the Finals, and potentially dominate, given their playoff performance and Shai Gilgeous-Alexander's MVP status. If the Thunder were to maintain their dominance, a shorter series (e.g., 4 or 5 games) could be the status quo outcome.

(c) **A description of a scenario that results in an unexpected outcome:**  
An unexpected outcome could occur if the Eastern Conference team (e.g., the Indiana Pacers) performs exceptionally well against the Thunder, leading to a highly competitive series that extends to 6 or 7 games. This could happen if the Pacers' key players, like Tyrese Haliburton, elevate their performance and match the Thunder's intensity, or if the Thunder face unexpected challenges such as injuries or strategic mismatches.

**Rationale:**

1. **Status Quo Bias:** Given the Thunder's current form and the MVP performance of Shai Gilgeous-Alexander, there is a reasonable expectation that they could dominate the Finals, leading to a shorter series. However, the exact matchup and competitiveness are still unknown, so we must be cautious in overcommitting to this outcome.

2. **Moderate Probability for Unexpected Outcomes:** The unpredictability of sports, potential injuries, and the resilience shown by teams like the Pacers suggest that longer series outcomes (6 or 7 games) cannot be ruled out entirely. Historical data shows that NBA Finals often extend beyond 4 or 5 games, indicating the need to allocate some probability to these outcomes.

**Final Probabilities:**

- **Four:** 25%  
- **Five:** 30%  
- **Six:** 25%  
- **Seven:** 20%  

These probabilities reflect a slight leaning towards a shorter series due to the Thunder's current dominance, while still accounting for the potential competitiveness of the Finals.
[2025-05-28 00:03:41] INFO: === Run Summary ===
[2025-05-28 00:03:41] INFO: Total questions: 1
[2025-05-28 00:03:41] INFO: Successful research: 1
[2025-05-28 00:03:41] INFO: Failed research: 0
[2025-05-28 00:03:41] INFO: Success rate: 100.00%
