[2025-05-19 06:01:37] INFO: === Starting new forecast run (Run #1764) ===
[2025-05-19 06:01:37] INFO: Environment: GitHub Actions
[2025-05-19 06:01:37] INFO: Repository: agsheves/decis-metaculus-bot1
[2025-05-19 06:01:37] INFO: Workflow: Forecast on new AI tournament questions
[2025-05-19 06:01:37] INFO: Commit: b2c290b3260be5e3a78591b72c8ce35c32732556
[2025-05-19 06:01:37] INFO: === Question 1 ===
[2025-05-19 06:01:37] INFO: URL: https://www.metaculus.com/questions/37794
[2025-05-19 06:01:37] INFO: Text: Will any major league baseball player have a .400 batting average on June 1, 2025?
[2025-05-19 06:01:48] WARNING: Research: Perplexity failed for https://www.metaculus.com/questions/37794
[2025-05-19 06:01:48] WARNING: Error details: Empty or invalid response
[2025-05-19 06:01:54] INFO: === Forecast Result ===
[2025-05-19 06:01:54] INFO: URL: https://www.metaculus.com/questions/37794
[2025-05-19 06:01:54] INFO: Prediction: 0.1
[2025-05-19 06:01:54] INFO: Reasoning: (a) The time left until the outcome to the question is known is 13 days, as today is May 19, 2025, and the question resolves on June 1, 2025.

(b) The status quo outcome if nothing changed would likely be "No," as historically, maintaining a .400 batting average over the course of a season is extremely rare. The last player to finish a season with a .400 average was Ted Williams in 1941. Given the difficulty of maintaining such a high average, it is unlikely that a player currently has a .400 average, though it is not impossible.

(c) A scenario that results in a No outcome is one where no player currently has a .400 batting average, or if a player does, they experience a slump in the next 13 days, causing their average to drop below .400 by June 1, 2025.

(d) A scenario that results in a Yes outcome is one where a player who currently has a batting average close to .400 continues to perform exceptionally well over the next 13 days, maintaining or increasing their average to .400 or above by June 1, 2025.

Given the historical rarity of players maintaining a .400 batting average and the short time frame until the outcome is determined, the status quo outcome is heavily weighted. Therefore, the probability of a player having a .400 batting average on June 1, 2025, is relatively low.

Probability: 10%
[2025-05-19 06:01:54] INFO: === Forecast Result ===
[2025-05-19 06:01:54] INFO: URL: https://www.metaculus.com/questions/37794
[2025-05-19 06:01:54] INFO: Prediction: 0.05
[2025-05-19 06:01:54] INFO: Reasoning: (a) The time left until the outcome to the question is known is 13 days, as today is May 19, 2025, and the question resolves on June 1, 2025.

(b) The status quo outcome if nothing changed is likely a No. Historically, maintaining a .400 batting average over the course of a season is extremely rare, and no player has achieved this feat since Ted Williams in 1941. As of now, no player is known to have a .400 average, and maintaining or achieving such an average over the next 13 days is statistically unlikely.

(c) A scenario that results in a No outcome is that no player currently has a batting average close to .400, and even if a player is close, they experience a slump or face tough pitching over the next 13 days, causing their average to drop below .400.

(d) A scenario that results in a Yes outcome is that a player currently has a batting average very close to .400 and goes on a hot streak over the next 13 days, consistently getting hits and maintaining or increasing their average to .400 or above by June 1, 2025.

Rationale: Given the historical rarity of a .400 batting average and the short time frame remaining, the status quo outcome is heavily weighted towards No. While it is possible for a player to have a hot streak and achieve this milestone, the probability remains low due to the difficulty of maintaining such a high average over even a short period.

Final answer: "Probability: 5%"
[2025-05-19 06:01:55] INFO: === Forecast Result ===
[2025-05-19 06:01:55] INFO: URL: https://www.metaculus.com/questions/37794
[2025-05-19 06:01:55] INFO: Prediction: 0.1
[2025-05-19 06:01:55] INFO: Reasoning: (a) The time left until the outcome to the question is known is 13 days, as today is May 19, 2025, and the outcome will be determined on June 1, 2025.

(b) The status quo outcome if nothing changed would likely be "No," as historically, maintaining a .400 batting average over a significant portion of the season is extremely rare. The last player to finish a season with a .400 average was Ted Williams in 1941.

(c) A scenario that results in a No outcome: A player currently has a batting average close to .400, but over the next 13 days, they experience a slump, dropping their average below .400 by June 1, 2025. This could be due to facing particularly strong pitching or simply a natural regression to the mean.

(d) A scenario that results in a Yes outcome: A player currently has a batting average slightly below .400 but goes on a hot streak over the next 13 days, raising their average to .400 or above by June 1, 2025. This could involve facing weaker pitching or having a series of high-hit games.

Rationale: Given the historical rarity of players maintaining a .400 average, the status quo outcome is heavily weighted towards "No." While it is possible for a player to have a hot streak and reach .400 by June 1, the likelihood is relatively low due to the difficulty of sustaining such a high average over time. Additionally, with only 13 days left, the window for significant changes in batting averages is limited.

Final Answer: "Probability: 10%"
[2025-05-19 06:01:55] INFO: === Forecast Result ===
[2025-05-19 06:01:55] INFO: URL: https://www.metaculus.com/questions/37794
[2025-05-19 06:01:55] INFO: Prediction: 0.1
[2025-05-19 06:01:55] INFO: Reasoning: (a) The time left until the outcome to the question is known is 13 days, as today is May 19, 2025, and the outcome will be determined on June 1, 2025.

(b) The status quo outcome if nothing changed is likely a "No" outcome. Historically, achieving a .400 batting average over a significant portion of the season is extremely rare. The last player to finish a season with a .400 average was Ted Williams in 1941. Given the difficulty of maintaining such a high average, the status quo would lean towards no player achieving this by June 1.

(c) A scenario that results in a No outcome: A player currently has a batting average close to .400 but experiences a slump over the next 13 days, causing their average to drop below .400 by June 1. Alternatively, no player is close to a .400 average as of now, and the remaining games do not provide enough opportunities to reach that mark.

(d) A scenario that results in a Yes outcome: A player currently has a batting average close to or above .400 and continues to perform exceptionally well over the next 13 days, maintaining or increasing their average to be at or above .400 by June 1. This would require consistent hitting and possibly some favorable matchups or conditions.

Rationale: Given the historical rarity of maintaining a .400 batting average and the short time frame until June 1, the probability of a player achieving this is low. While it's not impossible, as a player could be on a hot streak, the status quo heavily favors a "No" outcome due to the inherent difficulty and historical context.

Final answer: "Probability: 10%"
[2025-05-19 06:01:59] INFO: === Forecast Result ===
[2025-05-19 06:01:59] INFO: URL: https://www.metaculus.com/questions/37794
[2025-05-19 06:01:59] INFO: Prediction: 0.1
[2025-05-19 06:01:59] INFO: Reasoning: (a) The time left until the outcome to the question is known is 13 days, as today is May 19, 2025, and the question will be resolved on June 1, 2025.

(b) The status quo outcome if nothing changed would likely be "No," as historically, maintaining a .400 batting average deep into the season is extremely rare. The last player to finish a season with a .400 average was Ted Williams in 1941.

(c) A scenario that results in a No outcome: A player currently batting above .400 experiences a slump over the next 13 days, dropping their average below .400 by June 1. This could be due to facing particularly strong pitching, minor injuries affecting performance, or simply the natural variability in batting performance.

(d) A scenario that results in a Yes outcome: A player who is currently batting close to or above .400 continues to perform exceptionally well over the next 13 days, maintaining or even improving their average. This could occur if they face weaker pitching, play in hitter-friendly ballparks, or are in excellent form.

Rationale: Given the historical rarity of maintaining a .400 batting average deep into the season, the status quo heavily favors a "No" outcome. While it is possible for a player to maintain such a high average for a short period, the odds are against it due to the difficulty of consistently hitting at that level. Additionally, with only 13 days left, the window for significant changes in batting averages is limited.

Final Answer: "Probability: 10%"
[2025-05-19 06:02:00] INFO: === Run Summary ===
[2025-05-19 06:02:00] INFO: Total questions: 1
[2025-05-19 06:02:00] INFO: Successful research: 0
[2025-05-19 06:02:00] INFO: Failed research: 1
[2025-05-19 06:02:00] INFO: Success rate: 0.00%
