[2025-05-30 00:03:04] INFO: === Starting new forecast run (Run #2269) ===
[2025-05-30 00:03:04] INFO: Environment: GitHub Actions
[2025-05-30 00:03:04] INFO: Repository: agsheves/decis-metaculus-bot1
[2025-05-30 00:03:04] INFO: Workflow: Forecast on new AI tournament questions
[2025-05-30 00:03:04] INFO: Commit: 44ea9e4ca177479772201f1657bdd0e93e5e59ad
[2025-05-30 00:03:04] INFO: === Question 1 ===
[2025-05-30 00:03:04] INFO: URL: https://www.metaculus.com/questions/38096
[2025-05-30 00:03:04] INFO: Text: For Q2 2025, how many banks will be listed on the FDIC's Failed Bank List?
[2025-05-30 00:03:14] INFO: Research: Perplexity succeeded for https://www.metaculus.com/questions/38096
[2025-05-30 00:03:20] INFO: === Forecast Result ===
[2025-05-30 00:03:20] INFO: URL: https://www.metaculus.com/questions/38096
[2025-05-30 00:03:20] INFO: Prediction: predicted_options=[PredictedOption(option_name='Exactly 0', probability=0.85), PredictedOption(option_name='Exactly 1', probability=0.1), PredictedOption(option_name='2-3', probability=0.03), PredictedOption(option_name='4-6', probability=0.01), PredictedOption(option_name='7-20', probability=0.005), PredictedOption(option_name='>20', probability=0.005)]
[2025-05-30 00:03:20] INFO: Reasoning: (a) The time left until the outcome to the question is known is approximately one month, as the question resolves based on the number of bank failures between April 1, 2025, and June 30, 2025.

(b) The status quo outcome if nothing changed would be "Exactly 0" banks listed on the FDIC's Failed Bank List for Q2 2025, as no banks have failed in this quarter as of May 30, 2025.

(c) A scenario that results in an unexpected outcome could involve a sudden economic downturn or financial crisis that leads to multiple bank failures in a short period. This could be triggered by unforeseen events such as a significant geopolitical conflict, a sudden spike in interest rates, or a major financial scandal affecting several banks simultaneously. Such events could lead to a rapid deterioration in the financial health of some banks, resulting in their failure before the end of Q2 2025.

Given the current information and the tendency for the status quo to persist, I will assign a high probability to the status quo outcome. However, I will also allocate some probability to other outcomes to account for unexpected events.

Final probabilities:
- Exactly 0: 85%
- Exactly 1: 10%
- 2-3: 3%
- 4-6: 1%
- 7-20: 0.5%
- >20: 0.5%
[2025-05-30 00:03:21] INFO: === Forecast Result ===
[2025-05-30 00:03:21] INFO: URL: https://www.metaculus.com/questions/38096
[2025-05-30 00:03:21] INFO: Prediction: predicted_options=[PredictedOption(option_name='Exactly 0', probability=0.85), PredictedOption(option_name='Exactly 1', probability=0.1), PredictedOption(option_name='2-3', probability=0.03), PredictedOption(option_name='4-6', probability=0.01), PredictedOption(option_name='7-20', probability=0.005), PredictedOption(option_name='>20', probability=0.005)]
[2025-05-30 00:03:21] INFO: Reasoning: (a) The time left until the outcome to the question is known is approximately one month, as the question resolves based on the number of banks listed on the FDIC's Failed Bank List with a closing date before July 1, 2025.

(b) The status quo outcome if nothing changed is that zero banks will be listed on the FDIC's Failed Bank List for Q2 2025. As of May 30, 2025, there have been no bank failures reported for Q2 2025.

(c) A scenario that results in an unexpected outcome could involve sudden financial instability or a crisis affecting the banking sector, leading to multiple bank failures in June 2025. This could be triggered by unforeseen economic shocks, significant changes in monetary policy, or geopolitical events that impact the financial markets. Such scenarios, while possible, are typically rare and would require a rapid deterioration in economic conditions.

Given the current information and the tendency for the status quo to prevail, the most likely outcome is that no banks will fail in Q2 2025. However, considering the possibility of unexpected events, I will assign some probability to other outcomes.

Final probabilities for the options are as follows:

- Exactly 0: 85%
- Exactly 1: 10%
- 2-3: 3%
- 4-6: 1%
- 7-20: 0.5%
- >20: 0.5%
[2025-05-30 00:03:24] INFO: === Forecast Result ===
[2025-05-30 00:03:24] INFO: URL: https://www.metaculus.com/questions/38096
[2025-05-30 00:03:24] INFO: Prediction: predicted_options=[PredictedOption(option_name='Exactly 0', probability=0.85), PredictedOption(option_name='Exactly 1', probability=0.1), PredictedOption(option_name='2-3', probability=0.03), PredictedOption(option_name='4-6', probability=0.01), PredictedOption(option_name='7-20', probability=0.005), PredictedOption(option_name='>20', probability=0.005)]
[2025-05-30 00:03:24] INFO: Reasoning: (a) The time left until the outcome to the question is known is approximately one month, as the question resolves on July 1, 2025, and today is May 30, 2025.

(b) The status quo outcome if nothing changed would be "Exactly 0" banks listed on the FDIC's Failed Bank List for Q2 2025, as there have been no bank failures reported during this quarter so far.

(c) A scenario that results in an unexpected outcome could involve a sudden economic shock or financial instability that leads to multiple bank failures in a short period. For instance, a significant geopolitical event, a rapid increase in interest rates, or a major financial institution facing liquidity issues could trigger a chain reaction affecting smaller banks. Such events, while unlikely, could lead to more than one bank failure before the end of Q2 2025.

Rationale:
1. **Status Quo Weighting**: Given the current data and the lack of any indications of imminent bank failures, the most likely outcome is that no banks will fail in the remaining month of Q2 2025. Therefore, the status quo outcome of "Exactly 0" should be given the highest probability.

2. **Moderate Probability for Unexpected Outcomes**: While the probability of unexpected outcomes is generally low, it's prudent to allocate some probability to these scenarios. Economic conditions can change rapidly, and unforeseen events could lead to bank failures.

3. **Historical Context**: Historically, bank failures tend to occur in clusters during periods of economic downturns or financial crises. Since there is no indication of such conditions currently, the likelihood of multiple failures remains low.

Final Probabilities:
- Exactly 0: 85%
- Exactly 1: 10%
- 2-3: 3%
- 4-6: 1%
- 7-20: 0.5%
- >20: 0.5%
[2025-05-30 00:03:26] INFO: === Forecast Result ===
[2025-05-30 00:03:26] INFO: URL: https://www.metaculus.com/questions/38096
[2025-05-30 00:03:26] INFO: Prediction: predicted_options=[PredictedOption(option_name='Exactly 0', probability=0.8), PredictedOption(option_name='Exactly 1', probability=0.1), PredictedOption(option_name='2-3', probability=0.05), PredictedOption(option_name='4-6', probability=0.03), PredictedOption(option_name='7-20', probability=0.01), PredictedOption(option_name='>20', probability=0.01)]
[2025-05-30 00:03:26] INFO: Reasoning: (a) **The time left until the outcome to the question is known:**  
There is approximately one month left until the end of Q2 2025, as today is May 30, 2025, and the question resolves based on the FDIC's Failed Bank List as of June 30, 2025.

(b) **The status quo outcome if nothing changed:**  
If no additional banks fail before June 30, 2025, the outcome would be "Exactly 0" banks listed on the FDIC's Failed Bank List for Q2 2025.

(c) **A description of a scenario that results in an unexpected outcome:**  
An unexpected outcome could occur if there is a sudden economic shock or financial instability that leads to multiple bank failures in a short period. For example, a significant geopolitical event, a sharp downturn in the stock market, or a rapid increase in interest rates could stress smaller banks' balance sheets, potentially leading to failures. Additionally, if there were undisclosed vulnerabilities in certain banks that become apparent, this could also lead to unexpected bank closures.

**Rationale:**

1. **Current Information:**  
   As of now, there have been no bank failures in Q2 2025, and there are no indications of imminent failures. The FDIC's lists are up to date, and the financial environment appears stable.

2. **Status Quo Bias:**  
   Given that the world changes slowly most of the time, the most likely outcome is that no banks will fail in the remaining month of Q2 2025. Therefore, the status quo outcome of "Exactly 0" banks failing is given significant weight.

3. **Allowance for Uncertainty:**  
   While the probability of unexpected events is low, it is prudent to allocate some probability to scenarios where one or more banks could fail. This accounts for unforeseen economic shocks or undisclosed issues within banks.

**Final Probabilities:**

- **Exactly 0:** 80%  
  This reflects the current situation and the likelihood that no banks will fail in the remaining time of Q2 2025.

- **Exactly 1:** 10%  
  This accounts for the possibility that a single bank could fail unexpectedly due to unforeseen circumstances.

- **2-3:** 5%  
  This considers a scenario where a small cluster of banks might face issues simultaneously, though this is less likely.

- **4-6:** 3%  
  This is a low-probability scenario, reflecting a more significant but still unlikely wave of failures.

- **7-20:** 1%  
  This represents an even less likely scenario of a moderate banking crisis occurring suddenly.

- **>20:** 1%  
  This accounts for a very unlikely scenario of a large-scale banking crisis within the next month.
[2025-05-30 00:03:26] INFO: === Forecast Result ===
[2025-05-30 00:03:26] INFO: URL: https://www.metaculus.com/questions/38096
[2025-05-30 00:03:26] INFO: Prediction: predicted_options=[PredictedOption(option_name='Exactly 0', probability=0.8415841584158416), PredictedOption(option_name='Exactly 1', probability=0.09900990099009901), PredictedOption(option_name='2-3', probability=0.0297029702970297), PredictedOption(option_name='4-6', probability=0.009900990099009901), PredictedOption(option_name='7-20', probability=0.009900990099009901), PredictedOption(option_name='>20', probability=0.009900990099009901)]
[2025-05-30 00:03:26] INFO: Reasoning: (a) The time left until the outcome to the question is known is approximately one month, as today is May 30, 2025, and the question resolves based on data available by June 30, 2025.

(b) The status quo outcome, if nothing changes, is that exactly 0 banks will be listed on the FDIC's Failed Bank List for Q2 2025. As of now, no banks have failed in Q2 2025.

(c) A scenario that results in an unexpected outcome could involve sudden economic shocks or crises that lead to multiple bank failures within the remaining month of Q2 2025. For instance, a significant financial market disruption, a sudden increase in interest rates, or a geopolitical event could stress smaller banks, leading to a few failures. However, given the current stability and lack of indicators for such events, this scenario is less likely.

Rationale:
1. **Status Quo Weighting**: The current data indicates no bank failures in Q2 2025, and the FDIC's list is up to date. Historically, bank failures are relatively rare and tend to be clustered around economic downturns or crises, neither of which is currently evident.

2. **Unexpected Outcomes**: While the probability of unexpected outcomes is low, it is not zero. Economic conditions can change rapidly, and unforeseen events could impact the banking sector. However, the lack of current indicators for such events suggests that the likelihood of multiple bank failures occurring in the next month is minimal.

3. **Moderate Probability for Other Options**: Given the low likelihood of significant changes, the probabilities for options involving more than one bank failure remain low. However, acknowledging the inherent uncertainty in forecasting, a small probability is assigned to these options.

Final Probabilities:
- Exactly 0: 85%
- Exactly 1: 10%
- 2-3: 3%
- 4-6: 1%
- 7-20: 1%
- >20: <1%
[2025-05-30 00:03:26] INFO: === Run Summary ===
[2025-05-30 00:03:26] INFO: Total questions: 1
[2025-05-30 00:03:26] INFO: Successful research: 1
[2025-05-30 00:03:26] INFO: Failed research: 0
[2025-05-30 00:03:26] INFO: Success rate: 100.00%
