[2025-05-21 20:01:16] INFO: === Starting new forecast run (Run #1886) ===
[2025-05-21 20:01:16] INFO: Environment: GitHub Actions
[2025-05-21 20:01:16] INFO: Repository: agsheves/decis-metaculus-bot1
[2025-05-21 20:01:16] INFO: Workflow: Forecast on new AI tournament questions
[2025-05-21 20:01:16] INFO: Commit: 2f214dc54d22b93d1b8c3a18926398dc5f686ee1
[2025-05-21 20:01:16] INFO: === Question 1 ===
[2025-05-21 20:01:16] INFO: URL: https://www.metaculus.com/questions/37820
[2025-05-21 20:01:16] INFO: Text: What outcome will occur next with the Menendez brothers?
[2025-05-21 20:01:28] INFO: Research: Perplexity succeeded for https://www.metaculus.com/questions/37820
[2025-05-21 20:01:36] INFO: === Forecast Result ===
[2025-05-21 20:01:36] INFO: URL: https://www.metaculus.com/questions/37820
[2025-05-21 20:01:36] INFO: Prediction: predicted_options=[PredictedOption(option_name='Both Erik and Lyle Menendez are released from prison', probability=0.1), PredictedOption(option_name='One but not the other is released from prison', probability=0.05), PredictedOption(option_name='Neither outcome occurs before July 1, 2025', probability=0.85)]
[2025-05-21 20:01:36] INFO: Reasoning: (a) The time left until the outcome to the question is known is approximately 1 year and 1 month, as the question resolves on July 1, 2025.

(b) The status quo outcome if nothing changed is that neither Erik nor Lyle Menendez is released from prison before July 1, 2025. This is because their parole hearings are scheduled for August 2025, and any clemency decision by Governor Gavin Newsom would need to occur before the resolution date.

(c) A scenario that results in an unexpected outcome could involve Governor Gavin Newsom granting clemency to one or both of the Menendez brothers before July 1, 2025. This could happen if new evidence or public pressure significantly influences the governor's decision-making process. Another unexpected scenario could involve a legal or procedural development that accelerates their release, such as a court ruling that mandates their immediate release due to a legal technicality.

Considering these factors, I will assign probabilities to each outcome:

- Option_A: Both Erik and Lyle Menendez are released from prison. Given the current status and the timeline, this seems unlikely before July 1, 2025, as both the parole hearing and clemency decision would need to occur swiftly. Probability_A: 10%

- Option_B: One but not the other is released from prison. This is also unlikely, as both brothers are pursuing the same avenues for release, and there is no indication that one would be treated differently than the other. Probability_B: 5%

- Option_C: Neither outcome occurs before July 1, 2025. This is the most likely scenario given the current timeline and the status quo, as the parole hearings are scheduled for after the resolution date, and clemency decisions are uncertain. Probability_C: 85%
[2025-05-21 20:01:37] INFO: === Forecast Result ===
[2025-05-21 20:01:37] INFO: URL: https://www.metaculus.com/questions/37820
[2025-05-21 20:01:37] INFO: Prediction: predicted_options=[PredictedOption(option_name='Both Erik and Lyle Menendez are released from prison', probability=0.1), PredictedOption(option_name='One but not the other is released from prison', probability=0.05), PredictedOption(option_name='Neither outcome occurs before July 1, 2025', probability=0.85)]
[2025-05-21 20:01:37] INFO: Reasoning: Before answering the question, let's consider the following:

(a) **The time left until the outcome to the question is known:**
   - The parole hearings for Erik and Lyle Menendez are scheduled for August 21 and 22, 2025. This is after the July 1, 2025, deadline mentioned in the question. Therefore, the outcome regarding their release based on parole will not be known until after the deadline.
   - The clemency path is independent of the parole process, and Governor Gavin Newsom can grant clemency at any time. However, there is no specific timeline provided for when a clemency decision might be made.

(b) **The status quo outcome if nothing changed:**
   - As of now, neither Erik nor Lyle Menendez has been released from prison. Given that the parole hearings are scheduled after the July 1, 2025, deadline, and there is no indication of an imminent clemency decision, the status quo outcome is that neither is released before the deadline.

(c) **A description of a scenario that results in an unexpected outcome:**
   - An unexpected outcome could occur if Governor Gavin Newsom decides to grant clemency to one or both of the Menendez brothers before July 1, 2025. This would be unexpected given the current information, as there is no indication of an immediate clemency decision.

Considering these points and the fact that the world changes slowly most of the time, it's reasonable to put extra weight on the status quo outcome. However, some moderate probability should be left for unexpected outcomes, such as a sudden clemency decision.

Final probabilities for the options are as follows:

- **Option_A: Both Erik and Lyle Menendez are released from prison**: Probability_A = 10%
  - This accounts for the possibility of both receiving clemency before the deadline, which is unlikely but possible.

- **Option_B: One but not the other is released from prison**: Probability_B = 5%
  - This accounts for the possibility of clemency being granted to only one of the brothers, which is even less likely given their similar circumstances.

- **Option_C: Neither outcome occurs before July 1, 2025**: Probability_C = 85%
  - This reflects the status quo outcome, as the parole hearings are scheduled after the deadline and there is no immediate indication of clemency.
[2025-05-21 20:01:38] INFO: === Run Summary ===
[2025-05-21 20:01:38] INFO: Total questions: 1
[2025-05-21 20:01:38] INFO: Successful research: 1
[2025-05-21 20:01:38] INFO: Failed research: 0
[2025-05-21 20:01:38] INFO: Success rate: 100.00%
