[2025-05-16 08:01:17] INFO: === Starting new forecast run (Run #1627) ===
[2025-05-16 08:01:17] INFO: Environment: GitHub Actions
[2025-05-16 08:01:17] INFO: Repository: agsheves/decis-metaculus-bot1
[2025-05-16 08:01:17] INFO: Workflow: Forecast on new AI tournament questions
[2025-05-16 08:01:17] INFO: Commit: bd0af55a18fe7a18c0710a587a775db92461b216
[2025-05-16 08:01:17] INFO: === Question 1 ===
[2025-05-16 08:01:17] INFO: URL: https://www.metaculus.com/questions/37659
[2025-05-16 08:01:17] INFO: Text: Will the Project 2025 Tracker classify at least 120 objectives as "Done" on July 1, 2025?
[2025-05-16 08:01:38] INFO: Research: Perplexity succeeded for https://www.metaculus.com/questions/37659
[2025-05-16 08:01:52] INFO: === Forecast Result ===
[2025-05-16 08:01:52] INFO: URL: https://www.metaculus.com/questions/37659
[2025-05-16 08:01:52] INFO: Prediction: 0.75
[2025-05-16 08:01:52] INFO: Reasoning: (a) The time left until the outcome to the question is known is approximately 1.5 months, as the outcome will be determined on or after July 1, 2025.

(b) The status quo outcome, if nothing changed, would likely be a Yes. This is based on the rapid progress reported, with about one-third of the agenda already achieved by mid-April 2025. Assuming the agenda contains several hundred objectives, this suggests a strong likelihood of reaching or exceeding 120 objectives marked as "Done" by July 1, 2025.

(c) A scenario that results in a No outcome could involve a significant slowdown in the implementation of objectives. This could be due to unforeseen political, legal, or logistical challenges that halt or delay the progress of the Project 2025 agenda. Additionally, if the total number of objectives is lower than anticipated, achieving 120 "Done" objectives might not be feasible within the given timeframe.

(d) A scenario that results in a Yes outcome involves the continuation of the current rapid pace of implementation. If the administration maintains or accelerates its efforts to achieve the objectives, and if the total number of objectives is sufficiently high, it is plausible that at least 120 objectives could be classified as "Done" by July 1, 2025.

Rationale: Given the current information, the rapid progress reported, and the assumption that the agenda contains several hundred objectives, the probability of achieving at least 120 "Done" objectives by the target date seems high. The status quo suggests a positive trajectory, and unless significant obstacles arise, the likelihood of a Yes outcome is strong.

Probability: 75%
[2025-05-16 08:01:52] INFO: === Forecast Result ===
[2025-05-16 08:01:52] INFO: URL: https://www.metaculus.com/questions/37659
[2025-05-16 08:01:52] INFO: Prediction: 0.85
[2025-05-16 08:01:52] INFO: Reasoning: (a) The time left until the outcome to the question is known is approximately 1.5 months, as today is May 16, 2025, and the question's outcome will be determined on or after July 1, 2025.

(b) The status quo outcome if nothing changed would be "Yes," given that about one-third of the Project 2025 agenda has reportedly been achieved by April 16, 2025. Assuming the agenda contains several hundred objectives, one-third likely exceeds 120 objectives.

(c) A scenario that results in a No outcome could involve a significant slowdown in the implementation of the Project 2025 objectives. This might occur due to political opposition, legal challenges, resource constraints, or unexpected events that divert attention and resources away from the project. If the pace of achieving objectives drastically decreases, it might result in fewer than 120 objectives being classified as "Done" by July 1, 2025.

(d) A scenario that results in a Yes outcome would involve the continued rapid implementation of the Project 2025 objectives. This could be facilitated by strong political support, efficient execution by the administration, and the absence of significant obstacles. If the current momentum is maintained or even accelerated, it is likely that at least 120 objectives will be classified as "Done" by the target date.

Given the current information and the rapid pace of progress reported, the status quo suggests a high probability of achieving at least 120 objectives marked as "Done." However, without precise numbers, there remains some uncertainty. Considering the weight of the status quo and the available data, the probability of a Yes outcome is high.

Probability: 85%
[2025-05-16 08:01:52] INFO: === Forecast Result ===
[2025-05-16 08:01:52] INFO: URL: https://www.metaculus.com/questions/37659
[2025-05-16 08:01:52] INFO: Prediction: 0.7
[2025-05-16 08:01:52] INFO: Reasoning: (a) The time left until the outcome to the question is known is approximately 1.5 months, as today is May 16, 2025, and the outcome will be determined on or after July 1, 2025.

(b) The status quo outcome if nothing changed would be that approximately one-third of the Project 2025 agenda is achieved, as reported on April 16, 2025. However, without specific numbers, it is unclear if this equates to at least 120 objectives being classified as "Done."

(c) A scenario that results in a No outcome could involve the implementation pace slowing down significantly due to unforeseen obstacles, such as political pushback, legal challenges, or resource constraints, preventing the completion of additional objectives needed to reach the 120 mark by July 1, 2025.

(d) A scenario that results in a Yes outcome could involve the continuation or acceleration of the current implementation pace, with additional objectives being completed and marked as "Done" at a steady rate, ensuring that the total number of completed objectives reaches or exceeds 120 by the deadline.

Rationale:
The current information suggests significant momentum in implementing the Project 2025 agenda, with about one-third reportedly achieved by mid-April 2025. Given the large scope of the agenda (900 pages), it is plausible that one-third could already represent a substantial number of objectives. If the pace of implementation continues or accelerates, reaching 120 "Done" objectives by July 1, 2025, seems feasible. However, the lack of specific numbers introduces uncertainty. Given the rapid progress reported and the tendency for change to occur slowly, the status quo suggests a higher likelihood of a Yes outcome.

Final Answer: "Probability: 70%"
[2025-05-16 08:01:53] INFO: === Forecast Result ===
[2025-05-16 08:01:53] INFO: URL: https://www.metaculus.com/questions/37659
[2025-05-16 08:01:53] INFO: Prediction: 0.7
[2025-05-16 08:01:53] INFO: Reasoning: (a) The time left until the outcome to the question is known is approximately 1.5 months, as the outcome will be determined on or after July 1, 2025.

(b) The status quo outcome if nothing changed would be uncertain. As of April 16, 2025, about one-third of the Project 2025 agenda was reportedly achieved, but the exact number of objectives classified as "Done" is not specified. Without further updates, we cannot definitively say if the number of "Done" objectives is at least 120.

(c) A scenario that results in a No outcome could involve a slowdown in the implementation of the Project 2025 objectives. This could be due to unforeseen political, legal, or logistical challenges that impede progress. If the pace of marking objectives as "Done" significantly decreases, it might result in fewer than 120 objectives being completed by July 1, 2025.

(d) A scenario that results in a Yes outcome could involve the continuation or acceleration of the current rapid pace of implementation. If the administration maintains or increases its focus on executing the Project 2025 agenda, and if the total number of objectives is sufficiently high, it is plausible that at least 120 objectives could be classified as "Done" by the target date.

Rationale: Given the rapid progress reported by mid-April 2025, there is a reasonable likelihood that the pace will continue or even accelerate, especially if the administration prioritizes these objectives. However, without explicit numbers, there is uncertainty. Good forecasters often give extra weight to the status quo, but in this case, the status quo is not clearly defined due to the lack of specific data on the number of objectives completed. Therefore, while there is a positive indication of progress, the uncertainty around the exact numbers tempers the probability.

Final Answer: Probability: 70%
[2025-05-16 08:01:54] INFO: === Forecast Result ===
[2025-05-16 08:01:54] INFO: URL: https://www.metaculus.com/questions/37659
[2025-05-16 08:01:54] INFO: Prediction: 0.65
[2025-05-16 08:01:54] INFO: Reasoning: (a) The time left until the outcome to the question is known is approximately 1.5 months, as today is May 16, 2025, and the question will be resolved on or after July 1, 2025.

(b) The status quo outcome, if nothing changed, would be uncertain. As of April 16, 2025, about one-third of the agenda was reportedly achieved, but the exact number of objectives classified as "Done" is not specified. Without further information, we cannot definitively say whether the number of objectives "Done" is ≥120.

(c) A scenario that results in a No outcome could involve a slowdown in the implementation of Project 2025 objectives. This could occur due to political resistance, legal challenges, or logistical issues that prevent further objectives from being marked as "Done" at the same pace observed earlier. If the total number of objectives is less than 360, achieving one-third would not reach 120, resulting in a No outcome.

(d) A scenario that results in a Yes outcome would involve the continuation or acceleration of the current pace of implementation. If the total number of objectives is sufficiently high, and the administration continues to achieve objectives at a rapid pace, reaching or exceeding 120 objectives classified as "Done" by July 1, 2025, is plausible. This could be facilitated by strong political support, effective coordination, and prioritization of achievable objectives.

Rationale: Given the rapid progress reported as of April 16, 2025, with about one-third of the agenda achieved, there is a reasonable likelihood that the number of "Done" objectives could reach or exceed 120 by July 1, 2025. However, the lack of precise numbers and the potential for unforeseen obstacles introduce uncertainty. The status quo suggests a strong momentum, but without explicit confirmation of the current count of "Done" objectives, the probability remains uncertain.

Final Answer: Probability: 65%
[2025-05-16 08:01:55] INFO: === Run Summary ===
[2025-05-16 08:01:55] INFO: Total questions: 1
[2025-05-16 08:01:55] INFO: Successful research: 1
[2025-05-16 08:01:55] INFO: Failed research: 0
[2025-05-16 08:01:55] INFO: Success rate: 100.00%
