[2025-05-27 00:02:48] INFO: === Starting new forecast run (Run #2128) ===
[2025-05-27 00:02:48] INFO: Environment: GitHub Actions
[2025-05-27 00:02:48] INFO: Repository: agsheves/decis-metaculus-bot1
[2025-05-27 00:02:48] INFO: Workflow: Forecast on new AI tournament questions
[2025-05-27 00:02:48] INFO: Commit: 7dc0530be42b9471cc5815b0d987e457e47cb56b
[2025-05-27 00:02:48] INFO: === Question 1 ===
[2025-05-27 00:02:48] INFO: URL: https://www.metaculus.com/questions/38062
[2025-05-27 00:02:48] INFO: Text: What will be the reported rail freight intermodal traffic amount in the US for April 2025?
[2025-05-27 00:03:00] INFO: Research: Perplexity succeeded for https://www.metaculus.com/questions/38062
[2025-05-27 00:03:08] INFO: === Forecast Result ===
[2025-05-27 00:03:08] INFO: URL: https://www.metaculus.com/questions/38062
[2025-05-27 00:03:08] INFO: Prediction: [Percentile(value=1220000.0, percentile=0.1), Percentile(value=1230000.0, percentile=0.2), Percentile(value=1245000.0, percentile=0.4), Percentile(value=1260000.0, percentile=0.6), Percentile(value=1275000.0, percentile=0.8), Percentile(value=1290000.0, percentile=0.9)]
[2025-05-27 00:03:08] INFO: Reasoning: (a) The time left until the outcome to the question is known: The complete data for April 2025 intermodal traffic should be reported soon, likely within the next few weeks, as we are currently at the end of May 2025.

(b) The outcome if nothing changed: If the intermodal traffic remained constant compared to March 2025, the reported amount would be approximately 1,211,436 containers and trailers.

(c) The outcome if the current trend continued: Given the reported growth rates of 2.9% to 6.3% year-over-year for the weeks in April 2025, we can estimate an increase over April 2024. Assuming April 2024 had a similar volume to March 2024, which was around 1,200,000 containers and trailers, the April 2025 volume could range from approximately 1,236,000 to 1,276,000 containers and trailers.

(d) The expectations of experts and markets: Experts anticipate continued growth in intermodal traffic due to increased demand and higher intermodal pricing, suggesting a moderate increase over the previous year.

(e) A brief description of an unexpected scenario that results in a low outcome: A significant disruption in supply chains, such as a major labor strike or natural disaster affecting key rail lines, could lead to a sharp decline in intermodal traffic for April 2025.

(f) A brief description of an unexpected scenario that results in a high outcome: A sudden surge in consumer demand or a major shift from truck to rail transport due to fuel price spikes could result in a higher-than-expected increase in intermodal traffic.

Final Answer:
"
Percentile 10: 1,220,000
Percentile 20: 1,230,000
Percentile 40: 1,245,000
Percentile 60: 1,260,000
Percentile 80: 1,275,000
Percentile 90: 1,290,000
"
[2025-05-27 00:03:09] INFO: === Forecast Result ===
[2025-05-27 00:03:09] INFO: URL: https://www.metaculus.com/questions/38062
[2025-05-27 00:03:09] INFO: Prediction: [Percentile(value=1180000.0, percentile=0.1), Percentile(value=1210000.0, percentile=0.2), Percentile(value=1240000.0, percentile=0.4), Percentile(value=1270000.0, percentile=0.6), Percentile(value=1300000.0, percentile=0.8), Percentile(value=1330000.0, percentile=0.9)]
[2025-05-27 00:03:09] INFO: Reasoning: (a) The time left until the outcome to the question is known:  
The outcome will be known once the complete April 2025 intermodal traffic figures are reported, which should be available shortly after the end of May 2025.

(b) The outcome if nothing changed:  
If nothing changed from the reported March 2025 figure, the intermodal traffic for April 2025 would remain at 1,211,436 containers and trailers.

(c) The outcome if the current trend continued:  
The reported year-over-year growth for the first three weeks of April 2025 ranges from 2.9% to 6.3%. Assuming an average growth of around 4.6% (the midpoint of the range), the intermodal traffic for April 2024 would be approximately 1,211,436 * 1.046 = 1,267,178 containers and trailers.

(d) The expectations of experts and markets:  
Experts and markets likely expect continued growth in intermodal traffic, given the positive trends in both weekly reports and broader year-to-date figures. However, the exact magnitude of the increase is uncertain due to potential fluctuations in economic conditions, supply chain dynamics, and other external factors.

(e) A brief description of an unexpected scenario that results in a low outcome:  
An unexpected scenario leading to a low outcome could involve significant disruptions in the supply chain, such as labor strikes, natural disasters, or geopolitical tensions, which could severely impact rail operations and reduce intermodal traffic.

(f) A brief description of an unexpected scenario that results in a high outcome:  
A high outcome could result from a sudden surge in demand for goods, possibly driven by economic stimulus measures, increased consumer spending, or a rapid recovery in key industries, leading to a substantial increase in intermodal traffic.

Final answer:  
"
Percentile 10: 1,180,000  
Percentile 20: 1,210,000  
Percentile 40: 1,240,000  
Percentile 60: 1,270,000  
Percentile 80: 1,300,000  
Percentile 90: 1,330,000  
"
[2025-05-27 00:03:09] INFO: === Forecast Result ===
[2025-05-27 00:03:09] INFO: URL: https://www.metaculus.com/questions/38062
[2025-05-27 00:03:09] INFO: Prediction: [Percentile(value=1150000.0, percentile=0.1), Percentile(value=1175000.0, percentile=0.2), Percentile(value=1200000.0, percentile=0.4), Percentile(value=1225000.0, percentile=0.6), Percentile(value=1250000.0, percentile=0.8), Percentile(value=1275000.0, percentile=0.9)]
[2025-05-27 00:03:09] INFO: Reasoning: (a) The time left until the outcome to the question is known:  
The complete data for April 2025 intermodal traffic will likely be available soon, as today is May 27, 2025. Typically, the Association of American Railroads (AAR) reports these figures weekly, so the final monthly total should be reported within the next few weeks.

(b) The outcome if nothing changed:  
If the intermodal traffic remained at the level of March 2025, the reported amount would be approximately 1,211,436 containers & trailers.

(c) The outcome if the current trend continued:  
Given the reported growth rates of 2.9% to 6.3% year-over-year for the first three weeks of April 2025, if this trend continued, we could expect an increase over April 2024's figures. Assuming a midpoint growth rate of approximately 4.6%, and considering April 2024's intermodal traffic was around 1,150,000 containers & trailers, the projected amount for April 2025 would be approximately 1,203,900 containers & trailers.

(d) The expectations of experts and markets:  
Experts and market analysts expect continued growth in intermodal traffic due to increased demand and pricing for long-term contracts, which have risen by an average of 3.5% year-over-year in 2025. This suggests a moderate increase in intermodal volumes for April 2025 compared to the previous year.

(e) A brief description of an unexpected scenario that results in a low outcome:  
An unexpected scenario that could result in a lower outcome might include a sudden economic downturn or significant supply chain disruptions, such as labor strikes or natural disasters, leading to reduced shipping volumes.

(f) A brief description of an unexpected scenario that results in a high outcome:  
Conversely, a scenario that could lead to a higher outcome might involve a surge in consumer demand or a rapid recovery in the manufacturing sector, leading to increased shipping needs and higher intermodal traffic.

Final Answer:  
"
Percentile 10: 1,150,000  
Percentile 20: 1,175,000  
Percentile 40: 1,200,000  
Percentile 60: 1,225,000  
Percentile 80: 1,250,000  
Percentile 90: 1,275,000  
"
[2025-05-27 00:03:11] INFO: === Forecast Result ===
[2025-05-27 00:03:11] INFO: URL: https://www.metaculus.com/questions/38062
[2025-05-27 00:03:11] INFO: Prediction: [Percentile(value=1150000.0, percentile=0.1), Percentile(value=1200000.0, percentile=0.2), Percentile(value=1250000.0, percentile=0.4), Percentile(value=1270000.0, percentile=0.6), Percentile(value=1300000.0, percentile=0.8), Percentile(value=1350000.0, percentile=0.9)]
[2025-05-27 00:03:11] INFO: Reasoning: (a) The time left until the outcome to the question is known:  
The complete data for April 2025 intermodal traffic should be available shortly, as today is May 27, 2025, and the data is typically reported by the end of the following month.

(b) The outcome if nothing changed:  
If the intermodal traffic for April 2025 were the same as March 2025, the reported figure would be 1,211,436 containers & trailers.

(c) The outcome if the current trend continued:  
Based on the available data, intermodal traffic for the first three weeks of April 2025 showed year-over-year growth between 2.9% and 6.3%. Assuming an average growth rate of approximately 4.6% (the midpoint of the range), the April 2024 figure would increase by this percentage. If April 2024's figure were similar to March 2024, we can estimate April 2025's figure as approximately 1,211,436 * 1.046 = 1,267,154 containers & trailers.

(d) The expectations of experts and markets:  
Experts and markets likely expect continued growth in intermodal traffic, given the overall economic recovery and increased demand for goods. However, the exact expectations are not specified in the provided data.

(e) A brief description of an unexpected scenario that results in a low outcome:  
An unexpected scenario leading to a low outcome could involve a sudden economic downturn or a significant disruption in the supply chain, such as a major strike in the transportation sector or severe weather events impacting rail operations.

(f) A brief description of an unexpected scenario that results in a high outcome:  
A high outcome could result from an unexpected surge in consumer demand or a significant shift from other modes of transportation to rail due to increased fuel prices or logistical advantages, leading to a higher-than-anticipated increase in intermodal traffic.

Final Answer:
```
Percentile 10: 1,150,000
Percentile 20: 1,200,000
Percentile 40: 1,250,000
Percentile 60: 1,270,000
Percentile 80: 1,300,000
Percentile 90: 1,350,000
```
[2025-05-27 00:03:14] INFO: === Forecast Result ===
[2025-05-27 00:03:14] INFO: URL: https://www.metaculus.com/questions/38062
[2025-05-27 00:03:14] INFO: Prediction: [Percentile(value=1200000.0, percentile=0.1), Percentile(value=1220000.0, percentile=0.2), Percentile(value=1250000.0, percentile=0.4), Percentile(value=1270000.0, percentile=0.6), Percentile(value=1290000.0, percentile=0.8), Percentile(value=1310000.0, percentile=0.9)]
[2025-05-27 00:03:14] INFO: Reasoning: (a) The time left until the outcome to the question is known:  
The full April 2025 intermodal traffic figures are expected to be reported soon, likely within the next few weeks as the Association of American Railroads (AAR) typically releases these figures shortly after the end of the month.

(b) The outcome if nothing changed:  
If there were no changes from the previous month (March 2025), the reported rail freight intermodal traffic for April 2025 would be 1,211,436 containers and trailers.

(c) The outcome if the current trend continued:  
Based on the available data, intermodal traffic has shown a year-over-year increase ranging from 2.9% to 6.3% for the first few weeks of April 2025. If we assume an average increase of approximately 4.6% (the midpoint of the range) over April 2024, and considering that April 2024 had similar figures to March 2025, the projected intermodal traffic for April 2025 would be approximately 1,267,142 containers and trailers (1,211,436 * 1.046).

(d) The expectations of experts and markets:  
Experts and market analysts likely expect continued growth in intermodal traffic, given the broader trend of increasing rail traffic and intermodal pricing. The expected growth rate may be in line with the observed year-over-year increases for the first few weeks of April 2025, suggesting a moderate increase compared to April 2024.

(e) A brief description of an unexpected scenario that results in a low outcome:  
An unexpected scenario that could result in a low outcome might include a sudden economic downturn or significant disruption in supply chains, such as a major labor strike or natural disaster affecting key rail corridors, leading to a decrease in intermodal traffic.

(f) A brief description of an unexpected scenario that results in a high outcome:  
A high outcome could occur if there is a sudden surge in demand for goods, possibly driven by an unexpected economic boom or a major infrastructure project requiring increased transportation of materials, leading to a significant spike in intermodal traffic.

Final Answer:
```
Percentile 10: 1,200,000
Percentile 20: 1,220,000
Percentile 40: 1,250,000
Percentile 60: 1,270,000
Percentile 80: 1,290,000
Percentile 90: 1,310,000
```
[2025-05-27 00:03:15] INFO: === Run Summary ===
[2025-05-27 00:03:15] INFO: Total questions: 1
[2025-05-27 00:03:15] INFO: Successful research: 1
[2025-05-27 00:03:15] INFO: Failed research: 0
[2025-05-27 00:03:15] INFO: Success rate: 100.00%
