[2025-05-29 18:01:28] INFO: === Starting new forecast run (Run #2257) ===
[2025-05-29 18:01:28] INFO: Environment: GitHub Actions
[2025-05-29 18:01:28] INFO: Repository: agsheves/decis-metaculus-bot1
[2025-05-29 18:01:28] INFO: Workflow: Forecast on new AI tournament questions
[2025-05-29 18:01:28] INFO: Commit: 40300801b838d2a7e11513f3956c5d7122dc0da0
[2025-05-29 18:01:28] INFO: === Question 1 ===
[2025-05-29 18:01:28] INFO: URL: https://www.metaculus.com/questions/38093
[2025-05-29 18:01:28] INFO: Text: What will be the state of the water level at River Avon at Bath Destructor Bridge in Somerset, England, on July 1, 2025?
[2025-05-29 18:01:43] WARNING: Research: Perplexity failed for https://www.metaculus.com/questions/38093
[2025-05-29 18:01:43] WARNING: Error details: Empty or invalid response
[2025-05-29 18:01:50] INFO: === Forecast Result ===
[2025-05-29 18:01:50] INFO: URL: https://www.metaculus.com/questions/38093
[2025-05-29 18:01:50] INFO: Prediction: predicted_options=[PredictedOption(option_name='Low', probability=0.2), PredictedOption(option_name='Normal', probability=0.6), PredictedOption(option_name='High', probability=0.2)]
[2025-05-29 18:01:50] INFO: Reasoning: (a) The time left until the outcome to the question is known is approximately 1 month and 2 days.

(b) The status quo outcome if nothing changed would likely be 'Normal'. The River Avon at Bath Destructor Bridge typically experiences seasonal fluctuations, but without any significant events or trends suggesting otherwise, 'Normal' would be the expected state.

(c) An unexpected outcome could occur if there were extreme weather events, such as prolonged heavy rainfall leading to flooding, which could result in a 'High' water level. Conversely, an extended period of drought or unusually high temperatures could lead to a 'Low' water level. Additionally, human interventions such as water management policies or infrastructure changes could also impact the river levels unexpectedly.

Rationale:
Given the information, the status quo suggests a 'Normal' water level is most likely, as river levels typically follow seasonal patterns and the south-west of England was not expected to have below-normal levels in May. However, the possibility of unexpected weather events or human interventions means that 'Low' and 'High' outcomes cannot be entirely ruled out. Considering the time of year, the likelihood of heavy rainfall or drought impacting the river levels should be factored into the probabilities.

Final probabilities:
Low: 20%
Normal: 60%
High: 20%
[2025-05-29 18:01:51] INFO: === Forecast Result ===
[2025-05-29 18:01:51] INFO: URL: https://www.metaculus.com/questions/38093
[2025-05-29 18:01:51] INFO: Prediction: predicted_options=[PredictedOption(option_name='Low', probability=0.2), PredictedOption(option_name='Normal', probability=0.6), PredictedOption(option_name='High', probability=0.2)]
[2025-05-29 18:01:51] INFO: Reasoning: (a) The time left until the outcome to the question is known is approximately one month and two days.

(b) The status quo outcome if nothing changed would likely be 'Normal'. This is based on the historical data and typical seasonal patterns for the River Avon at Bath Destructor Bridge, where river levels are usually stable around this time of year, barring any unusual weather events.

(c) A scenario that results in an unexpected outcome could involve extreme weather conditions. For example, if there were an unusually dry spell leading up to July 1, 2025, it could result in 'Low' water levels. Conversely, if there were significant rainfall or a storm system affecting the region, it could lead to 'High' water levels. Climate change and its impact on weather patterns could also play a role in creating unexpected outcomes.

Rationale:
Given that the time frame is relatively short, the status quo outcome of 'Normal' is the most likely scenario. Historical patterns and typical seasonal weather conditions suggest that river levels tend to remain stable unless disrupted by significant weather events. However, it is important to account for the possibility of unexpected weather changes, especially considering the increasing unpredictability of weather patterns due to climate change. Therefore, while 'Normal' is the most probable outcome, there is still a reasonable chance for 'Low' or 'High' levels due to unforeseen circumstances.

Final probabilities:
Low: 20%
Normal: 60%
High: 20%
[2025-05-29 18:01:51] INFO: === Forecast Result ===
[2025-05-29 18:01:51] INFO: URL: https://www.metaculus.com/questions/38093
[2025-05-29 18:01:51] INFO: Prediction: predicted_options=[PredictedOption(option_name='Low', probability=0.2), PredictedOption(option_name='Normal', probability=0.6), PredictedOption(option_name='High', probability=0.2)]
[2025-05-29 18:01:51] INFO: Reasoning: (a) The time left until the outcome to the question is known is approximately 1 month and 2 days, or 33 days, until July 1, 2025.

(b) The status quo outcome if nothing changed would likely be 'Normal'. This is based on the typical seasonal patterns for the River Avon and the fact that the south-west of England, including Somerset, was not experiencing exceptionally low river levels as of the latest report.

(c) A scenario that results in an unexpected outcome could involve unusual weather patterns, such as a prolonged period of heavy rainfall leading up to July 1, 2025. This could cause the river level to rise to 'High'. Alternatively, an unexpected drought or heatwave could cause the river level to drop to 'Low', especially if it coincides with increased water usage during the summer months.

Rationale:
Given the information available, the most likely outcome is that the river level will remain 'Normal' due to the lack of current indications of significant deviations in weather patterns for the south-west of England. However, it is important to account for the possibility of unexpected weather events, which could lead to either 'Low' or 'High' river levels. The probabilities should reflect the likelihood of these scenarios while giving more weight to the status quo.

Final probabilities:
Low: 20%
Normal: 60%
High: 20%
[2025-05-29 18:01:52] INFO: === Forecast Result ===
[2025-05-29 18:01:52] INFO: URL: https://www.metaculus.com/questions/38093
[2025-05-29 18:01:52] INFO: Prediction: predicted_options=[PredictedOption(option_name='Low', probability=0.2), PredictedOption(option_name='Normal', probability=0.6), PredictedOption(option_name='High', probability=0.2)]
[2025-05-29 18:01:52] INFO: Reasoning: (a) The time left until the outcome to the question is known is approximately one month, as today is May 29, 2025, and the outcome will be known on July 1, 2025.

(b) The status quo outcome, if nothing changed, would likely be 'Normal'. This is based on typical seasonal patterns and the fact that the south-west of England, where the River Avon is located, was not expected to have below normal or low river levels in May according to the BBC report.

(c) An unexpected scenario that could result in a different outcome might involve unusual weather patterns. For instance, a prolonged period of heavy rainfall in June could lead to a 'High' water level by July 1. Conversely, an unexpected drought or heatwave could lead to a 'Low' water level if it significantly reduces river inflow.

Rationale:
Given the information available, the most likely outcome is that the river level will remain 'Normal'. The south-west of England was not expected to experience low river levels in May, suggesting that the region might have more stable water levels compared to other parts of the UK. However, weather can be unpredictable, and there is always a possibility of unexpected events such as heavy rainfall or drought that could alter the river levels. Therefore, while the status quo suggests a 'Normal' level, it is prudent to assign some probability to 'Low' and 'High' outcomes to account for these uncertainties.

Final probabilities:
Low: 20%
Normal: 60%
High: 20%
[2025-05-29 18:01:52] INFO: === Forecast Result ===
[2025-05-29 18:01:52] INFO: URL: https://www.metaculus.com/questions/38093
[2025-05-29 18:01:52] INFO: Prediction: predicted_options=[PredictedOption(option_name='Low', probability=0.15), PredictedOption(option_name='Normal', probability=0.7), PredictedOption(option_name='High', probability=0.15)]
[2025-05-29 18:01:52] INFO: Reasoning: (a) The time left until the outcome to the question is known is approximately one month and two days, as today is May 29, 2025, and the outcome will be known on July 1, 2025.

(b) The status quo outcome if nothing changed would likely be 'Normal'. The River Avon at Bath Destructor Bridge generally maintains a stable level due to regulated water management practices and the typical weather patterns in the region. While the BBC article mentions below normal or low river levels in most of the UK, the south-west of England, where Bath is located, is expected to have normal levels, suggesting a stable status quo.

(c) An unexpected outcome could occur if there is an unusual weather event, such as an extended period of heavy rainfall leading to flooding, which could result in a 'High' water level. Conversely, an unexpected drought or heatwave could exacerbate water usage and evaporation, leading to a 'Low' water level. Additionally, infrastructure issues, such as a malfunction at a nearby dam or water management facility, could also alter the water levels unexpectedly.

Rationale:
Given the current information, the most likely outcome is 'Normal', as the south-west of England is expected to maintain normal river levels. However, considering the potential for unexpected weather events or infrastructure issues, it is prudent to assign some probability to both 'Low' and 'High' outcomes. The world tends to change slowly, so the status quo should be given the most weight, but unforeseen circumstances can and do occur, warranting some probability for other outcomes.

Final probabilities:
Low: 15%
Normal: 70%
High: 15%
[2025-05-29 18:01:53] INFO: === Run Summary ===
[2025-05-29 18:01:53] INFO: Total questions: 1
[2025-05-29 18:01:53] INFO: Successful research: 0
[2025-05-29 18:01:53] INFO: Failed research: 1
[2025-05-29 18:01:53] INFO: Success rate: 0.00%
