[2025-05-16 02:14:22] INFO: === Starting new forecast run (Run #1615) ===
[2025-05-16 02:14:22] INFO: Environment: GitHub Actions
[2025-05-16 02:14:22] INFO: Repository: agsheves/decis-metaculus-bot1
[2025-05-16 02:14:22] INFO: Workflow: Forecast on new AI tournament questions
[2025-05-16 02:14:22] INFO: Commit: c36bd41f46e6c3ca618c0acb3a2a8ac6e217e044
[2025-05-16 02:14:23] INFO: === Question 1 ===
[2025-05-16 02:14:23] INFO: URL: https://www.metaculus.com/questions/37656
[2025-05-16 02:14:23] INFO: Text: Will the Project 2025 Tracker spreadsheet have the objective of stopping funding for NPR and PBS marked as complete before July 1, 2025?
[2025-05-16 02:14:32] INFO: Research: Perplexity succeeded for https://www.metaculus.com/questions/37656
[2025-05-16 02:14:40] INFO: === Forecast Result ===
[2025-05-16 02:14:40] INFO: URL: https://www.metaculus.com/questions/37656
[2025-05-16 02:14:40] INFO: Prediction: 0.9
[2025-05-16 02:14:40] INFO: Reasoning: (a) The time left until the outcome to the question is known is approximately 1.5 months, as the deadline is July 1, 2025.

(b) The status quo outcome, if nothing changed, is "Yes." The Project 2025 objective to stop funding for NPR and PBS is currently marked as complete on the Project 2025 Tracker.

(c) A scenario that results in a "No" outcome could involve a legal challenge or legislative action that reverses or nullifies the executive order signed by President Trump. For example, if a court were to issue an injunction against the executive order, or if Congress passed a law reinstating funding for NPR and PBS, the Project 2025 Tracker might update the objective status to "in progress" or "not complete."

(d) A scenario that results in a "Yes" outcome is the continuation of the current situation, where the executive order remains in effect, and no significant legal or legislative actions are taken to reverse it. The Project 2025 Tracker continues to reflect the objective as complete, with no changes before the July 1, 2025 deadline.

Given the current status and the short time frame remaining, the likelihood of a significant reversal occurring before the deadline is relatively low. The status quo outcome is "Yes," and since the world changes slowly most of the time, this outcome is more probable.

Probability: 90%
[2025-05-16 02:14:40] INFO: === Forecast Result ===
[2025-05-16 02:14:40] INFO: URL: https://www.metaculus.com/questions/37656
[2025-05-16 02:14:40] INFO: Prediction: 0.9
[2025-05-16 02:14:40] INFO: Reasoning: (a) The time left until the outcome to the question is known is approximately 1.5 months, as the deadline is July 1, 2025.

(b) The status quo outcome if nothing changed is "Yes," since the objective to stop funding for NPR and PBS has already been marked as complete on the Project 2025 Tracker.

(c) A scenario that results in a "No" outcome could involve a significant legal challenge or legislative action that reverses or nullifies the Executive Order signed by President Trump. For instance, if a court were to issue an injunction against the Executive Order or if Congress were to pass a law reinstating funding for NPR and PBS, the Project 2025 Tracker might update the status of the objective back to "in progress" or another non-complete status.

(d) A scenario that results in a "Yes" outcome is the current situation where the Executive Order remains in effect, and no legal or legislative actions successfully reverse it before July 1, 2025. The Project 2025 Tracker continues to reflect the objective as complete, and no further changes are made to its status.

Given the current status and the fact that the objective is already marked as complete, the likelihood of the outcome remaining "Yes" is high. The status quo outcome is "Yes," and the world tends to change slowly, making it less likely for significant reversals to occur within the short time frame remaining.

Probability: 90%
[2025-05-16 02:14:40] INFO: === Forecast Result ===
[2025-05-16 02:14:40] INFO: URL: https://www.metaculus.com/questions/37656
[2025-05-16 02:14:40] INFO: Prediction: 0.9
[2025-05-16 02:14:40] INFO: Reasoning: (a) The time left until the outcome to the question is known is approximately 1.5 months, as the deadline is July 1, 2025.

(b) The status quo outcome if nothing changed is "Yes," since the objective to stop funding for NPR and PBS is already marked as complete on the Project 2025 Tracker.

(c) A scenario that results in a No outcome could involve a legal challenge or legislative action that overturns or suspends the Executive Order signed by President Trump. If such a reversal occurs and the Project 2025 Tracker updates the status back to "in progress" or another incomplete status, the outcome would be "No."

(d) A scenario that results in a Yes outcome is the continuation of the current status, where the Executive Order remains in effect, and no legal or legislative actions successfully reverse the decision. The Project 2025 Tracker maintains the "complete" status for the objective, leading to a "Yes" outcome.

Rationale: Given that the objective is already marked as complete and there is limited time remaining until the deadline, the status quo heavily favors a "Yes" outcome. While legal or legislative challenges are possible, they would need to occur swiftly and effectively to change the current status. Historically, changes of this nature often face significant hurdles and delays, making the status quo a more likely scenario.

Final Answer: Probability: 90%
[2025-05-16 02:14:40] INFO: === Forecast Result ===
[2025-05-16 02:14:40] INFO: URL: https://www.metaculus.com/questions/37656
[2025-05-16 02:14:40] INFO: Prediction: 0.9
[2025-05-16 02:14:40] INFO: Reasoning: (a) The time left until the outcome to the question is known is approximately 1.5 months, as the deadline is July 1, 2025.

(b) The status quo outcome if nothing changed is "Yes," because the objective to stop funding for NPR and PBS has already been marked as complete on the Project 2025 Tracker.

(c) A brief description of a scenario that results in a No outcome: A legal challenge or legislative action could overturn or block the Executive Order signed by President Trump. If a court ruling or new legislation reinstates funding for NPR and PBS, the Project 2025 Tracker might update the status back to "in progress" or another status, resulting in a "No" outcome.

(d) A brief description of a scenario that results in a Yes outcome: The current status remains unchanged, with no successful legal or legislative challenges to the Executive Order. The Project 2025 Tracker continues to reflect the completion of the objective, and no further actions are taken that would alter this status before July 1, 2025.

Rationale: Given that the objective is currently marked as complete and there is a relatively short time frame until the deadline, the status quo outcome of "Yes" is highly likely. While there is always a possibility of legal or legislative challenges, these would need to be both initiated and resolved within a very short period, which is less probable. Therefore, the likelihood of the status quo remaining unchanged is high.

Final answer: "Probability: 90%"
[2025-05-16 02:14:43] INFO: === Forecast Result ===
[2025-05-16 02:14:43] INFO: URL: https://www.metaculus.com/questions/37656
[2025-05-16 02:14:43] INFO: Prediction: 0.85
[2025-05-16 02:14:43] INFO: Reasoning: Before answering the question, let's break down the components:

(a) **The time left until the outcome to the question is known:**
   - The outcome will be determined on or after July 1, 2025. Today is May 16, 2025, so there are approximately 1.5 months left until the outcome is officially known.

(b) **The status quo outcome if nothing changed:**
   - As of now, the objective to stop funding for NPR and PBS is marked as complete on the Project 2025 Tracker. If nothing changes, the status quo outcome is "Yes."

(c) **A brief description of a scenario that results in a No outcome:**
   - A scenario that results in a "No" outcome would involve a reversal or invalidation of the Executive Order before July 1, 2025. This could occur if a legal challenge successfully halts the implementation of the order, or if a new policy decision reinstates funding for NPR and PBS, causing the Project 2025 Tracker to revert the status of the objective to "in progress" or another incomplete status.

(d) **A brief description of a scenario that results in a Yes outcome:**
   - The current scenario already results in a "Yes" outcome, as the objective is marked complete. For this to remain the case, the Executive Order must continue to be enforced without any legal or political challenges that could alter its implementation, and the Project 2025 Tracker must maintain the status as complete.

**Rationale:**
Given the current status where the objective is marked as complete, and considering the time frame of approximately 1.5 months until the outcome is officially determined, the probability of a significant change occurring is relatively low. The status quo is a strong indicator of the likely outcome, as changes of this magnitude typically require substantial legal or political intervention, which may not occur within the short remaining time frame.

**Final Answer:**
Probability: 85%
[2025-05-16 02:14:44] INFO: === Run Summary ===
[2025-05-16 02:14:44] INFO: Total questions: 1
[2025-05-16 02:14:44] INFO: Successful research: 1
[2025-05-16 02:14:44] INFO: Failed research: 0
[2025-05-16 02:14:44] INFO: Success rate: 100.00%
