[2025-05-23 06:01:43] INFO: === Starting new forecast run (Run #1952) ===
[2025-05-23 06:01:43] INFO: Environment: GitHub Actions
[2025-05-23 06:01:43] INFO: Repository: agsheves/decis-metaculus-bot1
[2025-05-23 06:01:43] INFO: Workflow: Forecast on new AI tournament questions
[2025-05-23 06:01:43] INFO: Commit: e5bff06a27a2fcb5cf1695bde150fad815374854
[2025-05-23 06:01:43] INFO: === Question 1 ===
[2025-05-23 06:01:43] INFO: URL: https://www.metaculus.com/questions/37837
[2025-05-23 06:01:43] INFO: Text: Will the number of UFO sightings reported by the National UFO Reporting Center exceed 400 for June 2025?
[2025-05-23 06:01:56] WARNING: Research: Perplexity failed for https://www.metaculus.com/questions/37837
[2025-05-23 06:01:56] WARNING: Error details: Empty or invalid response
[2025-05-23 06:02:00] INFO: === Forecast Result ===
[2025-05-23 06:02:00] INFO: URL: https://www.metaculus.com/questions/37837
[2025-05-23 06:02:00] INFO: Prediction: 0.3
[2025-05-23 06:02:00] INFO: Reasoning: (a) The time left until the outcome to the question is known is approximately 1 month and 8 days, as the outcome will be determined on or after July 1, 2025.

(b) The status quo outcome if nothing changed would depend on the average number of UFO sightings reported in previous Junes. If historical data shows that the number of sightings typically falls below 400, the status quo outcome would be "No." Conversely, if the historical average is above 400, the status quo outcome would be "Yes."

(c) A scenario that results in a No outcome could involve a lack of significant UFO-related events or media coverage leading up to and during June 2025. Additionally, if there are fewer people outdoors due to weather conditions or other factors, this might reduce the number of sightings reported.

(d) A scenario that results in a Yes outcome could involve increased media attention or public interest in UFOs, perhaps due to a high-profile sighting or government disclosure about UFOs/UAPs. This could lead to more people being vigilant and reporting sightings, thus increasing the number of reports.

Rationale: Given that the world changes slowly most of the time, it is important to consider historical trends and the status quo. If historical data shows that the number of sightings in June has typically been below 400, it is reasonable to put more weight on the status quo outcome being "No." However, external factors such as media attention or significant events can influence the number of reports, potentially leading to a "Yes" outcome.

Final Answer: "Probability: 30%"
[2025-05-23 06:02:00] INFO: === Forecast Result ===
[2025-05-23 06:02:00] INFO: URL: https://www.metaculus.com/questions/37837
[2025-05-23 06:02:00] INFO: Prediction: 0.3
[2025-05-23 06:02:00] INFO: Reasoning: (a) The time left until the outcome to the question is known is approximately 39 days, as the outcome will be determined on or after July 1, 2025.

(b) The status quo outcome if nothing changed would be based on historical data of UFO sightings reported in June of previous years. Historically, the number of sightings reported in a single month has varied, but it is often below 400. Therefore, the status quo outcome would likely be a No.

(c) A scenario that results in a No outcome could involve a typical month of UFO sightings, where the number of reports remains consistent with historical averages. This could be due to a lack of significant events or media coverage that might otherwise increase public interest and reporting.

(d) A scenario that results in a Yes outcome might involve a surge in public interest due to a high-profile UFO event or media coverage, leading to an increased number of reports. Additionally, a government disclosure or a viral social media trend related to UFOs could also drive up the number of sightings reported.

Rationale: Given the historical data and the tendency for the number of UFO sightings to remain relatively stable, the status quo outcome leans towards a No. However, external factors such as media coverage or significant events can influence public behavior and reporting patterns. While these factors could lead to a Yes outcome, they are less predictable and less frequent. Therefore, the probability should reflect the likelihood of these scenarios occurring within the given timeframe.

Probability: 30%
[2025-05-23 06:02:00] INFO: === Forecast Result ===
[2025-05-23 06:02:00] INFO: URL: https://www.metaculus.com/questions/37837
[2025-05-23 06:02:00] INFO: Prediction: 0.2
[2025-05-23 06:02:00] INFO: Reasoning: (a) The time left until the outcome to the question is known is approximately 1 month and 8 days, as the outcome will be determined on or after July 1, 2025.

(b) The status quo outcome if nothing changed would be based on historical data of UFO sightings reported in June of previous years. If the number of sightings typically does not exceed 400 in June, then the status quo outcome would be "No."

(c) A scenario that results in a No outcome could involve a typical month of UFO sightings, where the number of reports remains consistent with historical averages for June, which are below 400. Additionally, if there are no significant events or media coverage that could spur an increase in reports, the count may remain low.

(d) A scenario that results in a Yes outcome could involve a significant increase in public interest or awareness of UFOs, possibly due to a high-profile event, government disclosure, or media coverage that encourages more people to report sightings. Additionally, a technological advancement or social media trend that makes reporting easier or more popular could lead to a surge in reports.

Rationale: Historically, the number of UFO sightings reported in a single month rarely exceeds 400, unless there are extraordinary circumstances. Given the slow nature of change in such phenomena and the lack of any current indication of a significant upcoming event, the status quo suggests a "No" outcome. However, the unpredictable nature of public interest and media influence means there is still some probability of a "Yes" outcome.

Probability: 20%
[2025-05-23 06:02:00] INFO: === Forecast Result ===
[2025-05-23 06:02:00] INFO: URL: https://www.metaculus.com/questions/37837
[2025-05-23 06:02:00] INFO: Prediction: 0.3
[2025-05-23 06:02:00] INFO: Reasoning: (a) The time left until the outcome to the question is known is approximately 39 days, as the outcome will be determined on or after July 1, 2025.

(b) The status quo outcome if nothing changed would be based on historical data of UFO sightings reported in June of previous years. If the average number of sightings in June has historically been below 400, then the status quo outcome would be "No."

(c) A scenario that results in a No outcome could involve a typical month of UFO sightings, where the number of reports remains consistent with historical averages for June, which are below 400. Additionally, if there is no significant increase in public interest or media coverage of UFOs/UAPs, the number of reports may not exceed 400.

(d) A scenario that results in a Yes outcome could involve a sudden surge in UFO sightings due to increased public interest or media coverage, possibly triggered by a high-profile event or government disclosure related to UFOs/UAPs. This could lead to a spike in reports submitted to the National UFO Reporting Center, pushing the number above 400 for June 2025.

Rationale: Given that the world changes slowly most of the time, the status quo outcome is likely to be more accurate unless there are significant changes or events that could alter the trend. Historically, the number of UFO sightings reported in a single month rarely exceeds 400, so unless there is a compelling reason to believe that June 2025 will be different, the probability should lean towards the status quo.

Final Answer: "Probability: 30%"
[2025-05-23 06:02:01] INFO: === Forecast Result ===
[2025-05-23 06:02:01] INFO: URL: https://www.metaculus.com/questions/37837
[2025-05-23 06:02:01] INFO: Prediction: 0.3
[2025-05-23 06:02:01] INFO: Reasoning: (a) The time left until the outcome to the question is known is approximately 39 days, as the outcome will be determined on or after July 1, 2025.

(b) The status quo outcome if nothing changed would be based on historical data of UFO sightings reported in previous years for the month of June. If historical trends show that the number of sightings typically falls below 400, then the status quo outcome would likely be "No." Conversely, if historical data shows that sightings often exceed 400, the status quo outcome would be "Yes."

(c) A scenario that results in a No outcome could involve a lack of significant UFO-related events or media coverage leading up to and during June 2025. Additionally, if there are fewer people outdoors due to weather conditions or other factors, there might be fewer opportunities for sightings. Another possibility is that the National UFO Reporting Center experiences technical issues or changes in reporting criteria that result in fewer reports being logged.

(d) A scenario that results in a Yes outcome could involve a surge in public interest in UFOs due to a high-profile event or media coverage, such as a new government report on UFOs or a viral social media post. This increased interest could lead to more people looking for and reporting sightings. Additionally, favorable weather conditions and increased outdoor activities in June could contribute to a higher number of sightings.

Rationale: Given that the world changes slowly most of the time, the status quo outcome should be given extra weight. Historical data and trends are crucial in determining the likelihood of exceeding 400 reports. If past data indicates that June typically sees fewer than 400 reports, the status quo would lean towards a "No" outcome. However, unexpected events or increased public interest could shift this outcome.

Probability: 30%
[2025-05-23 06:02:02] INFO: === Run Summary ===
[2025-05-23 06:02:02] INFO: Total questions: 1
[2025-05-23 06:02:02] INFO: Successful research: 0
[2025-05-23 06:02:02] INFO: Failed research: 1
[2025-05-23 06:02:02] INFO: Success rate: 0.00%
