[2025-06-04 02:16:05] INFO: === Starting new forecast run (Run #2505) ===
[2025-06-04 02:16:05] INFO: Environment: GitHub Actions
[2025-06-04 02:16:05] INFO: Repository: agsheves/decis-metaculus-bot1
[2025-06-04 02:16:05] INFO: Workflow: Forecast on new AI tournament questions
[2025-06-04 02:16:05] INFO: Commit: 1205fbd5f44ed62e361f75fdfaaed8a3f100c8af
[2025-06-04 02:16:05] INFO: === Question 1 ===
[2025-06-04 02:16:05] INFO: URL: https://www.metaculus.com/questions/38317
[2025-06-04 02:16:05] INFO: Text: Which actress will win the 2025 Nickelodeon Kids' Choice Award for Favorite Female TV Star (Family)?
[2025-06-04 02:16:15] INFO: Research: Perplexity succeeded for https://www.metaculus.com/questions/38317
[2025-06-04 02:16:25] INFO: === Forecast Result ===
[2025-06-04 02:16:25] INFO: URL: https://www.metaculus.com/questions/38317
[2025-06-04 02:16:25] INFO: Prediction: predicted_options=[PredictedOption(option_name='Anna Cathcart', probability=0.15), PredictedOption(option_name='Janelle James', probability=0.2), PredictedOption(option_name='Jayden Bartels', probability=0.1), PredictedOption(option_name='Peyton List', probability=0.3), PredictedOption(option_name='Reba McEntire', probability=0.1), PredictedOption(option_name='Ryan Kiera Armstrong', probability=0.15)]
[2025-06-04 02:16:25] INFO: Reasoning: (a) The time left until the outcome to the question is known is approximately 17 days, as the awards ceremony is scheduled for June 21, 2025.

(b) The status quo outcome if nothing changed would likely favor an actress who is currently popular among the target demographic of Nickelodeon viewers, which typically includes children and teenagers. Given the nominees mentioned, Peyton List might be considered a strong contender due to her established presence in family-oriented television and her appeal to the younger audience.

(c) A scenario that results in an unexpected outcome could involve a surge in popularity or a viral moment for one of the other nominees, such as Janelle James or Anna Cathcart, leading to a significant increase in votes. This could be driven by a recent successful project, a social media campaign, or a notable public appearance that captures the attention of the voting audience.

Taking into account the status quo and the potential for unexpected outcomes, I assign the following probabilities:

Anna Cathcart: 15%
Janelle James: 20%
Jayden Bartels: 10%
Peyton List: 30%
Reba McEntire: 10%
Ryan Kiera Armstrong: 15%
[2025-06-04 02:16:26] INFO: === Forecast Result ===
[2025-06-04 02:16:26] INFO: URL: https://www.metaculus.com/questions/38317
[2025-06-04 02:16:26] INFO: Prediction: predicted_options=[PredictedOption(option_name='Anna Cathcart', probability=0.2), PredictedOption(option_name='Janelle James', probability=0.15), PredictedOption(option_name='Jayden Bartels', probability=0.15), PredictedOption(option_name='Peyton List', probability=0.3), PredictedOption(option_name='Reba McEntire', probability=0.1), PredictedOption(option_name='Ryan Kiera Armstrong', probability=0.1)]
[2025-06-04 02:16:26] INFO: Reasoning: (a) The time left until the outcome to the question is known is 17 days, as the awards ceremony is scheduled for June 21, 2025.

(b) The status quo outcome, assuming no significant changes, would likely favor an actress who has a strong fan base, recent visibility, and popularity among the target audience of Nickelodeon. Given that Anna Cathcart, Janelle James, Jayden Bartels, and Peyton List are mentioned in the context of the awards, they are likely to be the primary contenders. Historically, Nickelodeon Kids' Choice Awards often favor actors who are actively involved in popular family or teen-oriented shows, which suggests that someone like Peyton List, who has a strong following and is known for her roles in family-oriented TV shows, might be a frontrunner.

(c) An unexpected outcome could occur if there is a sudden surge in popularity for one of the nominees due to a viral moment, a significant event, or a major endorsement from a popular influencer or celebrity. For instance, if Reba McEntire were to have a major viral moment or a significant role in a popular family show that gains traction just before the voting closes, she could unexpectedly win the award despite not being the initial favorite.

Final probabilities:
- Anna Cathcart: 20%
- Janelle James: 15%
- Jayden Bartels: 15%
- Peyton List: 30%
- Reba McEntire: 10%
- Ryan Kiera Armstrong: 10%
[2025-06-04 02:16:26] INFO: === Forecast Result ===
[2025-06-04 02:16:26] INFO: URL: https://www.metaculus.com/questions/38317
[2025-06-04 02:16:26] INFO: Prediction: predicted_options=[PredictedOption(option_name='Anna Cathcart', probability=0.15), PredictedOption(option_name='Janelle James', probability=0.15), PredictedOption(option_name='Jayden Bartels', probability=0.1), PredictedOption(option_name='Peyton List', probability=0.3), PredictedOption(option_name='Reba McEntire', probability=0.1), PredictedOption(option_name='Ryan Kiera Armstrong', probability=0.2)]
[2025-06-04 02:16:26] INFO: Reasoning: (a) The time left until the outcome to the question is known is 17 days, as the awards ceremony is scheduled for June 21, 2025.

(b) The status quo outcome if nothing changed would likely favor one of the more prominent nominees with significant fan bases or recent popular work. Among the options provided, Peyton List is a well-known actress with a strong following, especially among younger audiences, due to her roles in popular family TV shows. This makes her a strong contender for the award.

(c) A scenario that results in an unexpected outcome could involve a surge in popularity or a viral moment for one of the other nominees, such as Anna Cathcart or Janelle James, leading to a last-minute increase in votes. This could be driven by a social media campaign, a notable appearance, or a trending topic that captures the attention of the voting audience. Additionally, if one of the nominees is involved in a new project that gains significant attention just before the voting closes, it could sway the results unexpectedly.

Considering these factors, I will assign probabilities to each nominee, keeping in mind the importance of the status quo and allowing for the possibility of unexpected outcomes:

- Anna Cathcart: 15%
- Janelle James: 15%
- Jayden Bartels: 10%
- Peyton List: 30%
- Reba McEntire: 10%
- Ryan Kiera Armstrong: 20%
[2025-06-04 02:16:28] INFO: === Forecast Result ===
[2025-06-04 02:16:28] INFO: URL: https://www.metaculus.com/questions/38317
[2025-06-04 02:16:28] INFO: Prediction: predicted_options=[PredictedOption(option_name='Anna Cathcart', probability=0.15), PredictedOption(option_name='Janelle James', probability=0.2), PredictedOption(option_name='Jayden Bartels', probability=0.1), PredictedOption(option_name='Peyton List', probability=0.3), PredictedOption(option_name='Reba McEntire', probability=0.1), PredictedOption(option_name='Ryan Kiera Armstrong', probability=0.15)]
[2025-06-04 02:16:28] INFO: Reasoning: (a) The time left until the outcome to the question is known is 17 days, as the awards ceremony is scheduled for June 21, 2025.

(b) The status quo outcome if nothing changed is that the winner will likely be one of the more popular or well-known actresses among the nominees. Given the limited information about the specific nominees for the Favorite Female TV Star (Family) category, we can infer that actresses with a strong fan base or recent notable roles may have an edge. Peyton List, for example, has a significant following and has been involved in popular shows, which might make her a frontrunner.

(c) A scenario that results in an unexpected outcome could involve a surge in popularity or a viral moment for one of the less well-known nominees, such as Jayden Bartels or Ryan Kiera Armstrong. This could be due to a recent performance, a social media campaign, or an endorsement from a popular figure that significantly boosts their visibility and fan support just before the voting closes.

Considering these factors, I will assign probabilities to each nominee, keeping in mind the importance of the status quo and allowing for unexpected outcomes:

- Anna Cathcart: 15% (She has a fan base from "XO, Kitty" and could appeal to the audience)
- Janelle James: 20% (Known for "Abbott Elementary," which has been well-received)
- Jayden Bartels: 10% (Less known but could have a niche following)
- Peyton List: 30% (Likely the most well-known and popular among the nominees)
- Reba McEntire: 10% (Famous, but her appeal might skew towards an older demographic)
- Ryan Kiera Armstrong: 15% (Could have a breakout moment or appeal to younger viewers)

Final probabilities:
- Anna Cathcart: 15%
- Janelle James: 20%
- Jayden Bartels: 10%
- Peyton List: 30%
- Reba McEntire: 10%
- Ryan Kiera Armstrong: 15%
[2025-06-04 02:16:29] INFO: === Forecast Result ===
[2025-06-04 02:16:29] INFO: URL: https://www.metaculus.com/questions/38317
[2025-06-04 02:16:29] INFO: Prediction: predicted_options=[PredictedOption(option_name='Anna Cathcart', probability=0.15), PredictedOption(option_name='Janelle James', probability=0.25), PredictedOption(option_name='Jayden Bartels', probability=0.2), PredictedOption(option_name='Peyton List', probability=0.2), PredictedOption(option_name='Reba McEntire', probability=0.1), PredictedOption(option_name='Ryan Kiera Armstrong', probability=0.1)]
[2025-06-04 02:16:29] INFO: Reasoning: (a) The time left until the outcome to the question is known is 17 days, as the awards ceremony is scheduled for June 21, 2025.

(b) The status quo outcome if nothing changed would likely favor the nominee with the most current popularity and fan engagement, as these awards are heavily influenced by fan voting. Given the prominence of shows like "Abbott Elementary" and the popularity of its cast, Janelle James might have an edge if she is indeed a nominee in this category. However, without explicit confirmation of the nominees, this is speculative.

(c) A scenario that results in an unexpected outcome could involve a surge in fan voting for a less likely candidate due to a viral campaign or a significant event that boosts their visibility or popularity. For example, if Jayden Bartels were to have a breakout moment or if a campaign were launched by her fans that gained traction on social media, this could sway the voting in her favor unexpectedly.

Considering the available information and the nature of the Kids' Choice Awards, which are largely driven by fan engagement and popularity, I will assign probabilities with a slight bias towards those who are more likely to have a strong fan base or recent visibility:

- Anna Cathcart: 15% (Given her role in a popular series, she could have a strong fan base)
- Janelle James: 25% (If she is nominated, her role in a critically acclaimed show could give her an edge)
- Jayden Bartels: 20% (Potential for a strong fan-driven campaign)
- Peyton List: 20% (Known for her roles in family-oriented TV shows, she may have a consistent fan base)
- Reba McEntire: 10% (While popular, her fan base might not align with the typical Kids' Choice demographic)
- Ryan Kiera Armstrong: 10% (Less information available, but not to be completely ruled out)

These probabilities reflect a balance between the status quo and the potential for unexpected outcomes.
[2025-06-04 02:16:30] INFO: === Run Summary ===
[2025-06-04 02:16:30] INFO: Total questions: 1
[2025-06-04 02:16:30] INFO: Successful research: 1
[2025-06-04 02:16:30] INFO: Failed research: 0
[2025-06-04 02:16:30] INFO: Success rate: 100.00%
