[2025-05-28 04:03:00] INFO: === Starting new forecast run (Run #2182) ===
[2025-05-28 04:03:00] INFO: Environment: GitHub Actions
[2025-05-28 04:03:00] INFO: Repository: agsheves/decis-metaculus-bot1
[2025-05-28 04:03:00] INFO: Workflow: Forecast on new AI tournament questions
[2025-05-28 04:03:00] INFO: Commit: b0add9c89fb8eec522f40451460a4c62dff73ede
[2025-05-28 04:03:01] INFO: === Question 1 ===
[2025-05-28 04:03:01] INFO: URL: https://www.metaculus.com/questions/38075
[2025-05-28 04:03:01] INFO: Text: What will be the margin of victory in the June 2025 Democratic primary for NYC mayor?
[2025-05-28 04:03:16] INFO: Research: Perplexity succeeded for https://www.metaculus.com/questions/38075
[2025-05-28 04:03:30] INFO: === Forecast Result ===
[2025-05-28 04:03:30] INFO: URL: https://www.metaculus.com/questions/38075
[2025-05-28 04:03:30] INFO: Prediction: [Percentile(value=5.0, percentile=0.1), Percentile(value=8.0, percentile=0.2), Percentile(value=10.0, percentile=0.4), Percentile(value=12.0, percentile=0.6), Percentile(value=15.0, percentile=0.8), Percentile(value=18.0, percentile=0.9)]
[2025-05-28 04:03:30] INFO: Reasoning: (a) The time left until the outcome to the question is known: Approximately 4 weeks, as the Democratic primary is scheduled for June 24, 2025.

(b) The outcome if nothing changed: If the election were held today, Andrew Cuomo is expected to win by a significant margin due to his position as the clear front-runner. However, without specific polling data, it's difficult to quantify this margin precisely.

(c) The outcome if the current trend continued: If current trends continue, Andrew Cuomo would likely maintain his lead and win by a notable margin. Given the crowded field and Cuomo's status as the front-runner, a margin of victory in the range of 10 to 15 percentage points seems plausible.

(d) The expectations of experts and markets: Experts and political analysts currently view Cuomo as the front-runner, suggesting he is likely to win by a significant margin. However, the exact margin remains uncertain due to the lack of detailed polling data.

(e) A brief description of an unexpected scenario that results in a low outcome: A major scandal or controversy involving Andrew Cuomo could emerge, significantly damaging his reputation and support, allowing another candidate to close the gap and result in a narrow margin of victory.

(f) A brief description of an unexpected scenario that results in a high outcome: A consolidation of support behind Cuomo, possibly due to endorsements or a strong final campaign push, could lead to a larger-than-expected margin of victory, potentially exceeding 20 percentage points.

Final Answer:
"
Percentile 10: 5
Percentile 20: 8
Percentile 40: 10
Percentile 60: 12
Percentile 80: 15
Percentile 90: 18
"
[2025-05-28 04:03:31] INFO: === Forecast Result ===
[2025-05-28 04:03:31] INFO: URL: https://www.metaculus.com/questions/38075
[2025-05-28 04:03:31] INFO: Prediction: [Percentile(value=5.0, percentile=0.1), Percentile(value=8.0, percentile=0.2), Percentile(value=12.0, percentile=0.4), Percentile(value=16.0, percentile=0.6), Percentile(value=20.0, percentile=0.8), Percentile(value=25.0, percentile=0.9)]
[2025-05-28 04:03:31] INFO: Reasoning: (a) The time left until the outcome to the question is known is approximately 27 days, as the Democratic primary for NYC mayor is scheduled for June 24, 2025.

(b) The outcome if nothing changed would likely be a significant margin of victory for Andrew Cuomo, given his current status as the clear front-runner without any major endorsements reported for him. However, the exact margin is not specified in the current information.

(c) The outcome if the current trend continued would also likely result in a significant margin of victory for Cuomo. His lead in the race, as reported by political analysts and media, suggests that he would maintain a strong position over his competitors.

(d) The expectations of experts and markets, based on the available information, are that Andrew Cuomo will win the Democratic primary by a notable margin. The lack of major endorsements for other candidates and Cuomo's perceived lead contribute to this expectation.

(e) A brief description of an unexpected scenario that results in a low outcome: A major scandal or controversy involving Andrew Cuomo could emerge, significantly damaging his reputation and support among voters. This could lead to a much closer race, with another candidate gaining ground and potentially narrowing the margin of victory.

(f) A brief description of an unexpected scenario that results in a high outcome: A major endorsement or a significant political event could further consolidate support for Cuomo, resulting in an overwhelming victory. For example, if a prominent Democratic figure or organization were to endorse Cuomo, it could boost his standing and widen the margin of victory.

Final answer:
"
Percentile 10: 5
Percentile 20: 8
Percentile 40: 12
Percentile 60: 16
Percentile 80: 20
Percentile 90: 25
"
[2025-05-28 04:03:31] INFO: === Forecast Result ===
[2025-05-28 04:03:31] INFO: URL: https://www.metaculus.com/questions/38075
[2025-05-28 04:03:31] INFO: Prediction: [Percentile(value=3.0, percentile=0.1), Percentile(value=5.0, percentile=0.2), Percentile(value=8.0, percentile=0.4), Percentile(value=12.0, percentile=0.6), Percentile(value=15.0, percentile=0.8), Percentile(value=18.0, percentile=0.9)]
[2025-05-28 04:03:31] INFO: Reasoning: (a) The time left until the outcome to the question is known: Approximately 27 days, as the Democratic primary is scheduled for June 24, 2025.

(b) The outcome if nothing changed: If nothing changed from the current situation, Andrew Cuomo, as the clear front-runner, would likely win by a significant margin. However, without specific polling data, it is difficult to quantify this margin precisely.

(c) The outcome if the current trend continued: If the current trend of Cuomo maintaining his lead continues, he could win with a margin that reflects his front-runner status. Given the crowded field and lack of major endorsements for Cuomo, a margin in the range of 5 to 15 percentage points could be plausible.

(d) The expectations of experts and markets: Experts and political analysts currently expect Cuomo to win the primary, as he is widely reported as the front-runner. However, the exact margin of victory is uncertain due to the lack of specific polling data and the dynamics of a crowded field.

(e) A brief description of an unexpected scenario that results in a low outcome: An unexpected scenario that could result in a low margin of victory might involve a late-breaking scandal or controversy involving Cuomo, leading to a significant shift in voter sentiment and a more competitive race.

(f) A brief description of an unexpected scenario that results in a high outcome: An unexpected scenario leading to a high margin of victory could involve a major consolidation of support around Cuomo, possibly due to endorsements from influential figures or organizations, or a significant misstep by his closest competitors.

Final answer:
"
Percentile 10: 3
Percentile 20: 5
Percentile 40: 8
Percentile 60: 12
Percentile 80: 15
Percentile 90: 18
"
[2025-05-28 04:03:31] INFO: === Forecast Result ===
[2025-05-28 04:03:31] INFO: URL: https://www.metaculus.com/questions/38075
[2025-05-28 04:03:31] INFO: Prediction: [Percentile(value=5.0, percentile=0.1), Percentile(value=8.0, percentile=0.2), Percentile(value=12.0, percentile=0.4), Percentile(value=15.0, percentile=0.6), Percentile(value=18.0, percentile=0.8), Percentile(value=22.0, percentile=0.9)]
[2025-05-28 04:03:31] INFO: Reasoning: (a) The time left until the outcome to the question is known is approximately 27 days, as the Democratic primary is scheduled for June 24, 2025.

(b) The outcome if nothing changed would likely be a significant margin of victory for Andrew Cuomo, as he is currently the clear front-runner with no major endorsements for other candidates reported to significantly challenge his lead.

(c) The outcome if the current trend continued would also suggest a notable margin of victory for Cuomo. Given his current position as the front-runner, it is reasonable to expect that he would maintain a lead over his competitors, potentially resulting in a margin of victory in the range of 10 to 20 percentage points.

(d) The expectations of experts and markets, as inferred from the reporting, suggest that Cuomo is expected to win by a comfortable margin. However, without specific polling data or market odds, the exact expected margin is speculative.

(e) A brief description of an unexpected scenario that results in a low outcome: A significant scandal or damaging revelation about Andrew Cuomo could emerge, causing a rapid decline in his support and allowing another candidate to close the gap, resulting in a narrow margin of victory.

(f) A brief description of an unexpected scenario that results in a high outcome: A major endorsement or a significant withdrawal of a competing candidate in favor of Cuomo could consolidate support further, leading to a landslide victory with a margin exceeding 20 percentage points.

Given the current information and potential scenarios, my final answer for the margin of victory in percentage points is:

"
Percentile 10: 5
Percentile 20: 8
Percentile 40: 12
Percentile 60: 15
Percentile 80: 18
Percentile 90: 22
"
[2025-05-28 04:03:31] INFO: === Forecast Result ===
[2025-05-28 04:03:31] INFO: URL: https://www.metaculus.com/questions/38075
[2025-05-28 04:03:31] INFO: Prediction: [Percentile(value=5.0, percentile=0.1), Percentile(value=8.0, percentile=0.2), Percentile(value=12.0, percentile=0.4), Percentile(value=15.0, percentile=0.6), Percentile(value=18.0, percentile=0.8), Percentile(value=22.0, percentile=0.9)]
[2025-05-28 04:03:31] INFO: Reasoning: (a) The time left until the outcome to the question is known: Approximately 27 days, as the Democratic primary for NYC mayor is scheduled for June 24, 2025.

(b) The outcome if nothing changed: If the primary were held today, Andrew Cuomo would likely win by a notable margin, given his status as the clear front-runner. However, without specific polling data, the exact margin is uncertain.

(c) The outcome if the current trend continued: If current trends continue, Andrew Cuomo would maintain his lead and potentially win by a significant margin, possibly in the range of 10 to 20 percentage points, given the crowded field and his front-runner status.

(d) The expectations of experts and markets: Experts and political analysts currently expect Andrew Cuomo to win the primary, given his lead in media coverage and lack of a strong challenger. However, the exact margin of victory remains speculative without detailed polling data.

(e) A brief description of an unexpected scenario that results in a low outcome: A low outcome could occur if a major scandal or controversy involving Andrew Cuomo emerges, significantly damaging his campaign and allowing another candidate to close the gap, resulting in a narrow margin of victory.

(f) A brief description of an unexpected scenario that results in a high outcome: A high outcome could occur if Cuomo receives a major endorsement or if other candidates drop out and consolidate their support behind him, leading to a landslide victory with a margin exceeding 20 percentage points.

Final answer:
```
Percentile 10: 5
Percentile 20: 8
Percentile 40: 12
Percentile 60: 15
Percentile 80: 18
Percentile 90: 22
```
[2025-05-28 04:03:32] INFO: === Run Summary ===
[2025-05-28 04:03:32] INFO: Total questions: 1
[2025-05-28 04:03:32] INFO: Successful research: 1
[2025-05-28 04:03:32] INFO: Failed research: 0
[2025-05-28 04:03:32] INFO: Success rate: 100.00%
