[2025-05-21 14:01:23] INFO: === Starting new forecast run (Run #1874) ===
[2025-05-21 14:01:23] INFO: Environment: GitHub Actions
[2025-05-21 14:01:23] INFO: Repository: agsheves/decis-metaculus-bot1
[2025-05-21 14:01:23] INFO: Workflow: Forecast on new AI tournament questions
[2025-05-21 14:01:23] INFO: Commit: 88a78a78e654edd18ce61cc567c5c5927678601d
[2025-05-21 14:01:24] INFO: === Question 1 ===
[2025-05-21 14:01:24] INFO: URL: https://www.metaculus.com/questions/37817
[2025-05-21 14:01:24] INFO: Text: Will there be greater than 5 direct flight destinations from Koror, Palau on July 1, 2025?
[2025-05-21 14:01:35] INFO: Research: Perplexity succeeded for https://www.metaculus.com/questions/37817
[2025-05-21 14:01:41] INFO: === Forecast Result ===
[2025-05-21 14:01:41] INFO: URL: https://www.metaculus.com/questions/37817
[2025-05-21 14:01:41] INFO: Prediction: 0.9
[2025-05-21 14:01:41] INFO: Reasoning: (a) The time left until the outcome to the question is known is approximately 1 month and 10 days, as today is May 21, 2025, and the outcome will be determined on or after July 1, 2025.

(b) The status quo outcome if nothing changed would be **Yes**, since as of May 21, 2025, there are non-stop passenger flights scheduled to 9 destinations from Koror Airport.

(c) A scenario that results in a No outcome could involve a significant reduction in flight operations due to unforeseen circumstances such as geopolitical tensions, economic downturns, or a resurgence of a global health crisis that leads to airlines cutting routes to and from Koror. This could result in fewer than 6 direct flight destinations being available by July 1, 2025.

(d) A scenario that results in a Yes outcome would involve the current flight schedule remaining stable, with no significant disruptions or cancellations. Additionally, any new routes or airlines commencing operations from Koror would further solidify the outcome as Yes.

Given the current status of 9 destinations and the short time frame until the outcome is determined, the likelihood of a significant reduction in flight destinations is relatively low. The status quo outcome is a strong indicator, and the world tends to change slowly most of the time. Therefore, the probability of the outcome being Yes is quite high.

Probability: 90%
[2025-05-21 14:01:42] INFO: === Forecast Result ===
[2025-05-21 14:01:42] INFO: URL: https://www.metaculus.com/questions/37817
[2025-05-21 14:01:42] INFO: Prediction: 0.9
[2025-05-21 14:01:42] INFO: Reasoning: (a) The time left until the outcome to the question is known is approximately 1 month and 10 days, as today is May 21, 2025, and the question resolves on or after July 1, 2025.

(b) The status quo outcome if nothing changed would be **Yes**, as the current data indicates that Koror Airport has non-stop passenger flights scheduled to 9 destinations in 9 countries.

(c) A scenario that results in a No outcome could involve several airlines discontinuing their services to Koror due to unforeseen circumstances such as geopolitical tensions, economic downturns, or significant operational challenges. This could lead to a reduction in the number of direct flight destinations to fewer than 6.

(d) A scenario that results in a Yes outcome would be the continuation of the current flight schedules and possibly even an increase in destinations as airlines expand their operations or as tourism demand in Palau increases, leading to more direct flights.

Rationale: Given the current information, the status quo strongly indicates a Yes outcome, with 9 direct flight destinations already scheduled. The time frame until July 1, 2025, is relatively short, making significant changes less likely unless driven by major disruptions. Historically, flight schedules tend to be stable over short periods unless impacted by significant external factors. Therefore, the probability of the outcome remaining as Yes is high.

Final answer: "Probability: 90%"
[2025-05-21 14:01:42] INFO: === Forecast Result ===
[2025-05-21 14:01:42] INFO: URL: https://www.metaculus.com/questions/37817
[2025-05-21 14:01:42] INFO: Prediction: 0.9
[2025-05-21 14:01:42] INFO: Reasoning: (a) The time left until the outcome to the question is known is approximately 1 month and 10 days, as today is May 21, 2025, and the outcome will be determined on or after July 1, 2025.

(b) The status quo outcome if nothing changed is that there are greater than 5 direct flight destinations from Koror, Palau. Currently, there are non-stop passenger flights scheduled to 9 destinations in 9 countries.

(c) A scenario that results in a No outcome could involve several airlines deciding to suspend or cancel their flights to Koror due to unforeseen circumstances, such as geopolitical tensions, economic downturns, or a significant drop in demand for flights to Palau. This could reduce the number of direct flight destinations to 5 or fewer.

(d) A scenario that results in a Yes outcome is the continuation of the current flight schedules and possibly even the addition of new destinations or airlines. If the tourism sector in Palau shows signs of recovery or if there are promotional efforts to attract more visitors, airlines may maintain or expand their services to Koror.

Given the current information, the status quo strongly suggests a Yes outcome, as there are already 9 direct flight destinations. While changes in flight schedules can occur, such a significant reduction in destinations within a short period is less likely unless driven by major external factors. Therefore, the probability of the outcome being Yes is high.

Probability: 90%
[2025-05-21 14:01:42] INFO: === Forecast Result ===
[2025-05-21 14:01:42] INFO: URL: https://www.metaculus.com/questions/37817
[2025-05-21 14:01:42] INFO: Prediction: 0.9
[2025-05-21 14:01:42] INFO: Reasoning: (a) The time left until the outcome to the question is known is approximately 1 month and 10 days, as today is May 21, 2025, and the question will be resolved on or after July 1, 2025.

(b) The status quo outcome if nothing changed is a **Yes**. Currently, there are non-stop passenger flights scheduled to 9 destinations from Koror Airport.

(c) A scenario that results in a No outcome could involve several airlines discontinuing their services to Koror due to financial difficulties, geopolitical tensions, or a significant drop in demand for flights to Palau. This could lead to a reduction in the number of direct flight destinations to fewer than 5 by July 1, 2025.

(d) A scenario that results in a Yes outcome is the continuation of the current flight schedule, with airlines maintaining their routes to and from Koror. Additionally, if tourism demand increases or new airlines decide to start operations in Palau, it could further solidify the number of direct flight destinations being greater than 5.

Rationale: Given the current status of 9 direct flight destinations and the short time frame until the outcome is determined, it is reasonable to expect that the status quo will persist. The aviation industry typically does not undergo rapid changes unless there are significant external factors, and the presence of 7 airlines operating from Koror suggests a stable flight network. Therefore, the probability of the outcome being Yes is high.

Final Answer: "Probability: 90%"
[2025-05-21 14:01:42] INFO: === Forecast Result ===
[2025-05-21 14:01:42] INFO: URL: https://www.metaculus.com/questions/37817
[2025-05-21 14:01:42] INFO: Prediction: 0.9
[2025-05-21 14:01:42] INFO: Reasoning: (a) The time left until the outcome to the question is known is approximately 1 month and 10 days, as today is May 21, 2025, and the question resolves on July 1, 2025.

(b) The status quo outcome if nothing changed is a **Yes**, as there are currently non-stop passenger flights scheduled to 9 destinations from Koror Airport.

(c) A scenario that results in a No outcome would involve a significant reduction in the number of direct flight destinations from Koror. This could occur if several airlines decide to suspend or cancel their routes due to factors such as low demand, economic downturns, geopolitical issues, or operational challenges. For instance, if economic conditions worsen or if there are new travel restrictions, airlines might cut back on flights to less profitable destinations.

(d) A scenario that results in a Yes outcome would involve maintaining or increasing the current number of direct flight destinations. This could happen if the tourism sector in Palau continues to recover, leading to sustained or increased demand for flights. Additionally, if airlines see potential for growth in the region, they might introduce new routes or maintain existing ones, ensuring that the number of destinations remains above five.

Rationale: Given the current status of 9 direct flight destinations and the relatively short time frame until the resolution date, it is more likely that the status quo will be maintained. The aviation industry typically does not undergo rapid changes in such a short period unless there are extraordinary circumstances. Therefore, the probability of the outcome being a Yes is high.

Final Answer: "Probability: 90%"
[2025-05-21 14:01:43] INFO: === Run Summary ===
[2025-05-21 14:01:43] INFO: Total questions: 1
[2025-05-21 14:01:43] INFO: Successful research: 1
[2025-05-21 14:01:43] INFO: Failed research: 0
[2025-05-21 14:01:43] INFO: Success rate: 100.00%
