[2025-06-04 16:02:43] INFO: === Starting new forecast run (Run #2533) ===
[2025-06-04 16:02:43] INFO: Environment: GitHub Actions
[2025-06-04 16:02:43] INFO: Repository: agsheves/decis-metaculus-bot1
[2025-06-04 16:02:43] INFO: Workflow: Forecast on new AI tournament questions
[2025-06-04 16:02:43] INFO: Commit: 63cb51ca5fb5050091797912beef356ae6be011c
[2025-06-04 16:02:43] INFO: === Question 1 ===
[2025-06-04 16:02:43] INFO: URL: https://www.metaculus.com/questions/38322
[2025-06-04 16:02:43] INFO: Text: Will the June 2025 University of Michigan Consumer Sentiment Final Report number be less than 54.0?
[2025-06-04 16:02:54] INFO: Research: Perplexity succeeded for https://www.metaculus.com/questions/38322
[2025-06-04 16:03:03] INFO: === Forecast Result ===
[2025-06-04 16:03:03] INFO: URL: https://www.metaculus.com/questions/38322
[2025-06-04 16:03:03] INFO: Prediction: 0.75
[2025-06-04 16:03:03] INFO: Reasoning: (a) The time left until the outcome to the question is known is approximately three weeks, as the final report for June 2025 is expected to be released on the final Friday of June 2025.

(b) The status quo outcome if nothing changed is that the June 2025 Consumer Sentiment Index would remain at the May 2025 level of 52.2, which is below the threshold of 54.0.

(c) A scenario that results in a No outcome (i.e., the index being 54.0 or higher) could involve significant positive economic developments within the next few weeks. For example, if there were a substantial improvement in economic indicators such as employment rates, wage growth, or a major policy announcement that boosts consumer confidence, the sentiment index could rise above 54.0.

(d) A scenario that results in a Yes outcome (i.e., the index being less than 54.0) would involve the continuation of current economic conditions or further negative developments. If consumer confidence remains low due to stagnating incomes, persistent inflation, or geopolitical tensions, the index is likely to remain below 54.0.

Given the current status quo of 52.2 and the historical context of recent declines in consumer sentiment, the probability that the June 2025 final report will be less than 54.0 is relatively high. The world tends to change slowly, and without significant positive developments, the index is likely to remain below the threshold.

Probability: 75%
[2025-06-04 16:03:03] INFO: === Forecast Result ===
[2025-06-04 16:03:03] INFO: URL: https://www.metaculus.com/questions/38322
[2025-06-04 16:03:03] INFO: Prediction: 0.75
[2025-06-04 16:03:03] INFO: Reasoning: (a) The time left until the outcome to the question is known is approximately three weeks, as the final report is expected to be released on the final Friday of June 2025.

(b) The status quo outcome, if nothing changed, is that the June 2025 Consumer Sentiment Index would remain at the May 2025 level of 52.2, which is below the 54.0 threshold.

(c) A scenario that results in a No outcome (where the index is 54.0 or higher) could involve significant positive economic developments, such as a major policy announcement that boosts consumer confidence, a strong rebound in employment figures, or a resolution to trade tensions that leads to improved economic conditions and consumer outlook.

(d) A scenario that results in a Yes outcome (where the index remains below 54.0) could involve continued economic stagnation or deterioration, such as further declines in personal income, increased inflationary pressures, or negative geopolitical events that dampen consumer confidence and economic expectations.

Given the current status quo of the index at 52.2 and the historical trend of declining sentiment, along with the mixed economic signals and the short time frame until the final report, it is reasonable to put more weight on the status quo outcome. The probability of the index remaining below 54.0 is higher, considering the recent stabilization and the lack of strong positive indicators.

Probability: 75%
[2025-06-04 16:03:03] INFO: === Forecast Result ===
[2025-06-04 16:03:03] INFO: URL: https://www.metaculus.com/questions/38322
[2025-06-04 16:03:03] INFO: Prediction: 0.75
[2025-06-04 16:03:03] INFO: Reasoning: (a) The time left until the outcome to the question is known is approximately 3 weeks, as the final report is expected to be released on the final Friday of June 2025.

(b) The status quo outcome, if nothing changed, would be that the June 2025 Consumer Sentiment Index remains at or near the May 2025 level of 52.2, which is below the 54.0 threshold.

(c) A scenario that results in a No outcome could involve a significant positive economic development, such as a major policy announcement that boosts consumer confidence, a substantial increase in employment figures, or a notable rise in wages. Additionally, further easing of tariffs or other trade barriers could improve business conditions and consumer expectations, leading to a sentiment index above 54.0.

(d) A scenario that results in a Yes outcome could involve continued economic stagnation or deterioration, such as further declines in personal finances, increased inflationary pressures, or negative geopolitical events that dampen consumer confidence. If the preliminary June data shows little to no improvement or further decline, it would reinforce the likelihood of a final report below 54.0.

Given the current status quo of a low sentiment index at 52.2, and considering the mixed economic signals and recent stabilization, it is reasonable to put more weight on the status quo outcome. The probability of the sentiment index remaining below 54.0 is higher, as significant positive changes in the economic environment seem less likely within the short timeframe.

Probability: 75%
[2025-06-04 16:03:03] INFO: === Forecast Result ===
[2025-06-04 16:03:03] INFO: URL: https://www.metaculus.com/questions/38322
[2025-06-04 16:03:03] INFO: Prediction: 0.75
[2025-06-04 16:03:03] INFO: Reasoning: (a) The time left until the outcome to the question is known is approximately three weeks, as the final report is expected to be released on the final Friday of June 2025.

(b) The status quo outcome if nothing changed would be a Yes, as the current Consumer Sentiment Index is at 52.2, which is below the 54.0 threshold.

(c) A scenario that results in a No outcome could involve a significant positive economic development, such as a major policy announcement that boosts consumer confidence, a strong labor market report showing unexpected job growth, or a resolution to ongoing trade tensions that positively impacts consumer expectations and current economic conditions.

(d) A scenario that results in a Yes outcome could involve continued economic stagnation or deterioration, such as further declines in personal finances, negative economic news, or geopolitical tensions that weigh on consumer sentiment, keeping the index below 54.0.

Rationale: Given the current status quo of the Consumer Sentiment Index at 52.2 and the recent stabilization after months of decline, it seems more likely that the index will remain below 54.0 unless there is a significant positive shift in economic conditions. The mixed factors affecting consumer outlook, such as the temporary pause on tariffs and stagnating incomes, suggest that any improvement may be limited. Additionally, the market's pessimistic expectations further support the likelihood of a Yes outcome. As a forecaster, it is important to consider that the world changes slowly most of the time, and thus, the status quo is often a reliable indicator.

Final answer: "Probability: 75%"
[2025-06-04 16:03:05] INFO: === Forecast Result ===
[2025-06-04 16:03:05] INFO: URL: https://www.metaculus.com/questions/38322
[2025-06-04 16:03:05] INFO: Prediction: 0.75
[2025-06-04 16:03:05] INFO: Reasoning: (a) The time left until the outcome to the question is known is approximately three weeks, as the final report is expected to be released on the final Friday of June 2025.

(b) The status quo outcome if nothing changed would be that the Consumer Sentiment Index remains at 52.2, which is below the 54.0 threshold.

(c) A scenario that results in a No outcome could involve significant positive economic developments, such as a substantial increase in consumer income, a major policy announcement that boosts consumer confidence, or a resolution to ongoing economic uncertainties (e.g., trade tensions) that leads to a sharp improvement in consumer expectations and current economic conditions.

(d) A scenario that results in a Yes outcome could involve continued economic stagnation or deterioration, such as worsening income growth, increased unemployment, or renewed trade tensions that negatively impact consumer confidence. Additionally, if the preliminary June data shows a decline or minimal improvement, it could reinforce the likelihood of a final index below 54.0.

Rationale: Given that the May 2025 Consumer Sentiment Index was 52.2 and the recent trend has been one of stabilization after a period of decline, the status quo suggests that the index is likely to remain below 54.0 unless there are significant positive developments. The mixed economic signals, including the slight improvement in consumer expectations but a decline in current economic conditions, suggest that a substantial increase in sentiment is unlikely in the short term. Furthermore, the market's pessimistic expectations, with only a 14% probability of exceeding 62, indicate that a significant upward shift is not anticipated. Therefore, the status quo outcome, which is below 54.0, should be given extra weight.

Final Answer: "Probability: 75%"
[2025-06-04 16:03:06] INFO: === Run Summary ===
[2025-06-04 16:03:06] INFO: Total questions: 1
[2025-06-04 16:03:06] INFO: Successful research: 1
[2025-06-04 16:03:06] INFO: Failed research: 0
[2025-06-04 16:03:06] INFO: Success rate: 100.00%
