[2025-05-16 16:37:27] INFO: === Starting new forecast run (Run #1644) ===
[2025-05-16 16:37:27] INFO: Environment: GitHub Actions
[2025-05-16 16:37:27] INFO: Repository: agsheves/decis-metaculus-bot1
[2025-05-16 16:37:27] INFO: Workflow: Forecast on new AI tournament questions
[2025-05-16 16:37:27] INFO: Commit: f54311288e90f316797ef987bcaf6d46fc2008dc
[2025-05-16 16:37:27] INFO: === Question 1 ===
[2025-05-16 16:37:27] INFO: URL: https://www.metaculus.com/questions/37663
[2025-05-16 16:37:27] INFO: Text: How much crude oil did the US produce in April 2025?
[2025-05-16 16:37:38] INFO: Research: Perplexity succeeded for https://www.metaculus.com/questions/37663
[2025-05-16 16:37:45] INFO: === Forecast Result ===
[2025-05-16 16:37:45] INFO: URL: https://www.metaculus.com/questions/37663
[2025-05-16 16:37:45] INFO: Prediction: [Percentile(value=380000.0, percentile=0.1), Percentile(value=390000.0, percentile=0.2), Percentile(value=400000.0, percentile=0.4), Percentile(value=410000.0, percentile=0.6), Percentile(value=420000.0, percentile=0.8), Percentile(value=430000.0, percentile=0.9)]
[2025-05-16 16:37:45] INFO: Reasoning: (a) The time left until the outcome to the question is known: The EIA is expected to release the April 2025 crude oil production data on May 30, 2025, which is approximately two weeks from today (May 16, 2025).

(b) The outcome if nothing changed: If production remained at the Q1 2025 average of 12.94 million barrels per day, the total for April 2025 would be approximately 388,200 thousand barrels (12.94 million barrels/day * 30 days).

(c) The outcome if the current trend continued: Given the upward trend and projections for 2025, if production increased slightly from Q1, we might expect a figure closer to the projected annual average of 13.51 million barrels per day. This would result in approximately 405,300 thousand barrels for April 2025 (13.51 million barrels/day * 30 days).

(d) The expectations of experts and markets: Experts and markets likely anticipate a gradual increase in production due to the national energy emergency declaration and policy focus on expanding oil production. The Q3 and Q4 projections of 13.56 and 13.66 million barrels per day, respectively, suggest a steady increase.

(e) A brief description of an unexpected scenario that results in a low outcome: A significant geopolitical event or natural disaster (e.g., a major hurricane affecting Gulf of Mexico production) could disrupt production, resulting in a lower-than-expected output for April 2025.

(f) A brief description of an unexpected scenario that results in a high outcome: A rapid and successful implementation of new drilling technologies or expedited regulatory approvals could lead to a significant surge in production, resulting in a higher-than-expected output for April 2025.

Final answer:
```
Percentile 10: 380,000
Percentile 20: 390,000
Percentile 40: 400,000
Percentile 60: 410,000
Percentile 80: 420,000
Percentile 90: 430,000
```
[2025-05-16 16:37:46] INFO: === Forecast Result ===
[2025-05-16 16:37:46] INFO: URL: https://www.metaculus.com/questions/37663
[2025-05-16 16:37:46] INFO: Prediction: [Percentile(value=380000.0, percentile=0.1), Percentile(value=385000.0, percentile=0.2), Percentile(value=390000.0, percentile=0.4), Percentile(value=395000.0, percentile=0.6), Percentile(value=400000.0, percentile=0.8), Percentile(value=405000.0, percentile=0.9)]
[2025-05-16 16:37:46] INFO: Reasoning: (a) The time left until the outcome to the question is known: The EIA is scheduled to release the April 2025 crude oil production data on May 30, 2025. Today is May 16, 2025, so there are 14 days left until the outcome is known.

(b) The outcome if nothing changed: If production remained at the Q1 2025 average of 12.94 million barrels per day, the total production for April 2025 would be approximately 12.94 million barrels/day * 30 days = 388,200 thousand barrels.

(c) The outcome if the current trend continued: Given the upward trend in production, with Q3 2025 projected at 13.56 million barrels per day, it is reasonable to assume a slight increase from Q1 to Q2. If we estimate a modest increase to around 13.20 million barrels per day for April, the total production would be approximately 13.20 million barrels/day * 30 days = 396,000 thousand barrels.

(d) The expectations of experts and markets: Experts expect production to continue increasing throughout 2025, driven by policy initiatives and favorable market conditions. The annual average projection for 2025 is 13.51 million barrels per day, suggesting that April's production could be slightly below this average but higher than Q1 levels.

(e) A brief description of an unexpected scenario that results in a low outcome: A significant geopolitical event or natural disaster could disrupt production, leading to lower-than-expected output. For example, a major hurricane affecting Gulf of America production could temporarily reduce output.

(f) A brief description of an unexpected scenario that results in a high outcome: A rapid acceleration in drilling and production activities due to favorable policy changes or technological advancements could result in a higher-than-expected production level. For instance, new discoveries or enhanced recovery techniques could boost output significantly.

Final Answer:
```
Percentile 10: 380,000
Percentile 20: 385,000
Percentile 40: 390,000
Percentile 60: 395,000
Percentile 80: 400,000
Percentile 90: 405,000
```
[2025-05-16 16:37:46] INFO: === Forecast Result ===
[2025-05-16 16:37:46] INFO: URL: https://www.metaculus.com/questions/37663
[2025-05-16 16:37:46] INFO: Prediction: [Percentile(value=381000.0, percentile=0.1), Percentile(value=388200.0, percentile=0.2), Percentile(value=392000.0, percentile=0.4), Percentile(value=396000.0, percentile=0.6), Percentile(value=399000.0, percentile=0.8), Percentile(value=405000.0, percentile=0.9)]
[2025-05-16 16:37:46] INFO: Reasoning: (a) The time left until the outcome to the question is known: Approximately 14 days, as the EIA is expected to release the data on May 30, 2025.

(b) The outcome if nothing changed: If production remained constant from Q1 2025, the production for April 2025 would be approximately 12.94 million barrels per day. For the month of April, this would be 12.94 million barrels/day * 30 days = 388,200 thousand barrels.

(c) The outcome if the current trend continued: Given the upward trajectory in production, if we assume a modest increase from Q1 to Q2, we might expect April production to be slightly higher. If we estimate an increase to around 13.20 million barrels per day for April, this would result in 13.20 million barrels/day * 30 days = 396,000 thousand barrels.

(d) The expectations of experts and markets: Experts and market analysts likely expect production to continue increasing, given the projections for Q3 and Q4 2025. A reasonable expectation might be around 13.20 to 13.30 million barrels per day for April, translating to approximately 396,000 to 399,000 thousand barrels for the month.

(e) A brief description of an unexpected scenario that results in a low outcome: A significant geopolitical event or natural disaster, such as a major hurricane in the Gulf of Mexico, could disrupt production and result in lower than expected output, potentially reducing production to around 12.70 million barrels per day, or 381,000 thousand barrels for April.

(f) A brief description of an unexpected scenario that results in a high outcome: An unexpected technological breakthrough or regulatory change that significantly boosts production efficiency could lead to a higher output, potentially increasing production to around 13.50 million barrels per day, or 405,000 thousand barrels for April.

Final Answer:
```
Percentile 10: 381,000
Percentile 20: 388,200
Percentile 40: 392,000
Percentile 60: 396,000
Percentile 80: 399,000
Percentile 90: 405,000
```
[2025-05-16 16:37:46] INFO: === Forecast Result ===
[2025-05-16 16:37:46] INFO: URL: https://www.metaculus.com/questions/37663
[2025-05-16 16:37:46] INFO: Prediction: [Percentile(value=360000.0, percentile=0.1), Percentile(value=380000.0, percentile=0.2), Percentile(value=390000.0, percentile=0.4), Percentile(value=400000.0, percentile=0.6), Percentile(value=410000.0, percentile=0.8), Percentile(value=420000.0, percentile=0.9)]
[2025-05-16 16:37:46] INFO: Reasoning: (a) The time left until the outcome to the question is known: The EIA is scheduled to release the April 2025 crude oil production data on May 30, 2025. Today is May 16, 2025, so there are 14 days left until the outcome is known.

(b) The outcome if nothing changed: If production remained at the Q1 2025 average of 12.94 million barrels per day, the total production for April 2025 would be approximately 388,200 thousand barrels (12.94 million barrels/day * 30 days).

(c) The outcome if the current trend continued: Given the upward trend in production, if the increase from Q1 to Q3 2025 (from 12.94 to 13.56 million barrels per day) is linear, April 2025 could see production around 13.25 million barrels per day. This would result in approximately 397,500 thousand barrels for the month (13.25 million barrels/day * 30 days).

(d) The expectations of experts and markets: Experts and market analysts likely expect production to continue its upward trajectory, potentially aligning with the EIA's annual average projection of 13.51 million barrels per day for 2025. This would suggest a production figure for April 2025 closer to 405,300 thousand barrels (13.51 million barrels/day * 30 days).

(e) A brief description of an unexpected scenario that results in a low outcome: An unexpected geopolitical event or natural disaster, such as a major hurricane impacting the Gulf of Mexico, could disrupt production significantly, potentially reducing April 2025 production to below Q1 levels, say around 12 million barrels per day, resulting in approximately 360,000 thousand barrels for the month.

(f) A brief description of an unexpected scenario that results in a high outcome: An unexpected technological breakthrough or regulatory change that accelerates production capabilities could lead to a surge in output, pushing April 2025 production to 14 million barrels per day, resulting in approximately 420,000 thousand barrels for the month.

Final Answer:
```
Percentile 10: 360,000
Percentile 20: 380,000
Percentile 40: 390,000
Percentile 60: 400,000
Percentile 80: 410,000
Percentile 90: 420,000
```
[2025-05-16 16:37:47] INFO: === Forecast Result ===
[2025-05-16 16:37:47] INFO: URL: https://www.metaculus.com/questions/37663
[2025-05-16 16:37:47] INFO: Prediction: [Percentile(value=385000.0, percentile=0.1), Percentile(value=388000.0, percentile=0.2), Percentile(value=391000.0, percentile=0.4), Percentile(value=394000.0, percentile=0.6), Percentile(value=397000.0, percentile=0.8), Percentile(value=400000.0, percentile=0.9)]
[2025-05-16 16:37:47] INFO: Reasoning: (a) **The time left until the outcome to the question is known:**  
The outcome will be known on May 30, 2025, when the EIA releases the monthly crude oil production data for April 2025. As of today, May 16, 2025, there are 14 days left until the outcome is known.

(b) **The outcome if nothing changed:**  
If nothing changed from the Q1 2025 average production rate, the production would remain at 12.94 million barrels per day. For April, this would translate to approximately 388,200 thousand barrels (12.94 million barrels/day * 30 days).

(c) **The outcome if the current trend continued:**  
If the upward trend in production continued from Q1 to Q2, we might expect a slight increase. Given the Q3 projection of 13.56 million barrels per day, a reasonable estimate for April might be around 13.10 million barrels per day. This would result in approximately 393,000 thousand barrels for April (13.10 million barrels/day * 30 days).

(d) **The expectations of experts and markets:**  
Experts and market analysts likely anticipate a gradual increase in production due to the policies of the Trump administration and the declared national energy emergency. The expectation might be slightly above the Q1 average, aligning with the projected increase throughout 2025.

(e) **A brief description of an unexpected scenario that results in a low outcome:**  
An unexpected scenario leading to a low outcome could involve significant operational disruptions, such as severe weather events affecting key production areas, or unforeseen technical issues at major production sites, leading to reduced output.

(f) **A brief description of an unexpected scenario that results in a high outcome:**  
A high outcome could result from the rapid implementation of new drilling technologies or accelerated regulatory approvals under the national energy emergency, leading to a faster-than-expected increase in production capacity.

**Final Answer:**

```
Percentile 10: 385,000
Percentile 20: 388,000
Percentile 40: 391,000
Percentile 60: 394,000
Percentile 80: 397,000
Percentile 90: 400,000
```
[2025-05-16 16:37:47] INFO: === Run Summary ===
[2025-05-16 16:37:47] INFO: Total questions: 1
[2025-05-16 16:37:47] INFO: Successful research: 1
[2025-05-16 16:37:47] INFO: Failed research: 0
[2025-05-16 16:37:47] INFO: Success rate: 100.00%
