[2025-05-29 02:14:50] INFO: === Starting new forecast run (Run #2225) ===
[2025-05-29 02:14:50] INFO: Environment: GitHub Actions
[2025-05-29 02:14:50] INFO: Repository: agsheves/decis-metaculus-bot1
[2025-05-29 02:14:50] INFO: Workflow: Forecast on new AI tournament questions
[2025-05-29 02:14:50] INFO: Commit: d31cd95f1090c062e3ac0dbb47907d4a08a822d4
[2025-05-29 02:14:50] INFO: === Question 1 ===
[2025-05-29 02:14:50] INFO: URL: https://www.metaculus.com/questions/38085
[2025-05-29 02:14:50] INFO: Text: Will Florida have 14.0 million or more residents living in drought on June 28, 2025?
[2025-05-29 02:15:04] INFO: Research: Perplexity succeeded for https://www.metaculus.com/questions/38085
[2025-05-29 02:15:15] INFO: === Forecast Result ===
[2025-05-29 02:15:15] INFO: URL: https://www.metaculus.com/questions/38085
[2025-05-29 02:15:15] INFO: Prediction: 0.3
[2025-05-29 02:15:15] INFO: Reasoning: (a) The time left until the outcome to the question is known is approximately one month, as the resolution date is June 28, 2025.

(b) The status quo outcome, if nothing changed, is that Florida currently has nearly all of its population living in drought conditions, easily exceeding the 14.0 million threshold. Therefore, the status quo outcome is a **Yes**.

(c) A scenario that results in a No outcome would involve the forecasted rainy season bringing significant precipitation to Florida, leading to the removal of drought conditions across the state. This would align with the current projections from Drought.gov and NOAA, which expect wetter-than-normal conditions for the Eastern U.S., including Florida, during the summer. As a result, the number of residents living in drought-affected areas would drop below 14.0 million by June 28, 2025.

(d) A scenario that results in a Yes outcome would involve the forecasted rainy season failing to deliver the expected precipitation, or the rain being insufficient to alleviate the drought conditions significantly. This could occur if weather patterns shift unexpectedly, leading to continued dry conditions in Florida. In this scenario, the drought would persist, and the number of residents living in drought-affected areas would remain above 14.0 million.

Given the current information and forecasts, the expectation is that the rainy season will bring relief to the drought conditions, leading to a No outcome. However, considering the status quo and the possibility of forecast errors or unexpected weather changes, there remains a non-negligible chance of a Yes outcome.

Final Answer: "Probability: 30%"
[2025-05-29 02:15:15] INFO: === Forecast Result ===
[2025-05-29 02:15:15] INFO: URL: https://www.metaculus.com/questions/38085
[2025-05-29 02:15:15] INFO: Prediction: 0.3
[2025-05-29 02:15:15] INFO: Reasoning: (a) The time left until the outcome to the question is known is approximately one month, as the resolution date is June 28, 2025.

(b) The status quo outcome if nothing changed is that Florida currently has over 14.0 million residents living in drought conditions, as nearly all of the state is affected by drought as of early May 2025.

(c) A brief description of a scenario that results in a No outcome: The rainy season in Florida begins as expected, bringing above-normal precipitation throughout June. This leads to a significant reduction in drought conditions across the state. By late June, the majority of Florida is no longer experiencing drought, and fewer than 14.0 million residents are living in drought-affected areas.

(d) A brief description of a scenario that results in a Yes outcome: The forecast for above-normal precipitation does not materialize, and the rainy season is less effective than expected in alleviating drought conditions. As a result, a significant portion of Florida remains in drought by late June, with 14.0 million or more residents still affected.

Rationale: Given the current situation where nearly the entire state is experiencing drought, the status quo suggests a Yes outcome. However, the forecast for the rainy season indicates a strong likelihood of drought removal, which suggests a shift towards a No outcome. The forecast is based on authoritative sources and historical patterns of Florida's rainy season, which typically brings significant relief from drought. Therefore, while the status quo currently supports a Yes outcome, the anticipated changes due to the rainy season and the forecasted wetter-than-normal conditions suggest a higher probability of a No outcome by the resolution date.

Final Answer: Probability: 30%
[2025-05-29 02:15:16] INFO: === Forecast Result ===
[2025-05-29 02:15:16] INFO: URL: https://www.metaculus.com/questions/38085
[2025-05-29 02:15:16] INFO: Prediction: 0.4
[2025-05-29 02:15:16] INFO: Reasoning: (a) The time left until the outcome to the question is known is approximately one month, as the resolution will occur on or after June 28, 2025.

(b) The status quo outcome if nothing changed would be Yes, as nearly all of Florida's population is currently living in drought conditions, easily exceeding the 14.0 million threshold.

(c) A scenario that results in a No outcome would involve the forecasted rainy season bringing above-normal precipitation to Florida, effectively removing drought conditions across the state by late June. This would align with the current projections from Drought.gov and NOAA, which anticipate significant improvement and likely elimination of drought conditions during the summer.

(d) A scenario that results in a Yes outcome would involve the rainy season failing to deliver the expected precipitation, or the rainfall being insufficient to alleviate the existing drought conditions. This could occur due to unexpected weather patterns, such as a persistent high-pressure system blocking rain or a shift in atmospheric conditions that leads to drier-than-expected weather.

Rationale:
Given the current situation where nearly all of Florida is experiencing drought, the status quo outcome is Yes. However, the forecast for the upcoming months strongly suggests a shift towards wetter conditions, which would likely alleviate the drought. Historical patterns and meteorological forecasts indicate that the rainy season in Florida is typically effective in reducing drought conditions. Therefore, while the current status quo is Yes, the projected changes lean towards a No outcome. Good forecasters recognize that the world often changes slowly, but in this case, the transition from dry to wet conditions is a regular seasonal occurrence in Florida.

Probability: 40%
[2025-05-29 02:15:16] INFO: === Forecast Result ===
[2025-05-29 02:15:16] INFO: URL: https://www.metaculus.com/questions/38085
[2025-05-29 02:15:16] INFO: Prediction: 0.6
[2025-05-29 02:15:16] INFO: Reasoning: (a) The time left until the outcome to the question is known is approximately one month, as the resolution date is June 28, 2025.

(b) The status quo outcome if nothing changed would be **Yes**, as nearly all of Florida's population is currently living in drought conditions, easily surpassing the 14.0 million threshold.

(c) A brief description of a scenario that results in a No outcome: The rainy season in Florida begins as forecasted, bringing above-normal precipitation to the state. This leads to a significant reduction in drought conditions, with the U.S. Drought Monitor reporting that less than 60% of Florida's population is living in drought-affected areas by June 28, 2025. Consequently, fewer than 14.0 million residents are in drought conditions.

(d) A brief description of a scenario that results in a Yes outcome: The anticipated rainy season fails to deliver the expected precipitation, or the rainfall is insufficient to alleviate the existing drought conditions. As a result, the majority of Florida continues to experience drought by June 28, 2025, with over 60% of the population, or more than 14.0 million residents, remaining in drought-affected areas.

Rationale: Given the current status quo, where nearly all of Florida is experiencing drought, the probability of a Yes outcome is significant. However, the forecast for the rainy season suggests a strong likelihood of drought removal, which would lead to a No outcome. The key factor is whether the forecasted rainy season materializes as expected. Since the world changes slowly most of the time, and forecasts can sometimes be overly optimistic, it's important to weigh the status quo heavily. However, given the strong forecast for drought removal, the probability of a No outcome should not be discounted.

Final Answer: "Probability: 60%"
[2025-05-29 02:15:17] INFO: === Forecast Result ===
[2025-05-29 02:15:17] INFO: URL: https://www.metaculus.com/questions/38085
[2025-05-29 02:15:17] INFO: Prediction: 0.3
[2025-05-29 02:15:17] INFO: Reasoning: (a) **The time left until the outcome to the question is known:**  
There is approximately one month until June 28, 2025, when the outcome will be determined.

(b) **The status quo outcome if nothing changed:**  
As of early May 2025, nearly all of Florida was experiencing drought conditions, with 99% of the state affected. If the current drought conditions persisted without any improvement, the status quo outcome would be Yes, with more than 14.0 million residents living in drought.

(c) **A brief description of a scenario that results in a No outcome:**  
A No outcome would occur if the forecasted rainy season brings sufficient precipitation to alleviate the drought conditions across Florida. The Drought.gov outlook predicts wetter-than-normal conditions for the Eastern U.S., including Florida, during the summer. If these forecasts hold true, the drought conditions could be significantly reduced or eliminated by late June, resulting in fewer than 14.0 million residents living in drought.

(d) **A brief description of a scenario that results in a Yes outcome:**  
A Yes outcome would occur if the expected rainy season fails to deliver the anticipated precipitation, or if the rains are insufficient to significantly alleviate the drought conditions. This could happen due to unexpected weather patterns, such as a persistent high-pressure system that limits rainfall, or if the rains are localized and do not cover the drought-affected areas sufficiently. In this scenario, the drought conditions would persist, and more than 14.0 million residents would remain in drought by late June.

**Rationale:**  
Given the current situation, nearly all of Florida is experiencing drought conditions, which would support a Yes outcome if nothing changed. However, the forecast for the summer rainy season strongly favors above-normal precipitation, which is expected to alleviate the drought conditions. Historically, Florida's rainy season has been effective in reducing drought conditions, and the current forecasts from authoritative sources like Drought.gov and NOAA support this expectation. While unexpected weather events could alter this outcome, the probability of such events is typically lower than the probability of the forecast holding true. Therefore, while acknowledging the status quo, the forecasted improvement in conditions should be given significant weight.

**Final Answer:**  
Probability: 30%
[2025-05-29 02:15:18] INFO: === Run Summary ===
[2025-05-29 02:15:18] INFO: Total questions: 1
[2025-05-29 02:15:18] INFO: Successful research: 1
[2025-05-29 02:15:18] INFO: Failed research: 0
[2025-05-29 02:15:18] INFO: Success rate: 100.00%
