[2025-06-06 08:01:19] INFO: === Starting new forecast run (Run #2611) ===
[2025-06-06 08:01:19] INFO: Environment: GitHub Actions
[2025-06-06 08:01:19] INFO: Repository: agsheves/decis-metaculus-bot1
[2025-06-06 08:01:19] INFO: Workflow: Forecast on new AI tournament questions
[2025-06-06 08:01:19] INFO: Commit: fbbd65a8ec82d12d6efd786ac4f29bffdac80ddd
[2025-06-06 08:01:20] INFO: === Question 1 ===
[2025-06-06 08:01:20] INFO: URL: https://www.metaculus.com/questions/38339
[2025-06-06 08:01:20] INFO: Text: Will the Botas Gas Agreement between Bulgaria and Turkey be cancelled before July 1, 2025?
[2025-06-06 08:01:32] INFO: Research: Perplexity succeeded for https://www.metaculus.com/questions/38339
[2025-06-06 08:01:39] INFO: === Forecast Result ===
[2025-06-06 08:01:39] INFO: URL: https://www.metaculus.com/questions/38339
[2025-06-06 08:01:39] INFO: Prediction: 0.2
[2025-06-06 08:01:39] INFO: Reasoning: (a) The time left until the outcome to the question is known is approximately 24 days, as the deadline is July 1, 2025, and today is June 6, 2025.

(b) The status quo outcome if nothing changed would be "No," as the Botas Gas Agreement has not been cancelled as of the current date, and there are no indications of an imminent cancellation.

(c) A scenario that results in a No outcome would involve the ongoing renegotiations between Bulgaria and Turkey not leading to a cancellation of the agreement. Despite financial and political pressures, both parties might find a way to amend the terms to make the deal more palatable for Bulgaria, thus maintaining the agreement in force.

(d) A scenario that results in a Yes outcome would involve a breakdown in negotiations, with either Bulgaria or Turkey deciding to unilaterally cancel the agreement due to irreconcilable differences or continued financial strain on Bulgargaz. This could be triggered by a sudden political shift or external economic pressures that make the continuation of the agreement untenable for one of the parties.

Given the current status and the tendency for agreements to remain in place unless significant changes occur, the probability of the agreement being cancelled before the deadline seems low. The status quo, which is the agreement remaining in force, is the more likely outcome.

Probability: 20%
[2025-06-06 08:01:40] INFO: === Forecast Result ===
[2025-06-06 08:01:40] INFO: URL: https://www.metaculus.com/questions/38339
[2025-06-06 08:01:40] INFO: Prediction: 0.2
[2025-06-06 08:01:40] INFO: Reasoning: (a) The time left until the outcome to the question is known is approximately 24 days, as today is June 6, 2025, and the deadline is July 1, 2025.

(b) The status quo outcome if nothing changed would be "No," as the Botas Gas Agreement has not been cancelled as of the current date.

(c) A scenario that results in a No outcome would involve the ongoing negotiations between Bulgaria and Turkey not leading to a cancellation of the agreement. Despite financial and political pressures, both parties could decide to amend the terms rather than cancel the agreement entirely. This could involve reducing the fees or adjusting the terms to make the agreement more favorable for Bulgaria, without terminating it.

(d) A scenario that results in a Yes outcome would involve a breakdown in negotiations between the two parties, leading either Bulgaria or Turkey to unilaterally announce the cancellation of the agreement. This could be driven by Bulgaria's inability to sustain the financial losses or by political pressure within Bulgaria to exit the deal. Alternatively, Turkey might decide to cancel the agreement if it sees no viable path forward in the negotiations or if it finds the arrangement no longer beneficial.

Given the current status and the short time frame remaining, the likelihood of the agreement being cancelled seems low. The status quo often prevails, especially when negotiations are ongoing and no public announcements have been made indicating a cancellation is imminent.

Probability: 20%
[2025-06-06 08:01:40] INFO: === Forecast Result ===
[2025-06-06 08:01:40] INFO: URL: https://www.metaculus.com/questions/38339
[2025-06-06 08:01:40] INFO: Prediction: 0.2
[2025-06-06 08:01:40] INFO: Reasoning: (a) The time left until the outcome to the question is known is approximately 24 days, as today is June 6, 2025, and the deadline is July 1, 2025.

(b) The status quo outcome, if nothing changed, would be "No," since the Botas Gas Agreement has not been cancelled as of the current date.

(c) A scenario that results in a No outcome would involve the continuation of the current situation where the agreement remains in force despite ongoing renegotiations and financial pressures. The parties may not reach a resolution or cancellation before the deadline, and the agreement could continue under its existing terms or with minor adjustments that do not involve cancellation.

(d) A scenario that results in a Yes outcome would involve a sudden breakthrough in negotiations leading to one party, either Bulgargaz or BOTAS, announcing the cancellation of the agreement. This could be driven by intensified political pressure, financial insolvency of Bulgargaz, or a strategic decision by either party to terminate the deal due to untenable conditions.

Given the current status quo, the lack of any public announcement of cancellation, and the historical tendency for such agreements to persist despite challenges, the probability of the agreement being cancelled before July 1, 2025, seems relatively low. However, the ongoing renegotiations and financial pressures do introduce some level of uncertainty.

Probability: 20%
[2025-06-06 08:01:40] INFO: === Forecast Result ===
[2025-06-06 08:01:40] INFO: URL: https://www.metaculus.com/questions/38339
[2025-06-06 08:01:40] INFO: Prediction: 0.15
[2025-06-06 08:01:40] INFO: Reasoning: (a) The time left until the outcome to the question is known is approximately 24 days, as the deadline is July 1, 2025, and today is June 6, 2025.

(b) The status quo outcome if nothing changed would be "No," as the Botas Gas Agreement has not been cancelled as of the current date, and there are no indications of an imminent cancellation.

(c) A scenario that results in a No outcome would involve the continued renegotiation of the agreement without reaching a cancellation. Despite financial and political pressure, both parties may find a compromise or temporary solution that allows the agreement to remain in force, at least until after the July 1, 2025 deadline.

(d) A scenario that results in a Yes outcome would involve a breakdown in negotiations between Bulgargaz and BOTAS, leading one party to unilaterally announce the cancellation of the agreement. This could be triggered by escalating financial losses, political pressure, or a strategic decision by either Bulgaria or Turkey to pursue alternative energy arrangements.

Rationale: Given the current status and the short time frame remaining, the likelihood of the agreement being cancelled before July 1, 2025, appears low. The status quo tends to persist, especially in international agreements where negotiations are ongoing. While there is significant pressure to amend or cancel the agreement, the lack of a public announcement or credible report of cancellation suggests that a resolution before the deadline is unlikely.

Final Answer: "Probability: 15%"
[2025-06-06 08:01:41] INFO: === Forecast Result ===
[2025-06-06 08:01:41] INFO: URL: https://www.metaculus.com/questions/38339
[2025-06-06 08:01:41] INFO: Prediction: 0.2
[2025-06-06 08:01:41] INFO: Reasoning: (a) The time left until the outcome to the question is known is approximately 24 days, as the deadline is July 1, 2025, and today is June 6, 2025.

(b) The status quo outcome if nothing changed is "No," as the Botas Gas Agreement has not been cancelled as of June 6, 2025.

(c) A scenario that results in a No outcome: The ongoing renegotiations between Bulgargaz and BOTAS do not lead to a cancellation of the agreement. Despite the financial pressures and political criticism, the parties may reach a compromise that allows the agreement to continue, possibly with amended terms that alleviate some of the financial burdens on Bulgargaz. Alternatively, the negotiations may stall without any resolution, leaving the agreement in place by default.

(d) A scenario that results in a Yes outcome: The financial strain on Bulgargaz becomes unsustainable, leading to a decision by either Bulgargaz or BOTAS to terminate the agreement. This could be prompted by a breakdown in negotiations, political intervention, or a strategic decision by either party to cut losses. A public announcement by either party before July 1, 2025, would result in the agreement being considered cancelled.

Rationale: Given the current status and the short time frame remaining, the likelihood of the agreement being cancelled seems low. The status quo outcome is "No," and there is no strong indication from the recent developments that a cancellation is imminent. While there is pressure to renegotiate or amend the deal, the world often changes slowly, and agreements of this nature can be complex and difficult to unwind quickly. Therefore, the probability of a "Yes" outcome is relatively low.

Final Answer: "Probability: 20%"
[2025-06-06 08:01:42] INFO: === Run Summary ===
[2025-06-06 08:01:42] INFO: Total questions: 1
[2025-06-06 08:01:42] INFO: Successful research: 1
[2025-06-06 08:01:42] INFO: Failed research: 0
[2025-06-06 08:01:42] INFO: Success rate: 100.00%
