[2025-05-15 22:01:08] INFO: === Starting new forecast run (Run #1608) ===
[2025-05-15 22:01:08] INFO: Environment: GitHub Actions
[2025-05-15 22:01:08] INFO: Repository: agsheves/decis-metaculus-bot1
[2025-05-15 22:01:08] INFO: Workflow: Forecast on new AI tournament questions
[2025-05-15 22:01:08] INFO: Commit: 378d7d7e040ff451f687c81e414e858fcb1f83be
[2025-05-15 22:01:09] INFO: === Question 1 ===
[2025-05-15 22:01:09] INFO: URL: https://www.metaculus.com/questions/37654
[2025-05-15 22:01:09] INFO: Text: Will the Project 2025 Tracker spreadsheet have the objective of breaking up NOAA marked as complete before July 1, 2025?
[2025-05-15 22:01:28] INFO: Research: Perplexity succeeded for https://www.metaculus.com/questions/37654
[2025-05-15 22:01:33] INFO: === Forecast Result ===
[2025-05-15 22:01:33] INFO: URL: https://www.metaculus.com/questions/37654
[2025-05-15 22:01:33] INFO: Prediction: 0.2
[2025-05-15 22:01:33] INFO: Reasoning: (a) The time left until the outcome to the question is known is approximately 1.5 months, with the deadline being July 1, 2025.

(b) The status quo outcome, if nothing changed, would be "No," as there is currently no evidence that the objective of breaking up NOAA has been marked as complete in the Project 2025 Tracker spreadsheet.

(c) A scenario that results in a No outcome: The objective to break up NOAA remains marked as "in progress" or any other status except "complete" in the Project 2025 Tracker spreadsheet by July 1, 2025. This could occur if there is insufficient political momentum or legislative action to dismantle NOAA within the given timeframe.

(d) A scenario that results in a Yes outcome: The objective to break up NOAA is marked as "complete" in the Project 2025 Tracker spreadsheet before July 1, 2025. This could happen if there is a significant political push, possibly due to a change in administration or legislative priorities, leading to the successful implementation of the plan to dismantle NOAA.

Rationale: Given the current status quo and the relatively short timeframe remaining until the deadline, the probability of the objective being marked as complete seems low. The world tends to change slowly, and significant bureaucratic changes like dismantling a major federal agency typically require substantial time and effort. Additionally, there is no current evidence suggesting that the objective is close to being completed. Therefore, the status quo outcome of "No" should be given extra weight.

Final Answer: Probability: 20%
[2025-05-15 22:01:33] INFO: === Forecast Result ===
[2025-05-15 22:01:33] INFO: URL: https://www.metaculus.com/questions/37654
[2025-05-15 22:01:33] INFO: Prediction: 0.2
[2025-05-15 22:01:33] INFO: Reasoning: (a) The time left until the outcome to the question is known is approximately 1.5 months, as the deadline is July 1, 2025, and today is May 15, 2025.

(b) The status quo outcome if nothing changed would be "No," as the objective of breaking up NOAA is currently marked as "in progress" and there is no evidence that it has been marked as complete.

(c) A scenario that results in a No outcome: The objective to break up NOAA remains marked as "in progress" or is not updated to "complete" by July 1, 2025. This could occur if there is insufficient political will, legislative hurdles, or logistical challenges that prevent the completion of the objective within the given timeframe.

(d) A scenario that results in a Yes outcome: The objective to break up NOAA is marked as "complete" in the Project 2025 Tracker spreadsheet before July 1, 2025. This could happen if there is a sudden push from a Republican administration or other influential stakeholders to expedite the process, leading to the necessary actions being taken to officially break up NOAA.

Rationale: Given the current status of the objective as "in progress" and the lack of evidence suggesting imminent completion, the status quo outcome of "No" is more likely. The world tends to change slowly, and significant bureaucratic and political actions, such as breaking up a major federal agency, often face delays and challenges. Therefore, the probability of the objective being marked as complete within the next 1.5 months is relatively low.

Final Answer: Probability: 20%
[2025-05-15 22:01:35] INFO: === Forecast Result ===
[2025-05-15 22:01:35] INFO: URL: https://www.metaculus.com/questions/37654
[2025-05-15 22:01:35] INFO: Prediction: 0.2
[2025-05-15 22:01:35] INFO: Reasoning: (a) The time left until the outcome to the question is known is approximately 1.5 months, as the deadline is July 1, 2025, and today is May 15, 2025.

(b) The status quo outcome, if nothing changed, would be "No," as the objective to break up NOAA is currently marked as "in progress" and not "complete."

(c) A scenario that results in a No outcome: The political and bureaucratic processes required to break up NOAA are complex and time-consuming. Despite the intentions outlined in Project 2025, there may be significant resistance from stakeholders, legal challenges, or a lack of political will to implement such a drastic change within the short timeframe remaining. As a result, the objective remains "in progress" or is not marked as "complete" by July 1, 2025.

(d) A scenario that results in a Yes outcome: A rapid shift in political dynamics occurs, such as a strong push from a Republican administration aligned with Project 2025's goals. This leads to expedited legislative or executive actions that effectively dismantle NOAA or significantly alter its structure, allowing the objective to be marked as "complete" in the Project 2025 Tracker spreadsheet before the deadline.

Rationale: Given the current status and the short timeframe remaining, the status quo outcome of "No" is more likely. Bureaucratic and political processes typically move slowly, and significant organizational changes like breaking up a federal agency usually require extensive planning, negotiation, and implementation time. Without clear evidence of accelerated progress or a decisive political shift, the likelihood of the objective being marked as "complete" within the next 1.5 months is low.

Final Answer: Probability: 20%
[2025-05-15 22:01:36] INFO: === Forecast Result ===
[2025-05-15 22:01:36] INFO: URL: https://www.metaculus.com/questions/37654
[2025-05-15 22:01:36] INFO: Prediction: 0.2
[2025-05-15 22:01:36] INFO: Reasoning: (a) The time left until the outcome to the question is known is approximately 1.5 months, as the deadline is July 1, 2025, and today is May 15, 2025.

(b) The status quo outcome if nothing changed would be "No," since the objective of breaking up NOAA is currently marked as "in progress" and not "complete" in the Project 2025 Tracker spreadsheet.

(c) A scenario that results in a No outcome could involve the lack of political will or legislative support to break up NOAA. This could be due to opposition from stakeholders, public backlash, or a shift in priorities within the administration or Congress. Additionally, bureaucratic inertia and the complexity of dismantling a large federal agency like NOAA could delay or prevent the completion of this objective.

(d) A scenario that results in a Yes outcome could involve a rapid push by a Republican administration, possibly with a supportive Congress, to implement the recommendations of Project 2025. This could include passing legislation or using executive orders to dismantle NOAA, reallocating its functions to other agencies or privatizing certain operations. Strong political momentum and alignment with the administration's broader policy goals could expedite the process.

Rationale: Given the current status of the objective as "in progress" and the short timeframe remaining, the status quo outcome of "No" seems more likely. Bureaucratic processes and political dynamics often move slowly, and significant organizational changes like breaking up a federal agency typically require substantial time and effort. While there is a possibility of a rapid push to complete the objective, the lack of current evidence indicating progress towards completion suggests that the status quo is more probable.

Final answer: "Probability: 20%"
[2025-05-15 22:01:36] INFO: === Forecast Result ===
[2025-05-15 22:01:36] INFO: URL: https://www.metaculus.com/questions/37654
[2025-05-15 22:01:36] INFO: Prediction: 0.2
[2025-05-15 22:01:36] INFO: Reasoning: (a) The time left until the outcome to the question is known is approximately 1.5 months, as today is May 15, 2025, and the deadline is July 1, 2025.

(b) The status quo outcome if nothing changed would be "No," since the objective to break up NOAA is currently marked as "in progress" and not "complete" in the Project 2025 Tracker spreadsheet.

(c) A scenario that results in a No outcome could involve the lack of political will or legislative action to break up NOAA within the remaining 1.5 months. This could be due to political opposition, bureaucratic inertia, or other priorities taking precedence over this objective. Additionally, the complexity and potential legal challenges involved in dismantling a federal agency like NOAA could delay or prevent the completion of this objective within the given timeframe.

(d) A scenario that results in a Yes outcome could involve a sudden and decisive political shift, such as a new executive order or legislative action that mandates the breakup of NOAA. This could be facilitated by a strong push from influential policymakers or stakeholders who support the Project 2025 agenda. Additionally, if there were significant changes in the political landscape or public opinion that align with the objectives of Project 2025, it might expedite the process and lead to the objective being marked as complete.

Given the current status of the objective as "in progress" and the relatively short time frame remaining, the status quo outcome of "No" seems more likely. The world tends to change slowly, and significant bureaucratic changes like breaking up a federal agency typically require more time and effort than 1.5 months.

Probability: 20%
[2025-05-15 22:01:36] INFO: === Run Summary ===
[2025-05-15 22:01:36] INFO: Total questions: 1
[2025-05-15 22:01:36] INFO: Successful research: 1
[2025-05-15 22:01:36] INFO: Failed research: 0
[2025-05-15 22:01:36] INFO: Success rate: 100.00%
