[2025-06-03 22:01:12] INFO: === Starting new forecast run (Run #2498) ===
[2025-06-03 22:01:12] INFO: Environment: GitHub Actions
[2025-06-03 22:01:12] INFO: Repository: agsheves/decis-metaculus-bot1
[2025-06-03 22:01:12] INFO: Workflow: Forecast on new AI tournament questions
[2025-06-03 22:01:12] INFO: Commit: 5b89facd0902452c46c4353fa0db8bb7937bda1d
[2025-06-03 22:01:13] INFO: === Question 1 ===
[2025-06-03 22:01:13] INFO: URL: https://www.metaculus.com/questions/38315
[2025-06-03 22:01:13] INFO: Text: Which movie will win the 2025 Nickelodeon Kids' Choice Award for Favorite Animated Movie?
[2025-06-03 22:01:20] INFO: Research: Perplexity succeeded for https://www.metaculus.com/questions/38315
[2025-06-03 22:01:28] INFO: === Forecast Result ===
[2025-06-03 22:01:28] INFO: URL: https://www.metaculus.com/questions/38315
[2025-06-03 22:01:28] INFO: Prediction: predicted_options=[PredictedOption(option_name='Despicable Me 4', probability=0.09999999999999998), PredictedOption(option_name='Dog Man', probability=0.07999999999999999), PredictedOption(option_name='Inside Out 2', probability=0.19999999999999996), PredictedOption(option_name='Moana 2', probability=0.19999999999999996), PredictedOption(option_name='Mufasa: The Lion King', probability=0.14999999999999997), PredictedOption(option_name='Plankton: The Movie', probability=0.11999999999999997), PredictedOption(option_name='The Wild Robot', probability=0.06999999999999999), PredictedOption(option_name='Transformers One', probability=0.08000000000000032)]
[2025-06-03 22:01:28] INFO: Reasoning: (a) The time left until the outcome to the question is known is 18 days, as the 2025 Nickelodeon Kids' Choice Awards is scheduled for June 21, 2025.

(b) The status quo outcome if nothing changed would likely favor a movie with strong brand recognition, a large fan base, and recent popularity. Historically, Disney and Pixar films have performed well in these categories due to their widespread appeal and marketing power. Therefore, "Inside Out 2" and "Moana 2," both Disney/Pixar films, might be considered front-runners.

(c) A scenario that results in an unexpected outcome could involve a surge in popularity for a lesser-known film due to viral marketing, a strong social media campaign, or a significant cultural moment that resonates with the audience. For example, "Plankton: The Movie," being a Nickelodeon production, could benefit from strategic promotion on the network, leading to a surprise win if it captures the audience's attention in the weeks leading up to the awards.

Given these considerations, here are the final probabilities for each option:

- Despicable Me 4: 10%
- Dog Man: 8%
- Inside Out 2: 20%
- Moana 2: 20%
- Mufasa: The Lion King: 15%
- Plankton: The Movie: 12%
- The Wild Robot: 7%
- Transformers One: 8%
[2025-06-03 22:01:30] INFO: === Forecast Result ===
[2025-06-03 22:01:30] INFO: URL: https://www.metaculus.com/questions/38315
[2025-06-03 22:01:30] INFO: Prediction: predicted_options=[PredictedOption(option_name='Despicable Me 4', probability=0.1), PredictedOption(option_name='Dog Man', probability=0.08), PredictedOption(option_name='Inside Out 2', probability=0.25), PredictedOption(option_name='Moana 2', probability=0.2), PredictedOption(option_name='Mufasa: The Lion King', probability=0.15), PredictedOption(option_name='Plankton: The Movie', probability=0.1), PredictedOption(option_name='The Wild Robot', probability=0.07), PredictedOption(option_name='Transformers One', probability=0.05)]
[2025-06-03 22:01:30] INFO: Reasoning: (a) The time left until the outcome to the question is known is 18 days, as the 2025 Nickelodeon Kids' Choice Awards is scheduled for June 21, 2025.

(b) The status quo outcome if nothing changed would likely favor a movie with strong brand recognition, a large fan base, and recent successful releases. Historically, Disney and Pixar films have performed well in such categories due to their widespread appeal and established franchises. Therefore, movies like "Inside Out 2" and "Moana 2" might be considered frontrunners based on past trends and the popularity of their predecessors.

(c) A scenario that results in an unexpected outcome could involve a surge in popularity for a less expected nominee due to viral marketing or a sudden cultural moment. For example, "Plankton: The Movie," being associated with Nickelodeon, might gain unexpected traction if there is a significant promotional push from Nickelodeon or if it resonates particularly well with the audience due to its humor or themes. Similarly, "Dog Man," based on a popular children's book series, could see a spike in votes if it captures the imagination of its young audience or if there is a strong social media campaign encouraging votes.

Rationale:
Given the historical context and the nature of the Kids' Choice Awards, which are determined by fan votes, movies with strong brand recognition, recent successful releases, and broad appeal are likely to perform well. Disney and Pixar have a strong track record in this category, which suggests "Inside Out 2" and "Moana 2" are strong contenders. However, it's important to account for the possibility of unexpected outcomes due to the unpredictable nature of fan voting and potential viral trends.

Final probabilities:
- Despicable Me 4: 10%
- Dog Man: 8%
- Inside Out 2: 25%
- Moana 2: 20%
- Mufasa: The Lion King: 15%
- Plankton: The Movie: 10%
- The Wild Robot: 7%
- Transformers One: 5%
[2025-06-03 22:01:32] INFO: === Forecast Result ===
[2025-06-03 22:01:32] INFO: URL: https://www.metaculus.com/questions/38315
[2025-06-03 22:01:32] INFO: Prediction: predicted_options=[PredictedOption(option_name='Despicable Me 4', probability=0.15), PredictedOption(option_name='Dog Man', probability=0.1), PredictedOption(option_name='Inside Out 2', probability=0.2), PredictedOption(option_name='Moana 2', probability=0.2), PredictedOption(option_name='Mufasa: The Lion King', probability=0.15), PredictedOption(option_name='Plankton: The Movie', probability=0.1), PredictedOption(option_name='The Wild Robot', probability=0.05), PredictedOption(option_name='Transformers One', probability=0.05)]
[2025-06-03 22:01:32] INFO: Reasoning: (a) The time left until the outcome to the question is known is 18 days, as the 2025 Nickelodeon Kids' Choice Awards is scheduled for June 21, 2025.

(b) The status quo outcome if nothing changed would likely favor a movie with strong brand recognition and a history of popularity among the target demographic. Historically, Disney and Pixar films tend to perform well in these categories due to their widespread appeal and established fan bases. Therefore, "Inside Out 2" or "Moana 2" might be considered front-runners based on this reasoning.

(c) A scenario that results in an unexpected outcome could involve a surge in popularity for a less conventional choice, such as "Plankton: The Movie," due to a viral social media campaign or a particularly engaging promotional strategy that resonates with the audience. Additionally, if "Plankton: The Movie" has strong ties to Nickelodeon, it might benefit from additional exposure and support from the network, potentially swaying votes in its favor.

Rationale:
1. **Inside Out 2** and **Moana 2** are both Disney films, and Disney has a strong track record in animated movies, especially in awards voted on by children and families. These films are sequels to highly successful and beloved originals, which increases their chances of winning.
   
2. **Despicable Me 4** is another strong contender due to the popularity of the franchise and the Minions characters, which have a significant fan base among children.

3. **Mufasa: The Lion King** could also perform well due to the enduring popularity of "The Lion King" franchise.

4. **Dog Man** and **The Wild Robot** are based on popular children's book series, which might give them an edge if the adaptations are well-received and maintain the charm of the original books.

5. **Plankton: The Movie** could be a dark horse due to its Nickelodeon connection, which might give it more visibility and promotional support.

6. **Transformers One** might appeal to fans of the broader Transformers franchise, though it may not have the same level of appeal as some of the other contenders in this category.

Final Probabilities:
- Despicable Me 4: 15%
- Dog Man: 10%
- Inside Out 2: 20%
- Moana 2: 20%
- Mufasa: The Lion King: 15%
- Plankton: The Movie: 10%
- The Wild Robot: 5%
- Transformers One: 5%
[2025-06-03 22:01:33] INFO: === Forecast Result ===
[2025-06-03 22:01:33] INFO: URL: https://www.metaculus.com/questions/38315
[2025-06-03 22:01:33] INFO: Prediction: predicted_options=[PredictedOption(option_name='Despicable Me 4', probability=0.18), PredictedOption(option_name='Dog Man', probability=0.08), PredictedOption(option_name='Inside Out 2', probability=0.25), PredictedOption(option_name='Moana 2', probability=0.2), PredictedOption(option_name='Mufasa: The Lion King', probability=0.15), PredictedOption(option_name='Plankton: The Movie', probability=0.07), PredictedOption(option_name='The Wild Robot', probability=0.04), PredictedOption(option_name='Transformers One', probability=0.03)]
[2025-06-03 22:01:33] INFO: Reasoning: (a) The time left until the outcome to the question is known is 18 days, as the awards ceremony is scheduled for June 21, 2025.

(b) The status quo outcome if nothing changed would likely favor a Disney or Pixar film, given their historical popularity and success in the Kids' Choice Awards. Among the nominees, "Inside Out 2" and "Moana 2" are strong contenders due to their predecessors' popularity and the general appeal of Disney and Pixar films to the Kids' Choice Awards demographic.

(c) A scenario that results in an unexpected outcome could involve a surge in popularity for a less traditional contender, such as "Plankton: The Movie" due to its association with Nickelodeon, or "Dog Man" if it gains a significant following among younger audiences through viral marketing or a strong fan base from the book series.

Rationale:
1. "Inside Out 2" and "Moana 2" are strong contenders due to their Disney/Pixar branding and the success of their original films. Disney and Pixar have a strong track record at the Kids' Choice Awards, and their films often resonate well with the audience.
2. "Despicable Me 4" is another strong contender due to the popularity of the franchise and the Minions' appeal to children.
3. "Mufasa: The Lion King" could also be a strong contender, given the enduring popularity of "The Lion King" franchise.
4. "Plankton: The Movie" might have an edge due to its Nickelodeon affiliation, which could sway votes from the network's audience.
5. "Dog Man" and "The Wild Robot" have potential due to their unique appeal and fan bases, but they may not have the same level of mass appeal as the Disney/Pixar films.
6. "Transformers One" might appeal to fans of the franchise but may not have the same broad appeal to the Kids' Choice Awards audience as some of the other nominees.

Final probabilities:
- Despicable Me 4: 18%
- Dog Man: 8%
- Inside Out 2: 25%
- Moana 2: 20%
- Mufasa: The Lion King: 15%
- Plankton: The Movie: 7%
- The Wild Robot: 4%
- Transformers One: 3%
[2025-06-03 22:01:33] INFO: === Forecast Result ===
[2025-06-03 22:01:33] INFO: URL: https://www.metaculus.com/questions/38315
[2025-06-03 22:01:33] INFO: Prediction: predicted_options=[PredictedOption(option_name='Despicable Me 4', probability=0.2), PredictedOption(option_name='Dog Man', probability=0.1), PredictedOption(option_name='Inside Out 2', probability=0.25), PredictedOption(option_name='Moana 2', probability=0.2), PredictedOption(option_name='Mufasa: The Lion King', probability=0.1), PredictedOption(option_name='Plankton: The Movie', probability=0.05), PredictedOption(option_name='The Wild Robot', probability=0.05), PredictedOption(option_name='Transformers One', probability=0.05)]
[2025-06-03 22:01:33] INFO: Reasoning: (a) The time left until the outcome to the question is known is 18 days, as the 2025 Nickelodeon Kids' Choice Awards is scheduled for June 21, 2025.

(b) The status quo outcome if nothing changed would likely favor a Disney or popular franchise movie, given historical trends and the popularity of Disney films among the target demographic. "Inside Out 2" and "Moana 2" are strong contenders due to their predecessors' success and Disney's strong brand presence. "Despicable Me 4" is also a strong contender due to the franchise's popularity.

(c) A scenario that results in an unexpected outcome could involve a surge in popularity for a lesser-known or newer franchise, such as "Plankton: The Movie" or "The Wild Robot," possibly due to a viral social media campaign or a significant cultural moment that resonates with the audience. Additionally, a strong marketing push or a unique feature (e.g., innovative animation style or a compelling storyline) could sway voters unexpectedly.

Rationale:
1. Disney films generally perform well in family and kids' categories due to their broad appeal and high-quality production. "Inside Out 2" and "Moana 2" are sequels to highly successful films, which gives them an edge.
2. The "Despicable Me" franchise has been consistently popular, and its humor and characters resonate well with children, making "Despicable Me 4" a strong contender.
3. While "Plankton: The Movie" could benefit from Nickelodeon's backing and a potential home advantage, it might not have the same level of established fan base as the Disney or Illumination films.
4. "Dog Man" and "The Wild Robot" are based on popular book series, which could give them a niche advantage, but they may not have the same widespread appeal.
5. "Transformers One" and "Mufasa: The Lion King" could appeal to fans of their respective franchises, but they may face stiff competition from the more established animated film contenders.

Final probabilities:
- Despicable Me 4: 20%
- Dog Man: 10%
- Inside Out 2: 25%
- Moana 2: 20%
- Mufasa: The Lion King: 10%
- Plankton: The Movie: 5%
- The Wild Robot: 5%
- Transformers One: 5%
[2025-06-03 22:01:33] INFO: === Run Summary ===
[2025-06-03 22:01:33] INFO: Total questions: 1
[2025-06-03 22:01:33] INFO: Successful research: 1
[2025-06-03 22:01:33] INFO: Failed research: 0
[2025-06-03 22:01:33] INFO: Success rate: 100.00%
