[2025-05-20 00:03:00] INFO: === Starting new forecast run (Run #1800) ===
[2025-05-20 00:03:00] INFO: Environment: GitHub Actions
[2025-05-20 00:03:00] INFO: Repository: agsheves/decis-metaculus-bot1
[2025-05-20 00:03:00] INFO: Workflow: Forecast on new AI tournament questions
[2025-05-20 00:03:00] INFO: Commit: 6c9e07575e19c571677b9768e8f9af2bd17cd740
[2025-05-20 00:03:01] INFO: === Question 1 ===
[2025-05-20 00:03:01] INFO: URL: https://www.metaculus.com/questions/37800
[2025-05-20 00:03:01] INFO: Text: What will be the reported value of the S&P/Case-Shiller US National Home Price Index for April 2025?
[2025-05-20 00:03:14] INFO: Research: Perplexity succeeded for https://www.metaculus.com/questions/37800
[2025-05-20 00:03:22] INFO: === Forecast Result ===
[2025-05-20 00:03:22] INFO: URL: https://www.metaculus.com/questions/37800
[2025-05-20 00:03:22] INFO: Prediction: predicted_options=[PredictedOption(option_name='≤322', probability=0.01), PredictedOption(option_name='>322 and <324', probability=0.02), PredictedOption(option_name='≥324 and ≤326', probability=0.05), PredictedOption(option_name='>326 and <328', probability=0.07), PredictedOption(option_name='≥329 and ≤331', probability=0.15), PredictedOption(option_name='>331', probability=0.7)]
[2025-05-20 00:03:22] INFO: Reasoning: (a) **The time left until the outcome to the question is known:**  
The April 2025 data for the S&P/Case-Shiller US National Home Price Index will be released in late June 2025. As today is May 20, 2025, there is approximately one month left until the outcome is known.

(b) **The status quo outcome if nothing changed:**  
The most recent value for February 2025 is 335.08, with a month-over-month increase of 0.7%. If this trend continues, the index for April 2025 would likely be slightly higher than the February value. Assuming a similar monthly increase, the index could be around 339.77 by April 2025. Therefore, the status quo outcome would be in the '>331' range.

(c) **A description of a scenario that results in an unexpected outcome:**  
An unexpected outcome could occur if there is a sudden economic downturn or a significant change in housing market conditions. For instance, if there were a sharp increase in interest rates, it could lead to a rapid decline in home prices. Alternatively, a major geopolitical event or a natural disaster affecting key housing markets could also lead to a significant drop in the index, potentially bringing it below 331 or even lower.

**Rationale:**  
Given the current trend and the most recent data, the status quo suggests that the index will continue to rise, albeit at a potentially slower pace due to the slight downward trend in year-over-year growth. However, the housing market is subject to various influences, and while the status quo is a strong indicator, it's important to account for unexpected changes. The probabilities reflect a higher likelihood of the index being in the '>331' range, with moderate probabilities assigned to other ranges to account for potential unexpected scenarios.

**Final Probabilities:**
- Option_≤322: 1%
- Option_>322 and <324: 2%
- Option_≥324 and ≤326: 5%
- Option_>326 and <328: 7%
- Option_≥329 and ≤331: 15%
- Option_>331: 70%
[2025-05-20 00:03:24] INFO: === Forecast Result ===
[2025-05-20 00:03:24] INFO: URL: https://www.metaculus.com/questions/37800
[2025-05-20 00:03:24] INFO: Prediction: predicted_options=[PredictedOption(option_name='≤322', probability=0.01), PredictedOption(option_name='>322 and <324', probability=0.02), PredictedOption(option_name='≥324 and ≤326', probability=0.05), PredictedOption(option_name='>326 and <328', probability=0.07), PredictedOption(option_name='≥329 and ≤331', probability=0.15), PredictedOption(option_name='>331', probability=0.7)]
[2025-05-20 00:03:24] INFO: Reasoning: To address the interview question regarding the S&P/Case-Shiller US National Home Price Index for April 2025, let's go through the steps:

(a) **Time left until the outcome is known:**
   - As of today, May 20, 2025, the April 2025 data will be released in late June 2025. Therefore, there is approximately one month left until the outcome is known.

(b) **Status quo outcome if nothing changed:**
   - The most recent value for February 2025 is 335.08, with a month-over-month increase of 0.7%. Assuming this trend continues, the index would likely increase by a similar rate for the subsequent months. If we apply a 0.7% increase from February to April, the index would be approximately 340.02 by April 2025. However, given the slight downward trend in year-over-year growth, a more conservative estimate might be slightly lower, but still above 331.

(c) **Description of a scenario that results in an unexpected outcome:**
   - An unexpected outcome could occur if there is a sudden economic shock or policy change that significantly impacts the housing market. For example, a sharp increase in interest rates or a major economic downturn could lead to a rapid decline in home prices. Conversely, a sudden surge in demand due to favorable economic conditions or policy incentives could push the index higher than expected.

**Rationale:**
1. **Status Quo Weight:** Given the current trajectory and recent data, the most likely scenario is that the index will continue to rise, albeit at a potentially slower rate due to the slight downward trend in year-over-year growth. The status quo suggests the index will remain above 331.
2. **Moderate Probability for Unexpected Outcomes:** While the status quo is the most likely scenario, it's important to account for potential unexpected events that could cause significant deviations from the current trend.

**Final Probabilities:**
- Option_≤322: Probability_≤322: 1%
- Option_>322 and <324: Probability_>322 and <324: 2%
- Option_≥324 and ≤326: Probability_≥324 and ≤326: 5%
- Option_>326 and <328: Probability_>326 and <328: 7%
- Option_≥329 and ≤331: Probability_≥329 and ≤331: 15%
- Option_>331: Probability_>331: 70%

These probabilities reflect the current upward trend, the likelihood of the index remaining above 331, and the small but non-negligible chance of unexpected market shifts.
[2025-05-20 00:03:24] INFO: === Forecast Result ===
[2025-05-20 00:03:24] INFO: URL: https://www.metaculus.com/questions/37800
[2025-05-20 00:03:24] INFO: Prediction: predicted_options=[PredictedOption(option_name='≤322', probability=0.01), PredictedOption(option_name='>322 and <324', probability=0.01), PredictedOption(option_name='≥324 and ≤326', probability=0.02), PredictedOption(option_name='>326 and <328', probability=0.03), PredictedOption(option_name='≥329 and ≤331', probability=0.08), PredictedOption(option_name='>331', probability=0.85)]
[2025-05-20 00:03:24] INFO: Reasoning: To approach this forecasting task, let's break down the information and apply it to the given options.

### (a) Time Left Until the Outcome is Known
The outcome for the April 2025 S&P/Case-Shiller US National Home Price Index will be known in late June 2025, given the two-month publication lag. Today is May 20, 2025, so we have approximately one month until the data is released.

### (b) Status Quo Outcome if Nothing Changed
The most recent index value is 335.08 for February 2025, with a month-over-month increase of 0.7%. If this trend continues, we can project the index for April 2025. Assuming a similar monthly increase of 0.7% for March and April:

- March 2025: 335.08 * 1.007 = 337.42
- April 2025: 337.42 * 1.007 = 339.79

This projection suggests that if the current trend continues, the index value for April 2025 would be approximately 339.79, which falls into the '>331' category.

### (c) Scenario Resulting in an Unexpected Outcome
An unexpected outcome could occur if there is a sudden economic shock or policy change that significantly impacts the housing market. For instance, if interest rates were to rise sharply or if there were a sudden increase in housing supply due to policy changes or economic conditions, this could dampen home price growth or even cause a decline. Conversely, a decrease in interest rates or a surge in demand due to economic growth could accelerate price increases.

### Rationale
1. **Status Quo Weight**: Given the current trend and the recent data, the most likely outcome is that the index will continue to rise at a similar rate, placing the April 2025 value in the '>331' category.
   
2. **Moderate Probability for Unexpected Outcomes**: While the status quo is the most likely scenario, it's prudent to account for potential unexpected changes in the market. Thus, some probability should be assigned to other options, particularly those close to the current trend.

### Final Probabilities
- Option_A ('≤322'): Probability_A = 1%
- Option_B ('>322 and <324'): Probability_B = 1%
- Option_C ('≥324 and ≤326'): Probability_C = 2%
- Option_D ('>326 and <328'): Probability_D = 3%
- Option_E ('≥329 and ≤331'): Probability_E = 8%
- Option_F ('>331'): Probability_F = 85%

These probabilities reflect a strong likelihood of the index continuing its upward trend, with some allowance for unexpected market shifts.
[2025-05-20 00:03:25] INFO: === Forecast Result ===
[2025-05-20 00:03:25] INFO: URL: https://www.metaculus.com/questions/37800
[2025-05-20 00:03:25] INFO: Prediction: predicted_options=[PredictedOption(option_name='≤322', probability=0.01), PredictedOption(option_name='>322 and <324', probability=0.02), PredictedOption(option_name='≥324 and ≤326', probability=0.03), PredictedOption(option_name='>326 and <328', probability=0.04), PredictedOption(option_name='≥329 and ≤331', probability=0.1), PredictedOption(option_name='>331', probability=0.8)]
[2025-05-20 00:03:25] INFO: Reasoning: To address the interview question, let's break down the information provided and apply a forecasting approach.

### (a) Time Left Until the Outcome is Known
The April 2025 data for the S&P/Case-Shiller US National Home Price Index will be published in late June 2025. Today is May 20, 2025, so there are approximately 1 to 1.5 months left until the outcome is known.

### (b) Status Quo Outcome if Nothing Changed
The most recent reported value for February 2025 is 335.08, with a month-over-month increase of 0.7%. Assuming this trend continues, we can project the index value for April 2025. If the index continues to increase at the same rate:

- March 2025: 335.08 * (1 + 0.007) = 337.42
- April 2025: 337.42 * (1 + 0.007) = 339.79

This suggests that if the current trend continues, the index value for April 2025 would be above 331, placing it in the '>331' category.

### (c) Scenario Resulting in an Unexpected Outcome
An unexpected outcome could occur if there are significant changes in the housing market or broader economic conditions. For example, if there were a sudden economic downturn, a sharp increase in interest rates, or a significant policy change affecting housing, these could lead to a decrease or stagnation in home prices. Such a scenario might result in the index falling into a lower category, such as '≥329 and ≤331' or even '<328'.

### Rationale
1. **Status Quo Weight**: Given the recent trend of a 0.7% monthly increase, the status quo strongly suggests that the index will continue to rise, placing the April 2025 value in the '>331' category.
2. **Moderate Probability for Other Options**: While the status quo is a strong indicator, it's important to consider potential unexpected events that could disrupt the trend. Economic volatility, policy changes, or shifts in housing demand could lead to different outcomes.

### Final Probabilities
Based on the analysis, here are the probabilities for each option:

- **Option_A: ≤322**: Probability_A = 1%
- **Option_B: >322 and <324**: Probability_B = 2%
- **Option_C: ≥324 and ≤326**: Probability_C = 3%
- **Option_D: >326 and <328**: Probability_D = 4%
- **Option_E: ≥329 and ≤331**: Probability_E = 10%
- **Option_F: >331**: Probability_F = 80%

These probabilities reflect a strong likelihood of the index continuing its upward trend, with some allowance for unexpected changes in the market.
[2025-05-20 00:03:29] INFO: === Forecast Result ===
[2025-05-20 00:03:29] INFO: URL: https://www.metaculus.com/questions/37800
[2025-05-20 00:03:29] INFO: Prediction: predicted_options=[PredictedOption(option_name='≤322', probability=0.01), PredictedOption(option_name='>322 and <324', probability=0.02), PredictedOption(option_name='≥324 and ≤326', probability=0.05), PredictedOption(option_name='>326 and <328', probability=0.07), PredictedOption(option_name='≥329 and ≤331', probability=0.15), PredictedOption(option_name='>331', probability=0.7)]
[2025-05-20 00:03:29] INFO: Reasoning: To address the interview question, let's break down the information and apply a structured approach to forecasting the April 2025 value of the S&P/Case-Shiller US National Home Price Index.

### (a) Time Left Until Outcome is Known
The April 2025 data will likely be released in late June 2025. Today is May 20, 2025, so there is approximately one month left until the outcome is known.

### (b) Status Quo Outcome
The most recent reported value for February 2025 is 335.08 points, with a month-over-month increase of 0.7%. Assuming this trend continues, the March 2025 value would be approximately 337.43 points (335.08 * 1.007). If the same growth rate applies to April 2025, the value would be approximately 339.81 points (337.43 * 1.007). Therefore, the status quo outcome suggests a value greater than 331.

### (c) Scenario for an Unexpected Outcome
An unexpected outcome could result from a sudden economic shock, such as a significant interest rate hike, a financial crisis, or a major geopolitical event that drastically affects consumer confidence and housing demand. This could lead to a rapid decline in home prices and a lower-than-expected index value.

### Rationale
1. **Status Quo Weighting**: The current trend indicates a steady increase, with the index value likely to remain above 331 if no major disruptions occur. Given the consistent growth pattern, the status quo outcome is a strong indicator.
   
2. **Moderate Probability for Unexpected Outcomes**: While the status quo is a reliable guide, it's important to account for potential unexpected events that could alter the trajectory. These events, although less likely, can have significant impacts.

3. **Regional Variations**: The regional performance shows strong gains in key areas like New York, Chicago, and Cleveland, which supports the overall upward trend. However, the decline in Tampa and decreases in building permits and existing home sales suggest some caution.

4. **Market Indicators**: The decrease in building permits and existing home sales, along with a slight decrease in average mortgage size, could indicate a cooling market, but these are not yet reflected in a significant downturn in the index.

### Final Probabilities
Based on the analysis, the probabilities for each option are as follows:

- Option_≤322: Probability_≤322 = 1%
- Option_>322 and <324: Probability_>322 and <324 = 2%
- Option_≥324 and ≤326: Probability_≥324 and ≤326 = 5%
- Option_>326 and <328: Probability_>326 and <328 = 7%
- Option_≥329 and ≤331: Probability_≥329 and ≤331 = 15%
- Option_>331: Probability_>331 = 70%

These probabilities reflect a strong likelihood of the index value being above 331, consistent with the current trend, while still allowing for the possibility of unexpected changes.
[2025-05-20 00:03:29] INFO: === Run Summary ===
[2025-05-20 00:03:29] INFO: Total questions: 1
[2025-05-20 00:03:29] INFO: Successful research: 1
[2025-05-20 00:03:29] INFO: Failed research: 0
[2025-05-20 00:03:29] INFO: Success rate: 100.00%
