[2025-06-04 18:01:18] INFO: === Starting new forecast run (Run #2537) ===
[2025-06-04 18:01:18] INFO: Environment: GitHub Actions
[2025-06-04 18:01:18] INFO: Repository: agsheves/decis-metaculus-bot1
[2025-06-04 18:01:18] INFO: Workflow: Forecast on new AI tournament questions
[2025-06-04 18:01:18] INFO: Commit: 332371db41b899bf658a9090203cb7a6c14a411c
[2025-06-04 18:01:18] INFO: === Question 1 ===
[2025-06-04 18:01:18] INFO: URL: https://www.metaculus.com/questions/38323
[2025-06-04 18:01:18] INFO: Text: Will the June 2025 University of Michigan Consumer Sentiment Final Report number be greater than 60.0?
[2025-06-04 18:01:29] INFO: Research: Perplexity succeeded for https://www.metaculus.com/questions/38323
[2025-06-04 18:01:37] INFO: === Forecast Result ===
[2025-06-04 18:01:37] INFO: URL: https://www.metaculus.com/questions/38323
[2025-06-04 18:01:37] INFO: Prediction: 0.2
[2025-06-04 18:01:37] INFO: Reasoning: (a) The time left until the outcome to the question is known is approximately three weeks, as the final report for June 2025 is expected to be released on the final Friday of June 2025.

(b) The status quo outcome, if nothing changed, would be a **No**, as the most recent final report for May 2025 is 52.2, which is well below the 60.0 threshold.

(c) A scenario that results in a No outcome would involve continued economic challenges, such as persistent inflation, high interest rates, or geopolitical tensions, which maintain or worsen consumer pessimism. Without significant positive economic news or policy changes, consumer sentiment is unlikely to rise above 60.0.

(d) A scenario that results in a Yes outcome could involve a substantial positive economic development, such as a major policy shift leading to improved economic conditions, a significant reduction in inflation, or a strong rebound in employment figures. These changes could boost consumer confidence and sentiment, pushing the index above 60.0.

Rationale: Given the current data and trends, the status quo suggests a continuation of low consumer sentiment. The index has been stable at 52.2 for two consecutive months, and there is no indication of a significant positive shift in the near term. While unexpected positive developments could occur, they are not currently evident. Therefore, the probability of the June 2025 final report exceeding 60.0 is low. 

Final answer: "Probability: 20%"
[2025-06-04 18:01:37] INFO: === Forecast Result ===
[2025-06-04 18:01:37] INFO: URL: https://www.metaculus.com/questions/38323
[2025-06-04 18:01:37] INFO: Prediction: 0.2
[2025-06-04 18:01:37] INFO: Reasoning: (a) The time left until the outcome to the question is known is approximately three weeks, as the final report for June 2025 is expected to be posted on the final Friday of June 2025.

(b) The status quo outcome, if nothing changed, would be **No**, since the most recent final report for May 2025 is 52.2, which is well below the 60.0 threshold.

(c) A scenario that results in a No outcome could involve continued economic challenges such as persistent inflation, high interest rates, or geopolitical tensions that negatively impact consumer confidence. Additionally, if there are no significant positive economic developments or policy changes, consumer sentiment is likely to remain subdued.

(d) A scenario that results in a Yes outcome could involve a sudden and significant positive economic event, such as a major policy shift that boosts consumer confidence, a rapid decrease in inflation, or a resolution to ongoing geopolitical tensions. Such events could lead to a sharp increase in consumer sentiment, pushing the index above 60.0.

Given the current data and the lack of evidence for a significant positive shift in consumer sentiment, the status quo outcome is more likely. The world tends to change slowly, and without a clear catalyst for improvement, it is reasonable to expect that consumer sentiment will remain below the 60.0 threshold.

Probability: 20%
[2025-06-04 18:01:38] INFO: === Forecast Result ===
[2025-06-04 18:01:38] INFO: URL: https://www.metaculus.com/questions/38323
[2025-06-04 18:01:38] INFO: Prediction: 0.2
[2025-06-04 18:01:38] INFO: Reasoning: (a) The time left until the outcome to the question is known is approximately three weeks, as the final report for June 2025 is expected to be posted on the final Friday of June 2025.

(b) The status quo outcome if nothing changed would be a **No**, as the most recent final report for May 2025 is 52.2, well below the 60.0 threshold, and there is no current evidence suggesting a significant positive shift in consumer sentiment.

(c) A scenario that results in a No outcome could involve continued economic uncertainty and negative consumer sentiment due to ongoing geopolitical tensions, persistent inflation, or other economic challenges that keep consumer confidence low. If there are no significant policy changes or positive economic indicators, the index could remain below 60.0.

(d) A scenario that results in a Yes outcome might involve a significant positive economic event, such as a major policy change that boosts consumer confidence, a rapid improvement in economic indicators like employment or inflation, or a resolution to ongoing geopolitical tensions. This could lead to a sharp rebound in consumer sentiment above the 60.0 threshold.

Given the current data and the tendency for consumer sentiment to change gradually, the status quo outcome is more likely. The current index is significantly below 60.0, and there are no strong indicators of an imminent recovery to that level. Therefore, the probability of the June 2025 University of Michigan Consumer Sentiment Final Report number being greater than 60.0 is relatively low.

Probability: 20%
[2025-06-04 18:01:38] INFO: === Forecast Result ===
[2025-06-04 18:01:38] INFO: URL: https://www.metaculus.com/questions/38323
[2025-06-04 18:01:38] INFO: Prediction: 0.2
[2025-06-04 18:01:38] INFO: Reasoning: (a) The time left until the outcome to the question is known is approximately three weeks, as the final report for June 2025 is expected to be released on the final Friday of June 2025.

(b) The status quo outcome, if nothing changed, would be a **No**, as the most recent final report for May 2025 is 52.2, which is well below the 60.0 threshold.

(c) A scenario that results in a No outcome could involve continued economic challenges such as persistent inflation, high unemployment, or geopolitical tensions that maintain or worsen consumer pessimism, keeping the sentiment index below 60.0.

(d) A scenario that results in a Yes outcome might involve a significant positive economic event or policy change, such as a major reduction in inflation, a strong improvement in employment figures, or a resolution to major geopolitical issues, leading to a rapid boost in consumer confidence and pushing the index above 60.0.

Rationale: Given the current data and trends, the status quo suggests a continuation of low consumer sentiment. The index has remained stable at 52.2 for the past two months, and there is no current indication of a significant positive shift in economic conditions that would lead to a sharp increase in consumer sentiment. While unexpected positive developments could occur, they are less likely given the current economic climate. Therefore, the probability of the June 2025 Consumer Sentiment Final Report number being greater than 60.0 is low.

Final answer: "Probability: 20%"
[2025-06-04 18:01:40] INFO: === Forecast Result ===
[2025-06-04 18:01:40] INFO: URL: https://www.metaculus.com/questions/38323
[2025-06-04 18:01:40] INFO: Prediction: 0.2
[2025-06-04 18:01:40] INFO: Reasoning: (a) **Time Left Until Outcome is Known:**  
The final report for June 2025 is expected to be released on the final Friday of June 2025. Today is June 4, 2025, so there are approximately three and a half weeks remaining until the outcome is known.

(b) **Status Quo Outcome if Nothing Changed:**  
The status quo outcome, based on the most recent data, would be **No**. The May 2025 final consumer sentiment index is 52.2, which is significantly below the 60.0 threshold. There is no current evidence of a trend or event that would suggest a rapid increase in consumer sentiment by the end of June 2025.

(c) **Scenario Resulting in a No Outcome:**  
Consumer sentiment remains stagnant or declines further due to ongoing economic challenges such as persistent inflation, high interest rates, or geopolitical tensions. These factors continue to weigh on consumer confidence, preventing any significant rebound in sentiment.

(d) **Scenario Resulting in a Yes Outcome:**  
A significant positive economic development occurs, such as a major policy intervention that boosts consumer confidence, a rapid decrease in inflation rates, or a breakthrough in international trade negotiations that alleviates economic pressures. These changes lead to a sharp increase in consumer sentiment, pushing the index above 60.0.

**Rationale:**  
Given the current data and trends, the status quo outcome is heavily weighted towards a No. Consumer sentiment has been consistently low, and there are no strong indicators of a rapid improvement. While unexpected positive developments could occur, they are less likely within the short time frame remaining. Therefore, the probability of the June 2025 consumer sentiment index being greater than 60.0 is low.

**Final Answer:**  
Probability: 20%
[2025-06-04 18:01:40] INFO: === Run Summary ===
[2025-06-04 18:01:40] INFO: Total questions: 1
[2025-06-04 18:01:40] INFO: Successful research: 1
[2025-06-04 18:01:40] INFO: Failed research: 0
[2025-06-04 18:01:40] INFO: Success rate: 100.00%
