[2025-05-22 16:01:25] INFO: === Starting new forecast run (Run #1925) ===
[2025-05-22 16:01:25] INFO: Environment: GitHub Actions
[2025-05-22 16:01:25] INFO: Repository: agsheves/decis-metaculus-bot1
[2025-05-22 16:01:25] INFO: Workflow: Forecast on new AI tournament questions
[2025-05-22 16:01:25] INFO: Commit: 331f268fef0cc26567d6bd3704f11bd9de047b96
[2025-05-22 16:01:26] INFO: === Question 1 ===
[2025-05-22 16:01:26] INFO: URL: https://www.metaculus.com/questions/37830
[2025-05-22 16:01:26] INFO: Text: How many refugees and asylum seekers will be hosted by Rwanda on July 1, 2025, according to UNHCR?
[2025-05-22 16:01:37] INFO: Research: Perplexity succeeded for https://www.metaculus.com/questions/37830
[2025-05-22 16:01:42] INFO: === Forecast Result ===
[2025-05-22 16:01:42] INFO: URL: https://www.metaculus.com/questions/37830
[2025-05-22 16:01:42] INFO: Prediction: [Percentile(value=135500.0, percentile=0.1), Percentile(value=136000.0, percentile=0.2), Percentile(value=137000.0, percentile=0.4), Percentile(value=138000.0, percentile=0.6), Percentile(value=139000.0, percentile=0.8), Percentile(value=140000.0, percentile=0.9)]
[2025-05-22 16:01:42] INFO: Reasoning: (a) The time left until the outcome to the question is known: Approximately 1 month and 9 days until July 1, 2025.

(b) The outcome if nothing changed: If nothing changed from the May 15, 2025 number, the outcome would be 136,407 refugees and asylum seekers.

(c) The outcome if the current trend continued: Given the recent evacuation of 500 people from Libya and the ongoing acceptance of refugees, the number is likely to increase. Assuming a modest increase due to ongoing arrivals, the number could be around 137,000 to 138,000.

(d) The expectations of experts and markets: Experts likely expect a continued increase in the refugee population due to Rwanda's consistent policy of welcoming refugees and the recent joint rescue operation. However, tensions between Rwanda and UNHCR could introduce some uncertainty.

(e) A brief description of an unexpected scenario that results in a low outcome: A sudden policy change by the Rwandan government, perhaps influenced by tensions with UNHCR, could lead to a halt or reduction in the acceptance of new refugees, resulting in a lower number than expected.

(f) A brief description of an unexpected scenario that results in a high outcome: A significant crisis in a neighboring country or region could lead to a large influx of refugees into Rwanda, significantly increasing the number of refugees and asylum seekers hosted by the country.

Final answer:
"
Percentile 10: 135,500
Percentile 20: 136,000
Percentile 40: 137,000
Percentile 60: 138,000
Percentile 80: 139,000
Percentile 90: 140,000
"
[2025-05-22 16:01:42] INFO: === Forecast Result ===
[2025-05-22 16:01:42] INFO: URL: https://www.metaculus.com/questions/37830
[2025-05-22 16:01:42] INFO: Prediction: [Percentile(value=136000.0, percentile=0.1), Percentile(value=136500.0, percentile=0.2), Percentile(value=137000.0, percentile=0.4), Percentile(value=137500.0, percentile=0.6), Percentile(value=138000.0, percentile=0.8), Percentile(value=139000.0, percentile=0.9)]
[2025-05-22 16:01:42] INFO: Reasoning: (a) The time left until the outcome to the question is known: Approximately 1 month and 9 days until July 1, 2025.

(b) The outcome if nothing changed: If nothing changed from the May 15, 2025 figure, the number of refugees and asylum seekers hosted by Rwanda would remain at 136,407.

(c) The outcome if the current trend continued: Given the recent evacuation of 500 people from Libya and Rwanda's ongoing acceptance of refugees, the number is likely to increase. Assuming a modest increase, the number could be around 137,000 to 138,000 by July 1, 2025.

(d) The expectations of experts and markets: Experts likely expect a continued increase in the refugee population due to Rwanda's historical acceptance of refugees and recent agreements to take in more asylum seekers. The UNHCR's strategy suggests an ongoing commitment to supporting and potentially increasing the refugee population in Rwanda.

(e) A brief description of an unexpected scenario that results in a low outcome: A significant diplomatic incident or policy shift could lead to a reduction in the number of refugees, such as Rwanda deciding to close its borders to new arrivals or repatriating a large number of refugees.

(f) A brief description of an unexpected scenario that results in a high outcome: A sudden crisis in a neighboring country or a large-scale evacuation from a conflict zone could lead to a significant influx of refugees into Rwanda, substantially increasing the population beyond current trends.

Final answer:
"
Percentile 10: 136,000
Percentile 20: 136,500
Percentile 40: 137,000
Percentile 60: 137,500
Percentile 80: 138,000
Percentile 90: 139,000
"
[2025-05-22 16:01:42] INFO: === Forecast Result ===
[2025-05-22 16:01:42] INFO: URL: https://www.metaculus.com/questions/37830
[2025-05-22 16:01:42] INFO: Prediction: [Percentile(value=136000.0, percentile=0.1), Percentile(value=137000.0, percentile=0.2), Percentile(value=138000.0, percentile=0.4), Percentile(value=139000.0, percentile=0.6), Percentile(value=140000.0, percentile=0.8), Percentile(value=141000.0, percentile=0.9)]
[2025-05-22 16:01:42] INFO: Reasoning: (a) The time left until the outcome to the question is known is approximately 40 days, as today is May 22, 2025, and the question resolves on July 1, 2025.

(b) The outcome if nothing changed would be 136,407, which was the number of refugees and asylum seekers hosted by Rwanda as of May 15, 2025.

(c) The outcome if the current trend continued would likely be higher than 136,407, considering the recent evacuation of 500 refugees from Libya and Rwanda's ongoing acceptance of refugees. This suggests an increasing trend in the refugee population.

(d) The expectations of experts and markets are not explicitly provided in the available information. However, given Rwanda's history of welcoming refugees and the recent joint rescue operation, it is reasonable to expect a continued increase in the refugee population.

(e) A brief description of an unexpected scenario that results in a low outcome could involve a sudden change in Rwanda's refugee policy, possibly due to political tensions or economic constraints, leading to a reduction in the number of refugees accepted or an increase in repatriations or relocations.

(f) A brief description of an unexpected scenario that results in a high outcome could involve a significant regional crisis or conflict that leads to a large influx of refugees into Rwanda, or a new international agreement that results in a substantial increase in the number of refugees relocated to Rwanda.

Final answer:
"
Percentile 10: 136,000
Percentile 20: 137,000
Percentile 40: 138,000
Percentile 60: 139,000
Percentile 80: 140,000
Percentile 90: 141,000
"
[2025-05-22 16:01:43] INFO: === Forecast Result ===
[2025-05-22 16:01:43] INFO: URL: https://www.metaculus.com/questions/37830
[2025-05-22 16:01:43] INFO: Prediction: [Percentile(value=135500.0, percentile=0.1), Percentile(value=136000.0, percentile=0.2), Percentile(value=137000.0, percentile=0.4), Percentile(value=138000.0, percentile=0.6), Percentile(value=139000.0, percentile=0.8), Percentile(value=140000.0, percentile=0.9)]
[2025-05-22 16:01:43] INFO: Reasoning: (a) The time left until the outcome to the question is known is approximately 1 month and 9 days.

(b) The outcome if nothing changed would be the number of refugees and asylum seekers hosted by Rwanda as of May 15, 2025, which is 136,407.

(c) The outcome if the current trend continued would likely show an increase in the number of refugees and asylum seekers due to ongoing efforts to improve conditions and the recent evacuation of 500 people from Libya. Assuming a modest increase, the number could rise to around 137,000 to 138,000 by July 1, 2025.

(d) The expectations of experts and markets would likely align with the ongoing trend of Rwanda accepting more refugees, especially given the country's historical policy of providing refuge and the recent joint rescue operation. Experts might anticipate a continued increase, potentially estimating around 137,500 to 139,000.

(e) A brief description of an unexpected scenario that results in a low outcome could involve a sudden political or economic crisis in Rwanda that forces the government to halt or significantly reduce the intake of refugees and asylum seekers. This could lead to a decrease in the total population of concern, potentially dropping below 136,000.

(f) A brief description of an unexpected scenario that results in a high outcome could involve a large-scale regional conflict or humanitarian crisis that prompts a significant influx of refugees into Rwanda. This could result in a sharp increase in the number of refugees and asylum seekers, potentially pushing the total population of concern above 140,000.

Final answer:
"
Percentile 10: 135,500
Percentile 20: 136,000
Percentile 40: 137,000
Percentile 60: 138,000
Percentile 80: 139,000
Percentile 90: 140,000
"
[2025-05-22 16:01:45] INFO: === Forecast Result ===
[2025-05-22 16:01:45] INFO: URL: https://www.metaculus.com/questions/37830
[2025-05-22 16:01:45] INFO: Prediction: [Percentile(value=130000.0, percentile=0.1), Percentile(value=134000.0, percentile=0.2), Percentile(value=136500.0, percentile=0.4), Percentile(value=137500.0, percentile=0.6), Percentile(value=139000.0, percentile=0.8), Percentile(value=142000.0, percentile=0.9)]
[2025-05-22 16:01:45] INFO: Reasoning: (a) The time left until the outcome to the question is known: Approximately 1 month and 9 days (from May 22, 2025, to July 1, 2025).

(b) The outcome if nothing changed: If the number of refugees and asylum seekers remained the same as the last known figure on May 15, 2025, the outcome would be 136,407.

(c) The outcome if the current trend continued: Given the recent evacuation of 500 people from Libya and the ongoing efforts to improve conditions for refugees, it is reasonable to expect a slight increase. If we assume a modest increase of around 1,000 to 2,000 refugees per month, the number could be around 137,000 to 138,000 by July 1, 2025.

(d) The expectations of experts and markets: Experts likely expect a continued increase in the refugee population due to Rwanda's historical openness to refugees and recent agreements to accept more individuals. Markets and international observers might anticipate a number slightly higher than the current figure, potentially around 137,000 to 139,000.

(e) A brief description of an unexpected scenario that results in a low outcome: A sudden policy shift by the Rwandan government, possibly due to political pressure or economic constraints, could lead to a halt in accepting new refugees or even the repatriation of some existing refugees, resulting in a lower number, potentially around 130,000.

(f) A brief description of an unexpected scenario that results in a high outcome: A significant humanitarian crisis in a neighboring country or region could lead to a large influx of refugees into Rwanda, significantly increasing the number to over 140,000.

Final answer:
"
Percentile 10: 130,000
Percentile 20: 134,000
Percentile 40: 136,500
Percentile 60: 137,500
Percentile 80: 139,000
Percentile 90: 142,000
"
[2025-05-22 16:01:46] INFO: === Run Summary ===
[2025-05-22 16:01:46] INFO: Total questions: 1
[2025-05-22 16:01:46] INFO: Successful research: 1
[2025-05-22 16:01:46] INFO: Failed research: 0
[2025-05-22 16:01:46] INFO: Success rate: 100.00%
