[2025-05-30 08:01:20] INFO: === Starting new forecast run (Run #2284) ===
[2025-05-30 08:01:20] INFO: Environment: GitHub Actions
[2025-05-30 08:01:20] INFO: Repository: agsheves/decis-metaculus-bot1
[2025-05-30 08:01:20] INFO: Workflow: Forecast on new AI tournament questions
[2025-05-30 08:01:20] INFO: Commit: 1365e84f5e8209056a457fa41b89a227c668d032
[2025-05-30 08:01:21] INFO: === Question 1 ===
[2025-05-30 08:01:21] INFO: URL: https://www.metaculus.com/questions/38100
[2025-05-30 08:01:21] INFO: Text: Which podcast will be ranked higher on Spotify on July 1, 2025: Call Her Daddy or Candace?
[2025-05-30 08:01:30] INFO: Research: Perplexity succeeded for https://www.metaculus.com/questions/38100
[2025-05-30 08:01:36] INFO: === Forecast Result ===
[2025-05-30 08:01:36] INFO: URL: https://www.metaculus.com/questions/38100
[2025-05-30 08:01:36] INFO: Prediction: predicted_options=[PredictedOption(option_name='Call Her Daddy', probability=0.9), PredictedOption(option_name='Candace', probability=0.1)]
[2025-05-30 08:01:36] INFO: Reasoning: (a) The time left until the outcome to the question is known is approximately one month, as today is May 30, 2025, and the outcome will be determined on or after July 1, 2025.

(b) The status quo outcome if nothing changed is that "Call Her Daddy" will be ranked higher than "Candace" on Spotify. This is based on the current rankings and the consistent popularity of "Call Her Daddy" in the U.S. podcast charts, as well as the lack of presence of "Candace" in the top rankings.

(c) A scenario that results in an unexpected outcome could involve a significant and sudden increase in popularity for the "Candace" podcast. This could be driven by a major news event or controversy involving Candace Owens that draws widespread attention to her podcast. Additionally, a strategic marketing campaign or collaboration with other popular media figures could boost its visibility and listener base. However, given the current trends and data, such a scenario seems unlikely in the short time frame remaining.

Considering the information and the principles of forecasting, I will assign probabilities as follows:

- Call Her Daddy: 90%
- Candace: 10%
[2025-05-30 08:01:36] INFO: === Forecast Result ===
[2025-05-30 08:01:36] INFO: URL: https://www.metaculus.com/questions/38100
[2025-05-30 08:01:36] INFO: Prediction: predicted_options=[PredictedOption(option_name='Call Her Daddy', probability=0.95), PredictedOption(option_name='Candace', probability=0.05)]
[2025-05-30 08:01:36] INFO: Reasoning: (a) The time left until the outcome to the question is known is approximately one month, as today is May 30, 2025, and the outcome will be determined on or after July 1, 2025.

(b) The status quo outcome if nothing changed would be that "Call Her Daddy" is ranked higher than "Candace" on Spotify. This is based on the current rankings and trends, where "Call Her Daddy" is consistently in the top charts, while "Candace" is not mentioned in major rankings.

(c) A scenario that results in an unexpected outcome could involve a sudden surge in popularity for "Candace." This could happen if there is a major news event or controversy involving Candace Owens that draws significant attention to her podcast. Alternatively, a strategic marketing campaign or a high-profile guest appearance could boost its visibility and listenership. However, given the current data and trends, such a scenario seems unlikely within the short time frame of one month.

Considering the information and the principles of good forecasting, I will assign probabilities as follows:

Call Her Daddy: 95%  
Candace: 5%
[2025-05-30 08:01:37] INFO: === Forecast Result ===
[2025-05-30 08:01:37] INFO: URL: https://www.metaculus.com/questions/38100
[2025-05-30 08:01:37] INFO: Prediction: predicted_options=[PredictedOption(option_name='Call Her Daddy', probability=0.85), PredictedOption(option_name='Candace', probability=0.15)]
[2025-05-30 08:01:37] INFO: Reasoning: (a) The time left until the outcome to the question is known is approximately one month, as today is May 30, 2025, and the outcome will be determined on or after July 1, 2025.

(b) The status quo outcome, if nothing changed, would be that "Call Her Daddy" is ranked higher than "Candace" on Spotify. This is based on the current rankings and the consistent popularity of "Call Her Daddy" compared to the lack of presence of "Candace" in major podcast charts.

(c) A scenario that results in an unexpected outcome could involve a significant and sudden increase in the popularity of "Candace." This could be driven by a major event or controversy involving Candace Owens that captures public attention, leading to a surge in listeners. Alternatively, "Call Her Daddy" could experience a decline in popularity due to unforeseen circumstances, such as a major controversy involving the host or a significant shift in content that alienates its audience.

Given the current data and trends, the likelihood of "Call Her Daddy" maintaining its higher ranking is strong. However, it is important to account for the possibility of unexpected events that could alter the rankings.

Final probabilities for the options are as follows:
- Call Her Daddy: 85%
- Candace: 15%
[2025-05-30 08:01:41] INFO: === Forecast Result ===
[2025-05-30 08:01:41] INFO: URL: https://www.metaculus.com/questions/38100
[2025-05-30 08:01:41] INFO: Prediction: predicted_options=[PredictedOption(option_name='Call Her Daddy', probability=0.9), PredictedOption(option_name='Candace', probability=0.1)]
[2025-05-30 08:01:41] INFO: Reasoning: (a) The time left until the outcome to the question is known is approximately one month, as today is May 30, 2025, and the question resolves on or after July 1, 2025.

(b) The status quo outcome if nothing changed would be that "Call Her Daddy" is ranked higher than "Candace" on Spotify. This is based on current rankings and trends, where "Call Her Daddy" is consistently in the top charts, while "Candace" is not mentioned in major rankings or lists.

(c) A scenario that results in an unexpected outcome could involve a significant and sudden increase in popularity for the "Candace" podcast. This could be due to several factors, such as a viral episode, a high-profile guest appearance, or a major news event that brings attention to the podcast. Additionally, a strategic marketing campaign or a partnership with influential figures could also boost its rankings. However, given the current data, such a scenario seems unlikely within the short time frame remaining.

Rationale:
1. **Status Quo Weighting**: Given the current data and trends, "Call Her Daddy" is significantly more popular and consistently ranks higher than "Candace." The status quo suggests that this trend is likely to continue, especially with only a month left until the resolution date.

2. **Slow World Change**: The podcast industry, like many others, tends to change gradually. While sudden shifts can occur, they are less common, especially over a short period like one month. Therefore, it's reasonable to assign a higher probability to the status quo outcome.

3. **Unexpected Outcomes**: While the likelihood of "Candace" overtaking "Call Her Daddy" is low, it's important to account for unexpected events that could alter the rankings. This includes viral moments or strategic moves that could boost "Candace" unexpectedly.

Final Probabilities:
- Call Her Daddy: 90%
- Candace: 10%
[2025-05-30 08:01:42] INFO: === Run Summary ===
[2025-05-30 08:01:42] INFO: Total questions: 1
[2025-05-30 08:01:42] INFO: Successful research: 1
[2025-05-30 08:01:42] INFO: Failed research: 0
[2025-05-30 08:01:42] INFO: Success rate: 100.00%
