[2025-06-12 22:01:18] INFO: === Starting new forecast run (Run #2918) ===
[2025-06-12 22:01:18] INFO: Environment: GitHub Actions
[2025-06-12 22:01:18] INFO: Repository: agsheves/decis-metaculus-bot1
[2025-06-12 22:01:18] INFO: Workflow: Forecast on new AI tournament questions
[2025-06-12 22:01:18] INFO: Commit: 531a69774be0b7b4e8b8c0d0e596492d9e323772
[2025-06-12 22:01:19] INFO: === Question 1 ===
[2025-06-12 22:01:19] INFO: URL: https://www.metaculus.com/questions/38535
[2025-06-12 22:01:19] INFO: Text: What will be the ranking of the All-In podcast on the Spotify Podcast Charts on June 28, 2025?
[2025-06-12 22:01:27] INFO: Research: Perplexity succeeded for https://www.metaculus.com/questions/38535
[2025-06-12 22:01:40] INFO: === Forecast Result ===
[2025-06-12 22:01:40] INFO: URL: https://www.metaculus.com/questions/38535
[2025-06-12 22:01:40] INFO: Prediction: predicted_options=[PredictedOption(option_name='First through twentieth', probability=0.05), PredictedOption(option_name='Twenty-first through fortieth', probability=0.1), PredictedOption(option_name='Forty-first through fiftieth', probability=0.15), PredictedOption(option_name='Fifty-first through sixtieth', probability=0.2), PredictedOption(option_name='Sixty-first or beyond', probability=0.5)]
[2025-06-12 22:01:40] INFO: Reasoning: (a) The time left until the outcome to the question is known is 16 days, as today is June 12, 2025, and the outcome will be checked on or after June 28, 2025.

(b) The status quo outcome, based on the current information, suggests that the All-In Podcast is not ranked among the top podcasts on Spotify. It is not mentioned in the top 6 podcasts, nor is it in the top 15 according to various sources. Therefore, the status quo outcome would likely place the podcast in the 'Sixty-first or beyond' category.

(c) An unexpected scenario that could result in a higher ranking for the All-In Podcast might involve a sudden surge in popularity due to a viral episode or a significant news event involving one of the hosts. For instance, if one of the hosts were involved in a major news story or if the podcast released a particularly impactful episode that gained widespread attention, it could temporarily boost its ranking significantly. Additionally, a strategic partnership or promotion by Spotify could also elevate its position on the charts unexpectedly.

Given the information and considering the status quo, I will assign probabilities to each option, keeping in mind the potential for unexpected outcomes:

Option_A: First through twentieth: 5%
Option_B: Twenty-first through fortieth: 10%
Option_C: Forty-first through fiftieth: 15%
Option_D: Fifty-first through sixtieth: 20%
Option_E: Sixty-first or beyond: 50%
[2025-06-12 22:01:41] INFO: === Forecast Result ===
[2025-06-12 22:01:41] INFO: URL: https://www.metaculus.com/questions/38535
[2025-06-12 22:01:41] INFO: Prediction: predicted_options=[PredictedOption(option_name='First through twentieth', probability=0.05), PredictedOption(option_name='Twenty-first through fortieth', probability=0.1), PredictedOption(option_name='Forty-first through fiftieth', probability=0.15), PredictedOption(option_name='Fifty-first through sixtieth', probability=0.2), PredictedOption(option_name='Sixty-first or beyond', probability=0.5)]
[2025-06-12 22:01:41] INFO: Reasoning: (a) The time left until the outcome to the question is known is 16 days, as today is June 12, 2025, and the outcome will be determined on June 28, 2025.

(b) The status quo outcome, based on the current information, suggests that the All-In Podcast is not ranked among the top 20, 40, or even 50 podcasts on Spotify. It is not mentioned in any recent lists of top podcasts, indicating that it is likely ranked lower than the top 50. Therefore, the status quo outcome would likely place the podcast in the 'Sixty-first or beyond' category.

(c) An unexpected scenario could involve a sudden surge in popularity for the All-In Podcast. This could be triggered by a viral episode, a major news event that aligns with the podcast's content, or a collaboration with a highly popular figure or podcast. Such an event could propel the podcast into higher rankings, potentially placing it within the top 50 or even the top 20. However, given the short time frame of 16 days, such a scenario is less likely but not impossible.

Given the current information and the tendency for the status quo to persist, I will assign probabilities as follows:

Option_A: 5% - 'First through twentieth'
Option_B: 10% - 'Twenty-first through fortieth'
Option_C: 15% - 'Forty-first through fiftieth'
Option_D: 20% - 'Fifty-first through sixtieth'
Option_E: 50% - 'Sixty-first or beyond'
[2025-06-12 22:01:43] INFO: === Forecast Result ===
[2025-06-12 22:01:43] INFO: URL: https://www.metaculus.com/questions/38535
[2025-06-12 22:01:43] INFO: Prediction: predicted_options=[PredictedOption(option_name='First through twentieth', probability=0.05), PredictedOption(option_name='Twenty-first through fortieth', probability=0.1), PredictedOption(option_name='Forty-first through fiftieth', probability=0.15), PredictedOption(option_name='Fifty-first through sixtieth', probability=0.2), PredictedOption(option_name='Sixty-first or beyond', probability=0.5)]
[2025-06-12 22:01:43] INFO: Reasoning: (a) The time left until the outcome to the question is known is 16 days, as today is June 12, 2025, and the question resolves on June 28, 2025.

(b) The status quo outcome if nothing changed is that the All-In Podcast would not be ranked in the top 20, as current information suggests it is not among the most popular or top-ranked shows on Spotify. The podcast is not mentioned in the top 6 or top 15 lists from recent sources.

(c) A scenario that results in an unexpected outcome could involve a sudden surge in popularity for the All-In Podcast due to a viral episode, a major news event involving one of the hosts, or a significant endorsement from a prominent figure. This could lead to a rapid increase in listeners and propel the podcast into a higher ranking on the Spotify Podcast Charts.

Rationale:
1. The status quo suggests that the All-In Podcast is not currently in the top 20, as it is not mentioned in recent lists of top Spotify podcasts. This indicates that it is likely ranked lower than the top 20.
2. Given the slow nature of changes in podcast rankings, it is reasonable to assume that the podcast will remain outside the top 20 unless a significant event occurs.
3. However, it is important to account for the possibility of unexpected events that could alter the podcast's ranking. While such events are unlikely, they are not impossible, and some probability should be assigned to higher rankings.
4. The most likely outcome, based on current information, is that the podcast will be ranked "Sixty-first or beyond," as it is not mentioned in the top 15 or top 20 lists.

Final probabilities:
Option_A: 5% (First through twentieth)
Option_B: 10% (Twenty-first through fortieth)
Option_C: 15% (Forty-first through fiftieth)
Option_D: 20% (Fifty-first through sixtieth)
Option_E: 50% (Sixty-first or beyond)
[2025-06-12 22:01:44] INFO: === Forecast Result ===
[2025-06-12 22:01:44] INFO: URL: https://www.metaculus.com/questions/38535
[2025-06-12 22:01:44] INFO: Prediction: predicted_options=[PredictedOption(option_name='First through twentieth', probability=0.05), PredictedOption(option_name='Twenty-first through fortieth', probability=0.1), PredictedOption(option_name='Forty-first through fiftieth', probability=0.15), PredictedOption(option_name='Fifty-first through sixtieth', probability=0.2), PredictedOption(option_name='Sixty-first or beyond', probability=0.5)]
[2025-06-12 22:01:44] INFO: Reasoning: (a) The time left until the outcome to the question is known is 16 days, as today is June 12, 2025, and the question resolves on June 28, 2025.

(b) The status quo outcome, based on the current information, suggests that the All-In Podcast is not within the top 20 or even the top 40 on the Spotify Podcast Charts. The podcast is not mentioned in the top ranks in recent lists, indicating that it is likely ranked lower than the top 40, possibly even beyond the top 60.

(c) An unexpected scenario that could result in a higher ranking for the All-In Podcast might involve a sudden surge in popularity due to a viral episode or a significant event involving one of the hosts that draws widespread attention. This could lead to a temporary spike in listenership and push the podcast into a higher chart position. Another possibility could be a major collaboration or endorsement that significantly boosts its visibility and audience size.

Rationale:
1. **Status Quo Weighting**: Given the current data, the All-In Podcast is not featured among the top podcasts, suggesting it is not within the top 40. The status quo outcome is that it remains outside the top 40, possibly even beyond the top 60.
   
2. **Unexpected Outcomes**: While the status quo is a strong indicator, there is always a possibility of unexpected events that could alter the podcast's ranking. Viral content, significant media coverage, or collaborations could lead to a temporary boost in its ranking.

3. **Moderate Probability for All Options**: While the evidence strongly suggests a lower ranking, it is prudent to allocate some probability to higher rankings to account for unforeseen developments.

Final Probabilities:
- Option_A: 5% (First through twentieth)
- Option_B: 10% (Twenty-first through fortieth)
- Option_C: 15% (Forty-first through fiftieth)
- Option_D: 20% (Fifty-first through sixtieth)
- Option_E: 50% (Sixty-first or beyond)
[2025-06-12 22:01:44] INFO: === Run Summary ===
[2025-06-12 22:01:44] INFO: Total questions: 1
[2025-06-12 22:01:44] INFO: Successful research: 1
[2025-06-12 22:01:44] INFO: Failed research: 0
[2025-06-12 22:01:44] INFO: Success rate: 100.00%
