[2025-05-26 04:04:38] INFO: === Starting new forecast run (Run #2088) ===
[2025-05-26 04:04:38] INFO: Environment: GitHub Actions
[2025-05-26 04:04:38] INFO: Repository: agsheves/decis-metaculus-bot1
[2025-05-26 04:04:38] INFO: Workflow: Forecast on new AI tournament questions
[2025-05-26 04:04:38] INFO: Commit: b00b6e100d72bc350aa1ea1592fd34f1b94398e3
[2025-05-26 04:04:38] INFO: === Question 1 ===
[2025-05-26 04:04:38] INFO: URL: https://www.metaculus.com/questions/38053
[2025-05-26 04:04:38] INFO: Text: What will the reported job openings be in the US for April 2025?
[2025-05-26 04:04:52] INFO: Research: Perplexity succeeded for https://www.metaculus.com/questions/38053
[2025-05-26 04:04:57] INFO: === Forecast Result ===
[2025-05-26 04:04:57] INFO: URL: https://www.metaculus.com/questions/38053
[2025-05-26 04:04:57] INFO: Prediction: [Percentile(value=7100.0, percentile=0.1), Percentile(value=7150.0, percentile=0.2), Percentile(value=7200.0, percentile=0.4), Percentile(value=7250.0, percentile=0.6), Percentile(value=7300.0, percentile=0.8), Percentile(value=7350.0, percentile=0.9)]
[2025-05-26 04:04:57] INFO: Reasoning: (a) The time left until the outcome to the question is known is approximately 8 days, as the JOLTS data for April 2025 is scheduled to be released on June 3, 2025.

(b) The outcome if nothing changed would be the same as the March 2025 job openings figure, which was 7,192 thousand.

(c) The outcome if the current trend continued would likely see a slight increase in job openings, given the stable job growth and steady unemployment rate. Assuming a modest increase, the figure might be around 7,250 thousand.

(d) The expectations of experts and markets are likely cautious optimism, given the stable job growth and steady unemployment rate. Experts might anticipate a slight increase in job openings, aligning with the positive job growth in April.

(e) A brief description of an unexpected scenario that results in a low outcome could be a sudden economic shock, such as a geopolitical event or a significant financial market downturn, leading to reduced employer confidence and a sharp decline in job openings.

(f) A brief description of an unexpected scenario that results in a high outcome could be a sudden surge in economic activity, perhaps driven by unexpected fiscal stimulus or a breakthrough in trade negotiations, leading to increased employer confidence and a significant rise in job openings.

Given the above analysis, here is the final forecast with wide confidence intervals:

```
Percentile 10: 7,100
Percentile 20: 7,150
Percentile 40: 7,200
Percentile 60: 7,250
Percentile 80: 7,300
Percentile 90: 7,350
```
[2025-05-26 04:04:58] INFO: === Forecast Result ===
[2025-05-26 04:04:58] INFO: URL: https://www.metaculus.com/questions/38053
[2025-05-26 04:04:58] INFO: Prediction: [Percentile(value=7000.0, percentile=0.1), Percentile(value=7100.0, percentile=0.2), Percentile(value=7200.0, percentile=0.4), Percentile(value=7250.0, percentile=0.6), Percentile(value=7300.0, percentile=0.8), Percentile(value=7400.0, percentile=0.9)]
[2025-05-26 04:04:58] INFO: Reasoning: (a) The time left until the outcome to the question is known: The official April 2025 job openings figure will be released on June 3, 2025, which is 8 days from today, May 26, 2025.

(b) The outcome if nothing changed: If nothing changed from March 2025, the job openings would remain at 7,192 thousand.

(c) The outcome if the current trend continued: With stable job growth and an unchanged unemployment rate, job openings might slightly increase. If we assume a modest increase similar to recent trends, job openings could rise to around 7,250 thousand.

(d) The expectations of experts and markets: Given the stable job growth and steady unemployment rate, experts might expect a slight increase in job openings, possibly aligning with the trend of gradual increases seen in previous months. A figure around 7,200 to 7,300 thousand could be anticipated.

(e) A brief description of an unexpected scenario that results in a low outcome: An unexpected economic shock, such as a sudden geopolitical event or a significant downturn in a major sector like technology, could lead to a sharp decrease in job openings, potentially dropping them to around 7,000 thousand.

(f) A brief description of an unexpected scenario that results in a high outcome: A rapid economic expansion driven by unexpected fiscal stimulus or a breakthrough in a major industry could lead to a surge in job openings, potentially increasing them to around 7,400 thousand.

Final answer:
"
Percentile 10: 7,000
Percentile 20: 7,100
Percentile 40: 7,200
Percentile 60: 7,250
Percentile 80: 7,300
Percentile 90: 7,400
"
[2025-05-26 04:04:58] INFO: === Forecast Result ===
[2025-05-26 04:04:58] INFO: URL: https://www.metaculus.com/questions/38053
[2025-05-26 04:04:58] INFO: Prediction: [Percentile(value=6800.0, percentile=0.1), Percentile(value=7000.0, percentile=0.2), Percentile(value=7150.0, percentile=0.4), Percentile(value=7250.0, percentile=0.6), Percentile(value=7350.0, percentile=0.8), Percentile(value=7500.0, percentile=0.9)]
[2025-05-26 04:04:58] INFO: Reasoning: (a) The time left until the outcome to the question is known is 8 days, as the JOLTS data for April 2025 will be released on June 3, 2025.

(b) The outcome if nothing changed would likely be similar to the March 2025 figure, which was 7,192 thousand job openings.

(c) The outcome if the current trend continued could see a slight increase in job openings, given the stable job growth and steady unemployment rate. If the trend of adding jobs continues, the job openings might slightly increase, potentially reaching around 7,250 thousand.

(d) The expectations of experts and markets, based on the stable job growth and steady unemployment rate, might anticipate a modest increase in job openings. However, without specific forecasts available, it's reasonable to assume a slight increase or stability around the current levels.

(e) An unexpected scenario that results in a low outcome could involve a sudden economic shock, such as a geopolitical event or a significant financial market downturn, leading to a rapid decrease in employer confidence and a reduction in job openings, potentially dropping to around 6,800 thousand.

(f) An unexpected scenario that results in a high outcome could involve a sudden surge in economic activity, perhaps due to a breakthrough in trade agreements or a significant fiscal stimulus, leading to a sharp increase in employer confidence and job openings, potentially rising to around 7,500 thousand.

Given these considerations, my final answer with a wide 90/10 confidence interval is:

"
Percentile 10: 6,800
Percentile 20: 7,000
Percentile 40: 7,150
Percentile 60: 7,250
Percentile 80: 7,350
Percentile 90: 7,500
"
[2025-05-26 04:04:59] INFO: === Forecast Result ===
[2025-05-26 04:04:59] INFO: URL: https://www.metaculus.com/questions/38053
[2025-05-26 04:04:59] INFO: Prediction: [Percentile(value=6800.0, percentile=0.1), Percentile(value=7000.0, percentile=0.2), Percentile(value=7150.0, percentile=0.4), Percentile(value=7250.0, percentile=0.6), Percentile(value=7350.0, percentile=0.8), Percentile(value=7500.0, percentile=0.9)]
[2025-05-26 04:04:59] INFO: Reasoning: (a) The time left until the outcome to the question is known: The official April 2025 job openings data will be released on June 3, 2025, which is 8 days from today, May 26, 2025.

(b) The outcome if nothing changed: If nothing changed from March 2025, the job openings would remain at 7,192 thousand.

(c) The outcome if the current trend continued: Given the stable job growth and steady unemployment rate, a slight increase in job openings could be expected. If we assume a modest increase similar to recent trends, job openings might rise to around 7,250 thousand.

(d) The expectations of experts and markets: Experts likely expect job openings to reflect the stable job growth and steady unemployment rate, possibly predicting a slight increase. However, given the broader economic concerns mentioned in the Business Insider article, there might be caution about a potential downturn.

(e) A brief description of an unexpected scenario that results in a low outcome: An unexpected scenario leading to a low outcome could involve a sudden economic shock, such as a geopolitical event or a significant financial market disruption, causing businesses to retract job openings significantly, potentially dropping them to around 6,800 thousand.

(f) A brief description of an unexpected scenario that results in a high outcome: An unexpected scenario leading to a high outcome could involve a sudden surge in economic activity, perhaps due to a major policy change or unexpected consumer demand, causing businesses to increase job openings significantly, potentially rising them to around 7,500 thousand.

Given the uncertainty and the need to account for unknown unknowns, I will set wide confidence intervals:

"
Percentile 10: 6,800
Percentile 20: 7,000
Percentile 40: 7,150
Percentile 60: 7,250
Percentile 80: 7,350
Percentile 90: 7,500
"
[2025-05-26 04:05:00] INFO: === Forecast Result ===
[2025-05-26 04:05:00] INFO: URL: https://www.metaculus.com/questions/38053
[2025-05-26 04:05:00] INFO: Prediction: [Percentile(value=6800.0, percentile=0.1), Percentile(value=7000.0, percentile=0.2), Percentile(value=7150.0, percentile=0.4), Percentile(value=7250.0, percentile=0.6), Percentile(value=7350.0, percentile=0.8), Percentile(value=7500.0, percentile=0.9)]
[2025-05-26 04:05:00] INFO: Reasoning: (a) The time left until the outcome to the question is known is approximately 8 days, as the data will be released on June 3, 2025.

(b) The outcome if nothing changed would be similar to the March 2025 job openings figure, which was 7,192 thousand.

(c) The outcome if the current trend continued would likely reflect stable or slightly increasing job openings, given the steady unemployment rate and job growth in April 2025. Assuming a modest increase, the job openings might be around 7,250 thousand.

(d) The expectations of experts and markets are likely mixed, with some anticipating stability due to steady job growth and others cautious due to previous downward revisions in job gains. Overall, a slight increase or stability in job openings might be expected.

(e) An unexpected scenario that results in a low outcome could involve a sudden economic shock, such as a geopolitical event or financial market turmoil, leading to a rapid decrease in employer confidence and a reduction in job openings to around 6,800 thousand.

(f) An unexpected scenario that results in a high outcome could involve a surge in economic activity, perhaps due to a significant fiscal stimulus or breakthrough in trade negotiations, leading to a sharp increase in employer confidence and job openings rising to around 7,500 thousand.

Final Answer:
```
Percentile 10: 6,800
Percentile 20: 7,000
Percentile 40: 7,150
Percentile 60: 7,250
Percentile 80: 7,350
Percentile 90: 7,500
```
[2025-05-26 04:05:00] INFO: === Run Summary ===
[2025-05-26 04:05:00] INFO: Total questions: 1
[2025-05-26 04:05:00] INFO: Successful research: 1
[2025-05-26 04:05:00] INFO: Failed research: 0
[2025-05-26 04:05:00] INFO: Success rate: 100.00%
